#
# There is insufficient memory for the Java Runtime Environment to continue.
# Native memory allocation (malloc) failed to allocate 2238896 bytes for Chunk::new
# Possible reasons:
#   The system is out of physical RAM or swap space
#   The process is running with CompressedOops enabled, and the Java Heap may be blocking the growth of the native heap
# Possible solutions:
#   Reduce memory load on the system
#   Increase physical memory or swap space
#   Check if swap backing store is full
#   Decrease Java heap size (-Xmx/-Xms)
#   Decrease number of Java threads
#   Decrease Java thread stack sizes (-Xss)
#   Set larger code cache with -XX:ReservedCodeCacheSize=
#   JVM is running with Unscaled Compressed Oops mode in which the Java heap is
#     placed in the first 4GB address space. The Java Heap base address is the
#     maximum limit for the native heap growth. Please use -XX:HeapBaseMinAddress
#     to set the Java Heap base and to place the Java Heap above 4GB virtual address.
# This output file may be truncated or incomplete.
#
#  Out of Memory Error (allocation.cpp:389), pid=12576, tid=0x00000000000021f4
#
# JRE version: OpenJDK Runtime Environment (8.0_242-b01) (build 1.8.0_242-release-1644-b01)
# Java VM: OpenJDK 64-Bit Server VM (25.242-b01 mixed mode windows-amd64 compressed oops)
# Failed to write core dump. Minidumps are not enabled by default on client versions of Windows
#

---------------  T H R E A D  ---------------

Current thread (0x0000000017328800):  JavaThread "C2 CompilerThread0" daemon [_thread_in_native, id=8692, stack(0x0000000018980000,0x0000000018a80000)]

Stack: [0x0000000018980000,0x0000000018a80000]
[error occurred during error reporting (printing stack bounds), id 0xc0000005]

Native frames: (J=compiled Java code, j=interpreted, Vv=VM code, C=native code)


Current CompileTask:
C2:  13555 1593   !   4       java.net.URLClassLoader$1::run (63 bytes)


---------------  P R O C E S S  ---------------

Java Threads: ( => current thread )
  0x0000000019f24800 JavaThread "Cache worker for journal cache (C:\Users\David Adeyinka\.gradle\caches\journal-1)" [_thread_blocked, id=9028, stack(0x000000001d410000,0x000000001d510000)]
  0x0000000019f23800 JavaThread "File lock request listener" [_thread_in_native, id=2484, stack(0x000000001d310000,0x000000001d410000)]
  0x000000001a67a800 JavaThread "Cache worker for file hash cache (C:\Users\David Adeyinka\.gradle\caches\6.6.1\fileHashes)" [_thread_blocked, id=7660, stack(0x000000001d110000,0x000000001d210000)]
  0x0000000018ed7000 JavaThread "Thread-9" [_thread_blocked, id=8844, stack(0x000000001ce10000,0x000000001cf10000)]
  0x0000000018ed0800 JavaThread "Stdin handler" [_thread_blocked, id=7528, stack(0x000000001cd10000,0x000000001ce10000)]
  0x0000000018ece000 JavaThread "Asynchronous log dispatcher for DefaultDaemonConnection: socket connection from /127.0.0.1:31804 to /127.0.0.1:31806" [_thread_blocked, id=5308, stack(0x000000001cc10000,0x000000001cd10000)]
  0x000000001a389800 JavaThread "Daemon worker" [_thread_in_vm, id=7928, stack(0x000000001cb10000,0x000000001cc10000)]
  0x000000001a388800 JavaThread "Cancel handler" [_thread_blocked, id=2584, stack(0x000000001ca10000,0x000000001cb10000)]
  0x0000000019c32000 JavaThread "Handler for socket connection from /127.0.0.1:31804 to /127.0.0.1:31806" [_thread_in_native, id=10328, stack(0x000000001c910000,0x000000001ca10000)]
  0x0000000019a90000 JavaThread "Daemon" [_thread_blocked, id=5592, stack(0x000000001c810000,0x000000001c910000)]
  0x0000000019a8f000 JavaThread "Daemon periodic checks" [_thread_blocked, id=12760, stack(0x000000001c510000,0x000000001c610000)]
  0x000000001ad36800 JavaThread "Incoming local TCP Connector on port 31804" [_thread_in_native, id=10412, stack(0x000000001c2d0000,0x000000001c3d0000)]
  0x000000001acb0800 JavaThread "Daemon health stats" [_thread_blocked, id=6308, stack(0x000000001bc90000,0x000000001bd90000)]
  0x0000000018ba9000 JavaThread "Service Thread" daemon [_thread_blocked, id=10460, stack(0x0000000019080000,0x0000000019180000)]
  0x0000000017379800 JavaThread "C1 CompilerThread2" daemon [_thread_blocked, id=4736, stack(0x0000000018f80000,0x0000000019080000)]
  0x0000000017377000 JavaThread "C2 CompilerThread1" daemon [_thread_in_native, id=6476, stack(0x0000000018a80000,0x0000000018b80000)]
=>0x0000000017328800 JavaThread "C2 CompilerThread0" daemon [_thread_in_native, id=8692, stack(0x0000000018980000,0x0000000018a80000)]
  0x0000000017327800 JavaThread "Attach Listener" daemon [_thread_blocked, id=560, stack(0x0000000018880000,0x0000000018980000)]
  0x0000000017324000 JavaThread "Signal Dispatcher" daemon [_thread_blocked, id=6684, stack(0x0000000018780000,0x0000000018880000)]
  0x00000000026fc800 JavaThread "Finalizer" daemon [_thread_blocked, id=4432, stack(0x0000000018580000,0x0000000018680000)]
  0x00000000026f1000 JavaThread "Reference Handler" daemon [_thread_blocked, id=7808, stack(0x0000000018480000,0x0000000018580000)]
  0x00000000024fe800 JavaThread "main" [_thread_blocked, id=2008, stack(0x0000000002500000,0x0000000002600000)]

Other Threads:
  0x00000000172e6800 VMThread [stack: 0x0000000018380000,0x0000000018480000] [id=6104]
  0x0000000018ba9800 WatcherThread [stack: 0x0000000019180000,0x0000000019280000] [id=12996]

VM state:not at safepoint (normal execution)

VM Mutex/Monitor currently owned by a thread: None

heap address: 0x0000000080000000, size: 2048 MB, Compressed Oops mode: 32-bit
Narrow klass base: 0x0000000000000000, Narrow klass shift: 3
Compressed class space size: 1073741824 Address: 0x0000000100000000

Heap:
 PSYoungGen      total 71680K, used 24451K [0x00000000d5580000, 0x00000000da080000, 0x0000000100000000)
  eden space 66560K, 29% used [0x00000000d5580000,0x00000000d6868f50,0x00000000d9680000)
  from space 5120K, 99% used [0x00000000d9b80000,0x00000000da078040,0x00000000da080000)
  to   space 5120K, 0% used [0x00000000d9680000,0x00000000d9680000,0x00000000d9b80000)
 ParOldGen       total 87552K, used 4986K [0x0000000080000000, 0x0000000085580000, 0x00000000d5580000)
  object space 87552K, 5% used [0x0000000080000000,0x00000000804dea68,0x0000000085580000)
 Metaspace       used 17503K, capacity 18092K, committed 18432K, reserved 1064960K
  class space    used 2493K, capacity 2704K, committed 2816K, reserved 1048576K

Card table byte_map: [0x0000000011ac0000,0x0000000011ed0000] byte_map_base: 0x00000000116c0000

Marking Bits: (ParMarkBitMap*) 0x000000007438f030
 Begin Bits: [0x0000000012580000, 0x0000000014580000)
 End Bits:   [0x0000000014580000, 0x0000000016580000)

Polling page: 0x00000000003f0000

CodeCache: size=245760Kb used=5168Kb max_used=5168Kb free=240591Kb
 bounds [0x0000000002700000, 0x0000000002c20000, 0x0000000011700000]
 total_blobs=1951 nmethods=1551 adapters=313
 compilation: enabled

Compilation events (10 events):
Event: 13.469 Thread 0x0000000017379800 1708       3       java.util.HashMap::putVal (300 bytes)
Event: 13.473 Thread 0x0000000017379800 nmethod 1708 0x0000000002a2ef50 code [0x0000000002a2f1c0, 0x0000000002a30478]
Event: 13.514 Thread 0x0000000017379800 1709       1       java.lang.reflect.Constructor::getConstructorAccessor (5 bytes)
Event: 13.514 Thread 0x0000000017379800 nmethod 1709 0x0000000002b45dd0 code [0x0000000002b45f20, 0x0000000002b46030]
Event: 13.518 Thread 0x0000000017379800 1710       3       sun.reflect.generics.parser.SignatureParser::parseFieldTypeSignature (6 bytes)
Event: 13.518 Thread 0x0000000017379800 nmethod 1710 0x00000000029a8290 code [0x00000000029a8400, 0x00000000029a8588]
Event: 13.519 Thread 0x0000000017379800 1711       3       sun.reflect.generics.parser.SignatureParser::parseFieldTypeSignature (73 bytes)
Event: 13.520 Thread 0x0000000017379800 nmethod 1711 0x00000000029a7990 code [0x00000000029a7b80, 0x00000000029a8038]
Event: 13.520 Thread 0x0000000017379800 1712       3       sun.misc.ProxyGenerator::access$700 (7 bytes)
Event: 13.521 Thread 0x0000000017379800 nmethod 1712 0x00000000029a7510 code [0x00000000029a7680, 0x00000000029a7868]

GC Heap History (8 events):
Event: 4.216 GC heap before
{Heap before GC invocations=1 (full 0):
 PSYoungGen      total 38400K, used 33280K [0x00000000d5580000, 0x00000000d8000000, 0x0000000100000000)
  eden space 33280K, 100% used [0x00000000d5580000,0x00000000d7600000,0x00000000d7600000)
  from space 5120K, 0% used [0x00000000d7b00000,0x00000000d7b00000,0x00000000d8000000)
  to   space 5120K, 0% used [0x00000000d7600000,0x00000000d7600000,0x00000000d7b00000)
 ParOldGen       total 87552K, used 0K [0x0000000080000000, 0x0000000085580000, 0x00000000d5580000)
  object space 87552K, 0% used [0x0000000080000000,0x0000000080000000,0x0000000085580000)
 Metaspace       used 7548K, capacity 7838K, committed 8064K, reserved 1056768K
  class space    used 925K, capacity 1037K, committed 1152K, reserved 1048576K
Event: 4.230 GC heap after
Heap after GC invocations=1 (full 0):
 PSYoungGen      total 38400K, used 4588K [0x00000000d5580000, 0x00000000d8000000, 0x0000000100000000)
  eden space 33280K, 0% used [0x00000000d5580000,0x00000000d5580000,0x00000000d7600000)
  from space 5120K, 89% used [0x00000000d7600000,0x00000000d7a7b2a0,0x00000000d7b00000)
  to   space 5120K, 0% used [0x00000000d7b00000,0x00000000d7b00000,0x00000000d8000000)
 ParOldGen       total 87552K, used 8K [0x0000000080000000, 0x0000000085580000, 0x00000000d5580000)
  object space 87552K, 0% used [0x0000000080000000,0x0000000080002000,0x0000000085580000)
 Metaspace       used 7548K, capacity 7838K, committed 8064K, reserved 1056768K
  class space    used 925K, capacity 1037K, committed 1152K, reserved 1048576K
}
Event: 5.055 GC heap before
{Heap before GC invocations=2 (full 0):
 PSYoungGen      total 38400K, used 37868K [0x00000000d5580000, 0x00000000d8000000, 0x0000000100000000)
  eden space 33280K, 100% used [0x00000000d5580000,0x00000000d7600000,0x00000000d7600000)
  from space 5120K, 89% used [0x00000000d7600000,0x00000000d7a7b2a0,0x00000000d7b00000)
  to   space 5120K, 0% used [0x00000000d7b00000,0x00000000d7b00000,0x00000000d8000000)
 ParOldGen       total 87552K, used 8K [0x0000000080000000, 0x0000000085580000, 0x00000000d5580000)
  object space 87552K, 0% used [0x0000000080000000,0x0000000080002000,0x0000000085580000)
 Metaspace       used 8346K, capacity 8630K, committed 8960K, reserved 1056768K
  class space    used 1077K, capacity 1173K, committed 1280K, reserved 1048576K
Event: 5.088 GC heap after
Heap after GC invocations=2 (full 0):
 PSYoungGen      total 38400K, used 4113K [0x00000000d5580000, 0x00000000da080000, 0x0000000100000000)
  eden space 33280K, 0% used [0x00000000d5580000,0x00000000d5580000,0x00000000d7600000)
  from space 5120K, 80% used [0x00000000d7b00000,0x00000000d7f045f8,0x00000000d8000000)
  to   space 5120K, 0% used [0x00000000d7600000,0x00000000d7600000,0x00000000d7b00000)
 ParOldGen       total 87552K, used 16K [0x0000000080000000, 0x0000000085580000, 0x00000000d5580000)
  object space 87552K, 0% used [0x0000000080000000,0x0000000080004000,0x0000000085580000)
 Metaspace       used 8346K, capacity 8630K, committed 8960K, reserved 1056768K
  class space    used 1077K, capacity 1173K, committed 1280K, reserved 1048576K
}
Event: 11.199 GC heap before
{Heap before GC invocations=3 (full 0):
 PSYoungGen      total 38400K, used 37393K [0x00000000d5580000, 0x00000000da080000, 0x0000000100000000)
  eden space 33280K, 100% used [0x00000000d5580000,0x00000000d7600000,0x00000000d7600000)
  from space 5120K, 80% used [0x00000000d7b00000,0x00000000d7f045f8,0x00000000d8000000)
  to   space 5120K, 0% used [0x00000000d7600000,0x00000000d7600000,0x00000000d7b00000)
 ParOldGen       total 87552K, used 16K [0x0000000080000000, 0x0000000085580000, 0x00000000d5580000)
  object space 87552K, 0% used [0x0000000080000000,0x0000000080004000,0x0000000085580000)
 Metaspace       used 13125K, capacity 13534K, committed 13696K, reserved 1060864K
  class space    used 1797K, capacity 1915K, committed 1920K, reserved 1048576K
Event: 11.222 GC heap after
Heap after GC invocations=3 (full 0):
 PSYoungGen      total 38400K, used 5101K [0x00000000d5580000, 0x00000000da080000, 0x0000000100000000)
  eden space 33280K, 0% used [0x00000000d5580000,0x00000000d5580000,0x00000000d7600000)
  from space 5120K, 99% used [0x00000000d7600000,0x00000000d7afb420,0x00000000d7b00000)
  to   space 5120K, 0% used [0x00000000d9b80000,0x00000000d9b80000,0x00000000da080000)
 ParOldGen       total 87552K, used 1814K [0x0000000080000000, 0x0000000085580000, 0x00000000d5580000)
  object space 87552K, 2% used [0x0000000080000000,0x00000000801c5810,0x0000000085580000)
 Metaspace       used 13125K, capacity 13534K, committed 13696K, reserved 1060864K
  class space    used 1797K, capacity 1915K, committed 1920K, reserved 1048576K
}
Event: 12.815 GC heap before
{Heap before GC invocations=4 (full 0):
 PSYoungGen      total 38400K, used 38381K [0x00000000d5580000, 0x00000000da080000, 0x0000000100000000)
  eden space 33280K, 100% used [0x00000000d5580000,0x00000000d7600000,0x00000000d7600000)
  from space 5120K, 99% used [0x00000000d7600000,0x00000000d7afb420,0x00000000d7b00000)
  to   space 5120K, 0% used [0x00000000d9b80000,0x00000000d9b80000,0x00000000da080000)
 ParOldGen       total 87552K, used 1814K [0x0000000080000000, 0x0000000085580000, 0x00000000d5580000)
  object space 87552K, 2% used [0x0000000080000000,0x00000000801c5810,0x0000000085580000)
 Metaspace       used 16563K, capacity 17164K, committed 17408K, reserved 1064960K
  class space    used 2317K, capacity 2502K, committed 2560K, reserved 1048576K
Event: 12.848 GC heap after
Heap after GC invocations=4 (full 0):
 PSYoungGen      total 71680K, used 5088K [0x00000000d5580000, 0x00000000da080000, 0x0000000100000000)
  eden space 66560K, 0% used [0x00000000d5580000,0x00000000d5580000,0x00000000d9680000)
  from space 5120K, 99% used [0x00000000d9b80000,0x00000000da078040,0x00000000da080000)
  to   space 5120K, 0% used [0x00000000d9680000,0x00000000d9680000,0x00000000d9b80000)
 ParOldGen       total 87552K, used 4986K [0x0000000080000000, 0x0000000085580000, 0x00000000d5580000)
  object space 87552K, 5% used [0x0000000080000000,0x00000000804dea68,0x0000000085580000)
 Metaspace       used 16563K, capacity 17164K, committed 17408K, reserved 1064960K
  class space    used 2317K, capacity 2502K, committed 2560K, reserved 1048576K
}

Deoptimization events (10 events):
Event: 11.373 Thread 0x000000001a389800 Uncommon trap: reason=class_check action=maybe_recompile pc=0x0000000002a48558 method=java.util.regex.Matcher.match(II)Z @ 86
Event: 11.373 Thread 0x000000001a389800 Uncommon trap: reason=class_check action=maybe_recompile pc=0x00000000028d2e4c method=java.util.regex.Matcher.match(II)Z @ 86
Event: 11.956 Thread 0x000000001a389800 Uncommon trap: reason=unstable_if action=reinterpret pc=0x0000000002a3ab1c method=java.io.File.getName()Ljava/lang/String; @ 16
Event: 11.956 Thread 0x000000001a389800 Uncommon trap: reason=unstable_if action=reinterpret pc=0x0000000002a33f54 method=java.lang.String.substring(I)Ljava/lang/String; @ 35
Event: 13.201 Thread 0x000000001a389800 Uncommon trap: reason=unstable_if action=reinterpret pc=0x0000000002a3c230 method=java.util.LinkedHashMap.afterNodeInsertion(Z)V @ 1
Event: 13.203 Thread 0x000000001a389800 Uncommon trap: reason=unstable_if action=reinterpret pc=0x0000000002982f84 method=java.util.HashMap.getNode(ILjava/lang/Object;)Ljava/util/HashMap$Node; @ 129
Event: 13.203 Thread 0x000000001a389800 Uncommon trap: reason=bimorphic action=maybe_recompile pc=0x0000000002be4008 method=java.util.HashMap.putVal(ILjava/lang/Object;Ljava/lang/Object;ZZ)Ljava/lang/Object; @ 203
Event: 13.204 Thread 0x000000001a389800 Uncommon trap: reason=unstable_if action=reinterpret pc=0x0000000002971050 method=java.util.HashMap.getNode(ILjava/lang/Object;)Ljava/util/HashMap$Node; @ 129
Event: 13.208 Thread 0x000000001a389800 Uncommon trap: reason=bimorphic action=maybe_recompile pc=0x0000000002be4008 method=java.util.HashMap.putVal(ILjava/lang/Object;Ljava/lang/Object;ZZ)Ljava/lang/Object; @ 203
Event: 13.222 Thread 0x000000001a389800 Uncommon trap: reason=bimorphic action=maybe_recompile pc=0x0000000002bde7cc method=java.util.HashMap.putVal(ILjava/lang/Object;Ljava/lang/Object;ZZ)Ljava/lang/Object; @ 203

Classes redefined (0 events):
No events

Internal exceptions (10 events):
Event: 9.880 Thread 0x0000000019c32000 Exception <a 'java/lang/NoSuchMethodError': <clinit>> (0x00000000d64a6778) thrown at [C:\src\AOSP-openjdk-git\hotspot\src\share\vm\prims\jni.cpp, line 1615]
Event: 9.895 Thread 0x0000000019c32000 Exception <a 'java/lang/NoSuchMethodError': <clinit>> (0x00000000d64ba698) thrown at [C:\src\AOSP-openjdk-git\hotspot\src\share\vm\prims\jni.cpp, line 1615]
Event: 9.964 Thread 0x0000000019c32000 Exception <a 'java/lang/NoSuchMethodError': <clinit>> (0x00000000d651eca8) thrown at [C:\src\AOSP-openjdk-git\hotspot\src\share\vm\prims\jni.cpp, line 1615]
Event: 9.992 Thread 0x0000000019c32000 Exception <a 'java/lang/NoSuchMethodError': <clinit>> (0x00000000d6558d68) thrown at [C:\src\AOSP-openjdk-git\hotspot\src\share\vm\prims\jni.cpp, line 1615]
Event: 10.043 Thread 0x0000000019c32000 Exception <a 'java/lang/NoSuchMethodError': <clinit>> (0x00000000d658e480) thrown at [C:\src\AOSP-openjdk-git\hotspot\src\share\vm\prims\jni.cpp, line 1615]
Event: 11.691 Thread 0x000000001a389800 Exception <a 'java/lang/NoSuchMethodError': java.lang.Object.lambda$static$0(Lorg/gradle/internal/state/ModelObject;)Ljava/lang/String;> (0x00000000d60c2aa0) thrown at [C:\src\AOSP-openjdk-git\hotspot\src\share\vm\interpreter\linkResolver.cpp, line 620]
Event: 12.151 Thread 0x000000001a389800 Exception <a 'java/lang/NoSuchMethodError': java.lang.Object.lambda$and$0(Ljava/util/function/Predicate;Ljava/lang/Object;)Z> (0x00000000d6683228) thrown at [C:\src\AOSP-openjdk-git\hotspot\src\share\vm\interpreter\linkResolver.cpp, line 620]
Event: 12.170 Thread 0x000000001a389800 Exception <a 'java/lang/IncompatibleClassChangeError': Found class java.lang.Object, but interface was expected> (0x00000000d6693708) thrown at [C:\src\AOSP-openjdk-git\hotspot\src\share\vm\interpreter\linkResolver.cpp, line 653]
Event: 12.178 Thread 0x000000001a389800 Exception <a 'java/lang/NoSuchMethodError': java.lang.Object.lambda$or$2(Ljava/util/function/Predicate;Ljava/lang/Object;)Z> (0x00000000d6698440) thrown at [C:\src\AOSP-openjdk-git\hotspot\src\share\vm\interpreter\linkResolver.cpp, line 620]
Event: 12.363 Thread 0x000000001a389800 Exception <a 'java/lang/NoSuchMethodError': java.lang.Object.lambda$comparing$77a9974f$1(Ljava/util/function/Function;Ljava/lang/Object;Ljava/lang/Object;)I> (0x00000000d6ac9970) thrown at [C:\src\AOSP-openjdk-git\hotspot\src\share\vm\interpreter\linkReso

Events (10 events):
Event: 13.541 loading class org/gradle/api/internal/plugins/PotentialPlugin done
Event: 13.542 loading class org/gradle/api/internal/plugins/DefaultPluginRegistry
Event: 13.542 loading class org/gradle/api/internal/plugins/DefaultPluginRegistry done
Event: 13.549 loading class org/gradle/api/internal/plugins/DefaultPluginRegistry$PotentialPluginCacheLoader
Event: 13.549 loading class org/gradle/api/internal/plugins/DefaultPluginRegistry$PotentialPluginCacheLoader done
Event: 13.550 loading class org/gradle/api/internal/plugins/DefaultPluginRegistry$1
Event: 13.550 loading class org/gradle/api/internal/plugins/DefaultPluginRegistry$1 done
Event: 13.552 loading class org/gradle/api/internal/plugins/PluginImplementation
Event: 13.552 loading class org/gradle/api/internal/plugins/PluginImplementation done
Event: 13.553 loading class org/gradle/api/internal/plugins/PluginDescriptorLocator


Dynamic libraries:
0x00007ff627fd0000 - 0x00007ff628001000 	C:\Program Files\Android\Android Studio\jre\bin\java.exe
0x00007ffb0b060000 - 0x00007ffb0b250000 	C:\WINDOWS\SYSTEM32\ntdll.dll
0x00007ffb09720000 - 0x00007ffb097d2000 	C:\WINDOWS\System32\KERNEL32.DLL
0x00007ffb081f0000 - 0x00007ffb08495000 	C:\WINDOWS\System32\KERNELBASE.dll
0x00007ffb0a110000 - 0x00007ffb0a1b3000 	C:\WINDOWS\System32\ADVAPI32.dll
0x00007ffb0aa60000 - 0x00007ffb0aafe000 	C:\WINDOWS\System32\msvcrt.dll
0x00007ffb09860000 - 0x00007ffb098f7000 	C:\WINDOWS\System32\sechost.dll
0x00007ffb09110000 - 0x00007ffb09230000 	C:\WINDOWS\System32\RPCRT4.dll
0x00007ffb09410000 - 0x00007ffb095a5000 	C:\WINDOWS\System32\USER32.dll
0x00007ffb08e40000 - 0x00007ffb08e61000 	C:\WINDOWS\System32\win32u.dll
0x00007ffb0a960000 - 0x00007ffb0a986000 	C:\WINDOWS\System32\GDI32.dll
0x00007ffb08050000 - 0x00007ffb081e6000 	C:\WINDOWS\System32\gdi32full.dll
0x00007ffb08da0000 - 0x00007ffb08e3e000 	C:\WINDOWS\System32\msvcp_win.dll
0x00007ffb084d0000 - 0x00007ffb085ca000 	C:\WINDOWS\System32\ucrtbase.dll
0x00007ffafa720000 - 0x00007ffafa9a4000 	C:\WINDOWS\WinSxS\amd64_microsoft.windows.common-controls_6595b64144ccf1df_6.0.18362.1082_none_9e8193e1e45b25c1\COMCTL32.dll
0x00007ffb0ab00000 - 0x00007ffb0ae35000 	C:\WINDOWS\System32\combase.dll
0x00007ffb08fc0000 - 0x00007ffb09040000 	C:\WINDOWS\System32\bcryptPrimitives.dll
0x00007ffb096f0000 - 0x00007ffb0971e000 	C:\WINDOWS\System32\IMM32.DLL
0x0000000073850000 - 0x0000000073922000 	C:\Program Files\Android\Android Studio\jre\jre\bin\msvcr100.dll
0x0000000073bc0000 - 0x000000007440b000 	C:\Program Files\Android\Android Studio\jre\jre\bin\server\jvm.dll
0x00007ffb0ae40000 - 0x00007ffb0ae48000 	C:\WINDOWS\System32\PSAPI.DLL
0x00007ffaf4110000 - 0x00007ffaf4119000 	C:\WINDOWS\SYSTEM32\WSOCK32.dll
0x00007ffb09230000 - 0x00007ffb0929f000 	C:\WINDOWS\System32\WS2_32.dll
0x00007ffb06020000 - 0x00007ffb06044000 	C:\WINDOWS\SYSTEM32\WINMM.dll
0x00007ffaf9c90000 - 0x00007ffaf9c9a000 	C:\WINDOWS\SYSTEM32\VERSION.dll
0x00007ffb05ff0000 - 0x00007ffb0601d000 	C:\WINDOWS\SYSTEM32\WINMMBASE.dll
0x00007ffb08d50000 - 0x00007ffb08d9a000 	C:\WINDOWS\System32\cfgmgr32.dll
0x00007ffaf4100000 - 0x00007ffaf410f000 	C:\Program Files\Android\Android Studio\jre\jre\bin\verify.dll
0x00007ffaf3f90000 - 0x00007ffaf3fb9000 	C:\Program Files\Android\Android Studio\jre\jre\bin\java.dll
0x00007ffaf3f70000 - 0x00007ffaf3f86000 	C:\Program Files\Android\Android Studio\jre\jre\bin\zip.dll
0x00007ffb0a270000 - 0x00007ffb0a957000 	C:\WINDOWS\System32\SHELL32.dll
0x00007ffb0a050000 - 0x00007ffb0a0f9000 	C:\WINDOWS\System32\shcore.dll
0x00007ffb085d0000 - 0x00007ffb08d50000 	C:\WINDOWS\System32\windows.storage.dll
0x00007ffb07f80000 - 0x00007ffb07fa3000 	C:\WINDOWS\System32\profapi.dll
0x00007ffb07f30000 - 0x00007ffb07f7a000 	C:\WINDOWS\System32\powrprof.dll
0x00007ffb07f20000 - 0x00007ffb07f30000 	C:\WINDOWS\System32\UMPDC.dll
0x00007ffb09800000 - 0x00007ffb09852000 	C:\WINDOWS\System32\shlwapi.dll
0x00007ffb07fb0000 - 0x00007ffb07fc1000 	C:\WINDOWS\System32\kernel.appcore.dll
0x00007ffb090f0000 - 0x00007ffb09107000 	C:\WINDOWS\System32\cryptsp.dll
0x00007ffae4080000 - 0x00007ffae409a000 	C:\Program Files\Android\Android Studio\jre\jre\bin\net.dll
0x00007ffb07770000 - 0x00007ffb077d7000 	C:\WINDOWS\system32\mswsock.dll
0x00007ffadb080000 - 0x00007ffadb093000 	C:\Program Files\Android\Android Studio\jre\jre\bin\nio.dll
0x00007ffae4600000 - 0x00007ffae4627000 	C:\Users\David Adeyinka\.gradle\native\9f2fa17c089eee584f3420100432f77ec4c098959e4bf121a4d6054c26537dfb\windows-amd64\native-platform.dll
0x00007ffaf1c50000 - 0x00007ffaf1c5d000 	C:\Program Files\Android\Android Studio\jre\jre\bin\management.dll
0x00007ffb07280000 - 0x00007ffb072b3000 	C:\WINDOWS\system32\rsaenh.dll
0x00007ffb084a0000 - 0x00007ffb084c6000 	C:\WINDOWS\System32\bcrypt.dll
0x00007ffb07e00000 - 0x00007ffb07e25000 	C:\WINDOWS\SYSTEM32\USERENV.dll
0x00007ffb07940000 - 0x00007ffb0794c000 	C:\WINDOWS\SYSTEM32\CRYPTBASE.dll
0x00007ffb07480000 - 0x00007ffb074ba000 	C:\WINDOWS\SYSTEM32\IPHLPAPI.DLL
0x00007ffb0afb0000 - 0x00007ffb0afb8000 	C:\WINDOWS\System32\NSI.dll
0x00007ffafc260000 - 0x00007ffafc276000 	C:\WINDOWS\SYSTEM32\dhcpcsvc6.DLL
0x00007ffafc240000 - 0x00007ffafc25c000 	C:\WINDOWS\SYSTEM32\dhcpcsvc.DLL
0x00007ffb074c0000 - 0x00007ffb0758b000 	C:\WINDOWS\SYSTEM32\DNSAPI.dll
0x00007ffafc2f0000 - 0x00007ffafc2fb000 	C:\WINDOWS\SYSTEM32\WINNSI.DLL
0x00007ffad9240000 - 0x00007ffad93d6000 	C:\Users\David Adeyinka\.gradle\native\9f2fa17c089eee584f3420100432f77ec4c098959e4bf121a4d6054c26537dfb\windows-amd64\native-platform-file-events.dll

VM Arguments:
jvm_args: -Xmx2048m -Dfile.encoding=UTF-8 -Duser.country=GB -Duser.language=en -Duser.variant 
java_command: org.gradle.launcher.daemon.bootstrap.GradleDaemon 6.6.1
java_class_path (initial): C:\Gradle\gradle-6.6.1\lib\gradle-launcher-6.6.1.jar
Launcher Type: SUN_STANDARD

Environment Variables:
PATH=C:\Program Files (x86)\Common Files\Oracle\Java\javapath;C:\WINDOWS\system32;C:\WINDOWS;C:\WINDOWS\System32\Wbem;C:\WINDOWS\System32\WindowsPowerShell\v1.0\;C:\WINDOWS\System32\OpenSSH\;C:\Program Files (x86)\Git\cmd;C:\Program Files\nodejs\;c:\Program Files (x86)\Microsoft SQL Server\100\Tools\Binn\;c:\Program Files\Microsoft SQL Server\100\Tools\Binn\;c:\Program Files\Microsoft SQL Server\100\DTS\Binn\;C:\Go\bin;C:\Program Files\Microsoft VS Code\bin;C:\Users\David Adeyinka\AppData\Local\Programs\Python\Python37-32\Scripts\;C:\Users\David Adeyinka\AppData\Local\Programs\Python\Python37-32\;C:\Users\David Adeyinka\AppData\Local\Microsoft\WindowsApps;;C:\Program Files\JetBrains\IntelliJ IDEA Community Edition 2019.1.3\bin;;C:\Program Files\Microsoft VS Code\bin;C:\Users\David Adeyinka\AppData\Roaming\npm;C:\Users\David Adeyinka\go\bin
USERNAME=David Adeyinka
OS=Windows_NT
PROCESSOR_IDENTIFIER=Intel64 Family 6 Model 61 Stepping 4, GenuineIntel



---------------  S Y S T E M  ---------------

OS: Windows 10.0 , 64 bit Build 18362 (10.0.18362.1082)

CPU:total 4 (initial active 4) (2 cores per cpu, 2 threads per core) family 6 model 61 stepping 4, cmov, cx8, fxsr, mmx, sse, sse2, sse3, ssse3, sse4.1, sse4.2, popcnt, avx, avx2, aes, clmul, erms, 3dnowpref, lzcnt, ht, tsc, tscinvbit, bmi1, bmi2, adx

Memory: 4k page, physical 8277100k(1576468k free), swap 8277100k(5428k free)

vm_info: OpenJDK 64-Bit Server VM (25.242-b01) for windows-amd64 JRE (1.8.0_242-release-1644-b01), built by "builder" with MS VC++ 10.0 (VS2010)

time: Fri Jan 22 18:30:56 2021
timezone: W. Central Africa Standard Time
elapsed time: 13 seconds (0d 0h 0m 13s)

