#
# There is insufficient memory for the Java Runtime Environment to continue.
# Native memory allocation (malloc) failed to allocate 469632 bytes for Chunk::new
# Possible reasons:
#   The system is out of physical RAM or swap space
#   The process is running with CompressedOops enabled, and the Java Heap may be blocking the growth of the native heap
# Possible solutions:
#   Reduce memory load on the system
#   Increase physical memory or swap space
#   Check if swap backing store is full
#   Decrease Java heap size (-Xmx/-Xms)
#   Decrease number of Java threads
#   Decrease Java thread stack sizes (-Xss)
#   Set larger code cache with -XX:ReservedCodeCacheSize=
#   JVM is running with Unscaled Compressed Oops mode in which the Java heap is
#     placed in the first 4GB address space. The Java Heap base address is the
#     maximum limit for the native heap growth. Please use -XX:HeapBaseMinAddress
#     to set the Java Heap base and to place the Java Heap above 4GB virtual address.
# This output file may be truncated or incomplete.
#
#  Out of Memory Error (allocation.cpp:389), pid=472, tid=0x0000000000002cd8
#
# JRE version: OpenJDK Runtime Environment (8.0_242-b01) (build 1.8.0_242-release-1644-b01)
# Java VM: OpenJDK 64-Bit Server VM (25.242-b01 mixed mode windows-amd64 compressed oops)
# Failed to write core dump. Minidumps are not enabled by default on client versions of Windows
#

---------------  T H R E A D  ---------------

Current thread (0x0000000017076800):  JavaThread "C2 CompilerThread1" daemon [_thread_in_native, id=11480, stack(0x00000000187c0000,0x00000000188c0000)]

Stack: [0x00000000187c0000,0x00000000188c0000]
[error occurred during error reporting (printing stack bounds), id 0xc0000005]

Native frames: (J=compiled Java code, j=interpreted, Vv=VM code, C=native code)


Current CompileTask:
C2:  32314 5277       4       com.sun.beans.TypeResolver::resolve (37 bytes)


---------------  P R O C E S S  ---------------

Java Threads: ( => current thread )
  0x000000001a3fa800 JavaThread "pool-1-thread-1" [_thread_blocked, id=9776, stack(0x0000000029780000,0x0000000029880000)]
  0x000000001a3fc000 JavaThread "jar transforms Thread 114" [_thread_blocked, id=10176, stack(0x0000000029480000,0x0000000029580000)]
  0x000000001a3f3000 JavaThread "jar transforms Thread 113" [_thread_blocked, id=8356, stack(0x0000000029380000,0x0000000029480000)]
  0x000000001a3fa000 JavaThread "jar transforms Thread 112" [_thread_blocked, id=1588, stack(0x0000000029280000,0x0000000029380000)]
  0x000000001a3f9000 JavaThread "jar transforms Thread 111" [_thread_blocked, id=13496, stack(0x0000000029180000,0x0000000029280000)]
  0x000000001a3f8800 JavaThread "jar transforms Thread 110" [_thread_blocked, id=12676, stack(0x0000000029080000,0x0000000029180000)]
  0x000000001a3f6000 JavaThread "jar transforms Thread 109" [_thread_blocked, id=4364, stack(0x0000000028f80000,0x0000000029080000)]
  0x000000001a3f7800 JavaThread "jar transforms Thread 108" [_thread_blocked, id=10700, stack(0x0000000028e80000,0x0000000028f80000)]
  0x000000001a3f0800 JavaThread "jar transforms Thread 107" [_thread_blocked, id=8140, stack(0x0000000028d80000,0x0000000028e80000)]
  0x000000001a3f4800 JavaThread "jar transforms Thread 106" [_thread_blocked, id=1780, stack(0x0000000028c80000,0x0000000028d80000)]
  0x000000001a3f7000 JavaThread "jar transforms Thread 105" [_thread_blocked, id=12700, stack(0x0000000028b80000,0x0000000028c80000)]
  0x000000001a3f2800 JavaThread "jar transforms Thread 104" [_thread_blocked, id=13224, stack(0x0000000028a80000,0x0000000028b80000)]
  0x000000001a3f1800 JavaThread "jar transforms Thread 103" [_thread_blocked, id=6796, stack(0x0000000028980000,0x0000000028a80000)]
  0x000000001a3ef000 JavaThread "jar transforms Thread 102" [_thread_blocked, id=13140, stack(0x0000000028880000,0x0000000028980000)]
  0x000000001a3ee800 JavaThread "jar transforms Thread 101" [_thread_blocked, id=12432, stack(0x0000000028780000,0x0000000028880000)]
  0x000000001a3f4000 JavaThread "jar transforms Thread 100" [_thread_blocked, id=9148, stack(0x0000000028680000,0x0000000028780000)]
  0x000000001a3f0000 JavaThread "jar transforms Thread 99" [_thread_blocked, id=2728, stack(0x0000000028580000,0x0000000028680000)]
  0x000000001a3f5800 JavaThread "jar transforms Thread 98" [_thread_blocked, id=8388, stack(0x0000000028480000,0x0000000028580000)]
  0x000000001fa7e800 JavaThread "jar transforms Thread 97" [_thread_blocked, id=12784, stack(0x0000000028380000,0x0000000028480000)]
  0x000000001fa7d800 JavaThread "jar transforms Thread 96" [_thread_blocked, id=2884, stack(0x0000000028280000,0x0000000028380000)]
  0x000000001fa7b000 JavaThread "jar transforms Thread 95" [_thread_blocked, id=9760, stack(0x0000000028180000,0x0000000028280000)]
  0x000000001fa82000 JavaThread "jar transforms Thread 94" [_thread_blocked, id=7680, stack(0x0000000028080000,0x0000000028180000)]
  0x000000001fa7c000 JavaThread "jar transforms Thread 93" [_thread_blocked, id=10908, stack(0x0000000027f80000,0x0000000028080000)]
  0x000000001fa7a800 JavaThread "jar transforms Thread 92" [_thread_blocked, id=13368, stack(0x0000000027e80000,0x0000000027f80000)]
  0x000000001fa81800 JavaThread "jar transforms Thread 91" [_thread_blocked, id=9704, stack(0x0000000027d80000,0x0000000027e80000)]
  0x000000001fa80000 JavaThread "jar transforms Thread 90" [_thread_blocked, id=10720, stack(0x0000000027c80000,0x0000000027d80000)]
  0x000000001fa7f000 JavaThread "jar transforms Thread 89" [_thread_blocked, id=11012, stack(0x0000000027b80000,0x0000000027c80000)]
  0x000000001fa80800 JavaThread "jar transforms Thread 88" [_thread_blocked, id=6156, stack(0x0000000027a80000,0x0000000027b80000)]
  0x000000001fa7d000 JavaThread "jar transforms Thread 87" [_thread_blocked, id=8172, stack(0x0000000027980000,0x0000000027a80000)]
  0x000000001fa73000 JavaThread "jar transforms Thread 86" [_thread_blocked, id=4148, stack(0x0000000027880000,0x0000000027980000)]
  0x000000001fa79800 JavaThread "jar transforms Thread 85" [_thread_blocked, id=7620, stack(0x0000000027780000,0x0000000027880000)]
  0x000000001fa76800 JavaThread "jar transforms Thread 84" [_thread_blocked, id=14192, stack(0x0000000027680000,0x0000000027780000)]
  0x000000001fa73800 JavaThread "jar transforms Thread 83" [_thread_blocked, id=9140, stack(0x0000000027580000,0x0000000027680000)]
  0x000000001fa77800 JavaThread "jar transforms Thread 82" [_thread_blocked, id=14268, stack(0x0000000027480000,0x0000000027580000)]
  0x000000001fa75000 JavaThread "jar transforms Thread 81" [_thread_blocked, id=13556, stack(0x0000000027380000,0x0000000027480000)]
  0x000000001fa78000 JavaThread "jar transforms Thread 80" [_thread_blocked, id=12328, stack(0x0000000027180000,0x0000000027280000)]
  0x000000001fa79000 JavaThread "jar transforms Thread 79" [_thread_blocked, id=11600, stack(0x0000000027080000,0x0000000027180000)]
  0x000000001fa74800 JavaThread "jar transforms Thread 78" [_thread_blocked, id=804, stack(0x0000000026f80000,0x0000000027080000)]
  0x000000001fa76000 JavaThread "jar transforms Thread 77" [_thread_blocked, id=7072, stack(0x0000000026e80000,0x0000000026f80000)]
  0x000000001fad4000 JavaThread "jar transforms Thread 76" [_thread_blocked, id=8180, stack(0x0000000026d80000,0x0000000026e80000)]
  0x000000001fad8800 JavaThread "jar transforms Thread 75" [_thread_blocked, id=2972, stack(0x0000000026c80000,0x0000000026d80000)]
  0x000000001fada000 JavaThread "jar transforms Thread 74" [_thread_blocked, id=9120, stack(0x0000000026b80000,0x0000000026c80000)]
  0x000000001fad9800 JavaThread "jar transforms Thread 73" [_thread_blocked, id=3156, stack(0x0000000026a80000,0x0000000026b80000)]
  0x000000001fad8000 JavaThread "jar transforms Thread 72" [_thread_blocked, id=8632, stack(0x0000000026980000,0x0000000026a80000)]
  0x000000001fad7000 JavaThread "jar transforms Thread 71" [_thread_blocked, id=13500, stack(0x0000000026880000,0x0000000026980000)]
  0x000000001fad6800 JavaThread "jar transforms Thread 70" [_thread_blocked, id=12124, stack(0x0000000026780000,0x0000000026880000)]
  0x000000001fad5800 JavaThread "jar transforms Thread 69" [_thread_blocked, id=10456, stack(0x0000000026680000,0x0000000026780000)]
  0x000000001facf000 JavaThread "jar transforms Thread 68" [_thread_blocked, id=6772, stack(0x0000000026580000,0x0000000026680000)]
  0x000000001face000 JavaThread "jar transforms Thread 67" [_thread_blocked, id=5072, stack(0x0000000026480000,0x0000000026580000)]
  0x000000001fad3800 JavaThread "jar transforms Thread 66" [_thread_blocked, id=9628, stack(0x0000000026380000,0x0000000026480000)]
  0x000000001fad0800 JavaThread "jar transforms Thread 65" [_thread_blocked, id=7244, stack(0x0000000026280000,0x0000000026380000)]
  0x000000001fad5000 JavaThread "jar transforms Thread 64" [_thread_blocked, id=8376, stack(0x0000000026180000,0x0000000026280000)]
  0x000000001facd800 JavaThread "jar transforms Thread 63" [_thread_blocked, id=10928, stack(0x0000000026080000,0x0000000026180000)]
  0x000000001facb800 JavaThread "jar transforms Thread 62" [_thread_blocked, id=6740, stack(0x0000000025f80000,0x0000000026080000)]
  0x000000001fad2000 JavaThread "jar transforms Thread 61" [_thread_blocked, id=13908, stack(0x0000000025e80000,0x0000000025f80000)]
  0x000000001fad2800 JavaThread "jar transforms Thread 60" [_thread_blocked, id=7564, stack(0x0000000025d80000,0x0000000025e80000)]
  0x000000001fad1000 JavaThread "jar transforms Thread 59" [_thread_blocked, id=7576, stack(0x0000000025c80000,0x0000000025d80000)]
  0x000000001facf800 JavaThread "jar transforms Thread 58" [_thread_blocked, id=13576, stack(0x0000000025b80000,0x0000000025c80000)]
  0x000000001facc800 JavaThread "jar transforms Thread 57" [_thread_blocked, id=7756, stack(0x0000000025a80000,0x0000000025b80000)]
  0x000000001facb000 JavaThread "jar transforms Thread 56" [_thread_blocked, id=8960, stack(0x0000000025980000,0x0000000025a80000)]
  0x000000001bf02000 JavaThread "jar transforms Thread 55" [_thread_blocked, id=6004, stack(0x0000000025880000,0x0000000025980000)]
  0x000000001bf00800 JavaThread "jar transforms Thread 54" [_thread_blocked, id=3560, stack(0x0000000025780000,0x0000000025880000)]
  0x000000001bf01000 JavaThread "jar transforms Thread 53" [_thread_blocked, id=4080, stack(0x0000000025680000,0x0000000025780000)]
  0x000000001bef9000 JavaThread "jar transforms Thread 52" [_thread_blocked, id=9264, stack(0x0000000025580000,0x0000000025680000)]
  0x000000001befe000 JavaThread "jar transforms Thread 51" [_thread_blocked, id=11904, stack(0x0000000025480000,0x0000000025580000)]
  0x000000001beff800 JavaThread "jar transforms Thread 50" [_thread_blocked, id=14320, stack(0x0000000025380000,0x0000000025480000)]
  0x000000001befc000 JavaThread "jar transforms Thread 49" [_thread_blocked, id=5788, stack(0x0000000025280000,0x0000000025380000)]
  0x000000001befb000 JavaThread "jar transforms Thread 48" [_thread_blocked, id=6696, stack(0x0000000025180000,0x0000000025280000)]
  0x000000001befc800 JavaThread "jar transforms Thread 47" [_thread_blocked, id=1188, stack(0x0000000025080000,0x0000000025180000)]
  0x000000001befd800 JavaThread "jar transforms Thread 46" [_thread_blocked, id=13716, stack(0x0000000024f80000,0x0000000025080000)]
  0x000000001beff000 JavaThread "jar transforms Thread 45" [_thread_blocked, id=8916, stack(0x0000000024e80000,0x0000000024f80000)]
  0x000000001befa800 JavaThread "jar transforms Thread 44" [_thread_blocked, id=9520, stack(0x0000000024d80000,0x0000000024e80000)]
  0x000000001bef3000 JavaThread "jar transforms Thread 43" [_thread_blocked, id=11128, stack(0x0000000024c80000,0x0000000024d80000)]
  0x000000001bef7800 JavaThread "jar transforms Thread 42" [_thread_blocked, id=14292, stack(0x0000000024b80000,0x0000000024c80000)]
  0x000000001bef6000 JavaThread "jar transforms Thread 41" [_thread_blocked, id=10252, stack(0x0000000024a80000,0x0000000024b80000)]
  0x000000001bef5000 JavaThread "jar transforms Thread 40" [_thread_blocked, id=3104, stack(0x0000000024980000,0x0000000024a80000)]
  0x000000001bef9800 JavaThread "jar transforms Thread 39" [_thread_blocked, id=11816, stack(0x0000000024880000,0x0000000024980000)]
  0x000000001bef4800 JavaThread "jar transforms Thread 38" [_thread_blocked, id=9476, stack(0x0000000024780000,0x0000000024880000)]
  0x000000001bef6800 JavaThread "jar transforms Thread 37" [_thread_blocked, id=7144, stack(0x0000000024680000,0x0000000024780000)]
  0x000000001bef8000 JavaThread "jar transforms Thread 36" [_thread_blocked, id=7776, stack(0x0000000024580000,0x0000000024680000)]
  0x000000001bef3800 JavaThread "jar transforms Thread 35" [_thread_blocked, id=10092, stack(0x0000000024260000,0x0000000024360000)]
  0x000000001e020800 JavaThread "jar transforms Thread 34" [_thread_blocked, id=10976, stack(0x0000000024480000,0x0000000024580000)]
  0x000000001e01f800 JavaThread "jar transforms Thread 33" [_thread_blocked, id=11620, stack(0x0000000024380000,0x0000000024480000)]
  0x000000001e022000 JavaThread "jar transforms Thread 32" [_thread_blocked, id=7492, stack(0x0000000024160000,0x0000000024260000)]
  0x000000001e01e000 JavaThread "jar transforms Thread 31" [_thread_blocked, id=14164, stack(0x0000000024060000,0x0000000024160000)]
  0x000000001e01d800 JavaThread "jar transforms Thread 30" [_thread_blocked, id=10164, stack(0x0000000023f60000,0x0000000024060000)]
  0x000000001e021000 JavaThread "jar transforms Thread 29" [_thread_blocked, id=12900, stack(0x0000000023e60000,0x0000000023f60000)]
  0x000000001e022800 JavaThread "jar transforms Thread 28" [_thread_blocked, id=5980, stack(0x0000000023d60000,0x0000000023e60000)]
  0x000000001e01f000 JavaThread "jar transforms Thread 27" [_thread_blocked, id=9532, stack(0x0000000023c60000,0x0000000023d60000)]
  0x000000001e018000 JavaThread "jar transforms Thread 26" [_thread_blocked, id=2832, stack(0x0000000023b60000,0x0000000023c60000)]
  0x000000001e016000 JavaThread "jar transforms Thread 25" [_thread_blocked, id=6560, stack(0x0000000023850000,0x0000000023950000)]
  0x000000001e01c800 JavaThread "jar transforms Thread 24" [_thread_blocked, id=6608, stack(0x0000000023a60000,0x0000000023b60000)]
  0x000000001e017800 JavaThread "jar transforms Thread 23" [_thread_blocked, id=7668, stack(0x0000000023960000,0x0000000023a60000)]
  0x000000001e01c000 JavaThread "jar transforms Thread 22" [_thread_blocked, id=11828, stack(0x0000000023750000,0x0000000023850000)]
  0x000000001e019800 JavaThread "jar transforms Thread 21" [_thread_blocked, id=9636, stack(0x0000000023650000,0x0000000023750000)]
  0x000000001e016800 JavaThread "jar transforms Thread 20" [_thread_blocked, id=12248, stack(0x0000000023550000,0x0000000023650000)]
  0x000000001e019000 JavaThread "jar transforms Thread 19" [_thread_blocked, id=10348, stack(0x0000000023450000,0x0000000023550000)]
  0x000000001e014800 JavaThread "jar transforms Thread 18" [_thread_blocked, id=13920, stack(0x0000000023350000,0x0000000023450000)]
  0x000000001e01a800 JavaThread "jar transforms Thread 17" [_thread_blocked, id=8724, stack(0x0000000023250000,0x0000000023350000)]
  0x000000001e01b000 JavaThread "jar transforms Thread 16" [_thread_blocked, id=9468, stack(0x0000000023150000,0x0000000023250000)]
  0x000000001e015000 JavaThread "jar transforms Thread 15" [_thread_blocked, id=10868, stack(0x0000000023050000,0x0000000023150000)]
  0x000000001e013800 JavaThread "jar transforms Thread 14" [_thread_blocked, id=4324, stack(0x0000000022f50000,0x0000000023050000)]
  0x0000000017093000 JavaThread "jar transforms Thread 13" [_thread_blocked, id=13008, stack(0x0000000022e50000,0x0000000022f50000)]
  0x000000001708e800 JavaThread "jar transforms Thread 12" [_thread_blocked, id=3764, stack(0x0000000022d50000,0x0000000022e50000)]
  0x0000000017092800 JavaThread "jar transforms Thread 11" [_thread_blocked, id=9068, stack(0x0000000022c50000,0x0000000022d50000)]
  0x000000001708f800 JavaThread "jar transforms Thread 10" [_thread_blocked, id=6960, stack(0x0000000022b50000,0x0000000022c50000)]
  0x0000000017091800 JavaThread "jar transforms Thread 9" [_thread_blocked, id=12044, stack(0x0000000022a50000,0x0000000022b50000)]
  0x0000000017091000 JavaThread "jar transforms Thread 8" [_thread_blocked, id=10860, stack(0x0000000022950000,0x0000000022a50000)]
  0x0000000017094000 JavaThread "jar transforms Thread 7" [_thread_blocked, id=10424, stack(0x0000000022850000,0x0000000022950000)]
  0x000000001708e000 JavaThread "jar transforms Thread 6" [_thread_blocked, id=14316, stack(0x0000000022750000,0x0000000022850000)]
  0x0000000017090000 JavaThread "jar transforms Thread 5" [_thread_blocked, id=6368, stack(0x0000000022650000,0x0000000022750000)]
  0x000000001708d000 JavaThread "jar transforms Thread 4" [_thread_blocked, id=10728, stack(0x0000000022550000,0x0000000022650000)]
  0x0000000017085800 JavaThread "jar transforms Thread 3" [_thread_blocked, id=8088, stack(0x0000000022450000,0x0000000022550000)]
  0x000000001708a000 JavaThread "jar transforms Thread 2" [_thread_blocked, id=8168, stack(0x0000000021d20000,0x0000000021e20000)]
  0x000000001708b000 JavaThread "Build operations Thread 4" [_thread_blocked, id=5928, stack(0x0000000022350000,0x0000000022450000)]
  0x0000000017089800 JavaThread "Build operations Thread 3" [_thread_blocked, id=5332, stack(0x0000000022250000,0x0000000022350000)]
  0x0000000017086800 JavaThread "Build operations Thread 2" [_thread_blocked, id=2744, stack(0x0000000022150000,0x0000000022250000)]
  0x0000000017088800 JavaThread "Build operations" [_thread_blocked, id=14232, stack(0x0000000022050000,0x0000000022150000)]
  0x000000001708c800 JavaThread "Cache worker for Build Output Cleanup Cache (C:\Users\David Adeyinka\AndroidStudioProjects\ToDoPlanner\.gradle\buildOutputCleanup)" [_thread_blocked, id=3012, stack(0x0000000021c20000,0x0000000021d20000)]
  0x0000000019a17000 JavaThread "Cache worker for file content cache (C:\Users\David Adeyinka\.gradle\caches\6.6.1\fileContent)" [_thread_blocked, id=13076, stack(0x0000000021520000,0x0000000021620000)]
  0x0000000019a1b000 JavaThread "jar transforms" [_thread_blocked, id=8852, stack(0x0000000021420000,0x0000000021520000)]
  0x0000000019a16800 JavaThread "Cache worker for execution history cache (C:\Users\David Adeyinka\.gradle\caches\6.6.1\executionHistory)" [_thread_blocked, id=8076, stack(0x0000000020d20000,0x0000000020e20000)]
  0x0000000019a19800 JavaThread "Cache worker for cache directory md-rule (C:\Users\David Adeyinka\.gradle\caches\6.6.1\md-rule)" [_thread_blocked, id=12588, stack(0x0000000020850000,0x0000000020950000)]
  0x0000000019a1a000 JavaThread "Cache worker for cache directory md-supplier (C:\Users\David Adeyinka\.gradle\caches\6.6.1\md-supplier)" [_thread_blocked, id=12860, stack(0x000000001f6e0000,0x000000001f7e0000)]
  0x0000000019a18800 JavaThread "Cache worker for checksums cache (C:\Users\David Adeyinka\AndroidStudioProjects\ToDoPlanner\.gradle\checksums)" [_thread_blocked, id=13276, stack(0x000000001f5e0000,0x000000001f6e0000)]
  0x0000000019a18000 JavaThread "Cache worker for file hash cache (C:\Users\David Adeyinka\AndroidStudioProjects\ToDoPlanner\.gradle\6.6.1\fileHashes)" [_thread_blocked, id=6988, stack(0x0000000020a20000,0x0000000020b20000)]
  0x0000000019a15800 JavaThread "Cache worker for journal cache (C:\Users\David Adeyinka\.gradle\caches\journal-1)" [_thread_blocked, id=8924, stack(0x000000001d140000,0x000000001d240000)]
  0x0000000019a15000 JavaThread "File lock request listener" [_thread_in_native, id=10256, stack(0x000000001d040000,0x000000001d140000)]
  0x0000000018d66000 JavaThread "Cache worker for file hash cache (C:\Users\David Adeyinka\.gradle\caches\6.6.1\fileHashes)" [_thread_blocked, id=11032, stack(0x000000001ce40000,0x000000001cf40000)]
  0x0000000019c9d800 JavaThread "Thread-9" [_thread_blocked, id=5496, stack(0x000000001bb70000,0x000000001bc70000)]
  0x000000001990e800 JavaThread "Stdin handler" [_thread_blocked, id=11384, stack(0x000000001ba70000,0x000000001bb70000)]
  0x0000000018c34800 JavaThread "Asynchronous log dispatcher for DefaultDaemonConnection: socket connection from /127.0.0.1:14807 to /127.0.0.1:14810" [_thread_blocked, id=4752, stack(0x000000001b970000,0x000000001ba70000)]
  0x0000000019f61000 JavaThread "Daemon worker" [_thread_in_Java, id=6292, stack(0x000000001b870000,0x000000001b970000)]
  0x0000000019f60800 JavaThread "Cancel handler" [_thread_blocked, id=10412, stack(0x000000001b770000,0x000000001b870000)]
  0x0000000019c50000 JavaThread "Handler for socket connection from /127.0.0.1:14807 to /127.0.0.1:14810" [_thread_in_native, id=9648, stack(0x000000001b670000,0x000000001b770000)]
  0x0000000018b0f000 JavaThread "Daemon" [_thread_blocked, id=7004, stack(0x000000001b570000,0x000000001b670000)]
  0x00000000198cf800 JavaThread "Daemon periodic checks" [_thread_blocked, id=1456, stack(0x000000001b270000,0x000000001b370000)]
  0x0000000018a84000 JavaThread "Incoming local TCP Connector on port 14807" [_thread_in_native, id=11476, stack(0x000000001b030000,0x000000001b130000)]
  0x0000000018ab8800 JavaThread "Daemon health stats" [_thread_blocked, id=5396, stack(0x000000001a9f0000,0x000000001aaf0000)]
  0x00000000189f0800 JavaThread "Service Thread" daemon [_thread_blocked, id=10696, stack(0x0000000018dc0000,0x0000000018ec0000)]
  0x000000001707b000 JavaThread "C1 CompilerThread2" daemon [_thread_blocked, id=9684, stack(0x00000000188c0000,0x00000000189c0000)]
=>0x0000000017076800 JavaThread "C2 CompilerThread1" daemon [_thread_in_native, id=11480, stack(0x00000000187c0000,0x00000000188c0000)]
  0x0000000017069800 JavaThread "C2 CompilerThread0" daemon [_thread_in_native, id=3516, stack(0x00000000186c0000,0x00000000187c0000)]
  0x0000000017068800 JavaThread "Attach Listener" daemon [_thread_blocked, id=1252, stack(0x00000000185c0000,0x00000000186c0000)]
  0x0000000017065000 JavaThread "Signal Dispatcher" daemon [_thread_blocked, id=10724, stack(0x00000000184c0000,0x00000000185c0000)]
  0x000000000243b000 JavaThread "Finalizer" daemon [_thread_blocked, id=8476, stack(0x00000000182c0000,0x00000000183c0000)]
  0x0000000017049000 JavaThread "Reference Handler" daemon [_thread_blocked, id=7228, stack(0x00000000181c0000,0x00000000182c0000)]
  0x00000000022fe800 JavaThread "main" [_thread_blocked, id=14120, stack(0x0000000002170000,0x0000000002270000)]

Other Threads:
  0x0000000017026800 VMThread [stack: 0x00000000180c0000,0x00000000181c0000] [id=12028]
  0x00000000170bd000 WatcherThread [stack: 0x0000000018ec0000,0x0000000018fc0000] [id=1772]

VM state:not at safepoint (normal execution)

VM Mutex/Monitor currently owned by a thread: None

heap address: 0x0000000080000000, size: 2048 MB, Compressed Oops mode: 32-bit
Narrow klass base: 0x0000000000000000, Narrow klass shift: 3
Compressed class space size: 1073741824 Address: 0x0000000100000000

Heap:
 PSYoungGen      total 212480K, used 27400K [0x00000000d5580000, 0x00000000e5280000, 0x0000000100000000)
  eden space 196096K, 13% used [0x00000000d5580000,0x00000000d7042238,0x00000000e1500000)
  from space 16384K, 0% used [0x00000000e2480000,0x00000000e2480000,0x00000000e3480000)
  to   space 15872K, 0% used [0x00000000e1500000,0x00000000e1500000,0x00000000e2480000)
 ParOldGen       total 79360K, used 32981K [0x0000000080000000, 0x0000000084d80000, 0x00000000d5580000)
  object space 79360K, 41% used [0x0000000080000000,0x0000000082035720,0x0000000084d80000)
 Metaspace       used 58169K, capacity 60556K, committed 60632K, reserved 1101824K
  class space    used 7931K, capacity 8412K, committed 8448K, reserved 1048576K

Card table byte_map: [0x0000000011800000,0x0000000011c10000] byte_map_base: 0x0000000011400000

Marking Bits: (ParMarkBitMap*) 0x000000005106f030
 Begin Bits: [0x00000000122c0000, 0x00000000142c0000)
 End Bits:   [0x00000000142c0000, 0x00000000162c0000)

Polling page: 0x0000000000920000

CodeCache: size=245760Kb used=17090Kb max_used=17090Kb free=228669Kb
 bounds [0x0000000002440000, 0x0000000003500000, 0x0000000011440000]
 total_blobs=5807 nmethods=5040 adapters=678
 compilation: enabled

Compilation events (10 events):
Event: 32.204 Thread 0x000000001707b000 5414       3       org.gradle.internal.ImmutableActionSet::access$300 (6 bytes)
Event: 32.205 Thread 0x000000001707b000 nmethod 5414 0x00000000034f9710 code [0x00000000034f98c0, 0x00000000034f9e28]
Event: 32.207 Thread 0x000000001707b000 5415       3       kotlin.text.StringsKt__StringsJVMKt::endsWith (45 bytes)
Event: 32.209 Thread 0x000000001707b000 nmethod 5415 0x00000000034fa110 code [0x00000000034fa2e0, 0x00000000034faad8]
Event: 32.259 Thread 0x000000001707b000 5416       1       org.gradle.api.internal.provider.Collectors$SingleElement::size (2 bytes)
Event: 32.260 Thread 0x000000001707b000 nmethod 5416 0x00000000034faed0 code [0x00000000034fb020, 0x00000000034fb130]
Event: 32.261 Thread 0x000000001707b000 5417       3       org.gradle.api.internal.artifacts.dependencies.DefaultExternalModuleDependency_Decorated::getGroup (39 bytes)
Event: 32.264 Thread 0x000000001707b000 nmethod 5417 0x00000000034fb190 code [0x00000000034fb380, 0x00000000034fbc08]
Event: 32.266 Thread 0x000000001707b000 5418       3       org.gradle.api.internal.collections.AbstractIterationOrderRetainingElementSource$RealizedElementCollectionIterator::<init> (55 bytes)
Event: 32.268 Thread 0x000000001707b000 nmethod 5418 0x00000000034fbfd0 code [0x00000000034fc140, 0x00000000034fc388]

GC Heap History (10 events):
Event: 18.627 GC heap before
{Heap before GC invocations=11 (full 2):
 PSYoungGen      total 125952K, used 8175K [0x00000000d5580000, 0x00000000e1380000, 0x0000000100000000)
  eden space 114688K, 0% used [0x00000000d5580000,0x00000000d5580000,0x00000000dc580000)
  from space 11264K, 72% used [0x00000000dc580000,0x00000000dcd7bff0,0x00000000dd080000)
  to   space 11264K, 0% used [0x00000000e0880000,0x00000000e0880000,0x00000000e1380000)
 ParOldGen       total 54272K, used 7937K [0x0000000080000000, 0x0000000083500000, 0x00000000d5580000)
  object space 54272K, 14% used [0x0000000080000000,0x00000000807c0638,0x0000000083500000)
 Metaspace       used 34273K, capacity 35370K, committed 35456K, reserved 1079296K
  class space    used 4678K, capacity 4966K, committed 4992K, reserved 1048576K
Event: 18.771 GC heap after
Heap after GC invocations=11 (full 2):
 PSYoungGen      total 125952K, used 0K [0x00000000d5580000, 0x00000000e1380000, 0x0000000100000000)
  eden space 114688K, 0% used [0x00000000d5580000,0x00000000d5580000,0x00000000dc580000)
  from space 11264K, 0% used [0x00000000dc580000,0x00000000dc580000,0x00000000dd080000)
  to   space 11264K, 0% used [0x00000000e0880000,0x00000000e0880000,0x00000000e1380000)
 ParOldGen       total 79360K, used 14659K [0x0000000080000000, 0x0000000084d80000, 0x00000000d5580000)
  object space 79360K, 18% used [0x0000000080000000,0x0000000080e50f40,0x0000000084d80000)
 Metaspace       used 34273K, capacity 35370K, committed 35456K, reserved 1079296K
  class space    used 4678K, capacity 4966K, committed 4992K, reserved 1048576K
}
Event: 20.242 GC heap before
{Heap before GC invocations=12 (full 2):
 PSYoungGen      total 125952K, used 114688K [0x00000000d5580000, 0x00000000e1380000, 0x0000000100000000)
  eden space 114688K, 100% used [0x00000000d5580000,0x00000000dc580000,0x00000000dc580000)
  from space 11264K, 0% used [0x00000000dc580000,0x00000000dc580000,0x00000000dd080000)
  to   space 11264K, 0% used [0x00000000e0880000,0x00000000e0880000,0x00000000e1380000)
 ParOldGen       total 79360K, used 14659K [0x0000000080000000, 0x0000000084d80000, 0x00000000d5580000)
  object space 79360K, 18% used [0x0000000080000000,0x0000000080e50f40,0x0000000084d80000)
 Metaspace       used 37498K, capacity 39044K, committed 39296K, reserved 1083392K
  class space    used 5133K, capacity 5429K, committed 5504K, reserved 1048576K
Event: 20.260 GC heap after
Heap after GC invocations=12 (full 2):
 PSYoungGen      total 158208K, used 7192K [0x00000000d5580000, 0x00000000e1000000, 0x0000000100000000)
  eden space 150528K, 0% used [0x00000000d5580000,0x00000000d5580000,0x00000000de880000)
  from space 7680K, 93% used [0x00000000e0880000,0x00000000e0f860e0,0x00000000e1000000)
  to   space 11264K, 0% used [0x00000000dfa00000,0x00000000dfa00000,0x00000000e0500000)
 ParOldGen       total 79360K, used 14667K [0x0000000080000000, 0x0000000084d80000, 0x00000000d5580000)
  object space 79360K, 18% used [0x0000000080000000,0x0000000080e52f40,0x0000000084d80000)
 Metaspace       used 37498K, capacity 39044K, committed 39296K, reserved 1083392K
  class space    used 5133K, capacity 5429K, committed 5504K, reserved 1048576K
}
Event: 26.948 GC heap before
{Heap before GC invocations=13 (full 2):
 PSYoungGen      total 158208K, used 157720K [0x00000000d5580000, 0x00000000e1000000, 0x0000000100000000)
  eden space 150528K, 100% used [0x00000000d5580000,0x00000000de880000,0x00000000de880000)
  from space 7680K, 93% used [0x00000000e0880000,0x00000000e0f860e0,0x00000000e1000000)
  to   space 11264K, 0% used [0x00000000dfa00000,0x00000000dfa00000,0x00000000e0500000)
 ParOldGen       total 79360K, used 14667K [0x0000000080000000, 0x0000000084d80000, 0x00000000d5580000)
  object space 79360K, 18% used [0x0000000080000000,0x0000000080e52f40,0x0000000084d80000)
 Metaspace       used 52417K, capacity 54450K, committed 54528K, reserved 1095680K
  class space    used 6976K, capacity 7406K, committed 7424K, reserved 1048576K
Event: 27.060 GC heap after
Heap after GC invocations=13 (full 2):
 PSYoungGen      total 179712K, used 11252K [0x00000000d5580000, 0x00000000e3480000, 0x0000000100000000)
  eden space 168448K, 0% used [0x00000000d5580000,0x00000000d5580000,0x00000000dfa00000)
  from space 11264K, 99% used [0x00000000dfa00000,0x00000000e04fd320,0x00000000e0500000)
  to   space 16384K, 0% used [0x00000000e2480000,0x00000000e2480000,0x00000000e3480000)
 ParOldGen       total 79360K, used 26595K [0x0000000080000000, 0x0000000084d80000, 0x00000000d5580000)
  object space 79360K, 33% used [0x0000000080000000,0x00000000819f8c80,0x0000000084d80000)
 Metaspace       used 52417K, capacity 54450K, committed 54528K, reserved 1095680K
  class space    used 6976K, capacity 7406K, committed 7424K, reserved 1048576K
}
Event: 29.307 GC heap before
{Heap before GC invocations=14 (full 2):
 PSYoungGen      total 179712K, used 71469K [0x00000000d5580000, 0x00000000e3480000, 0x0000000100000000)
  eden space 168448K, 35% used [0x00000000d5580000,0x00000000d904e2e0,0x00000000dfa00000)
  from space 11264K, 99% used [0x00000000dfa00000,0x00000000e04fd320,0x00000000e0500000)
  to   space 16384K, 0% used [0x00000000e2480000,0x00000000e2480000,0x00000000e3480000)
 ParOldGen       total 79360K, used 26595K [0x0000000080000000, 0x0000000084d80000, 0x00000000d5580000)
  object space 79360K, 33% used [0x0000000080000000,0x00000000819f8c80,0x0000000084d80000)
 Metaspace       used 56697K, capacity 59042K, committed 59096K, reserved 1099776K
  class space    used 7689K, capacity 8173K, committed 8192K, reserved 1048576K
Event: 29.441 GC heap after
Heap after GC invocations=14 (full 2):
 PSYoungGen      total 212480K, used 8156K [0x00000000d5580000, 0x00000000e5280000, 0x0000000100000000)
  eden space 196096K, 0% used [0x00000000d5580000,0x00000000d5580000,0x00000000e1500000)
  from space 16384K, 49% used [0x00000000e2480000,0x00000000e2c772e8,0x00000000e3480000)
  to   space 15872K, 0% used [0x00000000e1500000,0x00000000e1500000,0x00000000e2480000)
 ParOldGen       total 79360K, used 37679K [0x0000000080000000, 0x0000000084d80000, 0x00000000d5580000)
  object space 79360K, 47% used [0x0000000080000000,0x00000000824cbf48,0x0000000084d80000)
 Metaspace       used 56697K, capacity 59042K, committed 59096K, reserved 1099776K
  class space    used 7689K, capacity 8173K, committed 8192K, reserved 1048576K
}
Event: 29.441 GC heap before
{Heap before GC invocations=15 (full 3):
 PSYoungGen      total 212480K, used 8156K [0x00000000d5580000, 0x00000000e5280000, 0x0000000100000000)
  eden space 196096K, 0% used [0x00000000d5580000,0x00000000d5580000,0x00000000e1500000)
  from space 16384K, 49% used [0x00000000e2480000,0x00000000e2c772e8,0x00000000e3480000)
  to   space 15872K, 0% used [0x00000000e1500000,0x00000000e1500000,0x00000000e2480000)
 ParOldGen       total 79360K, used 37679K [0x0000000080000000, 0x0000000084d80000, 0x00000000d5580000)
  object space 79360K, 47% used [0x0000000080000000,0x00000000824cbf48,0x0000000084d80000)
 Metaspace       used 56697K, capacity 59042K, committed 59096K, reserved 1099776K
  class space    used 7689K, capacity 8173K, committed 8192K, reserved 1048576K
Event: 30.513 GC heap after
Heap after GC invocations=15 (full 3):
 PSYoungGen      total 212480K, used 0K [0x00000000d5580000, 0x00000000e5280000, 0x0000000100000000)
  eden space 196096K, 0% used [0x00000000d5580000,0x00000000d5580000,0x00000000e1500000)
  from space 16384K, 0% used [0x00000000e2480000,0x00000000e2480000,0x00000000e3480000)
  to   space 15872K, 0% used [0x00000000e1500000,0x00000000e1500000,0x00000000e2480000)
 ParOldGen       total 79360K, used 32981K [0x0000000080000000, 0x0000000084d80000, 0x00000000d5580000)
  object space 79360K, 41% used [0x0000000080000000,0x0000000082035720,0x0000000084d80000)
 Metaspace       used 56692K, capacity 59024K, committed 59096K, reserved 1099776K
  class space    used 7688K, capacity 8170K, committed 8192K, reserved 1048576K
}

Deoptimization events (10 events):
Event: 26.327 Thread 0x0000000019f61000 Uncommon trap: reason=unstable_if action=reinterpret pc=0x00000000028295a4 method=java.lang.String.lastIndexOf([CII[CIII)I @ 17
Event: 26.327 Thread 0x0000000019f61000 Uncommon trap: reason=unstable_if action=reinterpret pc=0x0000000002acc520 method=sun.net.www.protocol.jar.Handler.parseURL(Ljava/net/URL;Ljava/lang/String;II)V @ 116
Event: 27.259 Thread 0x0000000019f61000 Uncommon trap: reason=null_check action=make_not_entrant pc=0x0000000002b93c90 method=java.lang.Class.searchMethods([Ljava/lang/reflect/Method;Ljava/lang/String;[Ljava/lang/Class;)Ljava/lang/reflect/Method; @ 59
Event: 27.452 Thread 0x0000000019f61000 Uncommon trap: reason=class_check action=maybe_recompile pc=0x0000000002b1e774 method=java.util.WeakHashMap.eq(Ljava/lang/Object;Ljava/lang/Object;)Z @ 7
Event: 28.175 Thread 0x0000000019f61000 Uncommon trap: reason=null_check action=make_not_entrant pc=0x00000000031a1848 method=java.lang.ThreadLocal$ThreadLocalMap.getEntryAfterMiss(Ljava/lang/ThreadLocal;ILjava/lang/ThreadLocal$ThreadLocalMap$Entry;)Ljava/lang/ThreadLocal$ThreadLocalMap$Entry; 
Event: 28.970 Thread 0x0000000019f61000 Uncommon trap: reason=unstable_if action=reinterpret pc=0x000000000272d410 method=sun.misc.MetaIndex.mayContain(Ljava/lang/String;)Z @ 38
Event: 28.974 Thread 0x0000000019f61000 Uncommon trap: reason=unstable_if action=reinterpret pc=0x0000000002e163a4 method=java.security.CodeSource.hashCode()I @ 4
Event: 31.627 Thread 0x0000000019f61000 Uncommon trap: reason=unstable_if action=reinterpret pc=0x0000000002f4d078 method=java.io.WinNTFileSystem.normalize(Ljava/lang/String;)Ljava/lang/String; @ 74
Event: 31.627 Thread 0x0000000019f61000 Uncommon trap: reason=unstable_if action=reinterpret pc=0x0000000002e9dcac method=java.io.WinNTFileSystem.normalize(Ljava/lang/String;II)Ljava/lang/String; @ 103
Event: 32.073 Thread 0x0000000019f61000 Uncommon trap: reason=unstable_if action=reinterpret pc=0x00000000025c51f8 method=java.lang.String.regionMatches(ZILjava/lang/String;II)Z @ 58

Classes redefined (0 events):
No events

Internal exceptions (10 events):
Event: 30.916 Thread 0x0000000019f61000 Exception <a 'java/lang/ClassNotFoundException': com/android/build/gradle/internal/api/ApkVariantOutputImplCustomizer> (0x00000000d5da17e8) thrown at [C:\src\AOSP-openjdk-git\hotspot\src\share\vm\classfile\systemDictionary.cpp, line 210]
Event: 30.921 Thread 0x0000000019f61000 Exception <a 'java/lang/ClassNotFoundException': com/android/build/gradle/internal/api/ApkVariantOutputImpl_DecoratedCustomizer> (0x00000000d5dd85a8) thrown at [C:\src\AOSP-openjdk-git\hotspot\src\share\vm\classfile\systemDictionary.cpp, line 210]
Event: 31.437 Thread 0x0000000019f61000 Exception <a 'java/lang/ClassNotFoundException': org/gradle/api/internal/file/collections/DefaultConfigurableFileTreeBeanInfo> (0x00000000d658edf0) thrown at [C:\src\AOSP-openjdk-git\hotspot\src\share\vm\classfile\systemDictionary.cpp, line 210]
Event: 31.439 Thread 0x0000000019f61000 Exception <a 'java/lang/ClassNotFoundException': org/gradle/api/internal/file/CompositeFileTreeBeanInfo> (0x00000000d65a9038) thrown at [C:\src\AOSP-openjdk-git\hotspot\src\share\vm\classfile\systemDictionary.cpp, line 210]
Event: 31.441 Thread 0x0000000019f61000 Exception <a 'java/lang/ClassNotFoundException': org/gradle/api/internal/file/CompositeFileCollectionBeanInfo> (0x00000000d65c5040) thrown at [C:\src\AOSP-openjdk-git\hotspot\src\share\vm\classfile\systemDictionary.cpp, line 210]
Event: 31.443 Thread 0x0000000019f61000 Exception <a 'java/lang/ClassNotFoundException': org/gradle/api/internal/file/AbstractFileCollectionBeanInfo> (0x00000000d65e1048) thrown at [C:\src\AOSP-openjdk-git\hotspot\src\share\vm\classfile\systemDictionary.cpp, line 210]
Event: 31.445 Thread 0x0000000019f61000 Exception <a 'java/lang/ClassNotFoundException': org/gradle/api/internal/file/AbstractFileCollectionCustomizer> (0x00000000d65fd650) thrown at [C:\src\AOSP-openjdk-git\hotspot\src\share\vm\classfile\systemDictionary.cpp, line 210]
Event: 31.449 Thread 0x0000000019f61000 Exception <a 'java/lang/ClassNotFoundException': org/gradle/api/internal/file/CompositeFileCollectionCustomizer> (0x00000000d6633b80) thrown at [C:\src\AOSP-openjdk-git\hotspot\src\share\vm\classfile\systemDictionary.cpp, line 210]
Event: 31.452 Thread 0x0000000019f61000 Exception <a 'java/lang/ClassNotFoundException': org/gradle/api/internal/file/CompositeFileTreeCustomizer> (0x00000000d6659bb0) thrown at [C:\src\AOSP-openjdk-git\hotspot\src\share\vm\classfile\systemDictionary.cpp, line 210]
Event: 31.456 Thread 0x0000000019f61000 Exception <a 'java/lang/ClassNotFoundException': org/gradle/api/internal/file/collections/DefaultConfigurableFileTreeCustomizer> (0x00000000d668c708) thrown at [C:\src\AOSP-openjdk-git\hotspot\src\share\vm\classfile\systemDictionary.cpp, line 210]

Events (10 events):
Event: 32.073 Thread 0x0000000019f61000 DEOPT PACKING pc=0x00000000025c51f8 sp=0x000000001b96a2e0
Event: 32.073 Thread 0x0000000019f61000 DEOPT UNPACKING pc=0x000000000248557b sp=0x000000001b96a268 mode 2
Event: 32.270 loading class org/jetbrains/kotlin/gradle/plugin/AbstractAndroidProjectHandler$addKotlinDependenciesToAndroidSourceSets$1
Event: 32.270 loading class org/jetbrains/kotlin/gradle/plugin/AbstractAndroidProjectHandler$addKotlinDependenciesToAndroidSourceSets$1 done
Event: 32.282 loading class kotlin/jvm/functions/Function5
Event: 32.282 loading class kotlin/jvm/functions/Function5 done
Event: 32.288 loading class org/jetbrains/kotlin/gradle/plugin/mpp/KotlinMultiplatformPluginKt$applyUserDefinedAttributes$1$1
Event: 32.289 loading class org/jetbrains/kotlin/gradle/plugin/mpp/KotlinMultiplatformPluginKt$applyUserDefinedAttributes$1$1 done
Event: 32.291 loading class org/jetbrains/kotlin/gradle/plugin/mpp/KotlinAndroidTarget$checkPublishLibraryVariantsExist$1
Event: 32.291 loading class org/jetbrains/kotlin/gradle/plugin/mpp/KotlinAndroidTarget$checkPublishLibraryVariantsExist$1 done


Dynamic libraries:
0x00007ff6e3640000 - 0x00007ff6e3671000 	C:\Program Files\Android\Android Studio\jre\bin\java.exe
0x00007ffb7c7c0000 - 0x00007ffb7c9b0000 	C:\WINDOWS\SYSTEM32\ntdll.dll
0x00007ffb7b0a0000 - 0x00007ffb7b152000 	C:\WINDOWS\System32\KERNEL32.DLL
0x00007ffb7a510000 - 0x00007ffb7a7b5000 	C:\WINDOWS\System32\KERNELBASE.dll
0x00007ffb7b160000 - 0x00007ffb7b203000 	C:\WINDOWS\System32\ADVAPI32.dll
0x00007ffb7b600000 - 0x00007ffb7b69e000 	C:\WINDOWS\System32\msvcrt.dll
0x00007ffb7bf00000 - 0x00007ffb7bf97000 	C:\WINDOWS\System32\sechost.dll
0x00007ffb7ad60000 - 0x00007ffb7ae80000 	C:\WINDOWS\System32\RPCRT4.dll
0x00007ffb7b7c0000 - 0x00007ffb7b955000 	C:\WINDOWS\System32\USER32.dll
0x00007ffb79b90000 - 0x00007ffb79bb1000 	C:\WINDOWS\System32\win32u.dll
0x00007ffb7bd90000 - 0x00007ffb7bdb6000 	C:\WINDOWS\System32\GDI32.dll
0x00007ffb798a0000 - 0x00007ffb79a36000 	C:\WINDOWS\System32\gdi32full.dll
0x00007ffb7a340000 - 0x00007ffb7a3de000 	C:\WINDOWS\System32\msvcp_win.dll
0x00007ffb7a3e0000 - 0x00007ffb7a4da000 	C:\WINDOWS\System32\ucrtbase.dll
0x00007ffb6be90000 - 0x00007ffb6c114000 	C:\WINDOWS\WinSxS\amd64_microsoft.windows.common-controls_6595b64144ccf1df_6.0.18362.1082_none_9e8193e1e45b25c1\COMCTL32.dll
0x00007ffb7b2c0000 - 0x00007ffb7b5f5000 	C:\WINDOWS\System32\combase.dll
0x00007ffb79750000 - 0x00007ffb797d0000 	C:\WINDOWS\System32\bcryptPrimitives.dll
0x00007ffb7c6f0000 - 0x00007ffb7c71e000 	C:\WINDOWS\System32\IMM32.DLL
0x0000000050560000 - 0x0000000050632000 	C:\Program Files\Android\Android Studio\jre\jre\bin\msvcr100.dll
0x00000000508a0000 - 0x00000000510eb000 	C:\Program Files\Android\Android Studio\jre\jre\bin\server\jvm.dll
0x00007ffb7b290000 - 0x00007ffb7b298000 	C:\WINDOWS\System32\PSAPI.DLL
0x00007ffb73fd0000 - 0x00007ffb73fd9000 	C:\WINDOWS\SYSTEM32\WSOCK32.dll
0x00007ffb77780000 - 0x00007ffb777a4000 	C:\WINDOWS\SYSTEM32\WINMM.dll
0x00007ffb7bac0000 - 0x00007ffb7bb2f000 	C:\WINDOWS\System32\WS2_32.dll
0x00007ffb6c440000 - 0x00007ffb6c44a000 	C:\WINDOWS\SYSTEM32\VERSION.dll
0x00007ffb77750000 - 0x00007ffb7777d000 	C:\WINDOWS\SYSTEM32\WINMMBASE.dll
0x00007ffb797d0000 - 0x00007ffb7981a000 	C:\WINDOWS\System32\cfgmgr32.dll
0x00007ffb73580000 - 0x00007ffb7358f000 	C:\Program Files\Android\Android Studio\jre\jre\bin\verify.dll
0x00007ffb6eff0000 - 0x00007ffb6f019000 	C:\Program Files\Android\Android Studio\jre\jre\bin\java.dll
0x00007ffb6ee00000 - 0x00007ffb6ee16000 	C:\Program Files\Android\Android Studio\jre\jre\bin\zip.dll
0x00007ffb7c000000 - 0x00007ffb7c6e7000 	C:\WINDOWS\System32\SHELL32.dll
0x00007ffb7b710000 - 0x00007ffb7b7b9000 	C:\WINDOWS\System32\shcore.dll
0x00007ffb79bc0000 - 0x00007ffb7a340000 	C:\WINDOWS\System32\windows.storage.dll
0x00007ffb79700000 - 0x00007ffb79723000 	C:\WINDOWS\System32\profapi.dll
0x00007ffb796b0000 - 0x00007ffb796fa000 	C:\WINDOWS\System32\powrprof.dll
0x00007ffb79680000 - 0x00007ffb79690000 	C:\WINDOWS\System32\UMPDC.dll
0x00007ffb7bfa0000 - 0x00007ffb7bff2000 	C:\WINDOWS\System32\shlwapi.dll
0x00007ffb79690000 - 0x00007ffb796a1000 	C:\WINDOWS\System32\kernel.appcore.dll
0x00007ffb79880000 - 0x00007ffb79897000 	C:\WINDOWS\System32\cryptsp.dll
0x00007ffb6b470000 - 0x00007ffb6b48a000 	C:\Program Files\Android\Android Studio\jre\jre\bin\net.dll
0x00007ffb78ed0000 - 0x00007ffb78f37000 	C:\WINDOWS\system32\mswsock.dll
0x00007ffb6b0e0000 - 0x00007ffb6b0f3000 	C:\Program Files\Android\Android Studio\jre\jre\bin\nio.dll
0x00007ffb72730000 - 0x00007ffb72757000 	C:\Users\David Adeyinka\.gradle\native\9f2fa17c089eee584f3420100432f77ec4c098959e4bf121a4d6054c26537dfb\windows-amd64\native-platform.dll
0x00007ffb72690000 - 0x00007ffb7269d000 	C:\Program Files\Android\Android Studio\jre\jre\bin\management.dll
0x00007ffb789e0000 - 0x00007ffb78a13000 	C:\WINDOWS\system32\rsaenh.dll
0x00007ffb7a4e0000 - 0x00007ffb7a506000 	C:\WINDOWS\System32\bcrypt.dll
0x00007ffb79560000 - 0x00007ffb79585000 	C:\WINDOWS\SYSTEM32\USERENV.dll
0x00007ffb790a0000 - 0x00007ffb790ac000 	C:\WINDOWS\SYSTEM32\CRYPTBASE.dll
0x00007ffb78b80000 - 0x00007ffb78bba000 	C:\WINDOWS\SYSTEM32\IPHLPAPI.DLL
0x00007ffb7b280000 - 0x00007ffb7b288000 	C:\WINDOWS\System32\NSI.dll
0x00007ffb6e540000 - 0x00007ffb6e556000 	C:\WINDOWS\SYSTEM32\dhcpcsvc6.DLL
0x00007ffb6e380000 - 0x00007ffb6e39c000 	C:\WINDOWS\SYSTEM32\dhcpcsvc.DLL
0x00007ffb78c70000 - 0x00007ffb78d3b000 	C:\WINDOWS\SYSTEM32\DNSAPI.dll
0x00007ffb6e680000 - 0x00007ffb6e68b000 	C:\WINDOWS\SYSTEM32\WINNSI.DLL
0x00007ffb50b00000 - 0x00007ffb50c96000 	C:\Users\David Adeyinka\.gradle\native\9f2fa17c089eee584f3420100432f77ec4c098959e4bf121a4d6054c26537dfb\windows-amd64\native-platform-file-events.dll

VM Arguments:
jvm_args: -Xmx2048m -Dfile.encoding=UTF-8 -Duser.country=GB -Duser.language=en -Duser.variant 
java_command: org.gradle.launcher.daemon.bootstrap.GradleDaemon 6.6.1
java_class_path (initial): C:\Gradle\gradle-6.6.1\lib\gradle-launcher-6.6.1.jar
Launcher Type: SUN_STANDARD

Environment Variables:
PATH=C:\Program Files (x86)\Common Files\Oracle\Java\javapath;C:\WINDOWS\system32;C:\WINDOWS;C:\WINDOWS\System32\Wbem;C:\WINDOWS\System32\WindowsPowerShell\v1.0\;C:\WINDOWS\System32\OpenSSH\;C:\Program Files (x86)\Git\cmd;C:\Program Files\nodejs\;c:\Program Files (x86)\Microsoft SQL Server\100\Tools\Binn\;c:\Program Files\Microsoft SQL Server\100\Tools\Binn\;c:\Program Files\Microsoft SQL Server\100\DTS\Binn\;C:\Go\bin;C:\Program Files\Microsoft VS Code\bin;C:\Users\David Adeyinka\AppData\Local\Programs\Python\Python37-32\Scripts\;C:\Users\David Adeyinka\AppData\Local\Programs\Python\Python37-32\;C:\Users\David Adeyinka\AppData\Local\Microsoft\WindowsApps;;C:\Program Files\JetBrains\IntelliJ IDEA Community Edition 2019.1.3\bin;;C:\Program Files\Microsoft VS Code\bin;C:\Users\David Adeyinka\AppData\Roaming\npm;C:\Users\David Adeyinka\go\bin
USERNAME=David Adeyinka
OS=Windows_NT
PROCESSOR_IDENTIFIER=Intel64 Family 6 Model 61 Stepping 4, GenuineIntel



---------------  S Y S T E M  ---------------

OS: Windows 10.0 , 64 bit Build 18362 (10.0.18362.1082)

CPU:total 4 (initial active 4) (2 cores per cpu, 2 threads per core) family 6 model 61 stepping 4, cmov, cx8, fxsr, mmx, sse, sse2, sse3, ssse3, sse4.1, sse4.2, popcnt, avx, avx2, aes, clmul, erms, 3dnowpref, lzcnt, ht, tsc, tscinvbit, bmi1, bmi2, adx

Memory: 4k page, physical 8277100k(943132k free), swap 8277100k(5184k free)

vm_info: OpenJDK 64-Bit Server VM (25.242-b01) for windows-amd64 JRE (1.8.0_242-release-1644-b01), built by "builder" with MS VC++ 10.0 (VS2010)

time: Mon Jan 25 13:14:44 2021
timezone: W. Central Africa Standard Time
elapsed time: 32 seconds (0d 0h 0m 32s)

