#
# There is insufficient memory for the Java Runtime Environment to continue.
# Native memory allocation (malloc) failed to allocate 1070736 bytes for Chunk::new
# Possible reasons:
#   The system is out of physical RAM or swap space
#   The process is running with CompressedOops enabled, and the Java Heap may be blocking the growth of the native heap
# Possible solutions:
#   Reduce memory load on the system
#   Increase physical memory or swap space
#   Check if swap backing store is full
#   Decrease Java heap size (-Xmx/-Xms)
#   Decrease number of Java threads
#   Decrease Java thread stack sizes (-Xss)
#   Set larger code cache with -XX:ReservedCodeCacheSize=
#   JVM is running with Unscaled Compressed Oops mode in which the Java heap is
#     placed in the first 4GB address space. The Java Heap base address is the
#     maximum limit for the native heap growth. Please use -XX:HeapBaseMinAddress
#     to set the Java Heap base and to place the Java Heap above 4GB virtual address.
# This output file may be truncated or incomplete.
#
#  Out of Memory Error (allocation.cpp:389), pid=13484, tid=0x000000000000379c
#
# JRE version: OpenJDK Runtime Environment (8.0_242-b01) (build 1.8.0_242-release-1644-b01)
# Java VM: OpenJDK 64-Bit Server VM (25.242-b01 mixed mode windows-amd64 compressed oops)
# Failed to write core dump. Minidumps are not enabled by default on client versions of Windows
#

---------------  T H R E A D  ---------------

Current thread (0x0000000017cf8000):  JavaThread "C2 CompilerThread0" daemon [_thread_in_native, id=14236, stack(0x0000000019340000,0x0000000019440000)]

Stack: [0x0000000019340000,0x0000000019440000]
[error occurred during error reporting (printing stack bounds), id 0xc0000005]

Native frames: (J=compiled Java code, j=interpreted, Vv=VM code, C=native code)


Current CompileTask:
C2:  18920 4239   !   4       java.util.jar.Attributes::read (380 bytes)


---------------  P R O C E S S  ---------------

Java Threads: ( => current thread )
  0x0000000021434000 JavaThread "pool-1-thread-1" [_thread_blocked, id=628, stack(0x000000002a590000,0x000000002a690000)]
  0x0000000021433000 JavaThread "jar transforms Thread 114" [_thread_blocked, id=11636, stack(0x000000002a290000,0x000000002a390000)]
  0x0000000021432800 JavaThread "jar transforms Thread 113" [_thread_blocked, id=11612, stack(0x000000002a190000,0x000000002a290000)]
  0x0000000021431800 JavaThread "jar transforms Thread 112" [_thread_blocked, id=1992, stack(0x000000002a090000,0x000000002a190000)]
  0x000000002142a000 JavaThread "jar transforms Thread 111" [_thread_blocked, id=12516, stack(0x0000000029f90000,0x000000002a090000)]
  0x0000000021431000 JavaThread "jar transforms Thread 110" [_thread_blocked, id=7128, stack(0x0000000029e90000,0x0000000029f90000)]
  0x0000000021430000 JavaThread "jar transforms Thread 109" [_thread_blocked, id=12412, stack(0x0000000029d90000,0x0000000029e90000)]
  0x000000002142f800 JavaThread "jar transforms Thread 108" [_thread_blocked, id=5580, stack(0x0000000029c90000,0x0000000029d90000)]
  0x0000000021429800 JavaThread "jar transforms Thread 107" [_thread_blocked, id=13580, stack(0x0000000029b90000,0x0000000029c90000)]
  0x000000002142e800 JavaThread "jar transforms Thread 106" [_thread_blocked, id=3176, stack(0x0000000029a90000,0x0000000029b90000)]
  0x0000000021427000 JavaThread "jar transforms Thread 105" [_thread_blocked, id=9380, stack(0x0000000029990000,0x0000000029a90000)]
  0x000000002142e000 JavaThread "jar transforms Thread 104" [_thread_blocked, id=13036, stack(0x0000000029890000,0x0000000029990000)]
  0x000000002142b000 JavaThread "jar transforms Thread 103" [_thread_blocked, id=10024, stack(0x0000000029790000,0x0000000029890000)]
  0x000000002142c800 JavaThread "jar transforms Thread 102" [_thread_blocked, id=13128, stack(0x0000000029690000,0x0000000029790000)]
  0x0000000021428800 JavaThread "jar transforms Thread 101" [_thread_blocked, id=7788, stack(0x0000000029590000,0x0000000029690000)]
  0x000000002142b800 JavaThread "jar transforms Thread 100" [_thread_blocked, id=13040, stack(0x0000000029490000,0x0000000029590000)]
  0x000000002142d000 JavaThread "jar transforms Thread 99" [_thread_blocked, id=11308, stack(0x0000000029390000,0x0000000029490000)]
  0x0000000021428000 JavaThread "jar transforms Thread 98" [_thread_blocked, id=400, stack(0x0000000029290000,0x0000000029390000)]
  0x0000000020686800 JavaThread "jar transforms Thread 97" [_thread_blocked, id=11932, stack(0x0000000029190000,0x0000000029290000)]
  0x0000000020684800 JavaThread "jar transforms Thread 96" [_thread_blocked, id=9660, stack(0x0000000029090000,0x0000000029190000)]
  0x0000000020683800 JavaThread "jar transforms Thread 95" [_thread_blocked, id=4296, stack(0x0000000028f90000,0x0000000029090000)]
  0x0000000020687800 JavaThread "jar transforms Thread 94" [_thread_blocked, id=2756, stack(0x0000000028e90000,0x0000000028f90000)]
  0x0000000020683000 JavaThread "jar transforms Thread 93" [_thread_blocked, id=14044, stack(0x0000000028d90000,0x0000000028e90000)]
  0x0000000020686000 JavaThread "jar transforms Thread 92" [_thread_blocked, id=7568, stack(0x0000000028c90000,0x0000000028d90000)]
  0x0000000020685000 JavaThread "jar transforms Thread 91" [_thread_blocked, id=13376, stack(0x0000000028b90000,0x0000000028c90000)]
  0x000000002067b800 JavaThread "jar transforms Thread 90" [_thread_blocked, id=5220, stack(0x0000000028a90000,0x0000000028b90000)]
  0x0000000020682000 JavaThread "jar transforms Thread 89" [_thread_blocked, id=11628, stack(0x0000000028990000,0x0000000028a90000)]
  0x0000000020681800 JavaThread "jar transforms Thread 88" [_thread_blocked, id=8396, stack(0x0000000028890000,0x0000000028990000)]
  0x000000002067d000 JavaThread "jar transforms Thread 87" [_thread_blocked, id=7924, stack(0x0000000028790000,0x0000000028890000)]
  0x0000000020680800 JavaThread "jar transforms Thread 86" [_thread_blocked, id=6088, stack(0x0000000028690000,0x0000000028790000)]
  0x000000002067a800 JavaThread "jar transforms Thread 85" [_thread_blocked, id=11512, stack(0x0000000028590000,0x0000000028690000)]
  0x000000002067d800 JavaThread "jar transforms Thread 84" [_thread_blocked, id=12812, stack(0x0000000028490000,0x0000000028590000)]
  0x0000000020679000 JavaThread "jar transforms Thread 83" [_thread_blocked, id=7520, stack(0x0000000028390000,0x0000000028490000)]
  0x0000000020680000 JavaThread "jar transforms Thread 82" [_thread_blocked, id=13708, stack(0x0000000028290000,0x0000000028390000)]
  0x000000002067c000 JavaThread "jar transforms Thread 81" [_thread_blocked, id=4352, stack(0x0000000028190000,0x0000000028290000)]
  0x0000000020679800 JavaThread "jar transforms Thread 80" [_thread_blocked, id=9408, stack(0x0000000028090000,0x0000000028190000)]
  0x0000000020678000 JavaThread "jar transforms Thread 79" [_thread_blocked, id=9036, stack(0x0000000027f90000,0x0000000028090000)]
  0x000000002067f000 JavaThread "jar transforms Thread 78" [_thread_blocked, id=8352, stack(0x0000000027e90000,0x0000000027f90000)]
  0x000000002067e800 JavaThread "jar transforms Thread 77" [_thread_blocked, id=13424, stack(0x0000000027d90000,0x0000000027e90000)]
  0x000000001da39000 JavaThread "jar transforms Thread 76" [_thread_blocked, id=6020, stack(0x0000000027c90000,0x0000000027d90000)]
  0x000000001da37000 JavaThread "jar transforms Thread 75" [_thread_blocked, id=4248, stack(0x0000000027b90000,0x0000000027c90000)]
  0x000000001da36000 JavaThread "jar transforms Thread 74" [_thread_blocked, id=3160, stack(0x0000000027a90000,0x0000000027b90000)]
  0x000000001da35800 JavaThread "jar transforms Thread 73" [_thread_blocked, id=7256, stack(0x0000000027990000,0x0000000027a90000)]
  0x000000001da3c000 JavaThread "jar transforms Thread 72" [_thread_blocked, id=7536, stack(0x0000000027790000,0x0000000027890000)]
  0x000000001da3b800 JavaThread "jar transforms Thread 71" [_thread_blocked, id=10660, stack(0x0000000027690000,0x0000000027790000)]
  0x000000001da3a000 JavaThread "jar transforms Thread 70" [_thread_blocked, id=10196, stack(0x0000000027590000,0x0000000027690000)]
  0x000000001da37800 JavaThread "jar transforms Thread 69" [_thread_blocked, id=704, stack(0x0000000027490000,0x0000000027590000)]
  0x000000001da38800 JavaThread "jar transforms Thread 68" [_thread_blocked, id=3244, stack(0x0000000027390000,0x0000000027490000)]
  0x000000001da3a800 JavaThread "jar transforms Thread 67" [_thread_blocked, id=3152, stack(0x0000000027290000,0x0000000027390000)]
  0x000000001da2e000 JavaThread "jar transforms Thread 66" [_thread_blocked, id=5704, stack(0x0000000027190000,0x0000000027290000)]
  0x000000001da30000 JavaThread "jar transforms Thread 65" [_thread_blocked, id=2572, stack(0x0000000027090000,0x0000000027190000)]
  0x000000001da2f800 JavaThread "jar transforms Thread 64" [_thread_blocked, id=7992, stack(0x0000000026c40000,0x0000000026d40000)]
  0x000000001da2e800 JavaThread "jar transforms Thread 63" [_thread_blocked, id=8556, stack(0x0000000026f90000,0x0000000027090000)]
  0x000000001da31800 JavaThread "jar transforms Thread 62" [_thread_blocked, id=236, stack(0x0000000026e90000,0x0000000026f90000)]
  0x000000001da34800 JavaThread "jar transforms Thread 61" [_thread_blocked, id=4228, stack(0x0000000026d90000,0x0000000026e90000)]
  0x000000001da34000 JavaThread "jar transforms Thread 60" [_thread_blocked, id=8848, stack(0x0000000026b40000,0x0000000026c40000)]
  0x000000001da2d000 JavaThread "jar transforms Thread 59" [_thread_blocked, id=5084, stack(0x0000000026a40000,0x0000000026b40000)]
  0x000000001da33000 JavaThread "jar transforms Thread 58" [_thread_blocked, id=12632, stack(0x0000000026940000,0x0000000026a40000)]
  0x000000001da31000 JavaThread "jar transforms Thread 57" [_thread_blocked, id=8536, stack(0x0000000026840000,0x0000000026940000)]
  0x000000001da32800 JavaThread "jar transforms Thread 56" [_thread_blocked, id=12792, stack(0x0000000026740000,0x0000000026840000)]
  0x0000000020ae5000 JavaThread "jar transforms Thread 55" [_thread_blocked, id=8664, stack(0x0000000026640000,0x0000000026740000)]
  0x0000000020ae6000 JavaThread "jar transforms Thread 54" [_thread_blocked, id=13632, stack(0x0000000026540000,0x0000000026640000)]
  0x0000000020ae4800 JavaThread "jar transforms Thread 53" [_thread_blocked, id=7928, stack(0x0000000026440000,0x0000000026540000)]
  0x0000000020ae2000 JavaThread "jar transforms Thread 52" [_thread_blocked, id=6508, stack(0x0000000026340000,0x0000000026440000)]
  0x0000000020ae3800 JavaThread "jar transforms Thread 51" [_thread_blocked, id=6824, stack(0x0000000026240000,0x0000000026340000)]
  0x0000000020ae3000 JavaThread "jar transforms Thread 50" [_thread_blocked, id=10180, stack(0x0000000026140000,0x0000000026240000)]
  0x0000000020ae1800 JavaThread "jar transforms Thread 49" [_thread_blocked, id=13336, stack(0x0000000026040000,0x0000000026140000)]
  0x0000000020ada000 JavaThread "jar transforms Thread 48" [_thread_blocked, id=10780, stack(0x0000000025f40000,0x0000000026040000)]
  0x0000000020ae0800 JavaThread "jar transforms Thread 47" [_thread_blocked, id=10416, stack(0x0000000025bf0000,0x0000000025cf0000)]
  0x0000000020ae0000 JavaThread "jar transforms Thread 46" [_thread_blocked, id=7692, stack(0x0000000025e40000,0x0000000025f40000)]
  0x0000000020ad8800 JavaThread "jar transforms Thread 45" [_thread_blocked, id=12524, stack(0x0000000025d40000,0x0000000025e40000)]
  0x0000000020adf000 JavaThread "jar transforms Thread 44" [_thread_blocked, id=11440, stack(0x0000000025af0000,0x0000000025bf0000)]
  0x0000000020ad7800 JavaThread "jar transforms Thread 43" [_thread_blocked, id=196, stack(0x00000000259f0000,0x0000000025af0000)]
  0x0000000020add000 JavaThread "jar transforms Thread 42" [_thread_blocked, id=11784, stack(0x00000000258f0000,0x00000000259f0000)]
  0x0000000020ade800 JavaThread "jar transforms Thread 41" [_thread_blocked, id=8860, stack(0x00000000257f0000,0x00000000258f0000)]
  0x0000000020ad9000 JavaThread "jar transforms Thread 40" [_thread_blocked, id=3256, stack(0x00000000256f0000,0x00000000257f0000)]
  0x0000000020add800 JavaThread "jar transforms Thread 39" [_thread_blocked, id=12576, stack(0x00000000255f0000,0x00000000256f0000)]
  0x0000000020adc000 JavaThread "jar transforms Thread 38" [_thread_blocked, id=11396, stack(0x00000000254f0000,0x00000000255f0000)]
  0x0000000020ada800 JavaThread "jar transforms Thread 37" [_thread_blocked, id=7704, stack(0x00000000253f0000,0x00000000254f0000)]
  0x0000000020ad7000 JavaThread "jar transforms Thread 36" [_thread_blocked, id=5412, stack(0x00000000252f0000,0x00000000253f0000)]
  0x0000000020adb800 JavaThread "jar transforms Thread 35" [_thread_blocked, id=5640, stack(0x00000000251f0000,0x00000000252f0000)]
  0x000000001f32e000 JavaThread "jar transforms Thread 34" [_thread_blocked, id=6032, stack(0x00000000250f0000,0x00000000251f0000)]
  0x000000001f32d000 JavaThread "jar transforms Thread 33" [_thread_blocked, id=3020, stack(0x0000000024ff0000,0x00000000250f0000)]
  0x000000001f32f800 JavaThread "jar transforms Thread 32" [_thread_blocked, id=14324, stack(0x0000000024ef0000,0x0000000024ff0000)]
  0x000000001f32c800 JavaThread "jar transforms Thread 31" [_thread_blocked, id=2136, stack(0x0000000024df0000,0x0000000024ef0000)]
  0x000000001f32b800 JavaThread "jar transforms Thread 30" [_thread_blocked, id=5756, stack(0x0000000024bb0000,0x0000000024cb0000)]
  0x000000001f32b000 JavaThread "jar transforms Thread 29" [_thread_blocked, id=4620, stack(0x0000000024cf0000,0x0000000024df0000)]
  0x000000001f32a000 JavaThread "jar transforms Thread 28" [_thread_blocked, id=5836, stack(0x0000000024ab0000,0x0000000024bb0000)]
  0x000000001f329800 JavaThread "jar transforms Thread 27" [_thread_blocked, id=7276, stack(0x00000000249b0000,0x0000000024ab0000)]
  0x000000001f32e800 JavaThread "jar transforms Thread 26" [_thread_blocked, id=13400, stack(0x00000000248b0000,0x00000000249b0000)]
  0x000000001f321800 JavaThread "jar transforms Thread 25" [_thread_blocked, id=3856, stack(0x00000000247b0000,0x00000000248b0000)]
  0x000000001f324000 JavaThread "jar transforms Thread 24" [_thread_blocked, id=8680, stack(0x00000000246b0000,0x00000000247b0000)]
  0x000000001f323000 JavaThread "jar transforms Thread 23" [_thread_blocked, id=9944, stack(0x00000000245b0000,0x00000000246b0000)]
  0x000000001f328800 JavaThread "jar transforms Thread 22" [_thread_blocked, id=4220, stack(0x00000000244b0000,0x00000000245b0000)]
  0x000000001f321000 JavaThread "jar transforms Thread 21" [_thread_blocked, id=3080, stack(0x00000000243b0000,0x00000000244b0000)]
  0x000000001f328000 JavaThread "jar transforms Thread 20" [_thread_blocked, id=10840, stack(0x00000000242b0000,0x00000000243b0000)]
  0x000000001f320000 JavaThread "jar transforms Thread 19" [_thread_blocked, id=12684, stack(0x00000000241b0000,0x00000000242b0000)]
  0x000000001f327000 JavaThread "jar transforms Thread 18" [_thread_blocked, id=10924, stack(0x00000000240b0000,0x00000000241b0000)]
  0x000000001f326800 JavaThread "jar transforms Thread 17" [_thread_blocked, id=11072, stack(0x0000000023fb0000,0x00000000240b0000)]
  0x000000001f322800 JavaThread "jar transforms Thread 16" [_thread_blocked, id=1960, stack(0x0000000023eb0000,0x0000000023fb0000)]
  0x000000001f324800 JavaThread "jar transforms Thread 15" [_thread_blocked, id=13028, stack(0x0000000023db0000,0x0000000023eb0000)]
  0x000000001f325800 JavaThread "jar transforms Thread 14" [_thread_blocked, id=13340, stack(0x0000000023cb0000,0x0000000023db0000)]
  0x000000001d7c0000 JavaThread "jar transforms Thread 13" [_thread_blocked, id=3780, stack(0x0000000023990000,0x0000000023a90000)]
  0x000000001d7c1000 JavaThread "jar transforms Thread 12" [_thread_blocked, id=7032, stack(0x0000000023bb0000,0x0000000023cb0000)]
  0x000000001d7be800 JavaThread "jar transforms Thread 11" [_thread_blocked, id=13964, stack(0x0000000023ab0000,0x0000000023bb0000)]
  0x000000001d7bd800 JavaThread "jar transforms Thread 10" [_thread_blocked, id=13652, stack(0x0000000023890000,0x0000000023990000)]
  0x000000001d7bd000 JavaThread "jar transforms Thread 9" [_thread_blocked, id=11040, stack(0x0000000023790000,0x0000000023890000)]
  0x000000001d7c4000 JavaThread "jar transforms Thread 8" [_thread_blocked, id=12284, stack(0x0000000023690000,0x0000000023790000)]
  0x000000001d7bf000 JavaThread "jar transforms Thread 7" [_thread_blocked, id=10436, stack(0x0000000023590000,0x0000000023690000)]
  0x000000001d7c3000 JavaThread "jar transforms Thread 6" [_thread_blocked, id=5388, stack(0x0000000023490000,0x0000000023590000)]
  0x000000001d7bc000 JavaThread "jar transforms Thread 5" [_thread_blocked, id=8084, stack(0x0000000022930000,0x0000000022a30000)]
  0x000000001d7c2800 JavaThread "jar transforms Thread 4" [_thread_blocked, id=13876, stack(0x0000000023390000,0x0000000023490000)]
  0x000000001d7c1800 JavaThread "jar transforms Thread 3" [_thread_blocked, id=2456, stack(0x0000000022b40000,0x0000000022c40000)]
  0x000000001d7b4800 JavaThread "jar transforms Thread 2" [_thread_blocked, id=11856, stack(0x0000000022a40000,0x0000000022b40000)]
  0x000000001d7bb800 JavaThread "Build operations Thread 4" [_thread_blocked, id=11580, stack(0x0000000023290000,0x0000000023390000)]
  0x000000001d7ba000 JavaThread "Build operations Thread 3" [_thread_blocked, id=8096, stack(0x0000000023190000,0x0000000023290000)]
  0x000000001d7b9000 JavaThread "Build operations Thread 2" [_thread_blocked, id=4420, stack(0x0000000023090000,0x0000000023190000)]
  0x000000001d7b8800 JavaThread "Build operations" [_thread_blocked, id=6412, stack(0x0000000022cb0000,0x0000000022db0000)]
  0x000000001d7b7800 JavaThread "Cache worker for Build Output Cleanup Cache (C:\Users\David Adeyinka\AndroidStudioProjects\ToDoPlanner\.gradle\buildOutputCleanup)" [_thread_blocked, id=10284, stack(0x0000000022830000,0x0000000022930000)]
  0x000000001a407800 JavaThread "Cache worker for file content cache (C:\Users\David Adeyinka\.gradle\caches\6.6.1\fileContent)" [_thread_blocked, id=2788, stack(0x0000000022130000,0x0000000022230000)]
  0x000000001a405800 JavaThread "jar transforms" [_thread_blocked, id=8624, stack(0x0000000021800000,0x0000000021900000)]
  0x000000001a404000 JavaThread "Cache worker for execution history cache (C:\Users\David Adeyinka\.gradle\caches\6.6.1\executionHistory)" [_thread_blocked, id=7600, stack(0x0000000021600000,0x0000000021700000)]
  0x000000001a403000 JavaThread "Cache worker for cache directory md-rule (C:\Users\David Adeyinka\.gradle\caches\6.6.1\md-rule)" [_thread_blocked, id=12196, stack(0x0000000021500000,0x0000000021600000)]
  0x000000001a402800 JavaThread "Cache worker for cache directory md-supplier (C:\Users\David Adeyinka\.gradle\caches\6.6.1\md-supplier)" [_thread_blocked, id=3984, stack(0x0000000020370000,0x0000000020470000)]
  0x000000001a401800 JavaThread "Cache worker for checksums cache (C:\Users\David Adeyinka\AndroidStudioProjects\ToDoPlanner\.gradle\checksums)" [_thread_blocked, id=12496, stack(0x0000000020070000,0x0000000020170000)]
  0x000000001a401000 JavaThread "Cache worker for file hash cache (C:\Users\David Adeyinka\AndroidStudioProjects\ToDoPlanner\.gradle\6.6.1\fileHashes)" [_thread_blocked, id=3228, stack(0x0000000021700000,0x0000000021800000)]
  0x000000001a407000 JavaThread "Cache worker for journal cache (C:\Users\David Adeyinka\.gradle\caches\journal-1)" [_thread_blocked, id=5528, stack(0x000000001ddd0000,0x000000001ded0000)]
  0x000000001a404800 JavaThread "File lock request listener" [_thread_in_native, id=13732, stack(0x000000001dcd0000,0x000000001ddd0000)]
  0x000000001b62c000 JavaThread "Cache worker for file hash cache (C:\Users\David Adeyinka\.gradle\caches\6.6.1\fileHashes)" [_thread_blocked, id=9192, stack(0x000000001dad0000,0x000000001dbd0000)]
  0x000000001b064800 JavaThread "Thread-9" [_thread_blocked, id=8904, stack(0x000000001c800000,0x000000001c900000)]
  0x000000001b05d000 JavaThread "Stdin handler" [_thread_blocked, id=3808, stack(0x000000001c700000,0x000000001c800000)]
  0x000000001b05a800 JavaThread "Asynchronous log dispatcher for DefaultDaemonConnection: socket connection from /127.0.0.1:15210 to /127.0.0.1:15211" [_thread_blocked, id=12012, stack(0x000000001c600000,0x000000001c700000)]
  0x0000000019ee8800 JavaThread "Daemon worker" [_thread_in_vm, id=13364, stack(0x000000001c500000,0x000000001c600000)]
  0x0000000019ee0000 JavaThread "Cancel handler" [_thread_blocked, id=10544, stack(0x000000001c400000,0x000000001c500000)]
  0x000000001a049800 JavaThread "Handler for socket connection from /127.0.0.1:15210 to /127.0.0.1:15211" [_thread_in_native, id=948, stack(0x000000001c300000,0x000000001c400000)]
  0x00000000198e6800 JavaThread "Daemon" [_thread_blocked, id=14300, stack(0x000000001c200000,0x000000001c300000)]
  0x000000001b047800 JavaThread "Daemon periodic checks" [_thread_blocked, id=8772, stack(0x000000001c100000,0x000000001c200000)]
  0x00000000195f3000 JavaThread "Incoming local TCP Connector on port 15210" [_thread_in_native, id=2792, stack(0x000000001bcc0000,0x000000001bdc0000)]
  0x0000000019627800 JavaThread "Daemon health stats" [_thread_blocked, id=11760, stack(0x000000001b680000,0x000000001b780000)]
  0x0000000019561000 JavaThread "Service Thread" daemon [_thread_blocked, id=6844, stack(0x0000000019a40000,0x0000000019b40000)]
  0x0000000019548800 JavaThread "C1 CompilerThread2" daemon [_thread_blocked, id=908, stack(0x0000000019940000,0x0000000019a40000)]
  0x0000000017d46800 JavaThread "C2 CompilerThread1" daemon [_thread_blocked, id=11288, stack(0x0000000019440000,0x0000000019540000)]
=>0x0000000017cf8000 JavaThread "C2 CompilerThread0" daemon [_thread_in_native, id=14236, stack(0x0000000019340000,0x0000000019440000)]
  0x0000000017cf6800 JavaThread "Attach Listener" daemon [_thread_blocked, id=1884, stack(0x0000000019240000,0x0000000019340000)]
  0x0000000017cf5000 JavaThread "Signal Dispatcher" daemon [_thread_blocked, id=9696, stack(0x0000000019140000,0x0000000019240000)]
  0x00000000030cc800 JavaThread "Finalizer" daemon [_thread_blocked, id=12384, stack(0x0000000018f40000,0x0000000019040000)]
  0x0000000017cd9000 JavaThread "Reference Handler" daemon [_thread_blocked, id=6704, stack(0x0000000018e40000,0x0000000018f40000)]
  0x0000000002dee800 JavaThread "main" [_thread_blocked, id=1932, stack(0x0000000002ed0000,0x0000000002fd0000)]

Other Threads:
  0x0000000017cb6800 VMThread [stack: 0x0000000018d40000,0x0000000018e40000] [id=3308]
  0x0000000019562000 WatcherThread [stack: 0x0000000019b40000,0x0000000019c40000] [id=13676]

VM state:not at safepoint (normal execution)

VM Mutex/Monitor currently owned by a thread: None

heap address: 0x0000000080000000, size: 2048 MB, Compressed Oops mode: 32-bit
Narrow klass base: 0x0000000000000000, Narrow klass shift: 3
Compressed class space size: 1073741824 Address: 0x0000000100000000

Heap:
 PSYoungGen      total 169984K, used 96197K [0x00000000d5580000, 0x00000000e1800000, 0x0000000100000000)
  eden space 161792K, 54% used [0x00000000d5580000,0x00000000dabbeac0,0x00000000df380000)
  from space 8192K, 96% used [0x00000000e1000000,0x00000000e17b2c38,0x00000000e1800000)
  to   space 11264K, 0% used [0x00000000e0200000,0x00000000e0200000,0x00000000e0d00000)
 ParOldGen       total 73216K, used 14686K [0x0000000080000000, 0x0000000084780000, 0x00000000d5580000)
  object space 73216K, 20% used [0x0000000080000000,0x0000000080e57a20,0x0000000084780000)
 Metaspace       used 46049K, capacity 47900K, committed 48128K, reserved 1091584K
  class space    used 6221K, capacity 6592K, committed 6656K, reserved 1048576K

Card table byte_map: [0x0000000012490000,0x00000000128a0000] byte_map_base: 0x0000000012090000

Marking Bits: (ParMarkBitMap*) 0x000000005106f030
 Begin Bits: [0x0000000012f50000, 0x0000000014f50000)
 End Bits:   [0x0000000014f50000, 0x0000000016f50000)

Polling page: 0x0000000001280000

CodeCache: size=245760Kb used=13840Kb max_used=13852Kb free=231920Kb
 bounds [0x00000000030d0000, 0x0000000003e70000, 0x00000000120d0000]
 total_blobs=4816 nmethods=4078 adapters=650
 compilation: enabled

Compilation events (10 events):
Event: 18.851 Thread 0x0000000017d46800 4280       4       org.objectweb.asm.ByteVector::putInt (74 bytes)
Event: 18.856 Thread 0x0000000017d46800 nmethod 4280 0x0000000003e50d50 code [0x0000000003e50ea0, 0x0000000003e50fd8]
Event: 18.858 Thread 0x0000000017d46800 4281       4       org.objectweb.asm.Label::<init> (5 bytes)
Event: 18.859 Thread 0x0000000017d46800 nmethod 4281 0x0000000003dfa190 code [0x0000000003dfa2c0, 0x0000000003dfa318]
Event: 18.869 Thread 0x0000000019548800 4282       3       java.security.PermissionCollection::<init> (5 bytes)
Event: 18.870 Thread 0x0000000019548800 nmethod 4282 0x0000000003e53a50 code [0x0000000003e53ba0, 0x0000000003e53d50]
Event: 18.900 Thread 0x0000000017d46800 4283       4       org.gradle.internal.reflect.MethodSet$MethodKey::<init> (6 bytes)
Event: 18.907 Thread 0x0000000019548800 4284 %     3       org.gradle.internal.instantiation.generator.AbstractClassGenerator::inspectType @ 107 (560 bytes)
Event: 18.907 Thread 0x0000000017d46800 nmethod 4283 0x0000000003e52150 code [0x0000000003e522a0, 0x0000000003e52418]
Event: 18.908 Thread 0x0000000017d46800 4285       4       org.gradle.internal.instantiation.generator.AbstractClassGenerator$InjectionAnnotationValidator::validateMethod (502 bytes)

GC Heap History (10 events):
Event: 12.527 GC heap before
{Heap before GC invocations=8 (full 1):
 PSYoungGen      total 76800K, used 66560K [0x00000000d5580000, 0x00000000daa80000, 0x0000000100000000)
  eden space 66560K, 100% used [0x00000000d5580000,0x00000000d9680000,0x00000000d9680000)
  from space 10240K, 0% used [0x00000000da080000,0x00000000da080000,0x00000000daa80000)
  to   space 10240K, 0% used [0x00000000d9680000,0x00000000d9680000,0x00000000da080000)
 ParOldGen       total 52224K, used 7857K [0x0000000080000000, 0x0000000083300000, 0x00000000d5580000)
  object space 52224K, 15% used [0x0000000080000000,0x00000000807ac4e8,0x0000000083300000)
 Metaspace       used 28693K, capacity 29588K, committed 29696K, reserved 1075200K
  class space    used 4035K, capacity 4271K, committed 4352K, reserved 1048576K
Event: 12.543 GC heap after
Heap after GC invocations=8 (full 1):
 PSYoungGen      total 76800K, used 8498K [0x00000000d5580000, 0x00000000dde80000, 0x0000000100000000)
  eden space 66560K, 0% used [0x00000000d5580000,0x00000000d5580000,0x00000000d9680000)
  from space 10240K, 82% used [0x00000000d9680000,0x00000000d9eccb48,0x00000000da080000)
  to   space 10752K, 0% used [0x00000000dd400000,0x00000000dd400000,0x00000000dde80000)
 ParOldGen       total 52224K, used 7865K [0x0000000080000000, 0x0000000083300000, 0x00000000d5580000)
  object space 52224K, 15% used [0x0000000080000000,0x00000000807ae4e8,0x0000000083300000)
 Metaspace       used 28693K, capacity 29588K, committed 29696K, reserved 1075200K
  class space    used 4035K, capacity 4271K, committed 4352K, reserved 1048576K
}
Event: 13.472 GC heap before
{Heap before GC invocations=9 (full 1):
 PSYoungGen      total 76800K, used 75058K [0x00000000d5580000, 0x00000000dde80000, 0x0000000100000000)
  eden space 66560K, 100% used [0x00000000d5580000,0x00000000d9680000,0x00000000d9680000)
  from space 10240K, 82% used [0x00000000d9680000,0x00000000d9eccb48,0x00000000da080000)
  to   space 10752K, 0% used [0x00000000dd400000,0x00000000dd400000,0x00000000dde80000)
 ParOldGen       total 52224K, used 7865K [0x0000000080000000, 0x0000000083300000, 0x00000000d5580000)
  object space 52224K, 15% used [0x0000000080000000,0x00000000807ae4e8,0x0000000083300000)
 Metaspace       used 33258K, capacity 34318K, committed 34560K, reserved 1079296K
  class space    used 4524K, capacity 4791K, committed 4864K, reserved 1048576K
Event: 13.498 GC heap after
Heap after GC invocations=9 (full 1):
 PSYoungGen      total 129024K, used 9605K [0x00000000d5580000, 0x00000000de000000, 0x0000000100000000)
  eden space 118272K, 0% used [0x00000000d5580000,0x00000000d5580000,0x00000000dc900000)
  from space 10752K, 89% used [0x00000000dd400000,0x00000000ddd61500,0x00000000dde80000)
  to   space 11264K, 0% used [0x00000000dc900000,0x00000000dc900000,0x00000000dd400000)
 ParOldGen       total 52224K, used 7873K [0x0000000080000000, 0x0000000083300000, 0x00000000d5580000)
  object space 52224K, 15% used [0x0000000080000000,0x00000000807b04e8,0x0000000083300000)
 Metaspace       used 33258K, capacity 34318K, committed 34560K, reserved 1079296K
  class space    used 4524K, capacity 4791K, committed 4864K, reserved 1048576K
}
Event: 13.794 GC heap before
{Heap before GC invocations=10 (full 1):
 PSYoungGen      total 129024K, used 31608K [0x00000000d5580000, 0x00000000de000000, 0x0000000100000000)
  eden space 118272K, 18% used [0x00000000d5580000,0x00000000d6afcb18,0x00000000dc900000)
  from space 10752K, 89% used [0x00000000dd400000,0x00000000ddd61500,0x00000000dde80000)
  to   space 11264K, 0% used [0x00000000dc900000,0x00000000dc900000,0x00000000dd400000)
 ParOldGen       total 52224K, used 7873K [0x0000000080000000, 0x0000000083300000, 0x00000000d5580000)
  object space 52224K, 15% used [0x0000000080000000,0x00000000807b04e8,0x0000000083300000)
 Metaspace       used 34262K, capacity 35370K, committed 35456K, reserved 1079296K
  class space    used 4677K, capacity 4966K, committed 4992K, reserved 1048576K
Event: 13.820 GC heap after
Heap after GC invocations=10 (full 1):
 PSYoungGen      total 129536K, used 8241K [0x00000000d5580000, 0x00000000e1b00000, 0x0000000100000000)
  eden space 118272K, 0% used [0x00000000d5580000,0x00000000d5580000,0x00000000dc900000)
  from space 11264K, 73% used [0x00000000dc900000,0x00000000dd10c558,0x00000000dd400000)
  to   space 11264K, 0% used [0x00000000e1000000,0x00000000e1000000,0x00000000e1b00000)
 ParOldGen       total 52224K, used 7873K [0x0000000080000000, 0x0000000083300000, 0x00000000d5580000)
  object space 52224K, 15% used [0x0000000080000000,0x00000000807b04e8,0x0000000083300000)
 Metaspace       used 34262K, capacity 35370K, committed 35456K, reserved 1079296K
  class space    used 4677K, capacity 4966K, committed 4992K, reserved 1048576K
}
Event: 13.821 GC heap before
{Heap before GC invocations=11 (full 2):
 PSYoungGen      total 129536K, used 8241K [0x00000000d5580000, 0x00000000e1b00000, 0x0000000100000000)
  eden space 118272K, 0% used [0x00000000d5580000,0x00000000d5580000,0x00000000dc900000)
  from space 11264K, 73% used [0x00000000dc900000,0x00000000dd10c558,0x00000000dd400000)
  to   space 11264K, 0% used [0x00000000e1000000,0x00000000e1000000,0x00000000e1b00000)
 ParOldGen       total 52224K, used 7873K [0x0000000080000000, 0x0000000083300000, 0x00000000d5580000)
  object space 52224K, 15% used [0x0000000080000000,0x00000000807b04e8,0x0000000083300000)
 Metaspace       used 34262K, capacity 35370K, committed 35456K, reserved 1079296K
  class space    used 4677K, capacity 4966K, committed 4992K, reserved 1048576K
Event: 13.925 GC heap after
Heap after GC invocations=11 (full 2):
 PSYoungGen      total 129536K, used 0K [0x00000000d5580000, 0x00000000e1b00000, 0x0000000100000000)
  eden space 118272K, 0% used [0x00000000d5580000,0x00000000d5580000,0x00000000dc900000)
  from space 11264K, 0% used [0x00000000dc900000,0x00000000dc900000,0x00000000dd400000)
  to   space 11264K, 0% used [0x00000000e1000000,0x00000000e1000000,0x00000000e1b00000)
 ParOldGen       total 73216K, used 14678K [0x0000000080000000, 0x0000000084780000, 0x00000000d5580000)
  object space 73216K, 20% used [0x0000000080000000,0x0000000080e55a20,0x0000000084780000)
 Metaspace       used 34262K, capacity 35370K, committed 35456K, reserved 1079296K
  class space    used 4677K, capacity 4966K, committed 4992K, reserved 1048576K
}
Event: 15.610 GC heap before
{Heap before GC invocations=12 (full 2):
 PSYoungGen      total 129536K, used 118272K [0x00000000d5580000, 0x00000000e1b00000, 0x0000000100000000)
  eden space 118272K, 100% used [0x00000000d5580000,0x00000000dc900000,0x00000000dc900000)
  from space 11264K, 0% used [0x00000000dc900000,0x00000000dc900000,0x00000000dd400000)
  to   space 11264K, 0% used [0x00000000e1000000,0x00000000e1000000,0x00000000e1b00000)
 ParOldGen       total 73216K, used 14678K [0x0000000080000000, 0x0000000084780000, 0x00000000d5580000)
  object space 73216K, 20% used [0x0000000080000000,0x0000000080e55a20,0x0000000084780000)
 Metaspace       used 37495K, capacity 39092K, committed 39296K, reserved 1083392K
  class space    used 5131K, capacity 5427K, committed 5504K, reserved 1048576K
Event: 15.632 GC heap after
Heap after GC invocations=12 (full 2):
 PSYoungGen      total 169984K, used 7883K [0x00000000d5580000, 0x00000000e1800000, 0x0000000100000000)
  eden space 161792K, 0% used [0x00000000d5580000,0x00000000d5580000,0x00000000df380000)
  from space 8192K, 96% used [0x00000000e1000000,0x00000000e17b2c38,0x00000000e1800000)
  to   space 11264K, 0% used [0x00000000e0200000,0x00000000e0200000,0x00000000e0d00000)
 ParOldGen       total 73216K, used 14686K [0x0000000080000000, 0x0000000084780000, 0x00000000d5580000)
  object space 73216K, 20% used [0x0000000080000000,0x0000000080e57a20,0x0000000084780000)
 Metaspace       used 37495K, capacity 39092K, committed 39296K, reserved 1083392K
  class space    used 5131K, capacity 5427K, committed 5504K, reserved 1048576K
}

Deoptimization events (10 events):
Event: 15.802 Thread 0x0000000019ee8800 Uncommon trap: reason=bimorphic action=maybe_recompile pc=0x0000000003a8762c method=java.lang.ClassLoader.getPackage(Ljava/lang/String;)Ljava/lang/Package; @ 47
Event: 16.033 Thread 0x0000000019ee8800 Uncommon trap: reason=unstable_if action=reinterpret pc=0x00000000037f70f4 method=java.io.BufferedInputStream.read([BII)I @ 56
Event: 16.691 Thread 0x0000000019ee8800 Uncommon trap: reason=unstable_if action=reinterpret pc=0x000000000396e804 method=org.objectweb.asm.ByteVector.putUTF8(Ljava/lang/String;)Lorg/objectweb/asm/ByteVector; @ 93
Event: 16.727 Thread 0x0000000019ee8800 Uncommon trap: reason=unstable_if action=reinterpret pc=0x0000000003734268 method=org.objectweb.asm.ByteVector.putUTF8(Ljava/lang/String;)Lorg/objectweb/asm/ByteVector; @ 93
Event: 16.820 Thread 0x0000000019ee8800 Uncommon trap: reason=predicate action=maybe_recompile pc=0x00000000033b6dd0 method=java.util.Arrays.binarySearch0([Ljava/lang/Object;IILjava/lang/Object;Ljava/util/Comparator;)I @ 28
Event: 17.750 Thread 0x0000000019ee8800 Uncommon trap: reason=unstable_if action=reinterpret pc=0x0000000003dab260 method=java.util.concurrent.ConcurrentHashMap.addCount(JI)V @ 110
Event: 18.209 Thread 0x0000000019ee8800 Uncommon trap: reason=unstable_if action=reinterpret pc=0x0000000003d5e968 method=java.util.jar.JarFile.maybeInstantiateVerifier()V @ 48
Event: 18.250 Thread 0x0000000019ee8800 Uncommon trap: reason=unstable_if action=reinterpret pc=0x0000000003df3180 method=java.lang.ThreadLocal.get()Ljava/lang/Object; @ 11
Event: 18.361 Thread 0x0000000019ee8800 Uncommon trap: reason=unstable_if action=reinterpret pc=0x000000000327ca7c method=java.util.jar.JarFile.maybeInstantiateVerifier()V @ 48
Event: 18.444 Thread 0x0000000019ee8800 Uncommon trap: reason=unstable_if action=reinterpret pc=0x0000000003988bb0 method=java.util.LinkedHashMap.get(Ljava/lang/Object;)Ljava/lang/Object; @ 20

Classes redefined (0 events):
No events

Internal exceptions (10 events):
Event: 15.728 Thread 0x000000001b064800 Exception <a 'java/lang/NoSuchMethodError': <clinit>> (0x00000000d58926c8) thrown at [C:\src\AOSP-openjdk-git\hotspot\src\share\vm\prims\jni.cpp, line 1615]
Event: 15.731 Thread 0x000000001b064800 Exception <a 'java/lang/NoSuchMethodError': <clinit>> (0x00000000d58a5c28) thrown at [C:\src\AOSP-openjdk-git\hotspot\src\share\vm\prims\jni.cpp, line 1615]
Event: 15.763 Thread 0x0000000019ee8800 Exception <a 'java/lang/ClassNotFoundException': build_2q5s9urspn2yjmulnkddtyw7oBeanInfo> (0x00000000d5c4fc78) thrown at [C:\src\AOSP-openjdk-git\hotspot\src\share\vm\classfile\systemDictionary.cpp, line 210]
Event: 15.763 Thread 0x0000000019ee8800 Exception <a 'java/lang/ClassNotFoundException': build_2q5s9urspn2yjmulnkddtyw7oCustomizer> (0x00000000d5c5b8b8) thrown at [C:\src\AOSP-openjdk-git\hotspot\src\share\vm\classfile\systemDictionary.cpp, line 210]
Event: 15.778 Thread 0x0000000019ee8800 Exception <a 'java/lang/ClassNotFoundException': org/gradle/plugin/use/internal/PluginRequestCollector$PluginDependenciesSpecImplBeanInfo> (0x00000000d5cfab88) thrown at [C:\src\AOSP-openjdk-git\hotspot\src\share\vm\classfile\systemDictionary.cpp, line 21
Event: 15.779 Thread 0x0000000019ee8800 Exception <a 'java/lang/ClassNotFoundException': org/gradle/plugin/use/internal/PluginRequestCollector$PluginDependenciesSpecImplCustomizer> (0x00000000d5d3aac8) thrown at [C:\src\AOSP-openjdk-git\hotspot\src\share\vm\classfile\systemDictionary.cpp, line 
Event: 15.835 Thread 0x0000000019ee8800 Exception <a 'java/lang/ClassNotFoundException': org/gradle/api/internal/plugins/DefaultObjectConfigurationActionBeanInfo> (0x00000000d611bb88) thrown at [C:\src\AOSP-openjdk-git\hotspot\src\share\vm\classfile\systemDictionary.cpp, line 210]
Event: 15.838 Thread 0x0000000019ee8800 Exception <a 'java/lang/ClassNotFoundException': org/gradle/api/internal/plugins/DefaultObjectConfigurationActionCustomizer> (0x00000000d6162c48) thrown at [C:\src\AOSP-openjdk-git\hotspot\src\share\vm\classfile\systemDictionary.cpp, line 210]
Event: 16.215 Thread 0x0000000019ee8800 Exception <a 'sun/nio/fs/WindowsException'> (0x00000000d77aa640) thrown at [C:\src\AOSP-openjdk-git\hotspot\src\share\vm\prims\jni.cpp, line 710]
Event: 18.250 Thread 0x0000000019ee8800 Implicit null exception at 0x0000000003df2c28 to 0x0000000003df3169

Events (10 events):
Event: 18.892 loading class org/gradle/api/tasks/util/PatternFilterable
Event: 18.892 loading class org/gradle/api/tasks/util/PatternFilterable done
Event: 18.892 loading class com/android/build/gradle/api/AndroidSourceDirectorySet
Event: 18.892 loading class com/android/build/gradle/api/AndroidSourceDirectorySet done
Event: 18.894 loading class com/android/build/api/dsl/AndroidSourceFile
Event: 18.894 loading class com/android/build/api/dsl/AndroidSourceFile done
Event: 18.895 loading class com/android/build/gradle/api/AndroidSourceFile
Event: 18.895 loading class com/android/build/gradle/api/AndroidSourceFile done
Event: 18.898 loading class org/gradle/internal/reflect/MethodSet$1
Event: 18.898 loading class org/gradle/internal/reflect/MethodSet$1 done


Dynamic libraries:
0x00007ff6e3640000 - 0x00007ff6e3671000 	C:\Program Files\Android\Android Studio\jre\bin\java.exe
0x00007ffb7c7c0000 - 0x00007ffb7c9b0000 	C:\WINDOWS\SYSTEM32\ntdll.dll
0x00007ffb7b0a0000 - 0x00007ffb7b152000 	C:\WINDOWS\System32\KERNEL32.DLL
0x00007ffb7a510000 - 0x00007ffb7a7b5000 	C:\WINDOWS\System32\KERNELBASE.dll
0x00007ffb7b160000 - 0x00007ffb7b203000 	C:\WINDOWS\System32\ADVAPI32.dll
0x00007ffb7b600000 - 0x00007ffb7b69e000 	C:\WINDOWS\System32\msvcrt.dll
0x00007ffb7bf00000 - 0x00007ffb7bf97000 	C:\WINDOWS\System32\sechost.dll
0x00007ffb7ad60000 - 0x00007ffb7ae80000 	C:\WINDOWS\System32\RPCRT4.dll
0x00007ffb7b7c0000 - 0x00007ffb7b955000 	C:\WINDOWS\System32\USER32.dll
0x00007ffb79b90000 - 0x00007ffb79bb1000 	C:\WINDOWS\System32\win32u.dll
0x00007ffb7bd90000 - 0x00007ffb7bdb6000 	C:\WINDOWS\System32\GDI32.dll
0x00007ffb798a0000 - 0x00007ffb79a36000 	C:\WINDOWS\System32\gdi32full.dll
0x00007ffb7a340000 - 0x00007ffb7a3de000 	C:\WINDOWS\System32\msvcp_win.dll
0x00007ffb7a3e0000 - 0x00007ffb7a4da000 	C:\WINDOWS\System32\ucrtbase.dll
0x00007ffb6be90000 - 0x00007ffb6c114000 	C:\WINDOWS\WinSxS\amd64_microsoft.windows.common-controls_6595b64144ccf1df_6.0.18362.1082_none_9e8193e1e45b25c1\COMCTL32.dll
0x00007ffb7b2c0000 - 0x00007ffb7b5f5000 	C:\WINDOWS\System32\combase.dll
0x00007ffb79750000 - 0x00007ffb797d0000 	C:\WINDOWS\System32\bcryptPrimitives.dll
0x00007ffb7c6f0000 - 0x00007ffb7c71e000 	C:\WINDOWS\System32\IMM32.DLL
0x0000000050560000 - 0x0000000050632000 	C:\Program Files\Android\Android Studio\jre\jre\bin\msvcr100.dll
0x00000000508a0000 - 0x00000000510eb000 	C:\Program Files\Android\Android Studio\jre\jre\bin\server\jvm.dll
0x00007ffb7b290000 - 0x00007ffb7b298000 	C:\WINDOWS\System32\PSAPI.DLL
0x00007ffb73fd0000 - 0x00007ffb73fd9000 	C:\WINDOWS\SYSTEM32\WSOCK32.dll
0x00007ffb7bac0000 - 0x00007ffb7bb2f000 	C:\WINDOWS\System32\WS2_32.dll
0x00007ffb77780000 - 0x00007ffb777a4000 	C:\WINDOWS\SYSTEM32\WINMM.dll
0x00007ffb77750000 - 0x00007ffb7777d000 	C:\WINDOWS\SYSTEM32\WINMMBASE.dll
0x00007ffb797d0000 - 0x00007ffb7981a000 	C:\WINDOWS\System32\cfgmgr32.dll
0x00007ffb6c440000 - 0x00007ffb6c44a000 	C:\WINDOWS\SYSTEM32\VERSION.dll
0x00007ffb73580000 - 0x00007ffb7358f000 	C:\Program Files\Android\Android Studio\jre\jre\bin\verify.dll
0x00007ffb6eff0000 - 0x00007ffb6f019000 	C:\Program Files\Android\Android Studio\jre\jre\bin\java.dll
0x00007ffb6ee00000 - 0x00007ffb6ee16000 	C:\Program Files\Android\Android Studio\jre\jre\bin\zip.dll
0x00007ffb7c000000 - 0x00007ffb7c6e7000 	C:\WINDOWS\System32\SHELL32.dll
0x00007ffb7b710000 - 0x00007ffb7b7b9000 	C:\WINDOWS\System32\shcore.dll
0x00007ffb79bc0000 - 0x00007ffb7a340000 	C:\WINDOWS\System32\windows.storage.dll
0x00007ffb79700000 - 0x00007ffb79723000 	C:\WINDOWS\System32\profapi.dll
0x00007ffb796b0000 - 0x00007ffb796fa000 	C:\WINDOWS\System32\powrprof.dll
0x00007ffb79680000 - 0x00007ffb79690000 	C:\WINDOWS\System32\UMPDC.dll
0x00007ffb7bfa0000 - 0x00007ffb7bff2000 	C:\WINDOWS\System32\shlwapi.dll
0x00007ffb79690000 - 0x00007ffb796a1000 	C:\WINDOWS\System32\kernel.appcore.dll
0x00007ffb79880000 - 0x00007ffb79897000 	C:\WINDOWS\System32\cryptsp.dll
0x00007ffb6b470000 - 0x00007ffb6b48a000 	C:\Program Files\Android\Android Studio\jre\jre\bin\net.dll
0x00007ffb78ed0000 - 0x00007ffb78f37000 	C:\WINDOWS\system32\mswsock.dll
0x00007ffb6b0e0000 - 0x00007ffb6b0f3000 	C:\Program Files\Android\Android Studio\jre\jre\bin\nio.dll
0x00007ffb72730000 - 0x00007ffb72757000 	C:\Users\David Adeyinka\.gradle\native\9f2fa17c089eee584f3420100432f77ec4c098959e4bf121a4d6054c26537dfb\windows-amd64\native-platform.dll
0x00007ffb72690000 - 0x00007ffb7269d000 	C:\Program Files\Android\Android Studio\jre\jre\bin\management.dll
0x00007ffb789e0000 - 0x00007ffb78a13000 	C:\WINDOWS\system32\rsaenh.dll
0x00007ffb7a4e0000 - 0x00007ffb7a506000 	C:\WINDOWS\System32\bcrypt.dll
0x00007ffb79560000 - 0x00007ffb79585000 	C:\WINDOWS\SYSTEM32\USERENV.dll
0x00007ffb790a0000 - 0x00007ffb790ac000 	C:\WINDOWS\SYSTEM32\CRYPTBASE.dll
0x00007ffb78b80000 - 0x00007ffb78bba000 	C:\WINDOWS\SYSTEM32\IPHLPAPI.DLL
0x00007ffb7b280000 - 0x00007ffb7b288000 	C:\WINDOWS\System32\NSI.dll
0x00007ffb6e540000 - 0x00007ffb6e556000 	C:\WINDOWS\SYSTEM32\dhcpcsvc6.DLL
0x00007ffb6e380000 - 0x00007ffb6e39c000 	C:\WINDOWS\SYSTEM32\dhcpcsvc.DLL
0x00007ffb78c70000 - 0x00007ffb78d3b000 	C:\WINDOWS\SYSTEM32\DNSAPI.dll
0x00007ffb6e680000 - 0x00007ffb6e68b000 	C:\WINDOWS\SYSTEM32\WINNSI.DLL
0x00007ffb50b00000 - 0x00007ffb50c96000 	C:\Users\David Adeyinka\.gradle\native\9f2fa17c089eee584f3420100432f77ec4c098959e4bf121a4d6054c26537dfb\windows-amd64\native-platform-file-events.dll

VM Arguments:
jvm_args: -Xmx2048m -Dfile.encoding=UTF-8 -Duser.country=GB -Duser.language=en -Duser.variant 
java_command: org.gradle.launcher.daemon.bootstrap.GradleDaemon 6.6.1
java_class_path (initial): C:\Gradle\gradle-6.6.1\lib\gradle-launcher-6.6.1.jar
Launcher Type: SUN_STANDARD

Environment Variables:
PATH=C:\Program Files (x86)\Common Files\Oracle\Java\javapath;C:\WINDOWS\system32;C:\WINDOWS;C:\WINDOWS\System32\Wbem;C:\WINDOWS\System32\WindowsPowerShell\v1.0\;C:\WINDOWS\System32\OpenSSH\;C:\Program Files (x86)\Git\cmd;C:\Program Files\nodejs\;c:\Program Files (x86)\Microsoft SQL Server\100\Tools\Binn\;c:\Program Files\Microsoft SQL Server\100\Tools\Binn\;c:\Program Files\Microsoft SQL Server\100\DTS\Binn\;C:\Go\bin;C:\Program Files\Microsoft VS Code\bin;C:\Users\David Adeyinka\AppData\Local\Programs\Python\Python37-32\Scripts\;C:\Users\David Adeyinka\AppData\Local\Programs\Python\Python37-32\;C:\Users\David Adeyinka\AppData\Local\Microsoft\WindowsApps;;C:\Program Files\JetBrains\IntelliJ IDEA Community Edition 2019.1.3\bin;;C:\Program Files\Microsoft VS Code\bin;C:\Users\David Adeyinka\AppData\Roaming\npm;C:\Users\David Adeyinka\go\bin
USERNAME=David Adeyinka
OS=Windows_NT
PROCESSOR_IDENTIFIER=Intel64 Family 6 Model 61 Stepping 4, GenuineIntel



---------------  S Y S T E M  ---------------

OS: Windows 10.0 , 64 bit Build 18362 (10.0.18362.1082)

CPU:total 4 (initial active 4) (2 cores per cpu, 2 threads per core) family 6 model 61 stepping 4, cmov, cx8, fxsr, mmx, sse, sse2, sse3, ssse3, sse4.1, sse4.2, popcnt, avx, avx2, aes, clmul, erms, 3dnowpref, lzcnt, ht, tsc, tscinvbit, bmi1, bmi2, adx

Memory: 4k page, physical 8277100k(969956k free), swap 8277100k(5264k free)

vm_info: OpenJDK 64-Bit Server VM (25.242-b01) for windows-amd64 JRE (1.8.0_242-release-1644-b01), built by "builder" with MS VC++ 10.0 (VS2010)

time: Mon Jan 25 13:17:02 2021
timezone: W. Central Africa Standard Time
elapsed time: 18 seconds (0d 0h 0m 18s)

