#
# There is insufficient memory for the Java Runtime Environment to continue.
# Native memory allocation (malloc) failed to allocate 390736 bytes for Chunk::new
# Possible reasons:
#   The system is out of physical RAM or swap space
#   The process is running with CompressedOops enabled, and the Java Heap may be blocking the growth of the native heap
# Possible solutions:
#   Reduce memory load on the system
#   Increase physical memory or swap space
#   Check if swap backing store is full
#   Decrease Java heap size (-Xmx/-Xms)
#   Decrease number of Java threads
#   Decrease Java thread stack sizes (-Xss)
#   Set larger code cache with -XX:ReservedCodeCacheSize=
#   JVM is running with Unscaled Compressed Oops mode in which the Java heap is
#     placed in the first 4GB address space. The Java Heap base address is the
#     maximum limit for the native heap growth. Please use -XX:HeapBaseMinAddress
#     to set the Java Heap base and to place the Java Heap above 4GB virtual address.
# This output file may be truncated or incomplete.
#
#  Out of Memory Error (allocation.cpp:389), pid=6512, tid=0x0000000000002a7c
#
# JRE version: OpenJDK Runtime Environment (8.0_242-b01) (build 1.8.0_242-release-1644-b01)
# Java VM: OpenJDK 64-Bit Server VM (25.242-b01 mixed mode windows-amd64 compressed oops)
# Failed to write core dump. Minidumps are not enabled by default on client versions of Windows
#

---------------  T H R E A D  ---------------

Current thread (0x00000000171cd000):  JavaThread "C2 CompilerThread1" daemon [_thread_in_native, id=10876, stack(0x0000000018930000,0x0000000018a30000)]

Stack: [0x0000000018930000,0x0000000018a30000]
[error occurred during error reporting (printing stack bounds), id 0xc0000005]

Native frames: (J=compiled Java code, j=interpreted, Vv=VM code, C=native code)


Current CompileTask:
C2:  21995 5653       4       org.jetbrains.org.objectweb.asm.ClassReader::readElementValue (1237 bytes)


---------------  P R O C E S S  ---------------

Java Threads: ( => current thread )
  0x000000001721d800 JavaThread "Service Thread" daemon [_thread_blocked, id=4736, stack(0x0000000018f30000,0x0000000019030000)]
  0x00000000171d3800 JavaThread "C1 CompilerThread2" daemon [_thread_in_native, id=15372, stack(0x0000000018a30000,0x0000000018b30000)]
=>0x00000000171cd000 JavaThread "C2 CompilerThread1" daemon [_thread_in_native, id=10876, stack(0x0000000018930000,0x0000000018a30000)]
  0x00000000171c8000 JavaThread "C2 CompilerThread0" daemon [_thread_in_native, id=12080, stack(0x0000000018830000,0x0000000018930000)]
  0x00000000171c6800 JavaThread "Attach Listener" daemon [_thread_blocked, id=15328, stack(0x0000000018730000,0x0000000018830000)]
  0x00000000171c5800 JavaThread "Signal Dispatcher" daemon [_thread_blocked, id=13100, stack(0x0000000018630000,0x0000000018730000)]
  0x000000000263e000 JavaThread "Finalizer" daemon [_thread_blocked, id=9748, stack(0x0000000018420000,0x0000000018520000)]
  0x00000000171a8000 JavaThread "Reference Handler" daemon [_thread_blocked, id=14524, stack(0x0000000018320000,0x0000000018420000)]
  0x0000000002542800 JavaThread "main" [_thread_in_Java, id=2280, stack(0x0000000002440000,0x0000000002540000)]

Other Threads:
  0x0000000017186000 VMThread [stack: 0x0000000018220000,0x0000000018320000] [id=17376]
  0x000000001721e000 WatcherThread [stack: 0x0000000019030000,0x0000000019130000] [id=5940]

VM state:not at safepoint (normal execution)

VM Mutex/Monitor currently owned by a thread: None

heap address: 0x0000000081a00000, size: 2022 MB, Compressed Oops mode: 32-bit
Narrow klass base: 0x0000000000000000, Narrow klass shift: 3
Compressed class space size: 1073741824 Address: 0x0000000100000000

Heap:
 PSYoungGen      total 98816K, used 24853K [0x00000000d5e00000, 0x00000000df180000, 0x0000000100000000)
  eden space 80384K, 8% used [0x00000000d5e00000,0x00000000d64484a0,0x00000000dac80000)
  from space 18432K, 99% used [0x00000000ddf80000,0x00000000df17d0c8,0x00000000df180000)
  to   space 15360K, 0% used [0x00000000dac80000,0x00000000dac80000,0x00000000dbb80000)
 ParOldGen       total 117248K, used 31779K [0x0000000081a00000, 0x0000000088c80000, 0x00000000d5e00000)
  object space 117248K, 27% used [0x0000000081a00000,0x0000000083908dc8,0x0000000088c80000)
 Metaspace       used 50026K, capacity 51000K, committed 51112K, reserved 1093632K
  class space    used 6274K, capacity 6557K, committed 6576K, reserved 1048576K

Card table byte_map: [0x0000000011a10000,0x0000000011e10000] byte_map_base: 0x0000000011603000

Marking Bits: (ParMarkBitMap*) 0x0000000065baf030
 Begin Bits: [0x00000000124c0000, 0x0000000014458000)
 End Bits:   [0x0000000014458000, 0x00000000163f0000)

Polling page: 0x0000000000830000

CodeCache: size=245760Kb used=19364Kb max_used=20144Kb free=226395Kb
 bounds [0x0000000002650000, 0x0000000003a10000, 0x0000000011650000]
 total_blobs=5726 nmethods=5242 adapters=397
 compilation: enabled

Compilation events (10 events):
Event: 21.905 Thread 0x00000000171d3800 nmethod 5669 0x0000000002bdb610 code [0x0000000002bdb7e0, 0x0000000002bdbe88]
Event: 21.905 Thread 0x00000000171d3800 5668       3       org.jetbrains.kotlin.com.intellij.psi.stubs.StubList::addToJoinedChildren (57 bytes)
Event: 21.907 Thread 0x00000000171d3800 nmethod 5668 0x0000000002bd0750 code [0x0000000002bd0960, 0x0000000002bd1128]
Event: 21.907 Thread 0x00000000171d3800 5670       1       org.jetbrains.kotlin.com.intellij.psi.impl.compiled.StubBuildingVisitor$MethodInfo::access$600 (5 bytes)
Event: 21.908 Thread 0x00000000171d3800 nmethod 5670 0x000000000286e190 code [0x000000000286e2e0, 0x000000000286e3d0]
Event: 21.908 Thread 0x00000000171d3800 5671       1       org.jetbrains.kotlin.com.intellij.psi.impl.compiled.StubBuildingVisitor$MethodInfo::access$700 (5 bytes)
Event: 21.908 Thread 0x00000000171d3800 nmethod 5671 0x000000000280b550 code [0x000000000280b6a0, 0x000000000280b790]
Event: 21.908 Thread 0x00000000171d3800 5672       1       org.jetbrains.kotlin.com.intellij.psi.impl.compiled.StubBuildingVisitor$MethodInfo::access$900 (5 bytes)
Event: 21.908 Thread 0x00000000171d3800 nmethod 5672 0x0000000002c6fa90 code [0x0000000002c6fbe0, 0x0000000002c6fcd0]
Event: 21.908 Thread 0x00000000171d3800 5673       3       org.jetbrains.org.objectweb.asm.ClassReader::readCode (5089 bytes)

GC Heap History (10 events):
Event: 10.471 GC heap before
{Heap before GC invocations=6 (full 1):
 PSYoungGen      total 54784K, used 54779K [0x00000000d5e00000, 0x00000000da900000, 0x0000000100000000)
  eden space 49664K, 100% used [0x00000000d5e00000,0x00000000d8e80000,0x00000000d8e80000)
  from space 5120K, 99% used [0x00000000da400000,0x00000000da8fee90,0x00000000da900000)
  to   space 5120K, 0% used [0x00000000d9f00000,0x00000000d9f00000,0x00000000da400000)
 ParOldGen       total 66048K, used 11423K [0x0000000081a00000, 0x0000000085a80000, 0x00000000d5e00000)
  object space 66048K, 17% used [0x0000000081a00000,0x0000000082527d78,0x0000000085a80000)
 Metaspace       used 32102K, capacity 32587K, committed 32944K, reserved 1077248K
  class space    used 4023K, capacity 4181K, committed 4272K, reserved 1048576K
Event: 10.536 GC heap after
Heap after GC invocations=6 (full 1):
 PSYoungGen      total 71680K, used 5091K [0x00000000d5e00000, 0x00000000dcb00000, 0x0000000100000000)
  eden space 66560K, 0% used [0x00000000d5e00000,0x00000000d5e00000,0x00000000d9f00000)
  from space 5120K, 99% used [0x00000000d9f00000,0x00000000da3f8c60,0x00000000da400000)
  to   space 15872K, 0% used [0x00000000dbb80000,0x00000000dbb80000,0x00000000dcb00000)
 ParOldGen       total 66048K, used 22825K [0x0000000081a00000, 0x0000000085a80000, 0x00000000d5e00000)
  object space 66048K, 34% used [0x0000000081a00000,0x000000008304a700,0x0000000085a80000)
 Metaspace       used 32102K, capacity 32587K, committed 32944K, reserved 1077248K
  class space    used 4023K, capacity 4181K, committed 4272K, reserved 1048576K
}
Event: 11.164 GC heap before
{Heap before GC invocations=7 (full 1):
 PSYoungGen      total 71680K, used 15642K [0x00000000d5e00000, 0x00000000dcb00000, 0x0000000100000000)
  eden space 66560K, 15% used [0x00000000d5e00000,0x00000000d684dd80,0x00000000d9f00000)
  from space 5120K, 99% used [0x00000000d9f00000,0x00000000da3f8c60,0x00000000da400000)
  to   space 15872K, 0% used [0x00000000dbb80000,0x00000000dbb80000,0x00000000dcb00000)
 ParOldGen       total 66048K, used 22825K [0x0000000081a00000, 0x0000000085a80000, 0x00000000d5e00000)
  object space 66048K, 34% used [0x0000000081a00000,0x000000008304a700,0x0000000085a80000)
 Metaspace       used 34784K, capacity 35280K, committed 35496K, reserved 1081344K
  class space    used 4372K, capacity 4515K, committed 4528K, reserved 1048576K
Event: 11.188 GC heap after
Heap after GC invocations=7 (full 1):
 PSYoungGen      total 96256K, used 8421K [0x00000000d5e00000, 0x00000000de780000, 0x0000000100000000)
  eden space 80384K, 0% used [0x00000000d5e00000,0x00000000d5e00000,0x00000000dac80000)
  from space 15872K, 53% used [0x00000000dbb80000,0x00000000dc3b96a0,0x00000000dcb00000)
  to   space 15360K, 0% used [0x00000000dac80000,0x00000000dac80000,0x00000000dbb80000)
 ParOldGen       total 66048K, used 22833K [0x0000000081a00000, 0x0000000085a80000, 0x00000000d5e00000)
  object space 66048K, 34% used [0x0000000081a00000,0x000000008304c700,0x0000000085a80000)
 Metaspace       used 34784K, capacity 35280K, committed 35496K, reserved 1081344K
  class space    used 4372K, capacity 4515K, committed 4528K, reserved 1048576K
}
Event: 11.188 GC heap before
{Heap before GC invocations=8 (full 2):
 PSYoungGen      total 96256K, used 8421K [0x00000000d5e00000, 0x00000000de780000, 0x0000000100000000)
  eden space 80384K, 0% used [0x00000000d5e00000,0x00000000d5e00000,0x00000000dac80000)
  from space 15872K, 53% used [0x00000000dbb80000,0x00000000dc3b96a0,0x00000000dcb00000)
  to   space 15360K, 0% used [0x00000000dac80000,0x00000000dac80000,0x00000000dbb80000)
 ParOldGen       total 66048K, used 22833K [0x0000000081a00000, 0x0000000085a80000, 0x00000000d5e00000)
  object space 66048K, 34% used [0x0000000081a00000,0x000000008304c700,0x0000000085a80000)
 Metaspace       used 34784K, capacity 35280K, committed 35496K, reserved 1081344K
  class space    used 4372K, capacity 4515K, committed 4528K, reserved 1048576K
Event: 11.395 GC heap after
Heap after GC invocations=8 (full 2):
 PSYoungGen      total 96256K, used 0K [0x00000000d5e00000, 0x00000000de780000, 0x0000000100000000)
  eden space 80384K, 0% used [0x00000000d5e00000,0x00000000d5e00000,0x00000000dac80000)
  from space 15872K, 0% used [0x00000000dbb80000,0x00000000dbb80000,0x00000000dcb00000)
  to   space 15360K, 0% used [0x00000000dac80000,0x00000000dac80000,0x00000000dbb80000)
 ParOldGen       total 117248K, used 24852K [0x0000000081a00000, 0x0000000088c80000, 0x00000000d5e00000)
  object space 117248K, 21% used [0x0000000081a00000,0x0000000083245020,0x0000000088c80000)
 Metaspace       used 34784K, capacity 35280K, committed 35496K, reserved 1081344K
  class space    used 4372K, capacity 4515K, committed 4528K, reserved 1048576K
}
Event: 14.271 GC heap before
{Heap before GC invocations=9 (full 2):
 PSYoungGen      total 96256K, used 80384K [0x00000000d5e00000, 0x00000000de780000, 0x0000000100000000)
  eden space 80384K, 100% used [0x00000000d5e00000,0x00000000dac80000,0x00000000dac80000)
  from space 15872K, 0% used [0x00000000dbb80000,0x00000000dbb80000,0x00000000dcb00000)
  to   space 15360K, 0% used [0x00000000dac80000,0x00000000dac80000,0x00000000dbb80000)
 ParOldGen       total 117248K, used 24852K [0x0000000081a00000, 0x0000000088c80000, 0x00000000d5e00000)
  object space 117248K, 21% used [0x0000000081a00000,0x0000000083245020,0x0000000088c80000)
 Metaspace       used 43438K, capacity 44196K, committed 44456K, reserved 1087488K
  class space    used 5462K, capacity 5691K, committed 5808K, reserved 1048576K
Event: 14.339 GC heap after
Heap after GC invocations=9 (full 2):
 PSYoungGen      total 95744K, used 15330K [0x00000000d5e00000, 0x00000000df180000, 0x0000000100000000)
  eden space 80384K, 0% used [0x00000000d5e00000,0x00000000d5e00000,0x00000000dac80000)
  from space 15360K, 99% used [0x00000000dac80000,0x00000000dbb78830,0x00000000dbb80000)
  to   space 18432K, 0% used [0x00000000ddf80000,0x00000000ddf80000,0x00000000df180000)
 ParOldGen       total 117248K, used 26410K [0x0000000081a00000, 0x0000000088c80000, 0x00000000d5e00000)
  object space 117248K, 22% used [0x0000000081a00000,0x00000000833ca930,0x0000000088c80000)
 Metaspace       used 43438K, capacity 44196K, committed 44456K, reserved 1087488K
  class space    used 5462K, capacity 5691K, committed 5808K, reserved 1048576K
}
Event: 20.905 GC heap before
{Heap before GC invocations=10 (full 2):
 PSYoungGen      total 95744K, used 95714K [0x00000000d5e00000, 0x00000000df180000, 0x0000000100000000)
  eden space 80384K, 100% used [0x00000000d5e00000,0x00000000dac80000,0x00000000dac80000)
  from space 15360K, 99% used [0x00000000dac80000,0x00000000dbb78830,0x00000000dbb80000)
  to   space 18432K, 0% used [0x00000000ddf80000,0x00000000ddf80000,0x00000000df180000)
 ParOldGen       total 117248K, used 26410K [0x0000000081a00000, 0x0000000088c80000, 0x00000000d5e00000)
  object space 117248K, 22% used [0x0000000081a00000,0x00000000833ca930,0x0000000088c80000)
 Metaspace       used 48832K, capacity 49746K, committed 50216K, reserved 1093632K
  class space    used 6055K, capacity 6324K, committed 6448K, reserved 1048576K
Event: 21.084 GC heap after
Heap after GC invocations=10 (full 2):
 PSYoungGen      total 98816K, used 18420K [0x00000000d5e00000, 0x00000000df180000, 0x0000000100000000)
  eden space 80384K, 0% used [0x00000000d5e00000,0x00000000d5e00000,0x00000000dac80000)
  from space 18432K, 99% used [0x00000000ddf80000,0x00000000df17d0c8,0x00000000df180000)
  to   space 15360K, 0% used [0x00000000dac80000,0x00000000dac80000,0x00000000dbb80000)
 ParOldGen       total 117248K, used 31779K [0x0000000081a00000, 0x0000000088c80000, 0x00000000d5e00000)
  object space 117248K, 27% used [0x0000000081a00000,0x0000000083908dc8,0x0000000088c80000)
 Metaspace       used 48832K, capacity 49746K, committed 50216K, reserved 1093632K
  class space    used 6055K, capacity 6324K, committed 6448K, reserved 1048576K
}

Deoptimization events (10 events):
Event: 21.692 Thread 0x0000000002542800 Uncommon trap: reason=class_check action=maybe_recompile pc=0x00000000039c964c method=org.jetbrains.kotlin.com.intellij.lang.java.lexer.JavaLexer.charAt(I)C @ 21
Event: 21.693 Thread 0x0000000002542800 Uncommon trap: reason=class_check action=maybe_recompile pc=0x00000000039c964c method=org.jetbrains.kotlin.com.intellij.lang.java.lexer.JavaLexer.charAt(I)C @ 21
Event: 21.693 Thread 0x0000000002542800 Uncommon trap: reason=class_check action=maybe_recompile pc=0x00000000039c964c method=org.jetbrains.kotlin.com.intellij.lang.java.lexer.JavaLexer.charAt(I)C @ 21
Event: 21.693 Thread 0x0000000002542800 Uncommon trap: reason=class_check action=maybe_recompile pc=0x00000000039c964c method=org.jetbrains.kotlin.com.intellij.lang.java.lexer.JavaLexer.charAt(I)C @ 21
Event: 21.703 Thread 0x0000000002542800 Uncommon trap: reason=unstable_if action=reinterpret pc=0x00000000027ffc20 method=gnu.trove.TIntObjectHashMap.isRemoved([Ljava/lang/Object;I)Z @ 6
Event: 21.830 Thread 0x0000000002542800 Uncommon trap: reason=bimorphic action=maybe_recompile pc=0x00000000036a44ec method=org.jetbrains.org.objectweb.asm.ClassReader.readElementValue(Lorg/jetbrains/org/objectweb/asm/AnnotationVisitor;ILjava/lang/String;[C)I @ 1208
Event: 21.830 Thread 0x0000000002542800 Uncommon trap: reason=class_check action=maybe_recompile pc=0x00000000036a4344 method=org.jetbrains.org.objectweb.asm.ClassReader.readElementValue(Lorg/jetbrains/org/objectweb/asm/AnnotationVisitor;ILjava/lang/String;[C)I @ 556
Event: 21.831 Thread 0x0000000002542800 Uncommon trap: reason=bimorphic action=maybe_recompile pc=0x00000000036a4450 method=org.jetbrains.org.objectweb.asm.ClassReader.readElementValue(Lorg/jetbrains/org/objectweb/asm/AnnotationVisitor;ILjava/lang/String;[C)I @ 398
Event: 21.831 Thread 0x0000000002542800 Uncommon trap: reason=class_check action=maybe_recompile pc=0x00000000036a4344 method=org.jetbrains.org.objectweb.asm.ClassReader.readElementValue(Lorg/jetbrains/org/objectweb/asm/AnnotationVisitor;ILjava/lang/String;[C)I @ 556
Event: 21.832 Thread 0x0000000002542800 Uncommon trap: reason=bimorphic action=maybe_recompile pc=0x00000000036a4450 method=org.jetbrains.org.objectweb.asm.ClassReader.readElementValue(Lorg/jetbrains/org/objectweb/asm/AnnotationVisitor;ILjava/lang/String;[C)I @ 398

Classes redefined (0 events):
No events

Internal exceptions (10 events):
Event: 20.398 Thread 0x0000000002542800 Implicit null exception at 0x0000000002e832cc to 0x0000000002e833a9
Event: 20.424 Thread 0x0000000002542800 Exception <a 'java/lang/NoSuchMethodError': java.lang.Object.lambda$static$0(I)[Lorg/jetbrains/kotlin/com/intellij/psi/PsiMethod;> (0x00000000daa045c8) thrown at [C:\src\AOSP-openjdk-git\hotspot\src\share\vm\interpreter\linkResolver.cpp, line 620]
Event: 20.480 Thread 0x0000000002542800 Exception <a 'java/lang/NoSuchMethodError': java.lang.Object.lambda$static$0(I)[Lorg/jetbrains/kotlin/com/intellij/psi/PsiField;> (0x00000000daa904c8) thrown at [C:\src\AOSP-openjdk-git\hotspot\src\share\vm\interpreter\linkResolver.cpp, line 620]
Event: 20.536 Thread 0x0000000002542800 Exception <a 'java/lang/NoSuchMethodError': java.lang.Object.lambda$static$0(I)[Lorg/jetbrains/kotlin/com/intellij/psi/PsiJavaCodeReferenceElement;> (0x00000000dab006b8) thrown at [C:\src\AOSP-openjdk-git\hotspot\src\share\vm\interpreter\linkResolver.cpp,
Event: 21.415 Thread 0x0000000002542800 Exception <a 'java/lang/NoSuchMethodError': java.lang.Object.lambda$static$0()Lorg/jetbrains/kotlin/com/intellij/psi/PsiSubstitutor;> (0x00000000d5f5fc18) thrown at [C:\src\AOSP-openjdk-git\hotspot\src\share\vm\interpreter\linkResolver.cpp, line 620]
Event: 21.491 Thread 0x0000000002542800 Exception <a 'java/lang/NoSuchMethodError': java.lang.Object.lambda$static$0(I)[Lorg/jetbrains/kotlin/com/intellij/psi/PsiImportStatementBase;> (0x00000000d60669d8) thrown at [C:\src\AOSP-openjdk-git\hotspot\src\share\vm\interpreter\linkResolver.cpp, line
Event: 21.526 Thread 0x0000000002542800 Exception <a 'java/lang/NoSuchMethodError': java.lang.Object.lambda$static$0(I)I> (0x00000000d60b9000) thrown at [C:\src\AOSP-openjdk-git\hotspot\src\share\vm\interpreter\linkResolver.cpp, line 620]
Event: 21.551 Thread 0x0000000002542800 Exception <a 'java/lang/NoSuchMethodError': java.lang.Object.lambda$static$0(I)[Lorg/jetbrains/kotlin/com/intellij/psi/PsiParameter;> (0x00000000d60ec138) thrown at [C:\src\AOSP-openjdk-git\hotspot\src\share\vm\interpreter\linkResolver.cpp, line 620]
Event: 21.724 Thread 0x0000000002542800 Exception <a 'java/lang/NoSuchMethodError': java.lang.Object.lambda$static$0(I)[Lorg/jetbrains/kotlin/com/intellij/psi/PsiNameValuePair;> (0x00000000d629d200) thrown at [C:\src\AOSP-openjdk-git\hotspot\src\share\vm\interpreter\linkResolver.cpp, line 620]
Event: 21.738 Thread 0x0000000002542800 Exception <a 'java/lang/NoSuchMethodError': java.lang.Object.lambda$static$0(I)[Lorg/jetbrains/kotlin/com/intellij/psi/PsiAnnotationMemberValue;> (0x00000000d62b8f50) thrown at [C:\src\AOSP-openjdk-git\hotspot\src\share\vm\interpreter\linkResolver.cpp, li

Events (10 events):
Event: 21.830 loading class org/jetbrains/kotlin/com/intellij/psi/impl/compiled/StubBuildingVisitor$AnnotationTextCollector done
Event: 21.831 Thread 0x0000000002542800 Uncommon trap: trap_request=0xffffffc6 fr.pc=0x00000000036a4450
Event: 21.831 Thread 0x0000000002542800 DEOPT PACKING pc=0x00000000036a4450 sp=0x0000000002538b40
Event: 21.831 Thread 0x0000000002542800 DEOPT UNPACKING pc=0x000000000269557b sp=0x0000000002538ac8 mode 2
Event: 21.831 Thread 0x0000000002542800 Uncommon trap: trap_request=0xffffffde fr.pc=0x00000000036a4344
Event: 21.831 Thread 0x0000000002542800 DEOPT PACKING pc=0x00000000036a4344 sp=0x0000000002538d00
Event: 21.831 Thread 0x0000000002542800 DEOPT UNPACKING pc=0x000000000269557b sp=0x0000000002538c80 mode 2
Event: 21.832 Thread 0x0000000002542800 Uncommon trap: trap_request=0xffffffc6 fr.pc=0x00000000036a4450
Event: 21.832 Thread 0x0000000002542800 DEOPT PACKING pc=0x00000000036a4450 sp=0x0000000002538b40
Event: 21.832 Thread 0x0000000002542800 DEOPT UNPACKING pc=0x000000000269557b sp=0x0000000002538ac8 mode 2


Dynamic libraries:
0x00007ff67fe70000 - 0x00007ff67fea1000 	C:\Program Files\Android\Android Studio\jre\jre\bin\java.exe
0x00007ff9c82e0000 - 0x00007ff9c84d0000 	C:\WINDOWS\SYSTEM32\ntdll.dll
0x00007ff9c8080000 - 0x00007ff9c8132000 	C:\WINDOWS\System32\KERNEL32.DLL
0x00007ff9c6090000 - 0x00007ff9c6335000 	C:\WINDOWS\System32\KERNELBASE.dll
0x00007ff9c71d0000 - 0x00007ff9c7273000 	C:\WINDOWS\System32\ADVAPI32.dll
0x00007ff9c6390000 - 0x00007ff9c642e000 	C:\WINDOWS\System32\msvcrt.dll
0x00007ff9c6d20000 - 0x00007ff9c6db7000 	C:\WINDOWS\System32\sechost.dll
0x00007ff9c7280000 - 0x00007ff9c73a0000 	C:\WINDOWS\System32\RPCRT4.dll
0x00007ff9c73a0000 - 0x00007ff9c7535000 	C:\WINDOWS\System32\USER32.dll
0x00007ff9c6340000 - 0x00007ff9c6361000 	C:\WINDOWS\System32\win32u.dll
0x00007ff9c6a80000 - 0x00007ff9c6aa6000 	C:\WINDOWS\System32\GDI32.dll
0x00007ff9c52f0000 - 0x00007ff9c5486000 	C:\WINDOWS\System32\gdi32full.dll
0x00007ff9c5ef0000 - 0x00007ff9c5f8e000 	C:\WINDOWS\System32\msvcp_win.dll
0x00007ff9c5c70000 - 0x00007ff9c5d6a000 	C:\WINDOWS\System32\ucrtbase.dll
0x00007ff9b7d10000 - 0x00007ff9b7f94000 	C:\WINDOWS\WinSxS\amd64_microsoft.windows.common-controls_6595b64144ccf1df_6.0.18362.1082_none_9e8193e1e45b25c1\COMCTL32.dll
0x00007ff9c6dc0000 - 0x00007ff9c70f5000 	C:\WINDOWS\System32\combase.dll
0x00007ff9c5270000 - 0x00007ff9c52f0000 	C:\WINDOWS\System32\bcryptPrimitives.dll
0x00007ff9c8210000 - 0x00007ff9c823e000 	C:\WINDOWS\System32\IMM32.DLL
0x0000000065150000 - 0x0000000065222000 	C:\Program Files\Android\Android Studio\jre\jre\bin\msvcr100.dll
0x00000000653e0000 - 0x0000000065c2b000 	C:\Program Files\Android\Android Studio\jre\jre\bin\server\jvm.dll
0x00007ff9c6430000 - 0x00007ff9c6438000 	C:\WINDOWS\System32\PSAPI.DLL
0x00007ff9c2d20000 - 0x00007ff9c2d29000 	C:\WINDOWS\SYSTEM32\WSOCK32.dll
0x00007ff9c2c50000 - 0x00007ff9c2c74000 	C:\WINDOWS\SYSTEM32\WINMM.dll
0x00007ff9c7100000 - 0x00007ff9c716f000 	C:\WINDOWS\System32\WS2_32.dll
0x00007ff9b80b0000 - 0x00007ff9b80ba000 	C:\WINDOWS\SYSTEM32\VERSION.dll
0x00007ff9c2c20000 - 0x00007ff9c2c4d000 	C:\WINDOWS\SYSTEM32\winmmbase.dll
0x00007ff9c5f90000 - 0x00007ff9c5fda000 	C:\WINDOWS\System32\cfgmgr32.dll
0x00007ff9c2cb0000 - 0x00007ff9c2cbf000 	C:\Program Files\Android\Android Studio\jre\jre\bin\verify.dll
0x00007ff9c11d0000 - 0x00007ff9c11f9000 	C:\Program Files\Android\Android Studio\jre\jre\bin\java.dll
0x00007ff9bef00000 - 0x00007ff9bef16000 	C:\Program Files\Android\Android Studio\jre\jre\bin\zip.dll
0x00007ff9c7710000 - 0x00007ff9c7df7000 	C:\WINDOWS\System32\SHELL32.dll
0x00007ff9c6c70000 - 0x00007ff9c6d19000 	C:\WINDOWS\System32\shcore.dll
0x00007ff9c54f0000 - 0x00007ff9c5c70000 	C:\WINDOWS\System32\windows.storage.dll
0x00007ff9c5240000 - 0x00007ff9c5263000 	C:\WINDOWS\System32\profapi.dll
0x00007ff9c51d0000 - 0x00007ff9c521a000 	C:\WINDOWS\System32\powrprof.dll
0x00007ff9c51a0000 - 0x00007ff9c51b0000 	C:\WINDOWS\System32\UMPDC.dll
0x00007ff9c8240000 - 0x00007ff9c8292000 	C:\WINDOWS\System32\shlwapi.dll
0x00007ff9c5220000 - 0x00007ff9c5231000 	C:\WINDOWS\System32\kernel.appcore.dll
0x00007ff9c6370000 - 0x00007ff9c6387000 	C:\WINDOWS\System32\cryptsp.dll
0x00007ff9beee0000 - 0x00007ff9beefa000 	C:\Program Files\Android\Android Studio\jre\jre\bin\net.dll
0x00007ff9c4990000 - 0x00007ff9c49f7000 	C:\WINDOWS\system32\mswsock.dll
0x00007ff9bebd0000 - 0x00007ff9bebe3000 	C:\Program Files\Android\Android Studio\jre\jre\bin\nio.dll

VM Arguments:
java_command: org.jetbrains.kotlin.cli.jvm.K2JVMCompiler @C:\Users\David Adeyinka\AndroidStudioProjects\ToDoPlanner\app\build\20210112_3250033370800940496.compiler.options
java_class_path (initial): C:\Users\David Adeyinka\.gradle\caches\modules-2\files-2.1\org.jetbrains.kotlin\kotlin-compiler-embeddable\1.4.10\38c4b99d5d5362debdd9302a866730379aa2328a\kotlin-compiler-embeddable-1.4.10.jar;C:\Users\David Adeyinka\.gradle\caches\modules-2\files-2.1\org.jetbrains.kotlin\kotlin-reflect\1.4.10\e2b3c6695eee6085e606d96d685396dce23a3a06\kotlin-reflect-1.4.10.jar;C:\Users\David Adeyinka\.gradle\caches\modules-2\files-2.1\org.jetbrains.kotlin\kotlin-stdlib\1.4.10\ea29e063d2bbe695be13e9d044dcfb0c7add398e\kotlin-stdlib-1.4.10.jar;C:\Users\David Adeyinka\.gradle\caches\modules-2\files-2.1\org.jetbrains.kotlin\kotlin-script-runtime\1.4.10\7c19d9c2001e016cd7664cebe9eea66fc04a7f4f\kotlin-script-runtime-1.4.10.jar;C:\Users\David Adeyinka\.gradle\caches\modules-2\files-2.1\org.jetbrains.kotlin\kotlin-daemon-embeddable\1.4.10\dbd67f42bed28043d17d7c860b06110a00a45970\kotlin-daemon-embeddable-1.4.10.jar;C:\Users\David Adeyinka\.gradle\caches\modules-2\files-2.1\org.jetbrains.intellij.deps\trove4j\1.0.20181211\216c2e14b070f334479d800987affe4054cd563f\trove4j-1.0.20181211.jar;C:\Users\David Adeyinka\.gradle\caches\modules-2\files-2.1\org.jetbrains.kotlin\kotlin-stdlib-common\1.4.10\6229be3465805c99db1142ad75e6c6ddeac0b04c\kotlin-stdlib-common-1.4.10.jar;C:\Users\David Adeyinka\.gradle\caches\modules-2\files-2.1\org.jetbrains\annotations\13.0\919f0dfe192fb4e063e7dacadee7f8bb9a2672a9\annotations-13.0.jar;C:\Program Files\Android\Android Studio\jre\lib\tools.jar
Launcher Type: SUN_STANDARD

Environment Variables:
PATH=C:\Program Files (x86)\Common Files\Oracle\Java\javapath;C:\WINDOWS\system32;C:\WINDOWS;C:\WINDOWS\System32\Wbem;C:\WINDOWS\System32\WindowsPowerShell\v1.0\;C:\WINDOWS\System32\OpenSSH\;C:\Program Files (x86)\Git\cmd;C:\Program Files\nodejs\;c:\Program Files (x86)\Microsoft SQL Server\100\Tools\Binn\;c:\Program Files\Microsoft SQL Server\100\Tools\Binn\;c:\Program Files\Microsoft SQL Server\100\DTS\Binn\;C:\Users\David Adeyinka\AppData\Local\Programs\Python\Python37-32\Scripts\;C:\Users\David Adeyinka\AppData\Local\Programs\Python\Python37-32\;C:\Users\David Adeyinka\AppData\Local\Microsoft\WindowsApps;;C:\Program Files\JetBrains\IntelliJ IDEA Community Edition 2019.1.3\bin;;C:\Program Files\Microsoft VS Code\bin;C:\Users\David Adeyinka\AppData\Roaming\npm
USERNAME=David Adeyinka
OS=Windows_NT
PROCESSOR_IDENTIFIER=Intel64 Family 6 Model 61 Stepping 4, GenuineIntel



---------------  S Y S T E M  ---------------

OS: Windows 10.0 , 64 bit Build 18362 (10.0.18362.1082)

CPU:total 4 (initial active 4) (2 cores per cpu, 2 threads per core) family 6 model 61 stepping 4, cmov, cx8, fxsr, mmx, sse, sse2, sse3, ssse3, sse4.1, sse4.2, popcnt, avx, avx2, aes, clmul, erms, 3dnowpref, lzcnt, ht, tsc, tscinvbit, bmi1, bmi2, adx

Memory: 4k page, physical 8277100k(906964k free), swap 8277100k(5448k free)

vm_info: OpenJDK 64-Bit Server VM (25.242-b01) for windows-amd64 JRE (1.8.0_242-release-1644-b01), built by "builder" with MS VC++ 10.0 (VS2010)

time: Tue Jan 12 22:03:50 2021
timezone: W. Central Africa Standard Time
elapsed time: 22 seconds (0d 0h 0m 22s)

