#
# There is insufficient memory for the Java Runtime Environment to continue.
# Native memory allocation (malloc) failed to allocate 1288352 bytes for Chunk::new
# Possible reasons:
#   The system is out of physical RAM or swap space
#   The process is running with CompressedOops enabled, and the Java Heap may be blocking the growth of the native heap
# Possible solutions:
#   Reduce memory load on the system
#   Increase physical memory or swap space
#   Check if swap backing store is full
#   Decrease Java heap size (-Xmx/-Xms)
#   Decrease number of Java threads
#   Decrease Java thread stack sizes (-Xss)
#   Set larger code cache with -XX:ReservedCodeCacheSize=
#   JVM is running with Unscaled Compressed Oops mode in which the Java heap is
#     placed in the first 4GB address space. The Java Heap base address is the
#     maximum limit for the native heap growth. Please use -XX:HeapBaseMinAddress
#     to set the Java Heap base and to place the Java Heap above 4GB virtual address.
# This output file may be truncated or incomplete.
#
#  Out of Memory Error (allocation.cpp:389), pid=10816, tid=0x0000000000001dac
#
# JRE version: OpenJDK Runtime Environment (8.0_242-b01) (build 1.8.0_242-release-1644-b01)
# Java VM: OpenJDK 64-Bit Server VM (25.242-b01 mixed mode windows-amd64 compressed oops)
# Failed to write core dump. Minidumps are not enabled by default on client versions of Windows
#

---------------  T H R E A D  ---------------

Current thread (0x00000000172b6000):  JavaThread "C2 CompilerThread0" daemon [_thread_in_native, id=7596, stack(0x0000000018900000,0x0000000018a00000)]

Stack: [0x0000000018900000,0x0000000018a00000]
[error occurred during error reporting (printing stack bounds), id 0xc0000005]

Native frames: (J=compiled Java code, j=interpreted, Vv=VM code, C=native code)


Current CompileTask:
C2:  95761 5591   !   4       java.net.URLClassLoader$1::run (63 bytes)


---------------  P R O C E S S  ---------------

Java Threads: ( => current thread )
  0x000000001eccc800 JavaThread "Cache worker for file content cache (C:\Users\David Adeyinka\AndroidStudioProjects\ToDoPlanner\.gradle\6.6.1\fileContent)" [_thread_blocked, id=6736, stack(0x000000002ab90000,0x000000002ac90000)]
  0x000000001eccf800 JavaThread "Memory manager" [_thread_blocked, id=11708, stack(0x000000001cc80000,0x000000001cd80000)]
  0x000000001eccb800 JavaThread "pool-1-thread-1" [_thread_blocked, id=11160, stack(0x00000000286c0000,0x00000000287c0000)]
  0x000000001eccb000 JavaThread "jar transforms Thread 114" [_thread_blocked, id=9028, stack(0x00000000283c0000,0x00000000284c0000)]
  0x000000001ecd0000 JavaThread "jar transforms Thread 113" [_thread_blocked, id=11444, stack(0x00000000282c0000,0x00000000283c0000)]
  0x000000001ecce800 JavaThread "jar transforms Thread 112" [_thread_blocked, id=8660, stack(0x00000000281c0000,0x00000000282c0000)]
  0x000000001ecca000 JavaThread "jar transforms Thread 111" [_thread_blocked, id=4408, stack(0x00000000280c0000,0x00000000281c0000)]
  0x000000001eccd000 JavaThread "jar transforms Thread 110" [_thread_blocked, id=11040, stack(0x0000000027fc0000,0x00000000280c0000)]
  0x000000001ecc2800 JavaThread "jar transforms Thread 109" [_thread_blocked, id=6668, stack(0x0000000027ec0000,0x0000000027fc0000)]
  0x000000001ecc9800 JavaThread "jar transforms Thread 108" [_thread_blocked, id=7524, stack(0x0000000027dc0000,0x0000000027ec0000)]
  0x000000001ecc2000 JavaThread "jar transforms Thread 107" [_thread_blocked, id=11992, stack(0x0000000027cc0000,0x0000000027dc0000)]
  0x000000001ecc5000 JavaThread "jar transforms Thread 106" [_thread_blocked, id=13040, stack(0x0000000027bc0000,0x0000000027cc0000)]
  0x000000001ecc7000 JavaThread "jar transforms Thread 105" [_thread_blocked, id=7904, stack(0x0000000027ac0000,0x0000000027bc0000)]
  0x000000001ecc8800 JavaThread "jar transforms Thread 104" [_thread_blocked, id=6764, stack(0x00000000279c0000,0x0000000027ac0000)]
  0x000000001ecc4000 JavaThread "jar transforms Thread 103" [_thread_blocked, id=5272, stack(0x00000000278c0000,0x00000000279c0000)]
  0x000000001ecc1000 JavaThread "jar transforms Thread 102" [_thread_blocked, id=11348, stack(0x00000000277c0000,0x00000000278c0000)]
  0x000000001ecc8000 JavaThread "jar transforms Thread 101" [_thread_blocked, id=10368, stack(0x00000000276c0000,0x00000000277c0000)]
  0x000000001ecc3800 JavaThread "jar transforms Thread 100" [_thread_blocked, id=8172, stack(0x00000000275c0000,0x00000000276c0000)]
  0x000000001ecc6800 JavaThread "jar transforms Thread 99" [_thread_blocked, id=344, stack(0x00000000274c0000,0x00000000275c0000)]
  0x000000001ecc5800 JavaThread "jar transforms Thread 98" [_thread_blocked, id=8992, stack(0x00000000273c0000,0x00000000274c0000)]
  0x000000001dc44000 JavaThread "jar transforms Thread 97" [_thread_blocked, id=6336, stack(0x00000000272c0000,0x00000000273c0000)]
  0x000000001dc3c800 JavaThread "jar transforms Thread 96" [_thread_blocked, id=7824, stack(0x00000000271c0000,0x00000000272c0000)]
  0x000000001dc43800 JavaThread "jar transforms Thread 95" [_thread_blocked, id=5072, stack(0x00000000270c0000,0x00000000271c0000)]
  0x000000001dc3c000 JavaThread "jar transforms Thread 94" [_thread_blocked, id=6212, stack(0x0000000026fc0000,0x00000000270c0000)]
  0x000000001dc42800 JavaThread "jar transforms Thread 93" [_thread_blocked, id=7056, stack(0x0000000026ec0000,0x0000000026fc0000)]
  0x000000001dc3b000 JavaThread "jar transforms Thread 92" [_thread_blocked, id=8396, stack(0x0000000026dc0000,0x0000000026ec0000)]
  0x000000001dc40800 JavaThread "jar transforms Thread 91" [_thread_blocked, id=5668, stack(0x0000000026cc0000,0x0000000026dc0000)]
  0x000000001dc42000 JavaThread "jar transforms Thread 90" [_thread_blocked, id=10764, stack(0x0000000026ac0000,0x0000000026bc0000)]
  0x000000001dc41000 JavaThread "jar transforms Thread 89" [_thread_blocked, id=6288, stack(0x00000000269c0000,0x0000000026ac0000)]
  0x000000001dc3a800 JavaThread "jar transforms Thread 88" [_thread_blocked, id=1264, stack(0x00000000268c0000,0x00000000269c0000)]
  0x000000001dc3f800 JavaThread "jar transforms Thread 87" [_thread_blocked, id=7792, stack(0x00000000267c0000,0x00000000268c0000)]
  0x000000001dc3e000 JavaThread "jar transforms Thread 86" [_thread_blocked, id=6868, stack(0x00000000266c0000,0x00000000267c0000)]
  0x000000001dc3d800 JavaThread "jar transforms Thread 85" [_thread_blocked, id=5588, stack(0x00000000265c0000,0x00000000266c0000)]
  0x000000001dc39000 JavaThread "jar transforms Thread 84" [_thread_blocked, id=9664, stack(0x00000000264c0000,0x00000000265c0000)]
  0x000000001dc38000 JavaThread "jar transforms Thread 83" [_thread_blocked, id=1568, stack(0x00000000263c0000,0x00000000264c0000)]
  0x000000001dc3f000 JavaThread "jar transforms Thread 82" [_thread_blocked, id=12144, stack(0x00000000262c0000,0x00000000263c0000)]
  0x000000001dc39800 JavaThread "jar transforms Thread 81" [_thread_blocked, id=6860, stack(0x00000000261c0000,0x00000000262c0000)]
  0x000000001dc36800 JavaThread "jar transforms Thread 80" [_thread_blocked, id=8580, stack(0x00000000260c0000,0x00000000261c0000)]
  0x000000001dc35000 JavaThread "jar transforms Thread 79" [_thread_blocked, id=5644, stack(0x0000000025fc0000,0x00000000260c0000)]
  0x000000001dc36000 JavaThread "jar transforms Thread 78" [_thread_blocked, id=6944, stack(0x0000000025ec0000,0x0000000025fc0000)]
  0x000000001dc37800 JavaThread "jar transforms Thread 77" [_thread_blocked, id=1872, stack(0x0000000025dc0000,0x0000000025ec0000)]
  0x000000001eff2000 JavaThread "jar transforms Thread 76" [_thread_blocked, id=12284, stack(0x0000000025cc0000,0x0000000025dc0000)]
  0x000000001eff0800 JavaThread "jar transforms Thread 75" [_thread_blocked, id=3856, stack(0x0000000025bc0000,0x0000000025cc0000)]
  0x000000001efef800 JavaThread "jar transforms Thread 74" [_thread_blocked, id=12464, stack(0x0000000025ac0000,0x0000000025bc0000)]
  0x000000001eff3800 JavaThread "jar transforms Thread 73" [_thread_blocked, id=9236, stack(0x00000000259c0000,0x0000000025ac0000)]
  0x000000001eff2800 JavaThread "jar transforms Thread 72" [_thread_blocked, id=5388, stack(0x00000000258c0000,0x00000000259c0000)]
  0x000000001eff6800 JavaThread "jar transforms Thread 71" [_thread_blocked, id=1196, stack(0x00000000257c0000,0x00000000258c0000)]
  0x000000001eff5000 JavaThread "jar transforms Thread 70" [_thread_blocked, id=8340, stack(0x00000000256c0000,0x00000000257c0000)]
  0x000000001eff4000 JavaThread "jar transforms Thread 69" [_thread_blocked, id=2900, stack(0x00000000255c0000,0x00000000256c0000)]
  0x000000001eff5800 JavaThread "jar transforms Thread 68" [_thread_blocked, id=896, stack(0x00000000254c0000,0x00000000255c0000)]
  0x000000001eff1000 JavaThread "jar transforms Thread 67" [_thread_blocked, id=10472, stack(0x00000000253c0000,0x00000000254c0000)]
  0x000000001efe8000 JavaThread "jar transforms Thread 66" [_thread_blocked, id=6560, stack(0x00000000252c0000,0x00000000253c0000)]
  0x000000001efef000 JavaThread "jar transforms Thread 65" [_thread_blocked, id=10808, stack(0x00000000251c0000,0x00000000252c0000)]
  0x000000001efe7800 JavaThread "jar transforms Thread 64" [_thread_blocked, id=4036, stack(0x00000000250c0000,0x00000000251c0000)]
  0x000000001efeb000 JavaThread "jar transforms Thread 63" [_thread_blocked, id=8208, stack(0x0000000024fc0000,0x00000000250c0000)]
  0x000000001efee000 JavaThread "jar transforms Thread 62" [_thread_blocked, id=13008, stack(0x0000000024ec0000,0x0000000024fc0000)]
  0x000000001efea800 JavaThread "jar transforms Thread 61" [_thread_blocked, id=1520, stack(0x0000000024dc0000,0x0000000024ec0000)]
  0x000000001efed800 JavaThread "jar transforms Thread 60" [_thread_blocked, id=11280, stack(0x0000000024cc0000,0x0000000024dc0000)]
  0x000000001efec800 JavaThread "jar transforms Thread 59" [_thread_blocked, id=8092, stack(0x0000000024bc0000,0x0000000024cc0000)]
  0x000000001efec000 JavaThread "jar transforms Thread 58" [_thread_blocked, id=3676, stack(0x0000000024ac0000,0x0000000024bc0000)]
  0x000000001efe9800 JavaThread "jar transforms Thread 57" [_thread_blocked, id=9820, stack(0x00000000249c0000,0x0000000024ac0000)]
  0x000000001efe9000 JavaThread "jar transforms Thread 56" [_thread_blocked, id=5688, stack(0x00000000248c0000,0x00000000249c0000)]
  0x000000001ea84000 JavaThread "jar transforms Thread 55" [_thread_blocked, id=5844, stack(0x00000000247c0000,0x00000000248c0000)]
  0x000000001ea83800 JavaThread "jar transforms Thread 54" [_thread_blocked, id=8212, stack(0x00000000246c0000,0x00000000247c0000)]
  0x000000001ea82800 JavaThread "jar transforms Thread 53" [_thread_blocked, id=6028, stack(0x00000000245c0000,0x00000000246c0000)]
  0x000000001ea82000 JavaThread "jar transforms Thread 52" [_thread_blocked, id=704, stack(0x00000000244c0000,0x00000000245c0000)]
  0x000000001ea81000 JavaThread "jar transforms Thread 51" [_thread_blocked, id=10388, stack(0x00000000243c0000,0x00000000244c0000)]
  0x000000001ea7f800 JavaThread "jar transforms Thread 50" [_thread_blocked, id=5524, stack(0x00000000242c0000,0x00000000243c0000)]
  0x000000001ea7f000 JavaThread "jar transforms Thread 49" [_thread_blocked, id=6508, stack(0x00000000241c0000,0x00000000242c0000)]
  0x000000001ea85000 JavaThread "jar transforms Thread 48" [_thread_blocked, id=7468, stack(0x00000000240c0000,0x00000000241c0000)]
  0x000000001ea85800 JavaThread "jar transforms Thread 47" [_thread_blocked, id=7656, stack(0x0000000023fc0000,0x00000000240c0000)]
  0x000000001ea80800 JavaThread "jar transforms Thread 46" [_thread_blocked, id=11848, stack(0x0000000023ec0000,0x0000000023fc0000)]
  0x000000001ea78000 JavaThread "jar transforms Thread 45" [_thread_blocked, id=8764, stack(0x0000000023dc0000,0x0000000023ec0000)]
  0x000000001ea7e000 JavaThread "jar transforms Thread 44" [_thread_blocked, id=3516, stack(0x0000000023cc0000,0x0000000023dc0000)]
  0x000000001ea77000 JavaThread "jar transforms Thread 43" [_thread_blocked, id=12116, stack(0x0000000023bc0000,0x0000000023cc0000)]
  0x000000001ea76800 JavaThread "jar transforms Thread 42" [_thread_blocked, id=9756, stack(0x0000000023ac0000,0x0000000023bc0000)]
  0x000000001ea7b000 JavaThread "jar transforms Thread 41" [_thread_blocked, id=1028, stack(0x00000000239c0000,0x0000000023ac0000)]
  0x000000001ea7d000 JavaThread "jar transforms Thread 40" [_thread_blocked, id=10804, stack(0x00000000238c0000,0x00000000239c0000)]
  0x000000001ea7c800 JavaThread "jar transforms Thread 39" [_thread_blocked, id=2188, stack(0x00000000237c0000,0x00000000238c0000)]
  0x000000001ea7a000 JavaThread "jar transforms Thread 38" [_thread_blocked, id=10680, stack(0x00000000236c0000,0x00000000237c0000)]
  0x000000001ea78800 JavaThread "jar transforms Thread 37" [_thread_blocked, id=3876, stack(0x00000000235c0000,0x00000000236c0000)]
  0x000000001ea7b800 JavaThread "jar transforms Thread 36" [_thread_blocked, id=4592, stack(0x00000000234c0000,0x00000000235c0000)]
  0x000000001ea79800 JavaThread "jar transforms Thread 35" [_thread_blocked, id=9800, stack(0x00000000233c0000,0x00000000234c0000)]
  0x000000001ed0f800 JavaThread "jar transforms Thread 34" [_thread_blocked, id=10480, stack(0x00000000232c0000,0x00000000233c0000)]
  0x000000001ed0d000 JavaThread "jar transforms Thread 33" [_thread_blocked, id=9000, stack(0x00000000231c0000,0x00000000232c0000)]
  0x000000001ed0b000 JavaThread "jar transforms Thread 32" [_thread_blocked, id=9452, stack(0x00000000230c0000,0x00000000231c0000)]
  0x000000001ed0b800 JavaThread "jar transforms Thread 31" [_thread_blocked, id=12212, stack(0x0000000022fc0000,0x00000000230c0000)]
  0x000000001ed0e800 JavaThread "jar transforms Thread 30" [_thread_blocked, id=10024, stack(0x0000000022ec0000,0x0000000022fc0000)]
  0x000000001ed0e000 JavaThread "jar transforms Thread 29" [_thread_blocked, id=6076, stack(0x0000000022dc0000,0x0000000022ec0000)]
  0x000000001ed0c800 JavaThread "jar transforms Thread 28" [_thread_blocked, id=6412, stack(0x0000000022cc0000,0x0000000022dc0000)]
  0x000000001ed0a000 JavaThread "jar transforms Thread 27" [_thread_blocked, id=6472, stack(0x0000000022bc0000,0x0000000022cc0000)]
  0x000000001ed02800 JavaThread "jar transforms Thread 26" [_thread_blocked, id=12536, stack(0x0000000022ac0000,0x0000000022bc0000)]
  0x000000001ed05000 JavaThread "jar transforms Thread 25" [_thread_blocked, id=12220, stack(0x00000000229c0000,0x0000000022ac0000)]
  0x000000001ed09800 JavaThread "jar transforms Thread 24" [_thread_blocked, id=12760, stack(0x00000000228c0000,0x00000000229c0000)]
  0x000000001ed08800 JavaThread "jar transforms Thread 23" [_thread_blocked, id=11564, stack(0x00000000227c0000,0x00000000228c0000)]
  0x000000001ed04000 JavaThread "jar transforms Thread 22" [_thread_blocked, id=12664, stack(0x00000000226c0000,0x00000000227c0000)]
  0x000000001ed03800 JavaThread "jar transforms Thread 21" [_thread_blocked, id=200, stack(0x00000000225c0000,0x00000000226c0000)]
  0x000000001ed08000 JavaThread "jar transforms Thread 20" [_thread_blocked, id=10440, stack(0x00000000224c0000,0x00000000225c0000)]
  0x000000001ed00800 JavaThread "jar transforms Thread 19" [_thread_blocked, id=9104, stack(0x00000000223c0000,0x00000000224c0000)]
  0x000000001ed06800 JavaThread "jar transforms Thread 18" [_thread_blocked, id=12908, stack(0x00000000222c0000,0x00000000223c0000)]
  0x000000001ed02000 JavaThread "jar transforms Thread 17" [_thread_blocked, id=10148, stack(0x00000000221c0000,0x00000000222c0000)]
  0x000000001ed05800 JavaThread "jar transforms Thread 16" [_thread_blocked, id=9092, stack(0x00000000220c0000,0x00000000221c0000)]
  0x000000001ed07000 JavaThread "jar transforms Thread 15" [_thread_blocked, id=1476, stack(0x0000000021fc0000,0x00000000220c0000)]
  0x000000001ed01000 JavaThread "jar transforms Thread 14" [_thread_blocked, id=2980, stack(0x0000000021ec0000,0x0000000021fc0000)]
  0x000000001b127800 JavaThread "jar transforms Thread 13" [_thread_blocked, id=5124, stack(0x0000000021dc0000,0x0000000021ec0000)]
  0x000000001b124800 JavaThread "jar transforms Thread 12" [_thread_blocked, id=7480, stack(0x0000000021cc0000,0x0000000021dc0000)]
  0x000000001b128800 JavaThread "jar transforms Thread 11" [_thread_blocked, id=11660, stack(0x0000000021bc0000,0x0000000021cc0000)]
  0x000000001b124000 JavaThread "jar transforms Thread 10" [_thread_blocked, id=8424, stack(0x0000000021ac0000,0x0000000021bc0000)]
  0x000000001b127000 JavaThread "jar transforms Thread 9" [_thread_blocked, id=7528, stack(0x00000000219c0000,0x0000000021ac0000)]
  0x000000001b129000 JavaThread "jar transforms Thread 8" [_thread_blocked, id=8300, stack(0x00000000218c0000,0x00000000219c0000)]
  0x000000001b11f000 JavaThread "jar transforms Thread 7" [_thread_blocked, id=7396, stack(0x00000000217c0000,0x00000000218c0000)]
  0x000000001b125800 JavaThread "jar transforms Thread 6" [_thread_blocked, id=10452, stack(0x00000000216c0000,0x00000000217c0000)]
  0x000000001b126000 JavaThread "jar transforms Thread 5" [_thread_blocked, id=10548, stack(0x00000000215c0000,0x00000000216c0000)]
  0x000000001b122800 JavaThread "jar transforms Thread 4" [_thread_blocked, id=3792, stack(0x0000000000a90000,0x0000000000b90000)]
  0x000000001b123000 JavaThread "jar transforms Thread 3" [_thread_blocked, id=11132, stack(0x0000000000990000,0x0000000000a90000)]
  0x000000001b11a800 JavaThread "jar transforms Thread 2" [_thread_blocked, id=8792, stack(0x0000000000890000,0x0000000000990000)]
  0x000000001b121800 JavaThread "Build operations Thread 4" [_thread_blocked, id=7336, stack(0x00000000214c0000,0x00000000215c0000)]
  0x000000001b11a000 JavaThread "Build operations Thread 3" [_thread_blocked, id=12820, stack(0x00000000213c0000,0x00000000214c0000)]
  0x000000001b11e800 JavaThread "Build operations Thread 2" [_thread_blocked, id=3244, stack(0x00000000212c0000,0x00000000213c0000)]
  0x000000001b11d800 JavaThread "Build operations" [_thread_blocked, id=2044, stack(0x00000000211c0000,0x00000000212c0000)]
  0x000000001b11d000 JavaThread "Cache worker for Build Output Cleanup Cache (C:\Users\David Adeyinka\AndroidStudioProjects\ToDoPlanner\.gradle\buildOutputCleanup)" [_thread_blocked, id=13072, stack(0x0000000020ec0000,0x0000000020fc0000)]
  0x0000000019744800 JavaThread "Cache worker for file content cache (C:\Users\David Adeyinka\.gradle\caches\6.6.1\fileContent)" [_thread_blocked, id=10276, stack(0x00000000207c0000,0x00000000208c0000)]
  0x0000000019742800 JavaThread "jar transforms" [_thread_blocked, id=3468, stack(0x00000000206c0000,0x00000000207c0000)]
  0x0000000019743000 JavaThread "Cache worker for execution history cache (C:\Users\David Adeyinka\.gradle\caches\6.6.1\executionHistory)" [_thread_blocked, id=9676, stack(0x000000001ffc0000,0x00000000200c0000)]
  0x0000000019741000 JavaThread "Cache worker for cache directory md-rule (C:\Users\David Adeyinka\.gradle\caches\6.6.1\md-rule)" [_thread_blocked, id=11948, stack(0x000000001fec0000,0x000000001ffc0000)]
  0x0000000019740000 JavaThread "Cache worker for cache directory md-supplier (C:\Users\David Adeyinka\.gradle\caches\6.6.1\md-supplier)" [_thread_blocked, id=4832, stack(0x000000001fdc0000,0x000000001fec0000)]
  0x0000000019747000 JavaThread "Cache worker for checksums cache (C:\Users\David Adeyinka\AndroidStudioProjects\ToDoPlanner\.gradle\checksums)" [_thread_blocked, id=10104, stack(0x000000001e810000,0x000000001e910000)]
  0x0000000019745800 JavaThread "Cache worker for file hash cache (C:\Users\David Adeyinka\AndroidStudioProjects\ToDoPlanner\.gradle\6.6.1\fileHashes)" [_thread_blocked, id=7820, stack(0x000000001e550000,0x000000001e650000)]
  0x0000000019741800 JavaThread "Cache worker for journal cache (C:\Users\David Adeyinka\.gradle\caches\journal-1)" [_thread_blocked, id=12780, stack(0x000000001e710000,0x000000001e810000)]
  0x0000000019746000 JavaThread "File lock request listener" [_thread_in_native, id=5920, stack(0x000000001d280000,0x000000001d380000)]
  0x0000000018f87800 JavaThread "Cache worker for file hash cache (C:\Users\David Adeyinka\.gradle\caches\6.6.1\fileHashes)" [_thread_blocked, id=1360, stack(0x000000001d080000,0x000000001d180000)]
  0x000000001a3fc800 JavaThread "Thread-9" [_thread_blocked, id=11416, stack(0x000000001cd80000,0x000000001ce80000)]
  0x000000001a25d800 JavaThread "Asynchronous log dispatcher for DefaultDaemonConnection: socket connection from /127.0.0.1:6111 to /127.0.0.1:6112" [_thread_blocked, id=9112, stack(0x000000001cb80000,0x000000001cc80000)]
  0x000000001a25c000 JavaThread "Daemon worker" [_thread_in_native, id=7912, stack(0x000000001ca80000,0x000000001cb80000)]
  0x000000001a258800 JavaThread "Cancel handler" [_thread_blocked, id=6664, stack(0x000000001c980000,0x000000001ca80000)]
  0x0000000018cc1000 JavaThread "Handler for socket connection from /127.0.0.1:6111 to /127.0.0.1:6112" [_thread_in_native, id=4256, stack(0x000000001c880000,0x000000001c980000)]
  0x0000000018ccf000 JavaThread "Daemon" [_thread_blocked, id=3012, stack(0x000000001c780000,0x000000001c880000)]
  0x0000000018cac800 JavaThread "Daemon periodic checks" [_thread_blocked, id=4152, stack(0x000000001c480000,0x000000001c580000)]
  0x0000000018deb000 JavaThread "Incoming local TCP Connector on port 6111" [_thread_in_native, id=3984, stack(0x000000001c240000,0x000000001c340000)]
  0x000000001ab38000 JavaThread "Daemon health stats" [_thread_blocked, id=7756, stack(0x000000001bc00000,0x000000001bd00000)]
  0x0000000018c31800 JavaThread "Service Thread" daemon [_thread_blocked, id=9280, stack(0x0000000019000000,0x0000000019100000)]
  0x00000000172cb000 JavaThread "C1 CompilerThread2" daemon [_thread_blocked, id=10108, stack(0x0000000018b00000,0x0000000018c00000)]
  0x00000000172ba800 JavaThread "C2 CompilerThread1" daemon [_thread_in_native, id=11804, stack(0x0000000018a00000,0x0000000018b00000)]
=>0x00000000172b6000 JavaThread "C2 CompilerThread0" daemon [_thread_in_native, id=7596, stack(0x0000000018900000,0x0000000018a00000)]
  0x00000000172b4800 JavaThread "Attach Listener" daemon [_thread_blocked, id=12516, stack(0x0000000018800000,0x0000000018900000)]
  0x00000000172b3000 JavaThread "Signal Dispatcher" daemon [_thread_blocked, id=7796, stack(0x0000000018700000,0x0000000018800000)]
  0x000000000258b000 JavaThread "Finalizer" daemon [_thread_blocked, id=11076, stack(0x0000000018500000,0x0000000018600000)]
  0x0000000017299000 JavaThread "Reference Handler" daemon [_thread_blocked, id=6960, stack(0x0000000018400000,0x0000000018500000)]
  0x000000000268e800 JavaThread "main" [_thread_blocked, id=7360, stack(0x0000000000b90000,0x0000000000c90000)]

Other Threads:
  0x0000000017276000 VMThread [stack: 0x0000000018300000,0x0000000018400000] [id=8308]
  0x0000000018c32800 WatcherThread [stack: 0x0000000019100000,0x0000000019200000] [id=8892]

VM state:not at safepoint (normal execution)

VM Mutex/Monitor currently owned by a thread: None

heap address: 0x0000000080000000, size: 2048 MB, Compressed Oops mode: 32-bit
Narrow klass base: 0x0000000000000000, Narrow klass shift: 3
Compressed class space size: 1073741824 Address: 0x0000000100000000

Heap:
 PSYoungGen      total 118272K, used 47571K [0x00000000d5580000, 0x00000000ddd80000, 0x0000000100000000)
  eden space 104960K, 45% used [0x00000000d5580000,0x00000000d83f4f28,0x00000000dbc00000)
  from space 13312K, 0% used [0x00000000dcb00000,0x00000000dcb00000,0x00000000dd800000)
  to   space 15360K, 0% used [0x00000000dbc00000,0x00000000dbc00000,0x00000000dcb00000)
 ParOldGen       total 89088K, used 33377K [0x0000000080000000, 0x0000000085700000, 0x00000000d5580000)
  object space 89088K, 37% used [0x0000000080000000,0x00000000820984e8,0x0000000085700000)
 Metaspace       used 59968K, capacity 62430K, committed 62848K, reserved 1105920K
  class space    used 8215K, capacity 8709K, committed 8832K, reserved 1048576K

Card table byte_map: [0x0000000011a50000,0x0000000011e60000] byte_map_base: 0x0000000011650000

Marking Bits: (ParMarkBitMap*) 0x000000005106f030
 Begin Bits: [0x0000000012510000, 0x0000000014510000)
 End Bits:   [0x0000000014510000, 0x0000000016510000)

Polling page: 0x00000000003f0000

CodeCache: size=245760Kb used=17460Kb max_used=17465Kb free=228300Kb
 bounds [0x0000000002690000, 0x00000000037b0000, 0x0000000011690000]
 total_blobs=5912 nmethods=5118 adapters=706
 compilation: enabled

Compilation events (10 events):
Event: 94.967 Thread 0x00000000172b6000 nmethod 5588% 0x00000000037a6590 code [0x00000000037a6700, 0x00000000037a7098]
Event: 95.126 Thread 0x00000000172b6000 5589       4       sun.net.www.protocol.jar.Handler::indexOfBangSlash (52 bytes)
Event: 95.131 Thread 0x00000000172b6000 nmethod 5589 0x00000000037aa490 code [0x00000000037aa5e0, 0x00000000037aa7d8]
Event: 95.131 Thread 0x00000000172b6000 5590       4       java.util.regex.Pattern$5::isSatisfiedBy (28 bytes)
Event: 95.132 Thread 0x00000000172b6000 nmethod 5590 0x000000000379bc90 code [0x000000000379bde0, 0x000000000379be98]
Event: 95.224 Thread 0x00000000172b6000 5591   !   4       java.net.URLClassLoader$1::run (63 bytes)
Event: 95.249 Thread 0x00000000172cb000 5592       3       java.util.regex.Matcher::find (35 bytes)
Event: 95.250 Thread 0x00000000172cb000 nmethod 5592 0x000000000379cb50 code [0x000000000379cd00, 0x000000000379d298]
Event: 95.310 Thread 0x00000000172cb000 5593  s    3       java.util.Hashtable::containsKey (65 bytes)
Event: 95.310 Thread 0x00000000172cb000 nmethod 5593 0x000000000379c110 code [0x000000000379c2a0, 0x000000000379c8d8]

GC Heap History (10 events):
Event: 60.219 GC heap before
{Heap before GC invocations=13 (full 2):
 PSYoungGen      total 80896K, used 70144K [0x00000000d5580000, 0x00000000db280000, 0x0000000100000000)
  eden space 70144K, 100% used [0x00000000d5580000,0x00000000d9a00000,0x00000000d9a00000)
  from space 10752K, 0% used [0x00000000da480000,0x00000000da480000,0x00000000daf00000)
  to   space 10752K, 0% used [0x00000000d9a00000,0x00000000d9a00000,0x00000000da480000)
 ParOldGen       total 89088K, used 14819K [0x0000000080000000, 0x0000000085700000, 0x00000000d5580000)
  object space 89088K, 16% used [0x0000000080000000,0x0000000080e78e70,0x0000000085700000)
 Metaspace       used 37089K, capacity 38636K, committed 38784K, reserved 1083392K
  class space    used 5084K, capacity 5425K, committed 5504K, reserved 1048576K
Event: 60.246 GC heap after
Heap after GC invocations=13 (full 2):
 PSYoungGen      total 80896K, used 5857K [0x00000000d5580000, 0x00000000dc080000, 0x0000000100000000)
  eden space 70144K, 0% used [0x00000000d5580000,0x00000000d5580000,0x00000000d9a00000)
  from space 10752K, 54% used [0x00000000d9a00000,0x00000000d9fb8428,0x00000000da480000)
  to   space 10240K, 0% used [0x00000000db680000,0x00000000db680000,0x00000000dc080000)
 ParOldGen       total 89088K, used 14827K [0x0000000080000000, 0x0000000085700000, 0x00000000d5580000)
  object space 89088K, 16% used [0x0000000080000000,0x0000000080e7ae70,0x0000000085700000)
 Metaspace       used 37089K, capacity 38636K, committed 38784K, reserved 1083392K
  class space    used 5084K, capacity 5425K, committed 5504K, reserved 1048576K
}
Event: 75.238 GC heap before
{Heap before GC invocations=14 (full 2):
 PSYoungGen      total 80896K, used 76001K [0x00000000d5580000, 0x00000000dc080000, 0x0000000100000000)
  eden space 70144K, 100% used [0x00000000d5580000,0x00000000d9a00000,0x00000000d9a00000)
  from space 10752K, 54% used [0x00000000d9a00000,0x00000000d9fb8428,0x00000000da480000)
  to   space 10240K, 0% used [0x00000000db680000,0x00000000db680000,0x00000000dc080000)
 ParOldGen       total 89088K, used 14827K [0x0000000080000000, 0x0000000085700000, 0x00000000d5580000)
  object space 89088K, 16% used [0x0000000080000000,0x0000000080e7ae70,0x0000000085700000)
 Metaspace       used 43309K, capacity 45140K, committed 45312K, reserved 1087488K
  class space    used 5888K, capacity 6282K, committed 6400K, reserved 1048576K
Event: 75.288 GC heap after
Heap after GC invocations=14 (full 2):
 PSYoungGen      total 97280K, used 10217K [0x00000000d5580000, 0x00000000dc180000, 0x0000000100000000)
  eden space 87040K, 0% used [0x00000000d5580000,0x00000000d5580000,0x00000000daa80000)
  from space 10240K, 99% used [0x00000000db680000,0x00000000dc07a658,0x00000000dc080000)
  to   space 11776K, 0% used [0x00000000daa80000,0x00000000daa80000,0x00000000db600000)
 ParOldGen       total 89088K, used 15939K [0x0000000080000000, 0x0000000085700000, 0x00000000d5580000)
  object space 89088K, 17% used [0x0000000080000000,0x0000000080f90c08,0x0000000085700000)
 Metaspace       used 43309K, capacity 45140K, committed 45312K, reserved 1087488K
  class space    used 5888K, capacity 6282K, committed 6400K, reserved 1048576K
}
Event: 84.648 GC heap before
{Heap before GC invocations=15 (full 2):
 PSYoungGen      total 97280K, used 97257K [0x00000000d5580000, 0x00000000dc180000, 0x0000000100000000)
  eden space 87040K, 100% used [0x00000000d5580000,0x00000000daa80000,0x00000000daa80000)
  from space 10240K, 99% used [0x00000000db680000,0x00000000dc07a658,0x00000000dc080000)
  to   space 11776K, 0% used [0x00000000daa80000,0x00000000daa80000,0x00000000db600000)
 ParOldGen       total 89088K, used 15939K [0x0000000080000000, 0x0000000085700000, 0x00000000d5580000)
  object space 89088K, 17% used [0x0000000080000000,0x0000000080f90c08,0x0000000085700000)
 Metaspace       used 52128K, capacity 54248K, committed 54528K, reserved 1095680K
  class space    used 6949K, capacity 7376K, committed 7424K, reserved 1048576K
Event: 84.725 GC heap after
Heap after GC invocations=15 (full 2):
 PSYoungGen      total 98816K, used 11539K [0x00000000d5580000, 0x00000000dd800000, 0x0000000100000000)
  eden space 87040K, 0% used [0x00000000d5580000,0x00000000d5580000,0x00000000daa80000)
  from space 11776K, 97% used [0x00000000daa80000,0x00000000db5c4ef8,0x00000000db600000)
  to   space 13312K, 0% used [0x00000000dcb00000,0x00000000dcb00000,0x00000000dd800000)
 ParOldGen       total 89088K, used 22444K [0x0000000080000000, 0x0000000085700000, 0x00000000d5580000)
  object space 89088K, 25% used [0x0000000080000000,0x00000000815eb3c8,0x0000000085700000)
 Metaspace       used 52128K, capacity 54248K, committed 54528K, reserved 1095680K
  class space    used 6949K, capacity 7376K, committed 7424K, reserved 1048576K
}
Event: 90.125 GC heap before
{Heap before GC invocations=16 (full 2):
 PSYoungGen      total 98816K, used 82140K [0x00000000d5580000, 0x00000000dd800000, 0x0000000100000000)
  eden space 87040K, 81% used [0x00000000d5580000,0x00000000d9a723c0,0x00000000daa80000)
  from space 11776K, 97% used [0x00000000daa80000,0x00000000db5c4ef8,0x00000000db600000)
  to   space 13312K, 0% used [0x00000000dcb00000,0x00000000dcb00000,0x00000000dd800000)
 ParOldGen       total 89088K, used 22444K [0x0000000080000000, 0x0000000085700000, 0x00000000d5580000)
  object space 89088K, 25% used [0x0000000080000000,0x00000000815eb3c8,0x0000000085700000)
 Metaspace       used 56853K, capacity 59096K, committed 59136K, reserved 1099776K
  class space    used 7719K, capacity 8182K, committed 8192K, reserved 1048576K
Event: 90.199 GC heap after
Heap after GC invocations=16 (full 2):
 PSYoungGen      total 118272K, used 13286K [0x00000000d5580000, 0x00000000ddd80000, 0x0000000100000000)
  eden space 104960K, 0% used [0x00000000d5580000,0x00000000d5580000,0x00000000dbc00000)
  from space 13312K, 99% used [0x00000000dcb00000,0x00000000dd7f9a40,0x00000000dd800000)
  to   space 15360K, 0% used [0x00000000dbc00000,0x00000000dbc00000,0x00000000dcb00000)
 ParOldGen       total 89088K, used 23682K [0x0000000080000000, 0x0000000085700000, 0x00000000d5580000)
  object space 89088K, 26% used [0x0000000080000000,0x00000000817209d0,0x0000000085700000)
 Metaspace       used 56853K, capacity 59096K, committed 59136K, reserved 1099776K
  class space    used 7719K, capacity 8182K, committed 8192K, reserved 1048576K
}
Event: 90.199 GC heap before
{Heap before GC invocations=17 (full 3):
 PSYoungGen      total 118272K, used 13286K [0x00000000d5580000, 0x00000000ddd80000, 0x0000000100000000)
  eden space 104960K, 0% used [0x00000000d5580000,0x00000000d5580000,0x00000000dbc00000)
  from space 13312K, 99% used [0x00000000dcb00000,0x00000000dd7f9a40,0x00000000dd800000)
  to   space 15360K, 0% used [0x00000000dbc00000,0x00000000dbc00000,0x00000000dcb00000)
 ParOldGen       total 89088K, used 23682K [0x0000000080000000, 0x0000000085700000, 0x00000000d5580000)
  object space 89088K, 26% used [0x0000000080000000,0x00000000817209d0,0x0000000085700000)
 Metaspace       used 56853K, capacity 59096K, committed 59136K, reserved 1099776K
  class space    used 7719K, capacity 8182K, committed 8192K, reserved 1048576K
Event: 91.566 GC heap after
Heap after GC invocations=17 (full 3):
 PSYoungGen      total 118272K, used 0K [0x00000000d5580000, 0x00000000ddd80000, 0x0000000100000000)
  eden space 104960K, 0% used [0x00000000d5580000,0x00000000d5580000,0x00000000dbc00000)
  from space 13312K, 0% used [0x00000000dcb00000,0x00000000dcb00000,0x00000000dd800000)
  to   space 15360K, 0% used [0x00000000dbc00000,0x00000000dbc00000,0x00000000dcb00000)
 ParOldGen       total 89088K, used 33377K [0x0000000080000000, 0x0000000085700000, 0x00000000d5580000)
  object space 89088K, 37% used [0x0000000080000000,0x00000000820984e8,0x0000000085700000)
 Metaspace       used 56842K, capacity 59060K, committed 59136K, reserved 1099776K
  class space    used 7716K, capacity 8176K, committed 8192K, reserved 1048576K
}

Deoptimization events (10 events):
Event: 93.742 Thread 0x000000001a25c000 Uncommon trap: reason=unstable_if action=reinterpret pc=0x0000000002aa21f8 method=sun.nio.fs.WindowsPathParser.isSlash(C)Z @ 9
Event: 93.877 Thread 0x000000001a25c000 Uncommon trap: reason=unstable_if action=reinterpret pc=0x000000000289df60 method=org.objectweb.asm.ByteVector.putInt(I)Lorg/objectweb/asm/ByteVector; @ 13
Event: 93.958 Thread 0x000000001a25c000 Uncommon trap: reason=unstable_if action=reinterpret pc=0x00000000029cc774 method=java.util.HashMap.resize()[Ljava/util/HashMap$Node; @ 206
Event: 93.959 Thread 0x000000001a25c000 Uncommon trap: reason=unstable_if action=reinterpret pc=0x00000000028c0cd0 method=java.util.HashMap.getNode(ILjava/lang/Object;)Ljava/util/HashMap$Node; @ 84
Event: 93.961 Thread 0x000000001a25c000 Uncommon trap: reason=unstable_if action=reinterpret pc=0x00000000035d2cf0 method=java.util.HashMap.getNode(ILjava/lang/Object;)Ljava/util/HashMap$Node; @ 84
Event: 93.961 Thread 0x000000001a25c000 Uncommon trap: reason=unstable_if action=reinterpret pc=0x000000000334a9ac method=java.util.HashMap.getNode(ILjava/lang/Object;)Ljava/util/HashMap$Node; @ 84
Event: 95.084 Thread 0x000000001a25c000 Uncommon trap: reason=bimorphic action=maybe_recompile pc=0x0000000003428414 method=java.util.regex.Pattern$5.isSatisfiedBy(I)Z @ 16
Event: 95.084 Thread 0x000000001a25c000 Uncommon trap: reason=bimorphic action=maybe_recompile pc=0x0000000003428414 method=java.util.regex.Pattern$5.isSatisfiedBy(I)Z @ 16
Event: 95.084 Thread 0x000000001a25c000 Uncommon trap: reason=bimorphic action=maybe_recompile pc=0x0000000003428414 method=java.util.regex.Pattern$5.isSatisfiedBy(I)Z @ 16
Event: 95.084 Thread 0x000000001a25c000 Uncommon trap: reason=bimorphic action=maybe_recompile pc=0x0000000003428414 method=java.util.regex.Pattern$5.isSatisfiedBy(I)Z @ 16

Classes redefined (0 events):
No events

Internal exceptions (10 events):
Event: 92.855 Thread 0x000000001a25c000 Exception <a 'java/lang/ClassNotFoundException': org/gradle/api/internal/file/collections/DefaultConfigurableFileTreeBeanInfo> (0x00000000d62dedd8) thrown at [C:\src\AOSP-openjdk-git\hotspot\src\share\vm\classfile\systemDictionary.cpp, line 210]
Event: 92.856 Thread 0x000000001a25c000 Exception <a 'java/lang/ClassNotFoundException': org/gradle/api/internal/file/CompositeFileTreeBeanInfo> (0x00000000d62f9020) thrown at [C:\src\AOSP-openjdk-git\hotspot\src\share\vm\classfile\systemDictionary.cpp, line 210]
Event: 92.858 Thread 0x000000001a25c000 Exception <a 'java/lang/ClassNotFoundException': org/gradle/api/internal/file/CompositeFileCollectionBeanInfo> (0x00000000d63150c0) thrown at [C:\src\AOSP-openjdk-git\hotspot\src\share\vm\classfile\systemDictionary.cpp, line 210]
Event: 92.860 Thread 0x000000001a25c000 Exception <a 'java/lang/ClassNotFoundException': org/gradle/api/internal/file/AbstractFileCollectionBeanInfo> (0x00000000d63310c8) thrown at [C:\src\AOSP-openjdk-git\hotspot\src\share\vm\classfile\systemDictionary.cpp, line 210]
Event: 92.866 Thread 0x000000001a25c000 Exception <a 'java/lang/ClassNotFoundException': org/gradle/api/internal/file/AbstractFileCollectionCustomizer> (0x00000000d634d6d0) thrown at [C:\src\AOSP-openjdk-git\hotspot\src\share\vm\classfile\systemDictionary.cpp, line 210]
Event: 92.869 Thread 0x000000001a25c000 Exception <a 'java/lang/ClassNotFoundException': org/gradle/api/internal/file/CompositeFileCollectionCustomizer> (0x00000000d6383df0) thrown at [C:\src\AOSP-openjdk-git\hotspot\src\share\vm\classfile\systemDictionary.cpp, line 210]
Event: 92.871 Thread 0x000000001a25c000 Exception <a 'java/lang/ClassNotFoundException': org/gradle/api/internal/file/CompositeFileTreeCustomizer> (0x00000000d63a9f90) thrown at [C:\src\AOSP-openjdk-git\hotspot\src\share\vm\classfile\systemDictionary.cpp, line 210]
Event: 92.873 Thread 0x000000001a25c000 Exception <a 'java/lang/ClassNotFoundException': org/gradle/api/internal/file/collections/DefaultConfigurableFileTreeCustomizer> (0x00000000d63dcb98) thrown at [C:\src\AOSP-openjdk-git\hotspot\src\share\vm\classfile\systemDictionary.cpp, line 210]
Event: 94.357 Thread 0x000000001a25c000 Exception <a 'java/lang/NoSuchMethodError': java.lang.Object.lambda$static$0(Lorg/gradle/api/internal/tasks/TaskDependencyResolveContext;)V> (0x00000000d746a320) thrown at [C:\src\AOSP-openjdk-git\hotspot\src\share\vm\interpreter\linkResolver.cpp, line 62
Event: 95.312 Thread 0x000000001a25c000 Exception <a 'java/lang/ClassNotFoundException': com/sun/org/glassfish/hk2/osgiresourcelocator/ServiceLoader> (0x00000000d81a3fd0) thrown at [C:\src\AOSP-openjdk-git\hotspot\src\share\vm\classfile\systemDictionary.cpp, line 210]

Events (10 events):
Event: 95.678 loading class com/sun/xml/bind/v2/model/core/LeafInfo
Event: 95.678 loading class com/sun/xml/bind/v2/model/core/LeafInfo done
Event: 95.721 loading class com/sun/xml/bind/v2/model/core/MaybeElement
Event: 95.721 loading class com/sun/xml/bind/v2/model/core/MaybeElement done
Event: 95.721 loading class com/sun/xml/bind/v2/model/core/NonElement
Event: 95.721 loading class com/sun/xml/bind/v2/model/core/NonElement done
Event: 95.722 loading class com/sun/xml/bind/v2/model/core/TypeInfo
Event: 95.722 loading class com/sun/xml/bind/v2/model/core/TypeInfo done
Event: 95.722 loading class com/sun/xml/bind/v2/model/annotation/Locatable
Event: 95.722 loading class com/sun/xml/bind/v2/model/annotation/Locatable done


Dynamic libraries:
0x00007ff7b7b30000 - 0x00007ff7b7b61000 	C:\Program Files\Android\Android Studio\jre\bin\java.exe
0x00007ffb7c7c0000 - 0x00007ffb7c9b0000 	C:\WINDOWS\SYSTEM32\ntdll.dll
0x00007ffb7b0a0000 - 0x00007ffb7b152000 	C:\WINDOWS\System32\KERNEL32.DLL
0x00007ffb7a510000 - 0x00007ffb7a7b5000 	C:\WINDOWS\System32\KERNELBASE.dll
0x00007ffb7b160000 - 0x00007ffb7b203000 	C:\WINDOWS\System32\ADVAPI32.dll
0x00007ffb7b600000 - 0x00007ffb7b69e000 	C:\WINDOWS\System32\msvcrt.dll
0x00007ffb7bf00000 - 0x00007ffb7bf97000 	C:\WINDOWS\System32\sechost.dll
0x00007ffb7ad60000 - 0x00007ffb7ae80000 	C:\WINDOWS\System32\RPCRT4.dll
0x00007ffb7b7c0000 - 0x00007ffb7b955000 	C:\WINDOWS\System32\USER32.dll
0x00007ffb79b90000 - 0x00007ffb79bb1000 	C:\WINDOWS\System32\win32u.dll
0x00007ffb7bd90000 - 0x00007ffb7bdb6000 	C:\WINDOWS\System32\GDI32.dll
0x00007ffb798a0000 - 0x00007ffb79a36000 	C:\WINDOWS\System32\gdi32full.dll
0x00007ffb7a340000 - 0x00007ffb7a3de000 	C:\WINDOWS\System32\msvcp_win.dll
0x00007ffb7a3e0000 - 0x00007ffb7a4da000 	C:\WINDOWS\System32\ucrtbase.dll
0x00007ffb6be90000 - 0x00007ffb6c114000 	C:\WINDOWS\WinSxS\amd64_microsoft.windows.common-controls_6595b64144ccf1df_6.0.18362.1082_none_9e8193e1e45b25c1\COMCTL32.dll
0x00007ffb7b2c0000 - 0x00007ffb7b5f5000 	C:\WINDOWS\System32\combase.dll
0x00007ffb79750000 - 0x00007ffb797d0000 	C:\WINDOWS\System32\bcryptPrimitives.dll
0x00007ffb7c6f0000 - 0x00007ffb7c71e000 	C:\WINDOWS\System32\IMM32.DLL
0x0000000050560000 - 0x0000000050632000 	C:\Program Files\Android\Android Studio\jre\jre\bin\msvcr100.dll
0x00000000508a0000 - 0x00000000510eb000 	C:\Program Files\Android\Android Studio\jre\jre\bin\server\jvm.dll
0x00007ffb7b290000 - 0x00007ffb7b298000 	C:\WINDOWS\System32\PSAPI.DLL
0x00007ffb77780000 - 0x00007ffb777a4000 	C:\WINDOWS\SYSTEM32\WINMM.dll
0x00007ffb6c440000 - 0x00007ffb6c44a000 	C:\WINDOWS\SYSTEM32\VERSION.dll
0x00007ffb75e80000 - 0x00007ffb75e89000 	C:\WINDOWS\SYSTEM32\WSOCK32.dll
0x00007ffb77750000 - 0x00007ffb7777d000 	C:\WINDOWS\SYSTEM32\winmmbase.dll
0x00007ffb797d0000 - 0x00007ffb7981a000 	C:\WINDOWS\System32\cfgmgr32.dll
0x00007ffb7bac0000 - 0x00007ffb7bb2f000 	C:\WINDOWS\System32\WS2_32.dll
0x00007ffb739f0000 - 0x00007ffb739ff000 	C:\Program Files\Android\Android Studio\jre\jre\bin\verify.dll
0x00007ffb6d020000 - 0x00007ffb6d049000 	C:\Program Files\Android\Android Studio\jre\jre\bin\java.dll
0x00007ffb73930000 - 0x00007ffb73946000 	C:\Program Files\Android\Android Studio\jre\jre\bin\zip.dll
0x00007ffb7c000000 - 0x00007ffb7c6e7000 	C:\WINDOWS\System32\SHELL32.dll
0x00007ffb7b710000 - 0x00007ffb7b7b9000 	C:\WINDOWS\System32\shcore.dll
0x00007ffb79bc0000 - 0x00007ffb7a340000 	C:\WINDOWS\System32\windows.storage.dll
0x00007ffb79700000 - 0x00007ffb79723000 	C:\WINDOWS\System32\profapi.dll
0x00007ffb796b0000 - 0x00007ffb796fa000 	C:\WINDOWS\System32\powrprof.dll
0x00007ffb79680000 - 0x00007ffb79690000 	C:\WINDOWS\System32\UMPDC.dll
0x00007ffb7bfa0000 - 0x00007ffb7bff2000 	C:\WINDOWS\System32\shlwapi.dll
0x00007ffb79690000 - 0x00007ffb796a1000 	C:\WINDOWS\System32\kernel.appcore.dll
0x00007ffb79880000 - 0x00007ffb79897000 	C:\WINDOWS\System32\cryptsp.dll
0x00007ffb72670000 - 0x00007ffb7268a000 	C:\Program Files\Android\Android Studio\jre\jre\bin\net.dll
0x00007ffb78ed0000 - 0x00007ffb78f37000 	C:\WINDOWS\system32\mswsock.dll
0x00007ffb6d000000 - 0x00007ffb6d013000 	C:\Program Files\Android\Android Studio\jre\jre\bin\nio.dll
0x00007ffb6cfa0000 - 0x00007ffb6cfc7000 	C:\Users\David Adeyinka\.gradle\native\9f2fa17c089eee584f3420100432f77ec4c098959e4bf121a4d6054c26537dfb\windows-amd64\native-platform.dll
0x00007ffb739e0000 - 0x00007ffb739ed000 	C:\Program Files\Android\Android Studio\jre\jre\bin\management.dll
0x00007ffb789e0000 - 0x00007ffb78a13000 	C:\WINDOWS\system32\rsaenh.dll
0x00007ffb7a4e0000 - 0x00007ffb7a506000 	C:\WINDOWS\System32\bcrypt.dll
0x00007ffb79560000 - 0x00007ffb79585000 	C:\WINDOWS\SYSTEM32\USERENV.dll
0x00007ffb790a0000 - 0x00007ffb790ac000 	C:\WINDOWS\SYSTEM32\CRYPTBASE.dll
0x00007ffb78b80000 - 0x00007ffb78bba000 	C:\WINDOWS\SYSTEM32\IPHLPAPI.DLL
0x00007ffb7b280000 - 0x00007ffb7b288000 	C:\WINDOWS\System32\NSI.dll
0x00007ffb6e540000 - 0x00007ffb6e556000 	C:\WINDOWS\SYSTEM32\dhcpcsvc6.DLL
0x00007ffb6e380000 - 0x00007ffb6e39c000 	C:\WINDOWS\SYSTEM32\dhcpcsvc.DLL
0x00007ffb78c70000 - 0x00007ffb78d3b000 	C:\WINDOWS\SYSTEM32\DNSAPI.dll
0x00007ffb6e680000 - 0x00007ffb6e68b000 	C:\WINDOWS\SYSTEM32\WINNSI.DLL
0x00007ffb5e000000 - 0x00007ffb5e196000 	C:\Users\David Adeyinka\.gradle\native\9f2fa17c089eee584f3420100432f77ec4c098959e4bf121a4d6054c26537dfb\windows-amd64\native-platform-file-events.dll

VM Arguments:
jvm_args: -Xmx2048m -Dfile.encoding=UTF-8 -Duser.country=GB -Duser.language=en -Duser.variant 
java_command: org.gradle.launcher.daemon.bootstrap.GradleDaemon 6.6.1
java_class_path (initial): C:\Gradle\gradle-6.6.1\lib\gradle-launcher-6.6.1.jar
Launcher Type: SUN_STANDARD

Environment Variables:
PATH=C:\Program Files (x86)\Common Files\Oracle\Java\javapath;C:\WINDOWS\system32;C:\WINDOWS;C:\WINDOWS\System32\Wbem;C:\WINDOWS\System32\WindowsPowerShell\v1.0\;C:\WINDOWS\System32\OpenSSH\;C:\Program Files (x86)\Git\cmd;C:\Program Files\nodejs\;c:\Program Files (x86)\Microsoft SQL Server\100\Tools\Binn\;c:\Program Files\Microsoft SQL Server\100\Tools\Binn\;c:\Program Files\Microsoft SQL Server\100\DTS\Binn\;C:\Go\bin;C:\Program Files\Microsoft VS Code\bin;C:\Users\David Adeyinka\AppData\Local\Programs\Python\Python37-32\Scripts\;C:\Users\David Adeyinka\AppData\Local\Programs\Python\Python37-32\;C:\Users\David Adeyinka\AppData\Local\Microsoft\WindowsApps;;C:\Program Files\JetBrains\IntelliJ IDEA Community Edition 2019.1.3\bin;;C:\Program Files\Microsoft VS Code\bin;C:\Users\David Adeyinka\AppData\Roaming\npm;C:\Users\David Adeyinka\go\bin
USERNAME=David Adeyinka
OS=Windows_NT
PROCESSOR_IDENTIFIER=Intel64 Family 6 Model 61 Stepping 4, GenuineIntel



---------------  S Y S T E M  ---------------

OS: Windows 10.0 , 64 bit Build 18362 (10.0.18362.1082)

CPU:total 4 (initial active 4) (2 cores per cpu, 2 threads per core) family 6 model 61 stepping 4, cmov, cx8, fxsr, mmx, sse, sse2, sse3, ssse3, sse4.1, sse4.2, popcnt, avx, avx2, aes, clmul, erms, 3dnowpref, lzcnt, ht, tsc, tscinvbit, bmi1, bmi2, adx

Memory: 4k page, physical 8277100k(937444k free), swap 8277100k(5888k free)

vm_info: OpenJDK 64-Bit Server VM (25.242-b01) for windows-amd64 JRE (1.8.0_242-release-1644-b01), built by "builder" with MS VC++ 10.0 (VS2010)

time: Mon Jan 25 12:10:55 2021
timezone: W. Central Africa Standard Time
elapsed time: 95 seconds (0d 0h 1m 35s)

