#
# There is insufficient memory for the Java Runtime Environment to continue.
# Native memory allocation (malloc) failed to allocate 744976 bytes for Chunk::new
# Possible reasons:
#   The system is out of physical RAM or swap space
#   The process is running with CompressedOops enabled, and the Java Heap may be blocking the growth of the native heap
# Possible solutions:
#   Reduce memory load on the system
#   Increase physical memory or swap space
#   Check if swap backing store is full
#   Decrease Java heap size (-Xmx/-Xms)
#   Decrease number of Java threads
#   Decrease Java thread stack sizes (-Xss)
#   Set larger code cache with -XX:ReservedCodeCacheSize=
#   JVM is running with Unscaled Compressed Oops mode in which the Java heap is
#     placed in the first 4GB address space. The Java Heap base address is the
#     maximum limit for the native heap growth. Please use -XX:HeapBaseMinAddress
#     to set the Java Heap base and to place the Java Heap above 4GB virtual address.
# This output file may be truncated or incomplete.
#
#  Out of Memory Error (allocation.cpp:389), pid=15888, tid=0x0000000000000a44
#
# JRE version: OpenJDK Runtime Environment (8.0_242-b01) (build 1.8.0_242-release-1644-b01)
# Java VM: OpenJDK 64-Bit Server VM (25.242-b01 mixed mode windows-amd64 compressed oops)
# Failed to write core dump. Minidumps are not enabled by default on client versions of Windows
#

---------------  T H R E A D  ---------------

Current thread (0x0000000017646000):  JavaThread "C2 CompilerThread0" daemon [_thread_in_native, id=2628, stack(0x0000000018c90000,0x0000000018d90000)]

Stack: [0x0000000018c90000,0x0000000018d90000]
[error occurred during error reporting (printing stack bounds), id 0xc0000005]

Native frames: (J=compiled Java code, j=interpreted, Vv=VM code, C=native code)


Current CompileTask:
C2:1443948 14344   !   4       com.google.common.reflect.TypeVisitor::visit (225 bytes)


---------------  P R O C E S S  ---------------

Java Threads: ( => current thread )
  0x000000001bb9e000 JavaThread "stdout" [_thread_in_native, id=8620, stack(0x000000002fd70000,0x000000002fe70000)]
  0x000000001bb9d800 JavaThread "stderr" [_thread_in_native, id=12376, stack(0x000000002fc70000,0x000000002fd70000)]
  0x000000001bb96000 JavaThread "stdout" [_thread_in_native, id=8984, stack(0x000000002fb70000,0x000000002fc70000)]
  0x000000001bb9c800 JavaThread "stderr" [_thread_in_native, id=2988, stack(0x000000002fa70000,0x000000002fb70000)]
  0x000000001bb95000 JavaThread "stdout" [_thread_in_native, id=11864, stack(0x000000002f970000,0x000000002fa70000)]
  0x000000001bb9c000 JavaThread "stdout" [_thread_in_native, id=4432, stack(0x000000002f870000,0x000000002f970000)]
  0x000000001bb96800 JavaThread "stderr" [_thread_in_native, id=10884, stack(0x000000002f770000,0x000000002f870000)]
  0x000000001bb9b000 JavaThread "stderr" [_thread_in_native, id=9608, stack(0x000000002f670000,0x000000002f770000)]
  0x000000001bb9a800 JavaThread "pool-4-thread-1" [_thread_blocked, id=11076, stack(0x000000002f570000,0x000000002f670000)]
  0x000000001bb99000 JavaThread "WorkerExecutor Queue Thread 4" [_thread_blocked, id=10472, stack(0x000000002f470000,0x000000002f570000)]
  0x000000001bb98000 JavaThread "WorkerExecutor Queue Thread 3" [_thread_blocked, id=1444, stack(0x000000002f370000,0x000000002f470000)]
  0x000000001bb97800 JavaThread "WorkerExecutor Queue Thread 2" [_thread_blocked, id=5388, stack(0x000000002f070000,0x000000002f170000)]
  0x000000001f33b000 JavaThread "WorkerExecutor Queue" [_thread_blocked, id=11024, stack(0x000000002ef70000,0x000000002f070000)]
  0x000000001f337800 JavaThread "Cache worker for execution history cache (C:\Users\David Adeyinka\AndroidStudioProjects\ToDoPlanner\.gradle\6.6.1\executionHistory)" [_thread_blocked, id=6820, stack(0x000000002ec70000,0x000000002ed70000)]
  0x000000001f33c800 JavaThread "Execution worker for ':' Thread 3" [_thread_blocked, id=1632, stack(0x000000002eb70000,0x000000002ec70000)]
  0x000000001f33e000 JavaThread "Execution worker for ':' Thread 2" [_thread_blocked, id=10620, stack(0x000000002ea70000,0x000000002eb70000)]
  0x000000001f339800 JavaThread "Execution worker for ':'" [_thread_blocked, id=16900, stack(0x000000002e970000,0x000000002ea70000)]
  0x000000001f330000 JavaThread "Cache worker for file content cache (C:\Users\David Adeyinka\AndroidStudioProjects\ToDoPlanner\.gradle\6.6.1\fileContent)" [_thread_blocked, id=10312, stack(0x000000002c800000,0x000000002c900000)]
  0x000000001f336000 JavaThread "pool-3-thread-1" [_thread_blocked, id=11188, stack(0x000000002c500000,0x000000002c600000)]
  0x000000001f334800 JavaThread "jar transforms Thread 228" [_thread_blocked, id=17036, stack(0x000000002a280000,0x000000002a380000)]
  0x000000001f332000 JavaThread "jar transforms Thread 227" [_thread_blocked, id=7248, stack(0x0000000029d80000,0x0000000029e80000)]
  0x000000001f333800 JavaThread "jar transforms Thread 226" [_thread_blocked, id=15856, stack(0x0000000029c80000,0x0000000029d80000)]
  0x000000001f331800 JavaThread "jar transforms Thread 225" [_thread_blocked, id=7228, stack(0x0000000029b80000,0x0000000029c80000)]
  0x000000001f330800 JavaThread "jar transforms Thread 224" [_thread_blocked, id=9176, stack(0x0000000029a80000,0x0000000029b80000)]
  0x000000001f336800 JavaThread "jar transforms Thread 223" [_thread_blocked, id=10780, stack(0x0000000029980000,0x0000000029a80000)]
  0x000000001f335000 JavaThread "jar transforms Thread 222" [_thread_blocked, id=11228, stack(0x0000000029880000,0x0000000029980000)]
  0x000000001f333000 JavaThread "jar transforms Thread 221" [_thread_blocked, id=8216, stack(0x0000000029780000,0x0000000029880000)]
  0x000000001ea9f000 JavaThread "jar transforms Thread 220" [_thread_blocked, id=14104, stack(0x0000000029680000,0x0000000029780000)]
  0x000000001ea9d800 JavaThread "jar transforms Thread 219" [_thread_blocked, id=16340, stack(0x0000000029580000,0x0000000029680000)]
  0x000000001ea9c800 JavaThread "jar transforms Thread 218" [_thread_blocked, id=11160, stack(0x0000000029480000,0x0000000029580000)]
  0x000000001ea9e000 JavaThread "jar transforms Thread 217" [_thread_blocked, id=6808, stack(0x0000000029380000,0x0000000029480000)]
  0x000000001ea95000 JavaThread "jar transforms Thread 216" [_thread_blocked, id=15184, stack(0x0000000029280000,0x0000000029380000)]
  0x000000001ea9c000 JavaThread "jar transforms Thread 215" [_thread_blocked, id=2100, stack(0x0000000029180000,0x0000000029280000)]
  0x000000001ea94800 JavaThread "jar transforms Thread 214" [_thread_blocked, id=9480, stack(0x0000000029080000,0x0000000029180000)]
  0x000000001ea98000 JavaThread "jar transforms Thread 213" [_thread_blocked, id=9740, stack(0x0000000028f80000,0x0000000029080000)]
  0x000000001ea9b000 JavaThread "jar transforms Thread 212" [_thread_blocked, id=13052, stack(0x0000000028e80000,0x0000000028f80000)]
  0x000000001ea99800 JavaThread "jar transforms Thread 211" [_thread_blocked, id=3108, stack(0x0000000028d80000,0x0000000028e80000)]
  0x000000001ea9a800 JavaThread "jar transforms Thread 210" [_thread_blocked, id=11744, stack(0x0000000028c80000,0x0000000028d80000)]
  0x000000001ea96800 JavaThread "jar transforms Thread 209" [_thread_blocked, id=7316, stack(0x0000000028a80000,0x0000000028b80000)]
  0x000000001ea97800 JavaThread "jar transforms Thread 208" [_thread_blocked, id=15384, stack(0x0000000028980000,0x0000000028a80000)]
  0x000000001ea99000 JavaThread "jar transforms Thread 207" [_thread_blocked, id=16868, stack(0x0000000028880000,0x0000000028980000)]
  0x000000001ea90000 JavaThread "jar transforms Thread 206" [_thread_blocked, id=16864, stack(0x0000000028780000,0x0000000028880000)]
  0x000000001ea93000 JavaThread "jar transforms Thread 205" [_thread_blocked, id=10728, stack(0x0000000028680000,0x0000000028780000)]
  0x000000001ea92000 JavaThread "jar transforms Thread 204" [_thread_blocked, id=1372, stack(0x0000000028580000,0x0000000028680000)]
  0x000000001ea91800 JavaThread "jar transforms Thread 203" [_thread_blocked, id=104, stack(0x0000000028480000,0x0000000028580000)]
  0x000000001ea96000 JavaThread "jar transforms Thread 202" [_thread_blocked, id=10356, stack(0x0000000028380000,0x0000000028480000)]
  0x000000001ea90800 JavaThread "jar transforms Thread 201" [_thread_blocked, id=10484, stack(0x0000000028280000,0x0000000028380000)]
  0x000000001ea93800 JavaThread "jar transforms Thread 200" [_thread_blocked, id=6688, stack(0x0000000028180000,0x0000000028280000)]
  0x000000001b296800 JavaThread "jar transforms Thread 199" [_thread_blocked, id=596, stack(0x0000000028080000,0x0000000028180000)]
  0x000000001b296000 JavaThread "jar transforms Thread 198" [_thread_blocked, id=3464, stack(0x0000000027f80000,0x0000000028080000)]
  0x000000001b297800 JavaThread "jar transforms Thread 197" [_thread_blocked, id=12240, stack(0x0000000027e80000,0x0000000027f80000)]
  0x000000001b295000 JavaThread "jar transforms Thread 196" [_thread_blocked, id=11684, stack(0x0000000027d80000,0x0000000027e80000)]
  0x000000001b294800 JavaThread "jar transforms Thread 195" [_thread_blocked, id=5940, stack(0x0000000027c80000,0x0000000027d80000)]
  0x000000001b28d000 JavaThread "jar transforms Thread 194" [_thread_blocked, id=10080, stack(0x0000000027b80000,0x0000000027c80000)]
  0x000000001b293800 JavaThread "jar transforms Thread 193" [_thread_blocked, id=11180, stack(0x0000000027a80000,0x0000000027b80000)]
  0x000000001b293000 JavaThread "jar transforms Thread 192" [_thread_blocked, id=6840, stack(0x0000000027980000,0x0000000027a80000)]
  0x000000001b28b800 JavaThread "jar transforms Thread 191" [_thread_blocked, id=8776, stack(0x0000000027880000,0x0000000027980000)]
  0x000000001b28f000 JavaThread "jar transforms Thread 190" [_thread_blocked, id=7500, stack(0x0000000027780000,0x0000000027880000)]
  0x000000001b28d800 JavaThread "jar transforms Thread 189" [_thread_blocked, id=9504, stack(0x0000000027680000,0x0000000027780000)]
  0x000000001b290000 JavaThread "jar transforms Thread 188" [_thread_blocked, id=2740, stack(0x0000000027580000,0x0000000027680000)]
  0x000000001b292000 JavaThread "jar transforms Thread 187" [_thread_blocked, id=10416, stack(0x0000000027480000,0x0000000027580000)]
  0x000000001b291800 JavaThread "jar transforms Thread 186" [_thread_blocked, id=14760, stack(0x0000000027380000,0x0000000027480000)]
  0x000000001b290800 JavaThread "jar transforms Thread 185" [_thread_blocked, id=1316, stack(0x0000000027280000,0x0000000027380000)]
  0x000000001b289000 JavaThread "jar transforms Thread 184" [_thread_blocked, id=11904, stack(0x0000000027180000,0x0000000027280000)]
  0x000000001b28e800 JavaThread "jar transforms Thread 183" [_thread_blocked, id=6928, stack(0x0000000027080000,0x0000000027180000)]
  0x000000001b288800 JavaThread "jar transforms Thread 182" [_thread_blocked, id=10976, stack(0x0000000026f80000,0x0000000027080000)]
  0x000000001b28a000 JavaThread "jar transforms Thread 181" [_thread_blocked, id=16804, stack(0x0000000026e80000,0x0000000026f80000)]
  0x000000001b28c000 JavaThread "jar transforms Thread 180" [_thread_blocked, id=3076, stack(0x0000000026d80000,0x0000000026e80000)]
  0x000000001b28a800 JavaThread "jar transforms Thread 179" [_thread_blocked, id=12692, stack(0x0000000026c80000,0x0000000026d80000)]
  0x000000001abe0800 JavaThread "jar transforms Thread 178" [_thread_blocked, id=492, stack(0x0000000026b80000,0x0000000026c80000)]
  0x000000001abdd000 JavaThread "jar transforms Thread 177" [_thread_blocked, id=10324, stack(0x0000000026a80000,0x0000000026b80000)]
  0x000000001abe0000 JavaThread "jar transforms Thread 176" [_thread_blocked, id=9704, stack(0x0000000026980000,0x0000000026a80000)]
  0x000000001abdf000 JavaThread "jar transforms Thread 175" [_thread_blocked, id=7580, stack(0x0000000026880000,0x0000000026980000)]
  0x000000001abdc000 JavaThread "jar transforms Thread 174" [_thread_blocked, id=10912, stack(0x0000000026780000,0x0000000026880000)]
  0x000000001abde800 JavaThread "jar transforms Thread 173" [_thread_blocked, id=2452, stack(0x0000000026680000,0x0000000026780000)]
  0x000000001abd7000 JavaThread "jar transforms Thread 172" [_thread_blocked, id=6916, stack(0x0000000026580000,0x0000000026680000)]
  0x000000001abdd800 JavaThread "jar transforms Thread 171" [_thread_blocked, id=6224, stack(0x0000000026480000,0x0000000026580000)]
  0x000000001abd6000 JavaThread "jar transforms Thread 170" [_thread_blocked, id=16736, stack(0x0000000026380000,0x0000000026480000)]
  0x000000001abdb800 JavaThread "jar transforms Thread 169" [_thread_blocked, id=12480, stack(0x0000000026280000,0x0000000026380000)]
  0x000000001abd4000 JavaThread "jar transforms Thread 168" [_thread_blocked, id=11672, stack(0x0000000026180000,0x0000000026280000)]
  0x000000001abd8800 JavaThread "jar transforms Thread 167" [_thread_blocked, id=884, stack(0x0000000026080000,0x0000000026180000)]
  0x000000001abda800 JavaThread "jar transforms Thread 166" [_thread_blocked, id=2368, stack(0x0000000025f80000,0x0000000026080000)]
  0x000000001abd5800 JavaThread "jar transforms Thread 165" [_thread_blocked, id=5736, stack(0x0000000025e80000,0x0000000025f80000)]
  0x000000001abda000 JavaThread "jar transforms Thread 164" [_thread_blocked, id=5280, stack(0x0000000025d80000,0x0000000025e80000)]
  0x000000001abd3000 JavaThread "jar transforms Thread 163" [_thread_blocked, id=11912, stack(0x0000000025c80000,0x0000000025d80000)]
  0x000000001abd2800 JavaThread "jar transforms Thread 162" [_thread_blocked, id=15504, stack(0x0000000025b80000,0x0000000025c80000)]
  0x000000001abd4800 JavaThread "jar transforms Thread 161" [_thread_blocked, id=12348, stack(0x0000000025a80000,0x0000000025b80000)]
  0x000000001abd7800 JavaThread "jar transforms Thread 160" [_thread_blocked, id=7872, stack(0x0000000025980000,0x0000000025a80000)]
  0x000000001abd9000 JavaThread "jar transforms Thread 159" [_thread_blocked, id=15304, stack(0x0000000025880000,0x0000000025980000)]
  0x000000001abd1800 JavaThread "jar transforms Thread 158" [_thread_blocked, id=13892, stack(0x0000000025780000,0x0000000025880000)]
  0x00000000198a4800 JavaThread "jar transforms Thread 157" [_thread_blocked, id=9396, stack(0x0000000025680000,0x0000000025780000)]
  0x00000000198a4000 JavaThread "jar transforms Thread 156" [_thread_blocked, id=8540, stack(0x0000000025580000,0x0000000025680000)]
  0x00000000198a3000 JavaThread "jar transforms Thread 155" [_thread_blocked, id=12616, stack(0x0000000025480000,0x0000000025580000)]
  0x00000000198a6000 JavaThread "jar transforms Thread 154" [_thread_blocked, id=6608, stack(0x0000000025380000,0x0000000025480000)]
  0x00000000198a1800 JavaThread "jar transforms Thread 153" [_thread_blocked, id=4308, stack(0x0000000025280000,0x0000000025380000)]
  0x00000000198a2800 JavaThread "jar transforms Thread 152" [_thread_blocked, id=14536, stack(0x0000000025180000,0x0000000025280000)]
  0x00000000198a7800 JavaThread "jar transforms Thread 151" [_thread_blocked, id=13220, stack(0x0000000025080000,0x0000000025180000)]
  0x00000000198a5800 JavaThread "jar transforms Thread 150" [_thread_blocked, id=14044, stack(0x0000000024f80000,0x0000000025080000)]
  0x0000000020654000 JavaThread "jar transforms Thread 149" [_thread_blocked, id=14804, stack(0x0000000024e80000,0x0000000024f80000)]
  0x0000000020659000 JavaThread "jar transforms Thread 148" [_thread_blocked, id=8060, stack(0x0000000024d80000,0x0000000024e80000)]
  0x0000000020658800 JavaThread "jar transforms Thread 147" [_thread_blocked, id=11844, stack(0x0000000024c80000,0x0000000024d80000)]
  0x0000000020657800 JavaThread "jar transforms Thread 146" [_thread_blocked, id=7504, stack(0x0000000024b80000,0x0000000024c80000)]
  0x0000000020657000 JavaThread "jar transforms Thread 145" [_thread_blocked, id=8464, stack(0x0000000024a80000,0x0000000024b80000)]
  0x0000000020654800 JavaThread "jar transforms Thread 144" [_thread_blocked, id=3128, stack(0x0000000024980000,0x0000000024a80000)]
  0x0000000020656000 JavaThread "jar transforms Thread 143" [_thread_blocked, id=17188, stack(0x0000000024880000,0x0000000024980000)]
  0x0000000020655800 JavaThread "jar transforms Thread 142" [_thread_blocked, id=8684, stack(0x0000000024780000,0x0000000024880000)]
  0x000000002065a000 JavaThread "jar transforms Thread 141" [_thread_blocked, id=14688, stack(0x0000000024680000,0x0000000024780000)]
  0x000000002064c800 JavaThread "jar transforms Thread 140" [_thread_blocked, id=13280, stack(0x0000000024580000,0x0000000024680000)]
  0x0000000020653000 JavaThread "jar transforms Thread 139" [_thread_blocked, id=17324, stack(0x0000000024480000,0x0000000024580000)]
  0x000000002064b800 JavaThread "jar transforms Thread 138" [_thread_blocked, id=6996, stack(0x0000000024380000,0x0000000024480000)]
  0x0000000020650000 JavaThread "jar transforms Thread 137" [_thread_blocked, id=8048, stack(0x0000000024280000,0x0000000024380000)]
  0x0000000020652800 JavaThread "jar transforms Thread 136" [_thread_blocked, id=12304, stack(0x0000000024180000,0x0000000024280000)]
  0x000000002064e800 JavaThread "jar transforms Thread 135" [_thread_blocked, id=5896, stack(0x0000000024080000,0x0000000024180000)]
  0x0000000020651000 JavaThread "jar transforms Thread 134" [_thread_blocked, id=5784, stack(0x0000000023f80000,0x0000000024080000)]
  0x000000001b117800 JavaThread "jar transforms Thread 133" [_thread_blocked, id=3952, stack(0x0000000023e80000,0x0000000023f80000)]
  0x000000001b110000 JavaThread "jar transforms Thread 132" [_thread_blocked, id=14156, stack(0x0000000023ac0000,0x0000000023bc0000)]
  0x000000001b117000 JavaThread "jar transforms Thread 131" [_thread_blocked, id=10284, stack(0x00000000239c0000,0x0000000023ac0000)]
  0x000000001b116000 JavaThread "jar transforms Thread 130" [_thread_blocked, id=11236, stack(0x00000000238c0000,0x00000000239c0000)]
  0x000000001b10e800 JavaThread "jar transforms Thread 129" [_thread_blocked, id=15984, stack(0x00000000237c0000,0x00000000238c0000)]
  0x000000001b10f800 JavaThread "jar transforms Thread 128" [_thread_blocked, id=7104, stack(0x00000000224c0000,0x00000000225c0000)]
  0x000000001b115800 JavaThread "jar transforms Thread 127" [_thread_blocked, id=14052, stack(0x0000000021fc0000,0x00000000220c0000)]
  0x000000001b10d800 JavaThread "jar transforms Thread 126" [_thread_blocked, id=8476, stack(0x0000000021dc0000,0x0000000021ec0000)]
  0x000000001b114800 JavaThread "jar transforms Thread 125" [_thread_blocked, id=12148, stack(0x0000000021cc0000,0x0000000021dc0000)]
  0x000000001b111000 JavaThread "jar transforms Thread 124" [_thread_blocked, id=3396, stack(0x0000000021bc0000,0x0000000021cc0000)]
  0x000000001b114000 JavaThread "jar transforms Thread 123" [_thread_blocked, id=2668, stack(0x0000000021ac0000,0x0000000021bc0000)]
  0x000000001b113000 JavaThread "jar transforms Thread 122" [_thread_blocked, id=3936, stack(0x00000000219c0000,0x0000000021ac0000)]
  0x000000001b10c000 JavaThread "jar transforms Thread 121" [_thread_blocked, id=4752, stack(0x00000000218c0000,0x00000000219c0000)]
  0x000000001b111800 JavaThread "jar transforms Thread 120" [_thread_blocked, id=11296, stack(0x00000000217c0000,0x00000000218c0000)]
  0x000000001b10d000 JavaThread "jar transforms Thread 119" [_thread_blocked, id=7900, stack(0x00000000216c0000,0x00000000217c0000)]
  0x000000001b112800 JavaThread "jar transforms Thread 118" [_thread_blocked, id=10148, stack(0x00000000215c0000,0x00000000216c0000)]
  0x0000000019627800 JavaThread "jar transforms Thread 117" [_thread_blocked, id=12084, stack(0x00000000214c0000,0x00000000215c0000)]
  0x0000000019625800 JavaThread "jar transforms Thread 116" [_thread_blocked, id=8420, stack(0x00000000213c0000,0x00000000214c0000)]
  0x000000001962a000 JavaThread "jar transforms Thread 115" [_thread_blocked, id=16364, stack(0x00000000212c0000,0x00000000213c0000)]
  0x0000000019624800 JavaThread "Build operations Thread 4" [_thread_in_native, id=14456, stack(0x00000000211c0000,0x00000000212c0000)]
  0x0000000019629000 JavaThread "Build operations Thread 3" [_thread_blocked, id=9308, stack(0x00000000210c0000,0x00000000211c0000)]
  0x0000000019627000 JavaThread "Build operations Thread 2" [_thread_in_native, id=16808, stack(0x0000000020fc0000,0x00000000210c0000)]
  0x0000000019626000 JavaThread "Build operations" [_thread_blocked, id=7644, stack(0x0000000020ec0000,0x0000000020fc0000)]
  0x0000000019628800 JavaThread "Cache worker for Build Output Cleanup Cache (C:\Users\David Adeyinka\AndroidStudioProjects\ToDoPlanner\.gradle\buildOutputCleanup)" [_thread_blocked, id=4832, stack(0x0000000020dc0000,0x0000000020ec0000)]
  0x000000001961d000 JavaThread "Cache worker for cache directory md-rule (C:\Users\David Adeyinka\.gradle\caches\6.6.1\md-rule)" [_thread_blocked, id=11384, stack(0x0000000020cc0000,0x0000000020dc0000)]
  0x0000000019624000 JavaThread "Cache worker for cache directory md-supplier (C:\Users\David Adeyinka\.gradle\caches\6.6.1\md-supplier)" [_thread_blocked, id=14796, stack(0x000000001fb50000,0x000000001fc50000)]
  0x0000000019623000 JavaThread "Cache worker for checksums cache (C:\Users\David Adeyinka\AndroidStudioProjects\ToDoPlanner\.gradle\checksums)" [_thread_blocked, id=2824, stack(0x000000001fa50000,0x000000001fb50000)]
  0x0000000019622800 JavaThread "Cache worker for file hash cache (C:\Users\David Adeyinka\AndroidStudioProjects\ToDoPlanner\.gradle\6.6.1\fileHashes)" [_thread_blocked, id=1460, stack(0x000000001d0b0000,0x000000001d1b0000)]
  0x000000001961b000 JavaThread "Thread-148" [_thread_blocked, id=4876, stack(0x000000001cdb0000,0x000000001ceb0000)]
  0x0000000019621800 JavaThread "Stdin handler" [_thread_blocked, id=13664, stack(0x000000001ccb0000,0x000000001cdb0000)]
  0x0000000019620000 JavaThread "Asynchronous log dispatcher for DefaultDaemonConnection: socket connection from /127.0.0.1:17227 to /127.0.0.1:17997" [_thread_blocked, id=12140, stack(0x000000001cbb0000,0x000000001ccb0000)]
  0x000000001961c800 JavaThread "Daemon worker Thread 2" [_thread_blocked, id=3328, stack(0x000000001cab0000,0x000000001cbb0000)]
  0x0000000019621000 JavaThread "Cancel handler" [_thread_blocked, id=17368, stack(0x000000001c470000,0x000000001c570000)]
  0x000000001961e800 JavaThread "Handler for socket connection from /127.0.0.1:17227 to /127.0.0.1:17997" [_thread_in_native, id=5812, stack(0x000000001c370000,0x000000001c470000)]
  0x000000001961b800 JavaThread "Daemon Thread 2" [_thread_blocked, id=6228, stack(0x0000000000df0000,0x0000000000ef0000)]
  0x000000002064d000 JavaThread "Memory manager" [_thread_blocked, id=12908, stack(0x000000002c400000,0x000000002c500000)]
  0x000000001b11a000 JavaThread "Cache worker for file content cache (C:\Users\David Adeyinka\.gradle\caches\6.6.1\fileContent)" [_thread_blocked, id=9156, stack(0x0000000022cc0000,0x0000000022dc0000)]
  0x000000001b118800 JavaThread "Cache worker for execution history cache (C:\Users\David Adeyinka\.gradle\caches\6.6.1\executionHistory)" [_thread_blocked, id=15188, stack(0x00000000225c0000,0x00000000226c0000)]
  0x00000000198a1000 JavaThread "Cache worker for journal cache (C:\Users\David Adeyinka\.gradle\caches\journal-1)" [_thread_blocked, id=14072, stack(0x000000001d5b0000,0x000000001d6b0000)]
  0x00000000198a7000 JavaThread "File lock request listener" [_thread_in_native, id=6792, stack(0x000000001d4b0000,0x000000001d5b0000)]
  0x000000001b08a800 JavaThread "Cache worker for file hash cache (C:\Users\David Adeyinka\.gradle\caches\6.6.1\fileHashes)" [_thread_blocked, id=4844, stack(0x000000001d3b0000,0x000000001d4b0000)]
  0x000000001a9ac000 JavaThread "Daemon periodic checks" [_thread_blocked, id=5068, stack(0x000000001c7b0000,0x000000001c8b0000)]
  0x0000000019c7e000 JavaThread "Incoming local TCP Connector on port 17227" [_thread_in_native, id=8600, stack(0x000000001c570000,0x000000001c670000)]
  0x00000000195e8800 JavaThread "Daemon health stats" [_thread_blocked, id=14228, stack(0x000000001bf30000,0x000000001c030000)]
  0x000000001769c000 JavaThread "Service Thread" daemon [_thread_blocked, id=15032, stack(0x0000000019390000,0x0000000019490000)]
  0x0000000017687800 JavaThread "C1 CompilerThread2" daemon [_thread_blocked, id=15416, stack(0x0000000018e90000,0x0000000018f90000)]
  0x000000001764a800 JavaThread "C2 CompilerThread1" daemon [_thread_blocked, id=6984, stack(0x0000000018d90000,0x0000000018e90000)]
=>0x0000000017646000 JavaThread "C2 CompilerThread0" daemon [_thread_in_native, id=2628, stack(0x0000000018c90000,0x0000000018d90000)]
  0x0000000017644800 JavaThread "Attach Listener" daemon [_thread_blocked, id=15496, stack(0x0000000018b90000,0x0000000018c90000)]
  0x0000000017643000 JavaThread "Signal Dispatcher" daemon [_thread_blocked, id=13124, stack(0x0000000018a90000,0x0000000018b90000)]
  0x0000000002a1b800 JavaThread "Finalizer" daemon [_thread_blocked, id=16036, stack(0x0000000018890000,0x0000000018990000)]
  0x0000000017629000 JavaThread "Reference Handler" daemon [_thread_blocked, id=10036, stack(0x0000000018790000,0x0000000018890000)]
  0x0000000000f6e800 JavaThread "main" [_thread_blocked, id=17228, stack(0x0000000002820000,0x0000000002920000)]

Other Threads:
  0x0000000017606000 VMThread [stack: 0x0000000018690000,0x0000000018790000] [id=3312]
  0x000000001769d000 WatcherThread [stack: 0x0000000019490000,0x0000000019590000] [id=3392]

VM state:not at safepoint (normal execution)

VM Mutex/Monitor currently owned by a thread: None

heap address: 0x0000000080000000, size: 2048 MB, Compressed Oops mode: 32-bit
Narrow klass base: 0x0000000000000000, Narrow klass shift: 3
Compressed class space size: 1073741824 Address: 0x0000000100000000

Heap:
 PSYoungGen      total 273408K, used 160836K [0x00000000d5580000, 0x00000000e8100000, 0x0000000100000000)
  eden space 253440K, 63% used [0x00000000d5580000,0x00000000df291110,0x00000000e4d00000)
  from space 19968K, 0% used [0x00000000e6d80000,0x00000000e6d80000,0x00000000e8100000)
  to   space 26624K, 0% used [0x00000000e4d00000,0x00000000e4d00000,0x00000000e6700000)
 ParOldGen       total 131072K, used 71817K [0x0000000080000000, 0x0000000088000000, 0x00000000d5580000)
  object space 131072K, 54% used [0x0000000080000000,0x0000000084622780,0x0000000088000000)
 Metaspace       used 96405K, capacity 101157K, committed 101464K, reserved 1136640K
  class space    used 12716K, capacity 13669K, committed 13696K, reserved 1048576K

Card table byte_map: [0x0000000011de0000,0x00000000121f0000] byte_map_base: 0x00000000119e0000

Marking Bits: (ParMarkBitMap*) 0x0000000065baf030
 Begin Bits: [0x00000000128a0000, 0x00000000148a0000)
 End Bits:   [0x00000000148a0000, 0x00000000168a0000)

Polling page: 0x0000000000ef0000

CodeCache: size=245760Kb used=39938Kb max_used=40025Kb free=205821Kb
 bounds [0x0000000002a20000, 0x0000000005170000, 0x0000000011a20000]
 total_blobs=13136 nmethods=12264 adapters=783
 compilation: enabled

Compilation events (10 events):
Event: 1443.778 Thread 0x0000000017687800 14348       3       com.google.common.collect.AbstractIterator::<init> (12 bytes)
Event: 1443.779 Thread 0x0000000017687800 nmethod 14348 0x0000000003399e90 code [0x000000000339a000, 0x000000000339a230]
Event: 1443.819 Thread 0x0000000017687800 14349       3       org.gradle.api.internal.artifacts.transform.ImmutableTransformationWorkspaceProvider::lambda$withWorkspace$0 (66 bytes)
Event: 1443.821 Thread 0x0000000017687800 nmethod 14349 0x0000000004125b50 code [0x0000000004125d80, 0x00000000041267b8]
Event: 1443.822 Thread 0x0000000017687800 14350       3       org.gradle.api.internal.file.AbstractOpaqueFileCollection::iterator (10 bytes)
Event: 1443.823 Thread 0x0000000017687800 nmethod 14350 0x0000000003852590 code [0x0000000003852700, 0x00000000038529d8]
Event: 1443.823 Thread 0x000000001764a800 14351       4       java.util.TimSort::binarySort (223 bytes)
Event: 1443.844 Thread 0x0000000017687800 14352   !   3       org.gradle.api.internal.artifacts.transform.DefaultTransformerInvocationFactory$TransformerExecution::loadResultsFile (176 bytes)
Event: 1443.846 Thread 0x000000001764a800 nmethod 14351 0x0000000003577210 code [0x0000000003577360, 0x0000000003577858]
Event: 1443.851 Thread 0x0000000017687800 nmethod 14352 0x0000000004b3a210 code [0x0000000004b3a5a0, 0x0000000004b3c288]

GC Heap History (10 events):
Event: 44.960 GC heap before
{Heap before GC invocations=16 (full 3):
 PSYoungGen      total 198144K, used 184832K [0x00000000d5580000, 0x00000000e2500000, 0x0000000100000000)
  eden space 184832K, 100% used [0x00000000d5580000,0x00000000e0a00000,0x00000000e0a00000)
  from space 13312K, 0% used [0x00000000e1700000,0x00000000e1700000,0x00000000e2400000)
  to   space 13312K, 0% used [0x00000000e0a00000,0x00000000e0a00000,0x00000000e1700000)
 ParOldGen       total 131072K, used 32756K [0x0000000080000000, 0x0000000088000000, 0x00000000d5580000)
  object space 131072K, 24% used [0x0000000080000000,0x0000000081ffd248,0x0000000088000000)
 Metaspace       used 67624K, capacity 70466K, committed 70616K, reserved 1110016K
  class space    used 9098K, capacity 9631K, committed 9728K, reserved 1048576K
Event: 45.077 GC heap after
Heap after GC invocations=16 (full 3):
 PSYoungGen      total 198144K, used 13284K [0x00000000d5580000, 0x00000000e5080000, 0x0000000100000000)
  eden space 184832K, 0% used [0x00000000d5580000,0x00000000d5580000,0x00000000e0a00000)
  from space 13312K, 99% used [0x00000000e0a00000,0x00000000e16f91c0,0x00000000e1700000)
  to   space 17408K, 0% used [0x00000000e3f80000,0x00000000e3f80000,0x00000000e5080000)
 ParOldGen       total 131072K, used 39248K [0x0000000080000000, 0x0000000088000000, 0x00000000d5580000)
  object space 131072K, 29% used [0x0000000080000000,0x0000000082654268,0x0000000088000000)
 Metaspace       used 67624K, capacity 70466K, committed 70616K, reserved 1110016K
  class space    used 9098K, capacity 9631K, committed 9728K, reserved 1048576K
}
Event: 52.008 GC heap before
{Heap before GC invocations=17 (full 3):
 PSYoungGen      total 198144K, used 198116K [0x00000000d5580000, 0x00000000e5080000, 0x0000000100000000)
  eden space 184832K, 100% used [0x00000000d5580000,0x00000000e0a00000,0x00000000e0a00000)
  from space 13312K, 99% used [0x00000000e0a00000,0x00000000e16f91c0,0x00000000e1700000)
  to   space 17408K, 0% used [0x00000000e3f80000,0x00000000e3f80000,0x00000000e5080000)
 ParOldGen       total 131072K, used 39248K [0x0000000080000000, 0x0000000088000000, 0x00000000d5580000)
  object space 131072K, 29% used [0x0000000080000000,0x0000000082654268,0x0000000088000000)
 Metaspace       used 76545K, capacity 80200K, committed 80472K, reserved 1118208K
  class space    used 10382K, capacity 11065K, committed 11136K, reserved 1048576K
Event: 52.113 GC heap after
Heap after GC invocations=17 (full 3):
 PSYoungGen      total 238080K, used 16292K [0x00000000d5580000, 0x00000000e5380000, 0x0000000100000000)
  eden space 220672K, 0% used [0x00000000d5580000,0x00000000d5580000,0x00000000e2d00000)
  from space 17408K, 93% used [0x00000000e3f80000,0x00000000e4f69358,0x00000000e5080000)
  to   space 18944K, 0% used [0x00000000e2d00000,0x00000000e2d00000,0x00000000e3f80000)
 ParOldGen       total 131072K, used 50063K [0x0000000080000000, 0x0000000088000000, 0x00000000d5580000)
  object space 131072K, 38% used [0x0000000080000000,0x00000000830e3fc8,0x0000000088000000)
 Metaspace       used 76545K, capacity 80200K, committed 80472K, reserved 1118208K
  class space    used 10382K, capacity 11065K, committed 11136K, reserved 1048576K
}
Event: 61.281 GC heap before
{Heap before GC invocations=18 (full 3):
 PSYoungGen      total 238080K, used 236964K [0x00000000d5580000, 0x00000000e5380000, 0x0000000100000000)
  eden space 220672K, 100% used [0x00000000d5580000,0x00000000e2d00000,0x00000000e2d00000)
  from space 17408K, 93% used [0x00000000e3f80000,0x00000000e4f69358,0x00000000e5080000)
  to   space 18944K, 0% used [0x00000000e2d00000,0x00000000e2d00000,0x00000000e3f80000)
 ParOldGen       total 131072K, used 50063K [0x0000000080000000, 0x0000000088000000, 0x00000000d5580000)
  object space 131072K, 38% used [0x0000000080000000,0x00000000830e3fc8,0x0000000088000000)
 Metaspace       used 85897K, capacity 90164K, committed 90328K, reserved 1126400K
  class space    used 11608K, capacity 12441K, committed 12544K, reserved 1048576K
Event: 61.339 GC heap after
Heap after GC invocations=18 (full 3):
 PSYoungGen      total 239616K, used 18933K [0x00000000d5580000, 0x00000000e8700000, 0x0000000100000000)
  eden space 220672K, 0% used [0x00000000d5580000,0x00000000d5580000,0x00000000e2d00000)
  from space 18944K, 99% used [0x00000000e2d00000,0x00000000e3f7d638,0x00000000e3f80000)
  to   space 26112K, 0% used [0x00000000e6d80000,0x00000000e6d80000,0x00000000e8700000)
 ParOldGen       total 131072K, used 62891K [0x0000000080000000, 0x0000000088000000, 0x00000000d5580000)
  object space 131072K, 47% used [0x0000000080000000,0x0000000083d6ad60,0x0000000088000000)
 Metaspace       used 85897K, capacity 90164K, committed 90328K, reserved 1126400K
  class space    used 11608K, capacity 12441K, committed 12544K, reserved 1048576K
}
Event: 1425.216 GC heap before
{Heap before GC invocations=19 (full 3):
 PSYoungGen      total 239616K, used 229080K [0x00000000d5580000, 0x00000000e8700000, 0x0000000100000000)
  eden space 220672K, 95% used [0x00000000d5580000,0x00000000e22b8c88,0x00000000e2d00000)
  from space 18944K, 99% used [0x00000000e2d00000,0x00000000e3f7d638,0x00000000e3f80000)
  to   space 26112K, 0% used [0x00000000e6d80000,0x00000000e6d80000,0x00000000e8700000)
 ParOldGen       total 131072K, used 62891K [0x0000000080000000, 0x0000000088000000, 0x00000000d5580000)
  object space 131072K, 47% used [0x0000000080000000,0x0000000083d6ad60,0x0000000088000000)
 Metaspace       used 93507K, capacity 98425K, committed 98496K, reserved 1134592K
  class space    used 12398K, capacity 13369K, committed 13440K, reserved 1048576K
Event: 1425.362 GC heap after
Heap after GC invocations=19 (full 3):
 PSYoungGen      total 273408K, used 16412K [0x00000000d5580000, 0x00000000e8100000, 0x0000000100000000)
  eden space 253440K, 0% used [0x00000000d5580000,0x00000000d5580000,0x00000000e4d00000)
  from space 19968K, 82% used [0x00000000e6d80000,0x00000000e7d873b8,0x00000000e8100000)
  to   space 26624K, 0% used [0x00000000e4d00000,0x00000000e4d00000,0x00000000e6700000)
 ParOldGen       total 131072K, used 79953K [0x0000000080000000, 0x0000000088000000, 0x00000000d5580000)
  object space 131072K, 60% used [0x0000000080000000,0x0000000084e14708,0x0000000088000000)
 Metaspace       used 93507K, capacity 98425K, committed 98496K, reserved 1134592K
  class space    used 12398K, capacity 13369K, committed 13440K, reserved 1048576K
}
Event: 1425.362 GC heap before
{Heap before GC invocations=20 (full 4):
 PSYoungGen      total 273408K, used 16412K [0x00000000d5580000, 0x00000000e8100000, 0x0000000100000000)
  eden space 253440K, 0% used [0x00000000d5580000,0x00000000d5580000,0x00000000e4d00000)
  from space 19968K, 82% used [0x00000000e6d80000,0x00000000e7d873b8,0x00000000e8100000)
  to   space 26624K, 0% used [0x00000000e4d00000,0x00000000e4d00000,0x00000000e6700000)
 ParOldGen       total 131072K, used 79953K [0x0000000080000000, 0x0000000088000000, 0x00000000d5580000)
  object space 131072K, 60% used [0x0000000080000000,0x0000000084e14708,0x0000000088000000)
 Metaspace       used 93507K, capacity 98425K, committed 98496K, reserved 1134592K
  class space    used 12398K, capacity 13369K, committed 13440K, reserved 1048576K
Event: 1426.393 GC heap after
Heap after GC invocations=20 (full 4):
 PSYoungGen      total 273408K, used 0K [0x00000000d5580000, 0x00000000e8100000, 0x0000000100000000)
  eden space 253440K, 0% used [0x00000000d5580000,0x00000000d5580000,0x00000000e4d00000)
  from space 19968K, 0% used [0x00000000e6d80000,0x00000000e6d80000,0x00000000e8100000)
  to   space 26624K, 0% used [0x00000000e4d00000,0x00000000e4d00000,0x00000000e6700000)
 ParOldGen       total 131072K, used 71817K [0x0000000080000000, 0x0000000088000000, 0x00000000d5580000)
  object space 131072K, 54% used [0x0000000080000000,0x0000000084622780,0x0000000088000000)
 Metaspace       used 93398K, capacity 98103K, committed 98496K, reserved 1134592K
  class space    used 12363K, capacity 13308K, committed 13440K, reserved 1048576K
}

Deoptimization events (10 events):
Event: 1439.032 Thread 0x000000001f339800 Uncommon trap: reason=unstable_if action=reinterpret pc=0x0000000004fe8cdc method=com.android.utils.XmlUtils.toXmlAttributeValue(Ljava/lang/String;)Ljava/lang/String; @ 33
Event: 1439.150 Thread 0x000000001f339800 Uncommon trap: reason=class_check action=maybe_recompile pc=0x00000000050b64c0 method=com.sun.org.apache.xerces.internal.dom.NamedNodeMapImpl.item(I)Lorg/w3c/dom/Node; @ 33
Event: 1439.151 Thread 0x000000001f339800 Uncommon trap: reason=class_check action=maybe_recompile pc=0x00000000050b64c0 method=com.sun.org.apache.xerces.internal.dom.NamedNodeMapImpl.item(I)Lorg/w3c/dom/Node; @ 33
Event: 1439.165 Thread 0x000000001f339800 Uncommon trap: reason=unstable_if action=reinterpret pc=0x0000000005028578 method=com.android.utils.XmlUtils.append(Lcom/android/utils/XmlUtils$PositionAwareStringBuilder;Lorg/w3c/dom/Node;Ljava/util/Map;Ljava/util/Set;)V @ 546
Event: 1439.232 Thread 0x000000001f339800 Uncommon trap: reason=class_check action=maybe_recompile pc=0x00000000050846c4 method=java.io.Writer.append(Ljava/lang/CharSequence;)Ljava/io/Writer; @ 20
Event: 1439.235 Thread 0x000000001f339800 Uncommon trap: reason=unstable_if action=reinterpret pc=0x0000000003738a60 method=sun.nio.cs.UTF_8$Encoder.encodeArrayLoop(Ljava/nio/CharBuffer;Ljava/nio/ByteBuffer;)Ljava/nio/charset/CoderResult; @ 175
Event: 1441.303 Thread 0x000000001bb96800 Uncommon trap: reason=unstable_if action=reinterpret pc=0x00000000035b37a4 method=java.io.BufferedReader.readLine(Z)Ljava/lang/String; @ 192
Event: 1442.903 Thread 0x000000001f33e000 Uncommon trap: reason=class_check action=maybe_recompile pc=0x00000000050846c4 method=java.io.Writer.append(Ljava/lang/CharSequence;)Ljava/io/Writer; @ 20
Event: 1442.903 Thread 0x000000001f33e000 Uncommon trap: reason=class_check action=maybe_recompile pc=0x00000000050846c4 method=java.io.Writer.append(Ljava/lang/CharSequence;)Ljava/io/Writer; @ 20
Event: 1442.906 Thread 0x000000001f33e000 Uncommon trap: reason=class_check action=maybe_recompile pc=0x00000000050846c4 method=java.io.Writer.append(Ljava/lang/CharSequence;)Ljava/io/Writer; @ 20

Classes redefined (0 events):
No events

Internal exceptions (10 events):
Event: 1432.981 Thread 0x000000001f339800 Exception <a 'java/lang/NoSuchMethodError': <clinit>> (0x00000000daddc708) thrown at [C:\src\AOSP-openjdk-git\hotspot\src\share\vm\prims\jni.cpp, line 1615]
Event: 1433.101 Thread 0x000000001f339800 Implicit null exception at 0x0000000004e96612 to 0x0000000004e96789
Event: 1433.179 Thread 0x000000001f339800 Implicit null exception at 0x0000000003631df2 to 0x00000000036325d5
Event: 1435.392 Thread 0x000000001f339800 Implicit null exception at 0x0000000002cb5896 to 0x0000000002cb5c31
Event: 1436.669 Thread 0x000000001f339800 Implicit null exception at 0x0000000002c85796 to 0x0000000002c85b29
Event: 1438.610 Thread 0x000000001f339800 Implicit null exception at 0x000000000503845f to 0x000000000503b949
Event: 1439.165 Thread 0x000000001f339800 Implicit null exception at 0x000000000502b229 to 0x000000000502854d
Event: 1439.723 Thread 0x000000001f339800 Exception <a 'java/lang/NoSuchMethodError': <clinit>> (0x00000000de3b4600) thrown at [C:\src\AOSP-openjdk-git\hotspot\src\share\vm\prims\jni.cpp, line 1615]
Event: 1439.727 Thread 0x000000001f339800 Exception <a 'java/lang/NoSuchMethodError': <clinit>> (0x00000000de3c4a20) thrown at [C:\src\AOSP-openjdk-git\hotspot\src\share\vm\prims\jni.cpp, line 1615]
Event: 1439.730 Thread 0x000000001f339800 Exception <a 'java/lang/NoSuchMethodError': <clinit>> (0x00000000de3d8240) thrown at [C:\src\AOSP-openjdk-git\hotspot\src\share\vm\prims\jni.cpp, line 1615]

Events (10 events):
Event: 1443.470 Thread 0x0000000017687800 flushing nmethod 0x00000000045f1b50
Event: 1443.470 Thread 0x0000000017687800 flushing nmethod 0x00000000045f2890
Event: 1443.470 Thread 0x0000000017687800 flushing nmethod 0x00000000045fbbd0
Event: 1443.470 Thread 0x0000000017687800 flushing nmethod 0x000000000462f1d0
Event: 1443.470 Thread 0x0000000017687800 flushing nmethod 0x000000000462f8d0
Event: 1443.539 Thread 0x0000000017646000 flushing nmethod 0x00000000047c9490
Event: 1443.549 Thread 0x000000001764a800 flushing nmethod 0x0000000004b39f50
Event: 1443.549 Thread 0x000000001764a800 flushing nmethod 0x0000000004b3c5d0
Event: 1443.677 loading class org/gradle/internal/typeconversion/NotationConverterToNotationParserAdapter$1
Event: 1443.677 loading class org/gradle/internal/typeconversion/NotationConverterToNotationParserAdapter$1 done


Dynamic libraries:
0x00007ff6ebd00000 - 0x00007ff6ebd31000 	C:\Program Files\Android\Android Studio\jre\bin\java.exe
0x00007ff9c82e0000 - 0x00007ff9c84d0000 	C:\WINDOWS\SYSTEM32\ntdll.dll
0x00007ff9c8080000 - 0x00007ff9c8132000 	C:\WINDOWS\System32\KERNEL32.DLL
0x00007ff9c6090000 - 0x00007ff9c6335000 	C:\WINDOWS\System32\KERNELBASE.dll
0x00007ff9c71d0000 - 0x00007ff9c7273000 	C:\WINDOWS\System32\ADVAPI32.dll
0x00007ff9c6390000 - 0x00007ff9c642e000 	C:\WINDOWS\System32\msvcrt.dll
0x00007ff9c6d20000 - 0x00007ff9c6db7000 	C:\WINDOWS\System32\sechost.dll
0x00007ff9c7280000 - 0x00007ff9c73a0000 	C:\WINDOWS\System32\RPCRT4.dll
0x00007ff9c73a0000 - 0x00007ff9c7535000 	C:\WINDOWS\System32\USER32.dll
0x00007ff9c6340000 - 0x00007ff9c6361000 	C:\WINDOWS\System32\win32u.dll
0x00007ff9c6a80000 - 0x00007ff9c6aa6000 	C:\WINDOWS\System32\GDI32.dll
0x00007ff9c52f0000 - 0x00007ff9c5486000 	C:\WINDOWS\System32\gdi32full.dll
0x00007ff9c5ef0000 - 0x00007ff9c5f8e000 	C:\WINDOWS\System32\msvcp_win.dll
0x00007ff9c5c70000 - 0x00007ff9c5d6a000 	C:\WINDOWS\System32\ucrtbase.dll
0x00007ff9b7d10000 - 0x00007ff9b7f94000 	C:\WINDOWS\WinSxS\amd64_microsoft.windows.common-controls_6595b64144ccf1df_6.0.18362.1082_none_9e8193e1e45b25c1\COMCTL32.dll
0x00007ff9c6dc0000 - 0x00007ff9c70f5000 	C:\WINDOWS\System32\combase.dll
0x00007ff9c5270000 - 0x00007ff9c52f0000 	C:\WINDOWS\System32\bcryptPrimitives.dll
0x00007ff9c8210000 - 0x00007ff9c823e000 	C:\WINDOWS\System32\IMM32.DLL
0x0000000065150000 - 0x0000000065222000 	C:\Program Files\Android\Android Studio\jre\jre\bin\msvcr100.dll
0x00000000653e0000 - 0x0000000065c2b000 	C:\Program Files\Android\Android Studio\jre\jre\bin\server\jvm.dll
0x00007ff9c6430000 - 0x00007ff9c6438000 	C:\WINDOWS\System32\PSAPI.DLL
0x00007ff9c2d20000 - 0x00007ff9c2d29000 	C:\WINDOWS\SYSTEM32\WSOCK32.dll
0x00007ff9c7100000 - 0x00007ff9c716f000 	C:\WINDOWS\System32\WS2_32.dll
0x00007ff9c2c50000 - 0x00007ff9c2c74000 	C:\WINDOWS\SYSTEM32\WINMM.dll
0x00007ff9b80b0000 - 0x00007ff9b80ba000 	C:\WINDOWS\SYSTEM32\VERSION.dll
0x00007ff9c2c20000 - 0x00007ff9c2c4d000 	C:\WINDOWS\SYSTEM32\WINMMBASE.dll
0x00007ff9c5f90000 - 0x00007ff9c5fda000 	C:\WINDOWS\System32\cfgmgr32.dll
0x00007ff9c1410000 - 0x00007ff9c141f000 	C:\Program Files\Android\Android Studio\jre\jre\bin\verify.dll
0x00007ff9c1210000 - 0x00007ff9c1239000 	C:\Program Files\Android\Android Studio\jre\jre\bin\java.dll
0x00007ff9beec0000 - 0x00007ff9beed6000 	C:\Program Files\Android\Android Studio\jre\jre\bin\zip.dll
0x00007ff9c7710000 - 0x00007ff9c7df7000 	C:\WINDOWS\System32\SHELL32.dll
0x00007ff9c6c70000 - 0x00007ff9c6d19000 	C:\WINDOWS\System32\shcore.dll
0x00007ff9c54f0000 - 0x00007ff9c5c70000 	C:\WINDOWS\System32\windows.storage.dll
0x00007ff9c5240000 - 0x00007ff9c5263000 	C:\WINDOWS\System32\profapi.dll
0x00007ff9c51d0000 - 0x00007ff9c521a000 	C:\WINDOWS\System32\powrprof.dll
0x00007ff9c51a0000 - 0x00007ff9c51b0000 	C:\WINDOWS\System32\UMPDC.dll
0x00007ff9c8240000 - 0x00007ff9c8292000 	C:\WINDOWS\System32\shlwapi.dll
0x00007ff9c5220000 - 0x00007ff9c5231000 	C:\WINDOWS\System32\kernel.appcore.dll
0x00007ff9c6370000 - 0x00007ff9c6387000 	C:\WINDOWS\System32\cryptsp.dll
0x00007ff9b7530000 - 0x00007ff9b754a000 	C:\Program Files\Android\Android Studio\jre\jre\bin\net.dll
0x00007ff9c4990000 - 0x00007ff9c49f7000 	C:\WINDOWS\system32\mswsock.dll
0x00007ff9b7480000 - 0x00007ff9b7493000 	C:\Program Files\Android\Android Studio\jre\jre\bin\nio.dll
0x00007ff9b6de0000 - 0x00007ff9b6e07000 	C:\Users\David Adeyinka\.gradle\native\9f2fa17c089eee584f3420100432f77ec4c098959e4bf121a4d6054c26537dfb\windows-amd64\native-platform.dll
0x00007ff9beeb0000 - 0x00007ff9beebd000 	C:\Program Files\Android\Android Studio\jre\jre\bin\management.dll
0x00007ff9c4500000 - 0x00007ff9c4533000 	C:\WINDOWS\system32\rsaenh.dll
0x00007ff9c5d70000 - 0x00007ff9c5d96000 	C:\WINDOWS\System32\bcrypt.dll
0x00007ff9c5080000 - 0x00007ff9c50a5000 	C:\WINDOWS\SYSTEM32\USERENV.dll
0x00007ff9c4b60000 - 0x00007ff9c4b6c000 	C:\WINDOWS\SYSTEM32\CRYPTBASE.dll
0x00007ff9c46a0000 - 0x00007ff9c46da000 	C:\WINDOWS\SYSTEM32\IPHLPAPI.DLL
0x00007ff9c6c60000 - 0x00007ff9c6c68000 	C:\WINDOWS\System32\NSI.dll
0x00007ff9ba490000 - 0x00007ff9ba4a6000 	C:\WINDOWS\SYSTEM32\dhcpcsvc6.DLL
0x00007ff9ba530000 - 0x00007ff9ba54c000 	C:\WINDOWS\SYSTEM32\dhcpcsvc.DLL
0x00007ff9c46e0000 - 0x00007ff9c47ab000 	C:\WINDOWS\SYSTEM32\DNSAPI.dll
0x00007ff9ba8d0000 - 0x00007ff9ba8db000 	C:\WINDOWS\SYSTEM32\WINNSI.DLL
0x00007ff996720000 - 0x00007ff9968b6000 	C:\Users\David Adeyinka\.gradle\native\9f2fa17c089eee584f3420100432f77ec4c098959e4bf121a4d6054c26537dfb\windows-amd64\native-platform-file-events.dll

VM Arguments:
jvm_args: -Xmx2048m -Dfile.encoding=UTF-8 -Duser.country=GB -Duser.language=en -Duser.variant 
java_command: org.gradle.launcher.daemon.bootstrap.GradleDaemon 6.6.1
java_class_path (initial): C:\Gradle\gradle-6.6.1\lib\gradle-launcher-6.6.1.jar
Launcher Type: SUN_STANDARD

Environment Variables:
PATH=C:\Program Files (x86)\Common Files\Oracle\Java\javapath;C:\WINDOWS\system32;C:\WINDOWS;C:\WINDOWS\System32\Wbem;C:\WINDOWS\System32\WindowsPowerShell\v1.0\;C:\WINDOWS\System32\OpenSSH\;C:\Program Files (x86)\Git\cmd;C:\Program Files\nodejs\;c:\Program Files (x86)\Microsoft SQL Server\100\Tools\Binn\;c:\Program Files\Microsoft SQL Server\100\Tools\Binn\;c:\Program Files\Microsoft SQL Server\100\DTS\Binn\;C:\Users\David Adeyinka\AppData\Local\Programs\Python\Python37-32\Scripts\;C:\Users\David Adeyinka\AppData\Local\Programs\Python\Python37-32\;C:\Users\David Adeyinka\AppData\Local\Microsoft\WindowsApps;;C:\Program Files\JetBrains\IntelliJ IDEA Community Edition 2019.1.3\bin;;C:\Program Files\Microsoft VS Code\bin;C:\Users\David Adeyinka\AppData\Roaming\npm
USERNAME=David Adeyinka
OS=Windows_NT
PROCESSOR_IDENTIFIER=Intel64 Family 6 Model 61 Stepping 4, GenuineIntel



---------------  S Y S T E M  ---------------

OS: Windows 10.0 , 64 bit Build 18362 (10.0.18362.1082)

CPU:total 4 (initial active 4) (2 cores per cpu, 2 threads per core) family 6 model 61 stepping 4, cmov, cx8, fxsr, mmx, sse, sse2, sse3, ssse3, sse4.1, sse4.2, popcnt, avx, avx2, aes, clmul, erms, 3dnowpref, lzcnt, ht, tsc, tscinvbit, bmi1, bmi2, adx

Memory: 4k page, physical 8277100k(760532k free), swap 8277100k(832k free)

vm_info: OpenJDK 64-Bit Server VM (25.242-b01) for windows-amd64 JRE (1.8.0_242-release-1644-b01), built by "builder" with MS VC++ 10.0 (VS2010)

time: Tue Jan 12 17:38:49 2021
timezone: W. Central Africa Standard Time
elapsed time: 1444 seconds (0d 0h 24m 4s)

