#
# There is insufficient memory for the Java Runtime Environment to continue.
# Native memory allocation (malloc) failed to allocate 1090736 bytes for Chunk::new
# Possible reasons:
#   The system is out of physical RAM or swap space
#   The process is running with CompressedOops enabled, and the Java Heap may be blocking the growth of the native heap
# Possible solutions:
#   Reduce memory load on the system
#   Increase physical memory or swap space
#   Check if swap backing store is full
#   Decrease Java heap size (-Xmx/-Xms)
#   Decrease number of Java threads
#   Decrease Java thread stack sizes (-Xss)
#   Set larger code cache with -XX:ReservedCodeCacheSize=
#   JVM is running with Unscaled Compressed Oops mode in which the Java heap is
#     placed in the first 4GB address space. The Java Heap base address is the
#     maximum limit for the native heap growth. Please use -XX:HeapBaseMinAddress
#     to set the Java Heap base and to place the Java Heap above 4GB virtual address.
# This output file may be truncated or incomplete.
#
#  Out of Memory Error (allocation.cpp:389), pid=13288, tid=0x0000000000003180
#
# JRE version: OpenJDK Runtime Environment (8.0_242-b01) (build 1.8.0_242-release-1644-b01)
# Java VM: OpenJDK 64-Bit Server VM (25.242-b01 mixed mode windows-amd64 compressed oops)
# Failed to write core dump. Minidumps are not enabled by default on client versions of Windows
#

---------------  T H R E A D  ---------------

Current thread (0x00000000174dc800):  JavaThread "C2 CompilerThread1" daemon [_thread_in_native, id=12672, stack(0x0000000018fe0000,0x00000000190e0000)]

Stack: [0x0000000018fe0000,0x00000000190e0000]
[error occurred during error reporting (printing stack bounds), id 0xc0000005]

Native frames: (J=compiled Java code, j=interpreted, Vv=VM code, C=native code)


Current CompileTask:
C2: 240237 12916       4       org.gradle.api.internal.artifacts.ivyservice.resolveengine.artifact.ArtifactBackedResolvedVariant$SingleArtifactSet::startVisit (62 bytes)


---------------  P R O C E S S  ---------------

Java Threads: ( => current thread )
  0x000000001ca16800 JavaThread "Cache worker for execution history cache (C:\Users\David Adeyinka\AndroidStudioProjects\ToDoPlanner\.gradle\6.6.1\executionHistory)" [_thread_blocked, id=6912, stack(0x000000002ed50000,0x000000002ee50000)]
  0x000000001ca13800 JavaThread "Execution worker for ':' Thread 3" [_thread_blocked, id=7752, stack(0x000000002ec50000,0x000000002ed50000)]
  0x000000001ca1a800 JavaThread "Execution worker for ':' Thread 2" [_thread_blocked, id=8176, stack(0x000000002eb50000,0x000000002ec50000)]
  0x000000001c5f7800 JavaThread "Execution worker for ':'" [_thread_blocked, id=9788, stack(0x000000002e930000,0x000000002ea30000)]
  0x000000001c5f7000 JavaThread "Cache worker for file content cache (C:\Users\David Adeyinka\AndroidStudioProjects\ToDoPlanner\.gradle\6.6.1\fileContent)" [_thread_blocked, id=12696, stack(0x000000002ea50000,0x000000002eb50000)]
  0x000000001c5f4800 JavaThread "pool-3-thread-1" [_thread_blocked, id=12980, stack(0x000000002e830000,0x000000002e930000)]
  0x000000001c5f4000 JavaThread "jar transforms Thread 228" [_thread_blocked, id=13076, stack(0x000000002e730000,0x000000002e830000)]
  0x000000001c5f2800 JavaThread "jar transforms Thread 227" [_thread_blocked, id=5652, stack(0x000000002c440000,0x000000002c540000)]
  0x000000001c5f5800 JavaThread "jar transforms Thread 226" [_thread_blocked, id=9700, stack(0x000000002bf40000,0x000000002c040000)]
  0x000000001c5f3000 JavaThread "jar transforms Thread 225" [_thread_blocked, id=1336, stack(0x000000002a070000,0x000000002a170000)]
  0x000000001c5eb800 JavaThread "jar transforms Thread 224" [_thread_blocked, id=7756, stack(0x0000000029b70000,0x0000000029c70000)]
  0x000000001c5eb000 JavaThread "jar transforms Thread 223" [_thread_blocked, id=2296, stack(0x0000000029a70000,0x0000000029b70000)]
  0x000000001c5ec800 JavaThread "jar transforms Thread 222" [_thread_blocked, id=11696, stack(0x0000000029970000,0x0000000029a70000)]
  0x000000001c5f1000 JavaThread "jar transforms Thread 221" [_thread_blocked, id=8936, stack(0x0000000029870000,0x0000000029970000)]
  0x000000001c5f1800 JavaThread "jar transforms Thread 220" [_thread_blocked, id=4144, stack(0x0000000029770000,0x0000000029870000)]
  0x000000001c5e9800 JavaThread "jar transforms Thread 219" [_thread_blocked, id=8956, stack(0x0000000029670000,0x0000000029770000)]
  0x000000001c5f0000 JavaThread "jar transforms Thread 218" [_thread_blocked, id=7636, stack(0x0000000029570000,0x0000000029670000)]
  0x000000001c5ef800 JavaThread "jar transforms Thread 217" [_thread_blocked, id=2832, stack(0x0000000029470000,0x0000000029570000)]
  0x000000001c5ee000 JavaThread "jar transforms Thread 216" [_thread_blocked, id=2292, stack(0x0000000029370000,0x0000000029470000)]
  0x000000001c5ed000 JavaThread "jar transforms Thread 215" [_thread_blocked, id=6196, stack(0x0000000029270000,0x0000000029370000)]
  0x000000001c5ee800 JavaThread "jar transforms Thread 214" [_thread_blocked, id=5920, stack(0x0000000029170000,0x0000000029270000)]
  0x000000001c5e8800 JavaThread "jar transforms Thread 213" [_thread_blocked, id=12240, stack(0x0000000029070000,0x0000000029170000)]
  0x000000001c5ea000 JavaThread "jar transforms Thread 212" [_thread_blocked, id=10052, stack(0x0000000028f70000,0x0000000029070000)]
  0x0000000022dcf800 JavaThread "jar transforms Thread 211" [_thread_blocked, id=4556, stack(0x0000000028e70000,0x0000000028f70000)]
  0x0000000022dd0000 JavaThread "jar transforms Thread 210" [_thread_blocked, id=1952, stack(0x0000000028d70000,0x0000000028e70000)]
  0x0000000022dce800 JavaThread "jar transforms Thread 209" [_thread_blocked, id=9088, stack(0x0000000028c70000,0x0000000028d70000)]
  0x0000000022dce000 JavaThread "jar transforms Thread 208" [_thread_blocked, id=10144, stack(0x0000000028b70000,0x0000000028c70000)]
  0x0000000022dd4000 JavaThread "jar transforms Thread 207" [_thread_blocked, id=9940, stack(0x0000000028a70000,0x0000000028b70000)]
  0x0000000022dd1800 JavaThread "jar transforms Thread 206" [_thread_blocked, id=8836, stack(0x0000000028970000,0x0000000028a70000)]
  0x0000000022dd3000 JavaThread "jar transforms Thread 205" [_thread_blocked, id=12272, stack(0x0000000028770000,0x0000000028870000)]
  0x0000000022dd1000 JavaThread "jar transforms Thread 204" [_thread_blocked, id=8664, stack(0x0000000028670000,0x0000000028770000)]
  0x0000000022dd2800 JavaThread "jar transforms Thread 203" [_thread_blocked, id=10448, stack(0x0000000028570000,0x0000000028670000)]
  0x0000000022dc6000 JavaThread "jar transforms Thread 202" [_thread_blocked, id=1404, stack(0x0000000028470000,0x0000000028570000)]
  0x0000000022dcb800 JavaThread "jar transforms Thread 201" [_thread_blocked, id=4116, stack(0x0000000028370000,0x0000000028470000)]
  0x0000000022dcb000 JavaThread "jar transforms Thread 200" [_thread_blocked, id=12300, stack(0x0000000028270000,0x0000000028370000)]
  0x0000000022dca000 JavaThread "jar transforms Thread 199" [_thread_blocked, id=11660, stack(0x0000000028170000,0x0000000028270000)]
  0x0000000022dcd000 JavaThread "jar transforms Thread 198" [_thread_blocked, id=13180, stack(0x0000000028070000,0x0000000028170000)]
  0x0000000022dc5800 JavaThread "jar transforms Thread 197" [_thread_blocked, id=6496, stack(0x0000000027f70000,0x0000000028070000)]
  0x0000000022dcc800 JavaThread "jar transforms Thread 196" [_thread_blocked, id=4684, stack(0x0000000027e70000,0x0000000027f70000)]
  0x0000000022dc9000 JavaThread "jar transforms Thread 195" [_thread_blocked, id=8876, stack(0x0000000027d70000,0x0000000027e70000)]
  0x0000000022dc8800 JavaThread "jar transforms Thread 194" [_thread_blocked, id=12572, stack(0x0000000027c70000,0x0000000027d70000)]
  0x0000000022dc7800 JavaThread "jar transforms Thread 193" [_thread_blocked, id=4660, stack(0x0000000027b70000,0x0000000027c70000)]
  0x0000000022dc4800 JavaThread "jar transforms Thread 192" [_thread_blocked, id=8448, stack(0x0000000027a70000,0x0000000027b70000)]
  0x0000000022dc7000 JavaThread "jar transforms Thread 191" [_thread_blocked, id=5736, stack(0x0000000027970000,0x0000000027a70000)]
  0x000000001e49c800 JavaThread "jar transforms Thread 190" [_thread_blocked, id=11168, stack(0x0000000027870000,0x0000000027970000)]
  0x000000001e4a3000 JavaThread "jar transforms Thread 189" [_thread_blocked, id=6664, stack(0x0000000027770000,0x0000000027870000)]
  0x000000001e4a2800 JavaThread "jar transforms Thread 188" [_thread_blocked, id=6724, stack(0x0000000027670000,0x0000000027770000)]
  0x000000001e4a1800 JavaThread "jar transforms Thread 187" [_thread_blocked, id=8844, stack(0x0000000027570000,0x0000000027670000)]
  0x000000001e49e800 JavaThread "jar transforms Thread 186" [_thread_blocked, id=10536, stack(0x0000000027470000,0x0000000027570000)]
  0x000000001e49b800 JavaThread "jar transforms Thread 185" [_thread_blocked, id=10676, stack(0x0000000027370000,0x0000000027470000)]
  0x000000001e49e000 JavaThread "jar transforms Thread 184" [_thread_blocked, id=7528, stack(0x0000000027270000,0x0000000027370000)]
  0x000000001e4a1000 JavaThread "jar transforms Thread 183" [_thread_blocked, id=8688, stack(0x0000000027170000,0x0000000027270000)]
  0x000000001e4a0000 JavaThread "jar transforms Thread 182" [_thread_blocked, id=6704, stack(0x0000000027070000,0x0000000027170000)]
  0x000000001e49f800 JavaThread "jar transforms Thread 181" [_thread_blocked, id=1868, stack(0x0000000026f70000,0x0000000027070000)]
  0x000000001e49d000 JavaThread "jar transforms Thread 180" [_thread_blocked, id=8812, stack(0x0000000026e70000,0x0000000026f70000)]
  0x000000001e496000 JavaThread "jar transforms Thread 179" [_thread_blocked, id=10184, stack(0x0000000026d70000,0x0000000026e70000)]
  0x000000001e49b000 JavaThread "jar transforms Thread 178" [_thread_blocked, id=4276, stack(0x0000000026c70000,0x0000000026d70000)]
  0x000000001e499000 JavaThread "jar transforms Thread 177" [_thread_blocked, id=9692, stack(0x0000000026b70000,0x0000000026c70000)]
  0x000000001e498800 JavaThread "jar transforms Thread 176" [_thread_blocked, id=9116, stack(0x0000000026a70000,0x0000000026b70000)]
  0x000000001e49a000 JavaThread "jar transforms Thread 175" [_thread_blocked, id=2008, stack(0x0000000026970000,0x0000000026a70000)]
  0x000000001e497800 JavaThread "jar transforms Thread 174" [_thread_blocked, id=9276, stack(0x0000000026870000,0x0000000026970000)]
  0x000000001e494800 JavaThread "jar transforms Thread 173" [_thread_blocked, id=6952, stack(0x0000000026770000,0x0000000026870000)]
  0x000000001e494000 JavaThread "jar transforms Thread 172" [_thread_blocked, id=9636, stack(0x0000000026670000,0x0000000026770000)]
  0x000000001e497000 JavaThread "jar transforms Thread 171" [_thread_blocked, id=9604, stack(0x0000000026570000,0x0000000026670000)]
  0x000000001e495800 JavaThread "jar transforms Thread 170" [_thread_blocked, id=2380, stack(0x0000000026470000,0x0000000026570000)]
  0x0000000022041000 JavaThread "jar transforms Thread 169" [_thread_blocked, id=11020, stack(0x0000000026370000,0x0000000026470000)]
  0x0000000022040800 JavaThread "jar transforms Thread 168" [_thread_blocked, id=12188, stack(0x0000000026270000,0x0000000026370000)]
  0x0000000022045800 JavaThread "jar transforms Thread 167" [_thread_blocked, id=6832, stack(0x0000000026170000,0x0000000026270000)]
  0x0000000022042800 JavaThread "jar transforms Thread 166" [_thread_blocked, id=5524, stack(0x0000000026070000,0x0000000026170000)]
  0x0000000022042000 JavaThread "jar transforms Thread 165" [_thread_blocked, id=5500, stack(0x0000000025f70000,0x0000000026070000)]
  0x0000000022043800 JavaThread "jar transforms Thread 164" [_thread_blocked, id=11640, stack(0x0000000025e70000,0x0000000025f70000)]
  0x0000000022045000 JavaThread "jar transforms Thread 163" [_thread_blocked, id=2344, stack(0x0000000025d70000,0x0000000025e70000)]
  0x0000000022044000 JavaThread "jar transforms Thread 162" [_thread_blocked, id=9828, stack(0x0000000025c70000,0x0000000025d70000)]
  0x0000000022038800 JavaThread "jar transforms Thread 161" [_thread_blocked, id=6392, stack(0x0000000025b70000,0x0000000025c70000)]
  0x000000002203f800 JavaThread "jar transforms Thread 160" [_thread_blocked, id=4984, stack(0x0000000025a70000,0x0000000025b70000)]
  0x0000000022038000 JavaThread "jar transforms Thread 159" [_thread_blocked, id=11000, stack(0x0000000025970000,0x0000000025a70000)]
  0x000000002203f000 JavaThread "jar transforms Thread 158" [_thread_blocked, id=8532, stack(0x0000000025870000,0x0000000025970000)]
  0x0000000022037000 JavaThread "jar transforms Thread 157" [_thread_blocked, id=9264, stack(0x0000000025770000,0x0000000025870000)]
  0x000000002203a000 JavaThread "jar transforms Thread 156" [_thread_blocked, id=6400, stack(0x0000000025670000,0x0000000025770000)]
  0x000000002203e000 JavaThread "jar transforms Thread 155" [_thread_blocked, id=12984, stack(0x0000000025570000,0x0000000025670000)]
  0x0000000022036800 JavaThread "jar transforms Thread 154" [_thread_blocked, id=11760, stack(0x0000000025470000,0x0000000025570000)]
  0x000000002203b000 JavaThread "jar transforms Thread 153" [_thread_blocked, id=11468, stack(0x0000000025370000,0x0000000025470000)]
  0x000000002203d000 JavaThread "jar transforms Thread 152" [_thread_blocked, id=7248, stack(0x0000000025270000,0x0000000025370000)]
  0x000000002203b800 JavaThread "jar transforms Thread 151" [_thread_blocked, id=6920, stack(0x0000000025170000,0x0000000025270000)]
  0x0000000022039800 JavaThread "jar transforms Thread 150" [_thread_blocked, id=10920, stack(0x0000000025070000,0x0000000025170000)]
  0x000000002203c800 JavaThread "jar transforms Thread 149" [_thread_blocked, id=12316, stack(0x0000000024f70000,0x0000000025070000)]
  0x0000000021a9d000 JavaThread "jar transforms Thread 148" [_thread_blocked, id=4548, stack(0x0000000024e70000,0x0000000024f70000)]
  0x0000000021a9c800 JavaThread "jar transforms Thread 147" [_thread_blocked, id=9204, stack(0x0000000024d70000,0x0000000024e70000)]
  0x0000000021a9b800 JavaThread "jar transforms Thread 146" [_thread_blocked, id=6960, stack(0x0000000024c70000,0x0000000024d70000)]
  0x0000000021a94000 JavaThread "jar transforms Thread 145" [_thread_blocked, id=12928, stack(0x0000000024b70000,0x0000000024c70000)]
  0x0000000021a9b000 JavaThread "jar transforms Thread 144" [_thread_blocked, id=13012, stack(0x0000000024a70000,0x0000000024b70000)]
  0x0000000021a9a000 JavaThread "jar transforms Thread 143" [_thread_blocked, id=11544, stack(0x0000000024970000,0x0000000024a70000)]
  0x0000000021a99800 JavaThread "jar transforms Thread 142" [_thread_blocked, id=2736, stack(0x0000000024870000,0x0000000024970000)]
  0x000000001a55e800 JavaThread "jar transforms Thread 141" [_thread_blocked, id=11880, stack(0x0000000024770000,0x0000000024870000)]
  0x000000001a55e000 JavaThread "jar transforms Thread 140" [_thread_blocked, id=9192, stack(0x0000000024670000,0x0000000024770000)]
  0x000000001a55c800 JavaThread "jar transforms Thread 139" [_thread_blocked, id=7760, stack(0x0000000024570000,0x0000000024670000)]
  0x000000001a558800 JavaThread "jar transforms Thread 138" [_thread_blocked, id=3872, stack(0x0000000024470000,0x0000000024570000)]
  0x000000001a558000 JavaThread "jar transforms Thread 137" [_thread_blocked, id=3112, stack(0x0000000024370000,0x0000000024470000)]
  0x000000001a55b000 JavaThread "jar transforms Thread 136" [_thread_blocked, id=972, stack(0x0000000024270000,0x0000000024370000)]
  0x000000001a55d000 JavaThread "jar transforms Thread 135" [_thread_blocked, id=11520, stack(0x0000000024170000,0x0000000024270000)]
  0x000000001a55b800 JavaThread "jar transforms Thread 134" [_thread_blocked, id=6584, stack(0x0000000024070000,0x0000000024170000)]
  0x000000001a7c1000 JavaThread "jar transforms Thread 133" [_thread_blocked, id=2868, stack(0x0000000023f70000,0x0000000024070000)]
  0x000000001a7bc000 JavaThread "jar transforms Thread 132" [_thread_blocked, id=3148, stack(0x0000000023e70000,0x0000000023f70000)]
  0x000000001a7bb800 JavaThread "jar transforms Thread 131" [_thread_blocked, id=10176, stack(0x0000000023d70000,0x0000000023e70000)]
  0x000000001a7bd000 JavaThread "jar transforms Thread 130" [_thread_blocked, id=11400, stack(0x0000000023c70000,0x0000000023d70000)]
  0x000000001a7b4000 JavaThread "jar transforms Thread 129" [_thread_blocked, id=9968, stack(0x0000000023b70000,0x0000000023c70000)]
  0x000000001a7ba800 JavaThread "jar transforms Thread 128" [_thread_blocked, id=9200, stack(0x0000000023a70000,0x0000000023b70000)]
  0x000000001a7ba000 JavaThread "jar transforms Thread 127" [_thread_blocked, id=8612, stack(0x0000000023970000,0x0000000023a70000)]
  0x000000001a7b3000 JavaThread "jar transforms Thread 126" [_thread_blocked, id=13228, stack(0x0000000020c30000,0x0000000020d30000)]
  0x000000001a7b6000 JavaThread "jar transforms Thread 125" [_thread_blocked, id=3916, stack(0x0000000020330000,0x0000000020430000)]
  0x000000001a7b2800 JavaThread "jar transforms Thread 124" [_thread_blocked, id=11732, stack(0x0000000020230000,0x0000000020330000)]
  0x000000001a7b8800 JavaThread "jar transforms Thread 123" [_thread_blocked, id=11700, stack(0x0000000020130000,0x0000000020230000)]
  0x000000001a7b4800 JavaThread "jar transforms Thread 122" [_thread_blocked, id=13268, stack(0x000000001fdd0000,0x000000001fed0000)]
  0x000000001a7b7800 JavaThread "jar transforms Thread 121" [_thread_blocked, id=2844, stack(0x000000001fcd0000,0x000000001fdd0000)]
  0x000000001a7b9000 JavaThread "jar transforms Thread 120" [_thread_blocked, id=2720, stack(0x000000001fbd0000,0x000000001fcd0000)]
  0x000000001a7b5800 JavaThread "jar transforms Thread 119" [_thread_blocked, id=12748, stack(0x000000001fad0000,0x000000001fbd0000)]
  0x000000001a7b1800 JavaThread "jar transforms Thread 118" [_thread_blocked, id=7268, stack(0x000000001f9d0000,0x000000001fad0000)]
  0x000000001a7b7000 JavaThread "jar transforms Thread 117" [_thread_blocked, id=7536, stack(0x000000001f8d0000,0x000000001f9d0000)]
  0x000000001d863800 JavaThread "jar transforms Thread 116" [_thread_blocked, id=7848, stack(0x000000001f7d0000,0x000000001f8d0000)]
  0x000000001d862000 JavaThread "jar transforms Thread 115" [_thread_blocked, id=4444, stack(0x000000001f6d0000,0x000000001f7d0000)]
  0x000000001d862800 JavaThread "Build operations Thread 4" [_thread_blocked, id=12816, stack(0x000000001f5d0000,0x000000001f6d0000)]
  0x000000001d867000 JavaThread "Build operations Thread 3" [_thread_blocked, id=3508, stack(0x000000001f4d0000,0x000000001f5d0000)]
  0x000000001d865800 JavaThread "Build operations Thread 2" [_thread_blocked, id=3620, stack(0x000000001f3d0000,0x000000001f4d0000)]
  0x000000001d865000 JavaThread "Build operations" [_thread_blocked, id=1640, stack(0x000000001f2d0000,0x000000001f3d0000)]
  0x000000001d864000 JavaThread "Cache worker for Build Output Cleanup Cache (C:\Users\David Adeyinka\AndroidStudioProjects\ToDoPlanner\.gradle\buildOutputCleanup)" [_thread_blocked, id=2532, stack(0x000000001f1d0000,0x000000001f2d0000)]
  0x000000001d861000 JavaThread "Cache worker for cache directory md-rule (C:\Users\David Adeyinka\.gradle\caches\6.6.1\md-rule)" [_thread_blocked, id=5956, stack(0x000000001f0d0000,0x000000001f1d0000)]
  0x000000001d866800 JavaThread "Cache worker for cache directory md-supplier (C:\Users\David Adeyinka\.gradle\caches\6.6.1\md-supplier)" [_thread_blocked, id=2252, stack(0x000000001ed30000,0x000000001ee30000)]
  0x000000001d859800 JavaThread "Cache worker for checksums cache (C:\Users\David Adeyinka\AndroidStudioProjects\ToDoPlanner\.gradle\checksums)" [_thread_blocked, id=3496, stack(0x000000001ea30000,0x000000001eb30000)]
  0x000000001d860800 JavaThread "Cache worker for file hash cache (C:\Users\David Adeyinka\AndroidStudioProjects\ToDoPlanner\.gradle\6.6.1\fileHashes)" [_thread_blocked, id=3556, stack(0x000000001bf90000,0x000000001c090000)]
  0x000000001d859000 JavaThread "Thread-148" [_thread_blocked, id=13172, stack(0x000000001be90000,0x000000001bf90000)]
  0x000000001d85f000 JavaThread "Stdin handler" [_thread_blocked, id=8144, stack(0x000000001bd90000,0x000000001be90000)]
  0x000000001d85e000 JavaThread "Asynchronous log dispatcher for DefaultDaemonConnection: socket connection from /127.0.0.1:24755 to /127.0.0.1:26141" [_thread_blocked, id=11028, stack(0x000000001bc90000,0x000000001bd90000)]
  0x000000001d85a800 JavaThread "Daemon worker Thread 2" [_thread_in_native, id=11120, stack(0x000000001b990000,0x000000001ba90000)]
  0x000000001d85f800 JavaThread "Cancel handler" [_thread_blocked, id=9944, stack(0x000000001b350000,0x000000001b450000)]
  0x000000001d85d800 JavaThread "Handler for socket connection from /127.0.0.1:24755 to /127.0.0.1:26141" [_thread_in_native, id=13112, stack(0x000000001b250000,0x000000001b350000)]
  0x000000001d85c800 JavaThread "Daemon Thread 2" [_thread_blocked, id=6872, stack(0x0000000002440000,0x0000000002540000)]
  0x0000000021a92800 JavaThread "Memory manager" [_thread_blocked, id=1636, stack(0x0000000000b60000,0x0000000000c60000)]
  0x000000001a7bd800 JavaThread "Cache worker for file content cache (C:\Users\David Adeyinka\.gradle\caches\6.6.1\fileContent)" [_thread_blocked, id=7072, stack(0x0000000020b30000,0x0000000020c30000)]
  0x000000001a7c0000 JavaThread "Cache worker for execution history cache (C:\Users\David Adeyinka\.gradle\caches\6.6.1\executionHistory)" [_thread_blocked, id=9780, stack(0x0000000020430000,0x0000000020530000)]
  0x000000001a55a000 JavaThread "Cache worker for journal cache (C:\Users\David Adeyinka\.gradle\caches\journal-1)" [_thread_blocked, id=4664, stack(0x000000001e530000,0x000000001e630000)]
  0x000000001a559800 JavaThread "File lock request listener" [_thread_in_native, id=2476, stack(0x000000001d360000,0x000000001d460000)]
  0x000000001c63f000 JavaThread "Cache worker for file hash cache (C:\Users\David Adeyinka\.gradle\caches\6.6.1\fileHashes)" [_thread_blocked, id=4180, stack(0x000000001d260000,0x000000001d360000)]
  0x0000000018ceb000 JavaThread "Daemon periodic checks" [_thread_blocked, id=12196, stack(0x000000001b690000,0x000000001b790000)]
  0x0000000018fdd800 JavaThread "Incoming local TCP Connector on port 24755" [_thread_in_native, id=9428, stack(0x000000001b450000,0x000000001b550000)]
  0x0000000018c86800 JavaThread "Daemon health stats" [_thread_blocked, id=7328, stack(0x000000001ae10000,0x000000001af10000)]
  0x0000000018be7000 JavaThread "Service Thread" daemon [_thread_blocked, id=13060, stack(0x00000000191e0000,0x00000000192e0000)]
  0x00000000174de000 JavaThread "C1 CompilerThread2" daemon [_thread_blocked, id=13136, stack(0x00000000190e0000,0x00000000191e0000)]
=>0x00000000174dc800 JavaThread "C2 CompilerThread1" daemon [_thread_in_native, id=12672, stack(0x0000000018fe0000,0x00000000190e0000)]
  0x0000000017486000 JavaThread "C2 CompilerThread0" daemon [_thread_in_native, id=12368, stack(0x0000000018ae0000,0x0000000018be0000)]
  0x0000000017484800 JavaThread "Attach Listener" daemon [_thread_blocked, id=11372, stack(0x00000000189e0000,0x0000000018ae0000)]
  0x0000000017483000 JavaThread "Signal Dispatcher" daemon [_thread_blocked, id=892, stack(0x00000000188e0000,0x00000000189e0000)]
  0x000000000285b800 JavaThread "Finalizer" daemon [_thread_blocked, id=13148, stack(0x00000000186e0000,0x00000000187e0000)]
  0x0000000017469000 JavaThread "Reference Handler" daemon [_thread_blocked, id=12132, stack(0x00000000185e0000,0x00000000186e0000)]
  0x000000000263e800 JavaThread "main" [_thread_blocked, id=2308, stack(0x0000000002660000,0x0000000002760000)]

Other Threads:
  0x0000000017446800 VMThread [stack: 0x00000000184e0000,0x00000000185e0000] [id=11744]
  0x0000000018be8000 WatcherThread [stack: 0x00000000192e0000,0x00000000193e0000] [id=12160]

VM state:not at safepoint (normal execution)

VM Mutex/Monitor currently owned by a thread: None

heap address: 0x0000000080000000, size: 2048 MB, Compressed Oops mode: 32-bit
Narrow klass base: 0x0000000000000000, Narrow klass shift: 3
Compressed class space size: 1073741824 Address: 0x0000000100000000

Heap:
 PSYoungGen      total 419328K, used 139394K [0x00000000d5580000, 0x00000000f2280000, 0x0000000100000000)
  eden space 376320K, 37% used [0x00000000d5580000,0x00000000ddda0890,0x00000000ec500000)
  from space 43008K, 0% used [0x00000000ec500000,0x00000000ec500000,0x00000000eef00000)
  to   space 31232K, 0% used [0x00000000eef00000,0x00000000eef00000,0x00000000f0d80000)
 ParOldGen       total 139264K, used 71607K [0x0000000080000000, 0x0000000088800000, 0x00000000d5580000)
  object space 139264K, 51% used [0x0000000080000000,0x00000000845edd48,0x0000000088800000)
 Metaspace       used 94621K, capacity 99314K, committed 99392K, reserved 1134592K
  class space    used 12553K, capacity 13521K, committed 13568K, reserved 1048576K

Card table byte_map: [0x0000000011c20000,0x0000000012030000] byte_map_base: 0x0000000011820000

Marking Bits: (ParMarkBitMap*) 0x000000007438f030
 Begin Bits: [0x00000000126e0000, 0x00000000146e0000)
 End Bits:   [0x00000000146e0000, 0x00000000166e0000)

Polling page: 0x0000000000980000

CodeCache: size=245760Kb used=37290Kb max_used=37290Kb free=208469Kb
 bounds [0x0000000002860000, 0x0000000004cf0000, 0x0000000011860000]
 total_blobs=12002 nmethods=11131 adapters=783
 compilation: enabled

Compilation events (10 events):
Event: 239.272 Thread 0x00000000174de000 12930       3       com.google.common.collect.AbstractListMultimap::put (7 bytes)
Event: 239.272 Thread 0x00000000174de000 nmethod 12930 0x0000000004cd9d90 code [0x0000000004cd9f00, 0x0000000004cda088]
Event: 239.278 Thread 0x00000000174de000 12931       3       org.gradle.internal.instantiation.generator.AsmBackedClassGenerator$ClassBuilderImpl::generateToStringSupport (225 bytes)
Event: 239.280 Thread 0x00000000174de000 nmethod 12931 0x0000000004ce91d0 code [0x0000000004ce9540, 0x0000000004ceb2c8]
Event: 239.332 Thread 0x00000000174de000 12932       3       org.gradle.api.internal.tasks.properties.annotations.InputFilesPropertyAnnotationHandler::getFilePropertyType (4 bytes)
Event: 239.332 Thread 0x00000000174de000 nmethod 12932 0x0000000004cd9a50 code [0x0000000004cd9ba0, 0x0000000004cd9cf0]
Event: 239.430 Thread 0x00000000174de000 12933       3       kotlin.collections.AbstractIterator::hasNext (101 bytes)
Event: 239.431 Thread 0x00000000174de000 nmethod 12933 0x0000000004cebbd0 code [0x0000000004cebd80, 0x0000000004cec358]
Event: 239.440 Thread 0x00000000174de000 12934       3       kotlin.io.FileTreeWalk$FileTreeWalkIterator$TopDownDirectoryState::step (270 bytes)
Event: 239.443 Thread 0x00000000174de000 nmethod 12934 0x0000000004cec590 code [0x0000000004cec900, 0x0000000004cee908]

GC Heap History (10 events):
Event: 67.408 GC heap before
{Heap before GC invocations=11 (full 3):
 PSYoungGen      total 337920K, used 18924K [0x00000000d5580000, 0x00000000ebe00000, 0x0000000100000000)
  eden space 318976K, 0% used [0x00000000d5580000,0x00000000d5580000,0x00000000e8d00000)
  from space 18944K, 99% used [0x00000000ea880000,0x00000000ebafb348,0x00000000ebb00000)
  to   space 25088K, 0% used [0x00000000e8d00000,0x00000000e8d00000,0x00000000ea580000)
 ParOldGen       total 91136K, used 20509K [0x0000000080000000, 0x0000000085900000, 0x00000000d5580000)
  object space 91136K, 22% used [0x0000000080000000,0x00000000814074d0,0x0000000085900000)
 Metaspace       used 56621K, capacity 59022K, committed 59096K, reserved 1099776K
  class space    used 7428K, capacity 7909K, committed 7936K, reserved 1048576K
Event: 68.105 GC heap after
Heap after GC invocations=11 (full 3):
 PSYoungGen      total 337920K, used 0K [0x00000000d5580000, 0x00000000ebe00000, 0x0000000100000000)
  eden space 318976K, 0% used [0x00000000d5580000,0x00000000d5580000,0x00000000e8d00000)
  from space 18944K, 0% used [0x00000000ea880000,0x00000000ea880000,0x00000000ebb00000)
  to   space 25088K, 0% used [0x00000000e8d00000,0x00000000e8d00000,0x00000000ea580000)
 ParOldGen       total 139264K, used 37422K [0x0000000080000000, 0x0000000088800000, 0x00000000d5580000)
  object space 139264K, 26% used [0x0000000080000000,0x000000008248b8d0,0x0000000088800000)
 Metaspace       used 56556K, capacity 58856K, committed 59096K, reserved 1099776K
  class space    used 7411K, capacity 7886K, committed 7936K, reserved 1048576K
}
Event: 92.956 GC heap before
{Heap before GC invocations=12 (full 3):
 PSYoungGen      total 337920K, used 318976K [0x00000000d5580000, 0x00000000ebe00000, 0x0000000100000000)
  eden space 318976K, 100% used [0x00000000d5580000,0x00000000e8d00000,0x00000000e8d00000)
  from space 18944K, 0% used [0x00000000ea880000,0x00000000ea880000,0x00000000ebb00000)
  to   space 25088K, 0% used [0x00000000e8d00000,0x00000000e8d00000,0x00000000ea580000)
 ParOldGen       total 139264K, used 37422K [0x0000000080000000, 0x0000000088800000, 0x00000000d5580000)
  object space 139264K, 26% used [0x0000000080000000,0x000000008248b8d0,0x0000000088800000)
 Metaspace       used 73664K, capacity 77076K, committed 77144K, reserved 1116160K
  class space    used 9942K, capacity 10587K, committed 10624K, reserved 1048576K
Event: 93.064 GC heap after
Heap after GC invocations=12 (full 3):
 PSYoungGen      total 344064K, used 25069K [0x00000000d5580000, 0x00000000f0d80000, 0x0000000100000000)
  eden space 318976K, 0% used [0x00000000d5580000,0x00000000d5580000,0x00000000e8d00000)
  from space 25088K, 99% used [0x00000000e8d00000,0x00000000ea57b4d0,0x00000000ea580000)
  to   space 31232K, 0% used [0x00000000eef00000,0x00000000eef00000,0x00000000f0d80000)
 ParOldGen       total 139264K, used 43534K [0x0000000080000000, 0x0000000088800000, 0x00000000d5580000)
  object space 139264K, 31% used [0x0000000080000000,0x0000000082a83ad8,0x0000000088800000)
 Metaspace       used 73664K, capacity 77076K, committed 77144K, reserved 1116160K
  class space    used 9942K, capacity 10587K, committed 10624K, reserved 1048576K
}
Event: 113.282 GC heap before
{Heap before GC invocations=13 (full 3):
 PSYoungGen      total 344064K, used 344045K [0x00000000d5580000, 0x00000000f0d80000, 0x0000000100000000)
  eden space 318976K, 100% used [0x00000000d5580000,0x00000000e8d00000,0x00000000e8d00000)
  from space 25088K, 99% used [0x00000000e8d00000,0x00000000ea57b4d0,0x00000000ea580000)
  to   space 31232K, 0% used [0x00000000eef00000,0x00000000eef00000,0x00000000f0d80000)
 ParOldGen       total 139264K, used 43534K [0x0000000080000000, 0x0000000088800000, 0x00000000d5580000)
  object space 139264K, 31% used [0x0000000080000000,0x0000000082a83ad8,0x0000000088800000)
 Metaspace       used 89470K, capacity 93798K, committed 93912K, reserved 1130496K
  class space    used 12084K, capacity 12977K, committed 13056K, reserved 1048576K
Event: 113.408 GC heap after
Heap after GC invocations=13 (full 3):
 PSYoungGen      total 407552K, used 31216K [0x00000000d5580000, 0x00000000f2280000, 0x0000000100000000)
  eden space 376320K, 0% used [0x00000000d5580000,0x00000000d5580000,0x00000000ec500000)
  from space 31232K, 99% used [0x00000000eef00000,0x00000000f0d7c060,0x00000000f0d80000)
  to   space 43008K, 0% used [0x00000000ec500000,0x00000000ec500000,0x00000000eef00000)
 ParOldGen       total 139264K, used 61989K [0x0000000080000000, 0x0000000088800000, 0x00000000d5580000)
  object space 139264K, 44% used [0x0000000080000000,0x0000000083c89508,0x0000000088800000)
 Metaspace       used 89470K, capacity 93798K, committed 93912K, reserved 1130496K
  class space    used 12084K, capacity 12977K, committed 13056K, reserved 1048576K
}
Event: 229.905 GC heap before
{Heap before GC invocations=14 (full 3):
 PSYoungGen      total 407552K, used 157948K [0x00000000d5580000, 0x00000000f2280000, 0x0000000100000000)
  eden space 376320K, 33% used [0x00000000d5580000,0x00000000dd1430e8,0x00000000ec500000)
  from space 31232K, 99% used [0x00000000eef00000,0x00000000f0d7c060,0x00000000f0d80000)
  to   space 43008K, 0% used [0x00000000ec500000,0x00000000ec500000,0x00000000eef00000)
 ParOldGen       total 139264K, used 61989K [0x0000000080000000, 0x0000000088800000, 0x00000000d5580000)
  object space 139264K, 44% used [0x0000000080000000,0x0000000083c89508,0x0000000088800000)
 Metaspace       used 93773K, capacity 98386K, committed 98496K, reserved 1134592K
  class space    used 12416K, capacity 13363K, committed 13440K, reserved 1048576K
Event: 230.248 GC heap after
Heap after GC invocations=14 (full 3):
 PSYoungGen      total 419328K, used 8661K [0x00000000d5580000, 0x00000000f2280000, 0x0000000100000000)
  eden space 376320K, 0% used [0x00000000d5580000,0x00000000d5580000,0x00000000ec500000)
  from space 43008K, 20% used [0x00000000ec500000,0x00000000ecd756c0,0x00000000eef00000)
  to   space 31232K, 0% used [0x00000000eef00000,0x00000000eef00000,0x00000000f0d80000)
 ParOldGen       total 139264K, used 92076K [0x0000000080000000, 0x0000000088800000, 0x00000000d5580000)
  object space 139264K, 66% used [0x0000000080000000,0x00000000859eb0c8,0x0000000088800000)
 Metaspace       used 93773K, capacity 98386K, committed 98496K, reserved 1134592K
  class space    used 12416K, capacity 13363K, committed 13440K, reserved 1048576K
}
Event: 230.248 GC heap before
{Heap before GC invocations=15 (full 4):
 PSYoungGen      total 419328K, used 8661K [0x00000000d5580000, 0x00000000f2280000, 0x0000000100000000)
  eden space 376320K, 0% used [0x00000000d5580000,0x00000000d5580000,0x00000000ec500000)
  from space 43008K, 20% used [0x00000000ec500000,0x00000000ecd756c0,0x00000000eef00000)
  to   space 31232K, 0% used [0x00000000eef00000,0x00000000eef00000,0x00000000f0d80000)
 ParOldGen       total 139264K, used 92076K [0x0000000080000000, 0x0000000088800000, 0x00000000d5580000)
  object space 139264K, 66% used [0x0000000080000000,0x00000000859eb0c8,0x0000000088800000)
 Metaspace       used 93773K, capacity 98386K, committed 98496K, reserved 1134592K
  class space    used 12416K, capacity 13363K, committed 13440K, reserved 1048576K
Event: 231.145 GC heap after
Heap after GC invocations=15 (full 4):
 PSYoungGen      total 419328K, used 0K [0x00000000d5580000, 0x00000000f2280000, 0x0000000100000000)
  eden space 376320K, 0% used [0x00000000d5580000,0x00000000d5580000,0x00000000ec500000)
  from space 43008K, 0% used [0x00000000ec500000,0x00000000ec500000,0x00000000eef00000)
  to   space 31232K, 0% used [0x00000000eef00000,0x00000000eef00000,0x00000000f0d80000)
 ParOldGen       total 139264K, used 71607K [0x0000000080000000, 0x0000000088800000, 0x00000000d5580000)
  object space 139264K, 51% used [0x0000000080000000,0x00000000845edd48,0x0000000088800000)
 Metaspace       used 93720K, capacity 98222K, committed 98496K, reserved 1134592K
  class space    used 12398K, capacity 13333K, committed 13440K, reserved 1048576K
}

Deoptimization events (10 events):
Event: 239.104 Thread 0x000000001d85a800 Uncommon trap: reason=unstable_if action=reinterpret pc=0x0000000004beec44 method=org.gradle.internal.fingerprint.classpath.impl.ClasspathFingerprintingStrategy$ClasspathFingerprintVisitor.visit(Lorg/gradle/internal/snapshot/CompleteFileSystemLocationSnap
Event: 239.168 Thread 0x000000001d85a800 Uncommon trap: reason=bimorphic action=maybe_recompile pc=0x000000000475e51c method=java.util.stream.AbstractPipeline.wrapSink(Ljava/util/stream/Sink;)Ljava/util/stream/Sink; @ 23
Event: 239.208 Thread 0x000000001d85a800 Uncommon trap: reason=class_check action=maybe_recompile pc=0x0000000004c991dc method=com.google.common.collect.CompactHashMap$Itr.<init>(Lcom/google/common/collect/CompactHashMap;)V @ 25
Event: 239.208 Thread 0x000000001d85a800 Uncommon trap: reason=class_check action=maybe_recompile pc=0x0000000004cad1d4 method=com.google.common.collect.CompactHashMap$Itr.next()Ljava/lang/Object; @ 45
Event: 239.208 Thread 0x000000001d85a800 Uncommon trap: reason=class_check action=maybe_recompile pc=0x0000000004cad1d4 method=com.google.common.collect.CompactHashMap$Itr.next()Ljava/lang/Object; @ 45
Event: 239.269 Thread 0x000000001d85a800 Uncommon trap: reason=class_check action=maybe_recompile pc=0x0000000004c991dc method=com.google.common.collect.CompactHashMap$Itr.<init>(Lcom/google/common/collect/CompactHashMap;)V @ 25
Event: 239.269 Thread 0x000000001d85a800 Uncommon trap: reason=class_check action=maybe_recompile pc=0x0000000004cad1d4 method=com.google.common.collect.CompactHashMap$Itr.next()Ljava/lang/Object; @ 45
Event: 239.269 Thread 0x000000001d85a800 Uncommon trap: reason=class_check action=maybe_recompile pc=0x0000000004cad1d4 method=com.google.common.collect.CompactHashMap$Itr.next()Ljava/lang/Object; @ 45
Event: 239.273 Thread 0x000000001d85a800 Uncommon trap: reason=class_check action=maybe_recompile pc=0x0000000004c991dc method=com.google.common.collect.CompactHashMap$Itr.<init>(Lcom/google/common/collect/CompactHashMap;)V @ 25
Event: 239.297 Thread 0x000000001d85a800 Uncommon trap: reason=unstable_if action=reinterpret pc=0x00000000038d75e0 method=org.gradle.api.internal.AbstractTask.notifyProjectAccess()V @ 7

Classes redefined (0 events):
No events

Internal exceptions (10 events):
Event: 232.573 Thread 0x000000001d867000 Implicit null exception at 0x00000000047daa47 to 0x00000000047daea1
Event: 235.106 Thread 0x000000001d85a800 Exception <a 'java/lang/NoSuchMethodError': <clinit>> (0x00000000da26e6f8) thrown at [C:\src\AOSP-openjdk-git\hotspot\src\share\vm\prims\jni.cpp, line 1615]
Event: 235.485 Thread 0x000000001d85a800 Exception <a 'java/lang/NoSuchMethodError': <clinit>> (0x00000000dab473a8) thrown at [C:\src\AOSP-openjdk-git\hotspot\src\share\vm\prims\jni.cpp, line 1615]
Event: 235.485 Thread 0x000000001d85a800 Exception <a 'java/lang/NoSuchMethodError': <clinit>> (0x00000000dab492d8) thrown at [C:\src\AOSP-openjdk-git\hotspot\src\share\vm\prims\jni.cpp, line 1615]
Event: 235.485 Thread 0x000000001d85a800 Exception <a 'java/lang/NoSuchMethodError': <clinit>> (0x00000000dab4f9c8) thrown at [C:\src\AOSP-openjdk-git\hotspot\src\share\vm\prims\jni.cpp, line 1615]
Event: 235.488 Thread 0x000000001d85a800 Exception <a 'java/lang/NoSuchMethodError': <clinit>> (0x00000000dab6bf98) thrown at [C:\src\AOSP-openjdk-git\hotspot\src\share\vm\prims\jni.cpp, line 1615]
Event: 235.488 Thread 0x000000001d85a800 Exception <a 'java/lang/NoSuchMethodError': <clinit>> (0x00000000dab6d870) thrown at [C:\src\AOSP-openjdk-git\hotspot\src\share\vm\prims\jni.cpp, line 1615]
Event: 239.026 Thread 0x000000001d85a800 Exception <a 'sun/nio/fs/WindowsException'> (0x00000000dd9911f0) thrown at [C:\src\AOSP-openjdk-git\hotspot\src\share\vm\prims\jni.cpp, line 710]
Event: 239.064 Thread 0x000000001d85a800 Exception <a 'sun/nio/fs/WindowsException'> (0x00000000dd9933c8) thrown at [C:\src\AOSP-openjdk-git\hotspot\src\share\vm\prims\jni.cpp, line 710]
Event: 239.168 Thread 0x000000001d85a800 Exception <a 'java/lang/NoSuchMethodError': java.lang.Object.lambda$comparingByKey$bbdbfea9$1(Ljava/util/Map$Entry;Ljava/util/Map$Entry;)I> (0x00000000ddb42858) thrown at [C:\src\AOSP-openjdk-git\hotspot\src\share\vm\interpreter\linkResolver.cpp, line 620

Events (10 events):
Event: 239.297 Thread 0x000000001d85a800 DEOPT PACKING pc=0x00000000038d75e0 sp=0x000000001ba89570
Event: 239.297 Thread 0x000000001d85a800 DEOPT UNPACKING pc=0x00000000028a557b sp=0x000000001ba89468 mode 2
Event: 239.328 Executing VM operation: Deoptimize
Event: 239.330 Executing VM operation: Deoptimize done
Event: 239.874 loading class org/jetbrains/kotlin/gradle/tasks/TaskOutputsBackup$2
Event: 239.874 loading class org/jetbrains/kotlin/gradle/tasks/TaskOutputsBackup$2 done
Event: 239.874 loading class org/jetbrains/kotlin/utils/CollectionsKt
Event: 239.874 loading class org/jetbrains/kotlin/utils/CollectionsKt done
Event: 239.920 loading class kotlin/coroutines/Continuation
Event: 239.920 loading class kotlin/coroutines/Continuation done


Dynamic libraries:
0x00007ff627fd0000 - 0x00007ff628001000 	C:\Program Files\Android\Android Studio\jre\bin\java.exe
0x00007ffb0b060000 - 0x00007ffb0b250000 	C:\WINDOWS\SYSTEM32\ntdll.dll
0x00007ffb09720000 - 0x00007ffb097d2000 	C:\WINDOWS\System32\KERNEL32.DLL
0x00007ffb081f0000 - 0x00007ffb08495000 	C:\WINDOWS\System32\KERNELBASE.dll
0x00007ffb0a110000 - 0x00007ffb0a1b3000 	C:\WINDOWS\System32\ADVAPI32.dll
0x00007ffb0aa60000 - 0x00007ffb0aafe000 	C:\WINDOWS\System32\msvcrt.dll
0x00007ffb09860000 - 0x00007ffb098f7000 	C:\WINDOWS\System32\sechost.dll
0x00007ffb09110000 - 0x00007ffb09230000 	C:\WINDOWS\System32\RPCRT4.dll
0x00007ffb09410000 - 0x00007ffb095a5000 	C:\WINDOWS\System32\USER32.dll
0x00007ffb08e40000 - 0x00007ffb08e61000 	C:\WINDOWS\System32\win32u.dll
0x00007ffb0a960000 - 0x00007ffb0a986000 	C:\WINDOWS\System32\GDI32.dll
0x00007ffb08050000 - 0x00007ffb081e6000 	C:\WINDOWS\System32\gdi32full.dll
0x00007ffb08da0000 - 0x00007ffb08e3e000 	C:\WINDOWS\System32\msvcp_win.dll
0x00007ffb084d0000 - 0x00007ffb085ca000 	C:\WINDOWS\System32\ucrtbase.dll
0x00007ffafa720000 - 0x00007ffafa9a4000 	C:\WINDOWS\WinSxS\amd64_microsoft.windows.common-controls_6595b64144ccf1df_6.0.18362.1082_none_9e8193e1e45b25c1\COMCTL32.dll
0x00007ffb0ab00000 - 0x00007ffb0ae35000 	C:\WINDOWS\System32\combase.dll
0x00007ffb08fc0000 - 0x00007ffb09040000 	C:\WINDOWS\System32\bcryptPrimitives.dll
0x00007ffb096f0000 - 0x00007ffb0971e000 	C:\WINDOWS\System32\IMM32.DLL
0x0000000073850000 - 0x0000000073922000 	C:\Program Files\Android\Android Studio\jre\jre\bin\msvcr100.dll
0x0000000073bc0000 - 0x000000007440b000 	C:\Program Files\Android\Android Studio\jre\jre\bin\server\jvm.dll
0x00007ffb0ae40000 - 0x00007ffb0ae48000 	C:\WINDOWS\System32\PSAPI.DLL
0x00007ffaf4110000 - 0x00007ffaf4119000 	C:\WINDOWS\SYSTEM32\WSOCK32.dll
0x00007ffb09230000 - 0x00007ffb0929f000 	C:\WINDOWS\System32\WS2_32.dll
0x00007ffb06020000 - 0x00007ffb06044000 	C:\WINDOWS\SYSTEM32\WINMM.dll
0x00007ffaf9c90000 - 0x00007ffaf9c9a000 	C:\WINDOWS\SYSTEM32\VERSION.dll
0x00007ffb05ff0000 - 0x00007ffb0601d000 	C:\WINDOWS\SYSTEM32\WINMMBASE.dll
0x00007ffb08d50000 - 0x00007ffb08d9a000 	C:\WINDOWS\System32\cfgmgr32.dll
0x00007ffaf4100000 - 0x00007ffaf410f000 	C:\Program Files\Android\Android Studio\jre\jre\bin\verify.dll
0x00007ffaf3f90000 - 0x00007ffaf3fb9000 	C:\Program Files\Android\Android Studio\jre\jre\bin\java.dll
0x00007ffaf3f70000 - 0x00007ffaf3f86000 	C:\Program Files\Android\Android Studio\jre\jre\bin\zip.dll
0x00007ffb0a270000 - 0x00007ffb0a957000 	C:\WINDOWS\System32\SHELL32.dll
0x00007ffb0a050000 - 0x00007ffb0a0f9000 	C:\WINDOWS\System32\shcore.dll
0x00007ffb085d0000 - 0x00007ffb08d50000 	C:\WINDOWS\System32\windows.storage.dll
0x00007ffb07f80000 - 0x00007ffb07fa3000 	C:\WINDOWS\System32\profapi.dll
0x00007ffb07f30000 - 0x00007ffb07f7a000 	C:\WINDOWS\System32\powrprof.dll
0x00007ffb07f20000 - 0x00007ffb07f30000 	C:\WINDOWS\System32\UMPDC.dll
0x00007ffb09800000 - 0x00007ffb09852000 	C:\WINDOWS\System32\shlwapi.dll
0x00007ffb07fb0000 - 0x00007ffb07fc1000 	C:\WINDOWS\System32\kernel.appcore.dll
0x00007ffb090f0000 - 0x00007ffb09107000 	C:\WINDOWS\System32\cryptsp.dll
0x00007ffae4080000 - 0x00007ffae409a000 	C:\Program Files\Android\Android Studio\jre\jre\bin\net.dll
0x00007ffb07770000 - 0x00007ffb077d7000 	C:\WINDOWS\system32\mswsock.dll
0x00007ffadb080000 - 0x00007ffadb093000 	C:\Program Files\Android\Android Studio\jre\jre\bin\nio.dll
0x00007ffae4600000 - 0x00007ffae4627000 	C:\Users\David Adeyinka\.gradle\native\9f2fa17c089eee584f3420100432f77ec4c098959e4bf121a4d6054c26537dfb\windows-amd64\native-platform.dll
0x00007ffaf1c50000 - 0x00007ffaf1c5d000 	C:\Program Files\Android\Android Studio\jre\jre\bin\management.dll
0x00007ffb07280000 - 0x00007ffb072b3000 	C:\WINDOWS\system32\rsaenh.dll
0x00007ffb084a0000 - 0x00007ffb084c6000 	C:\WINDOWS\System32\bcrypt.dll
0x00007ffb07e00000 - 0x00007ffb07e25000 	C:\WINDOWS\SYSTEM32\USERENV.dll
0x00007ffb07940000 - 0x00007ffb0794c000 	C:\WINDOWS\SYSTEM32\CRYPTBASE.dll
0x00007ffb07480000 - 0x00007ffb074ba000 	C:\WINDOWS\SYSTEM32\IPHLPAPI.DLL
0x00007ffb0afb0000 - 0x00007ffb0afb8000 	C:\WINDOWS\System32\NSI.dll
0x00007ffafc260000 - 0x00007ffafc276000 	C:\WINDOWS\SYSTEM32\dhcpcsvc6.DLL
0x00007ffafc240000 - 0x00007ffafc25c000 	C:\WINDOWS\SYSTEM32\dhcpcsvc.DLL
0x00007ffb074c0000 - 0x00007ffb0758b000 	C:\WINDOWS\SYSTEM32\DNSAPI.dll
0x00007ffafc2f0000 - 0x00007ffafc2fb000 	C:\WINDOWS\SYSTEM32\WINNSI.DLL
0x00007ffad6d50000 - 0x00007ffad6ee6000 	C:\Users\David Adeyinka\.gradle\native\9f2fa17c089eee584f3420100432f77ec4c098959e4bf121a4d6054c26537dfb\windows-amd64\native-platform-file-events.dll
0x00007ffaf3e40000 - 0x00007ffaf3e64000 	C:\Program Files\Android\Android Studio\jre\jre\bin\sunec.dll
0x00007ffb00080000 - 0x00007ffb0008a000 	C:\Windows\System32\rasadhlp.dll

VM Arguments:
jvm_args: -Xmx2048m -Dfile.encoding=UTF-8 -Duser.country=GB -Duser.language=en -Duser.variant 
java_command: org.gradle.launcher.daemon.bootstrap.GradleDaemon 6.6.1
java_class_path (initial): C:\Gradle\gradle-6.6.1\lib\gradle-launcher-6.6.1.jar
Launcher Type: SUN_STANDARD

Environment Variables:
PATH=C:\Program Files (x86)\Common Files\Oracle\Java\javapath;C:\WINDOWS\system32;C:\WINDOWS;C:\WINDOWS\System32\Wbem;C:\WINDOWS\System32\WindowsPowerShell\v1.0\;C:\WINDOWS\System32\OpenSSH\;C:\Program Files (x86)\Git\cmd;C:\Program Files\nodejs\;c:\Program Files (x86)\Microsoft SQL Server\100\Tools\Binn\;c:\Program Files\Microsoft SQL Server\100\Tools\Binn\;c:\Program Files\Microsoft SQL Server\100\DTS\Binn\;C:\Go\bin;C:\Program Files\Microsoft VS Code\bin;C:\Users\David Adeyinka\AppData\Local\Programs\Python\Python37-32\Scripts\;C:\Users\David Adeyinka\AppData\Local\Programs\Python\Python37-32\;C:\Users\David Adeyinka\AppData\Local\Microsoft\WindowsApps;;C:\Program Files\JetBrains\IntelliJ IDEA Community Edition 2019.1.3\bin;;C:\Program Files\Microsoft VS Code\bin;C:\Users\David Adeyinka\AppData\Roaming\npm;C:\Users\David Adeyinka\go\bin
USERNAME=David Adeyinka
OS=Windows_NT
PROCESSOR_IDENTIFIER=Intel64 Family 6 Model 61 Stepping 4, GenuineIntel



---------------  S Y S T E M  ---------------

OS: Windows 10.0 , 64 bit Build 18362 (10.0.18362.1082)

CPU:total 4 (initial active 4) (2 cores per cpu, 2 threads per core) family 6 model 61 stepping 4, cmov, cx8, fxsr, mmx, sse, sse2, sse3, ssse3, sse4.1, sse4.2, popcnt, avx, avx2, aes, clmul, erms, 3dnowpref, lzcnt, ht, tsc, tscinvbit, bmi1, bmi2, adx

Memory: 4k page, physical 8277100k(256420k free), swap 8277100k(6272k free)

vm_info: OpenJDK 64-Bit Server VM (25.242-b01) for windows-amd64 JRE (1.8.0_242-release-1644-b01), built by "builder" with MS VC++ 10.0 (VS2010)

time: Fri Jan 22 16:34:59 2021
timezone: W. Central Africa Standard Time
elapsed time: 240 seconds (0d 0h 4m 0s)

