#
# There is insufficient memory for the Java Runtime Environment to continue.
# Native memory allocation (malloc) failed to allocate 657056 bytes for Chunk::new
# Possible reasons:
#   The system is out of physical RAM or swap space
#   The process is running with CompressedOops enabled, and the Java Heap may be blocking the growth of the native heap
# Possible solutions:
#   Reduce memory load on the system
#   Increase physical memory or swap space
#   Check if swap backing store is full
#   Decrease Java heap size (-Xmx/-Xms)
#   Decrease number of Java threads
#   Decrease Java thread stack sizes (-Xss)
#   Set larger code cache with -XX:ReservedCodeCacheSize=
#   JVM is running with Unscaled Compressed Oops mode in which the Java heap is
#     placed in the first 4GB address space. The Java Heap base address is the
#     maximum limit for the native heap growth. Please use -XX:HeapBaseMinAddress
#     to set the Java Heap base and to place the Java Heap above 4GB virtual address.
# This output file may be truncated or incomplete.
#
#  Out of Memory Error (allocation.cpp:389), pid=1112, tid=0x0000000000003018
#
# JRE version: OpenJDK Runtime Environment (8.0_242-b01) (build 1.8.0_242-release-1644-b01)
# Java VM: OpenJDK 64-Bit Server VM (25.242-b01 mixed mode windows-amd64 compressed oops)
# Failed to write core dump. Minidumps are not enabled by default on client versions of Windows
#

---------------  T H R E A D  ---------------

Current thread (0x00000000172ce800):  JavaThread "C2 CompilerThread1" daemon [_thread_in_native, id=12312, stack(0x00000000189e0000,0x0000000018ae0000)]

Stack: [0x00000000189e0000,0x0000000018ae0000]
[error occurred during error reporting (printing stack bounds), id 0xc0000005]

Native frames: (J=compiled Java code, j=interpreted, Vv=VM code, C=native code)


Current CompileTask:
C2: 123091 11841       4       com.android.tools.r8.graph.G0$d::c (802 bytes)


---------------  P R O C E S S  ---------------

Java Threads: ( => current thread )
  0x000000001ee46800 JavaThread "stdout" [_thread_in_native, id=4688, stack(0x000000002bd20000,0x000000002be20000)]
  0x000000001ee43800 JavaThread "stderr" [_thread_in_native, id=10768, stack(0x000000002bc20000,0x000000002bd20000)]
  0x000000001ee3c000 JavaThread "pool-2-thread-1" [_thread_blocked, id=6528, stack(0x000000002bb20000,0x000000002bc20000)]
  0x000000001ee42000 JavaThread "WorkerExecutor Queue" [_thread_blocked, id=2064, stack(0x000000001cc70000,0x000000001cd70000)]
  0x000000001ee3e000 JavaThread "Cache worker for execution history cache (C:\Users\David Adeyinka\AndroidStudioProjects\ToDoPlanner\.gradle\6.6.1\executionHistory)" [_thread_blocked, id=11220, stack(0x000000002b460000,0x000000002b560000)]
  0x000000001ee3d800 JavaThread "Execution worker for ':' Thread 3" [_thread_blocked, id=10788, stack(0x000000002b360000,0x000000002b460000)]
  0x000000001ee3c800 JavaThread "Execution worker for ':' Thread 2" [_thread_blocked, id=12760, stack(0x000000002b260000,0x000000002b360000)]
  0x000000001ee41000 JavaThread "Execution worker for ':'" [_thread_blocked, id=1068, stack(0x000000002b160000,0x000000002b260000)]
  0x0000000018fcf800 JavaThread "Cache worker for file content cache (C:\Users\David Adeyinka\AndroidStudioProjects\ToDoPlanner\.gradle\6.6.1\fileContent)" [_thread_blocked, id=9372, stack(0x000000002aa60000,0x000000002ab60000)]
  0x0000000018fce800 JavaThread "Memory manager" [_thread_blocked, id=8896, stack(0x000000002a960000,0x000000002aa60000)]
  0x0000000018fce000 JavaThread "pool-1-thread-1" [_thread_blocked, id=8956, stack(0x0000000029860000,0x0000000029960000)]
  0x000000001b9bb800 JavaThread "Build operations Thread 4" [_thread_in_Java, id=3496, stack(0x0000000022360000,0x0000000022460000)]
  0x000000001b9c2000 JavaThread "Build operations Thread 3" [_thread_in_Java, id=5284, stack(0x0000000022260000,0x0000000022360000)]
  0x000000001b9bd000 JavaThread "Build operations Thread 2" [_thread_blocked, id=348, stack(0x0000000022160000,0x0000000022260000)]
  0x000000001b9be800 JavaThread "Build operations" [_thread_in_Java, id=1888, stack(0x0000000022060000,0x0000000022160000)]
  0x000000001b9c1800 JavaThread "Cache worker for Build Output Cleanup Cache (C:\Users\David Adeyinka\AndroidStudioProjects\ToDoPlanner\.gradle\buildOutputCleanup)" [_thread_blocked, id=14012, stack(0x0000000021d60000,0x0000000021e60000)]
  0x0000000019869800 JavaThread "Cache worker for file content cache (C:\Users\David Adeyinka\.gradle\caches\6.6.1\fileContent)" [_thread_blocked, id=4852, stack(0x0000000021660000,0x0000000021760000)]
  0x0000000019866800 JavaThread "Cache worker for execution history cache (C:\Users\David Adeyinka\.gradle\caches\6.6.1\executionHistory)" [_thread_blocked, id=2092, stack(0x0000000020e60000,0x0000000020f60000)]
  0x0000000019865800 JavaThread "Cache worker for cache directory md-rule (C:\Users\David Adeyinka\.gradle\caches\6.6.1\md-rule)" [_thread_blocked, id=7648, stack(0x0000000020d60000,0x0000000020e60000)]
  0x000000001986b800 JavaThread "Cache worker for cache directory md-supplier (C:\Users\David Adeyinka\.gradle\caches\6.6.1\md-supplier)" [_thread_blocked, id=10820, stack(0x000000001fc10000,0x000000001fd10000)]
  0x000000001986b000 JavaThread "Cache worker for checksums cache (C:\Users\David Adeyinka\AndroidStudioProjects\ToDoPlanner\.gradle\checksums)" [_thread_blocked, id=8808, stack(0x000000001f910000,0x000000001fa10000)]
  0x0000000019868800 JavaThread "Cache worker for file hash cache (C:\Users\David Adeyinka\AndroidStudioProjects\ToDoPlanner\.gradle\6.6.1\fileHashes)" [_thread_blocked, id=2692, stack(0x000000001f810000,0x000000001f910000)]
  0x000000001986a000 JavaThread "Cache worker for journal cache (C:\Users\David Adeyinka\.gradle\caches\journal-1)" [_thread_blocked, id=8884, stack(0x000000001d370000,0x000000001d470000)]
  0x000000001986c800 JavaThread "File lock request listener" [_thread_in_native, id=12068, stack(0x000000001d270000,0x000000001d370000)]
  0x00000000199be800 JavaThread "Cache worker for file hash cache (C:\Users\David Adeyinka\.gradle\caches\6.6.1\fileHashes)" [_thread_blocked, id=13332, stack(0x000000001d070000,0x000000001d170000)]
  0x00000000194d4000 JavaThread "Thread-9" [_thread_blocked, id=9356, stack(0x000000001cd70000,0x000000001ce70000)]
  0x0000000018d27800 JavaThread "Asynchronous log dispatcher for DefaultDaemonConnection: socket connection from /127.0.0.1:14381 to /127.0.0.1:14382" [_thread_blocked, id=11520, stack(0x000000001cb70000,0x000000001cc70000)]
  0x0000000018d25800 JavaThread "Daemon worker" [_thread_blocked, id=5768, stack(0x000000001ca70000,0x000000001cb70000)]
  0x0000000018cf6000 JavaThread "Cancel handler" [_thread_blocked, id=4812, stack(0x000000001c970000,0x000000001ca70000)]
  0x000000001949e000 JavaThread "Handler for socket connection from /127.0.0.1:14381 to /127.0.0.1:14382" [_thread_in_native, id=976, stack(0x000000001c870000,0x000000001c970000)]
  0x00000000195e4800 JavaThread "Daemon" [_thread_blocked, id=14252, stack(0x000000001c770000,0x000000001c870000)]
  0x000000001ae06000 JavaThread "Daemon periodic checks" [_thread_blocked, id=856, stack(0x000000001c470000,0x000000001c570000)]
  0x0000000018cc9800 JavaThread "Incoming local TCP Connector on port 14381" [_thread_in_native, id=1184, stack(0x000000001c230000,0x000000001c330000)]
  0x0000000018c8c800 JavaThread "Daemon health stats" [_thread_blocked, id=8032, stack(0x00000000191e0000,0x00000000192e0000)]
  0x0000000018be4800 JavaThread "Service Thread" daemon [_thread_blocked, id=4128, stack(0x0000000018fe0000,0x00000000190e0000)]
  0x00000000172eb800 JavaThread "C1 CompilerThread2" daemon [_thread_in_native, id=13624, stack(0x0000000018ae0000,0x0000000018be0000)]
=>0x00000000172ce800 JavaThread "C2 CompilerThread1" daemon [_thread_in_native, id=12312, stack(0x00000000189e0000,0x0000000018ae0000)]
  0x0000000017296800 JavaThread "C2 CompilerThread0" daemon [_thread_in_native, id=8856, stack(0x00000000188e0000,0x00000000189e0000)]
  0x0000000017295800 JavaThread "Attach Listener" daemon [_thread_blocked, id=2396, stack(0x00000000187e0000,0x00000000188e0000)]
  0x0000000017294000 JavaThread "Signal Dispatcher" daemon [_thread_blocked, id=8744, stack(0x00000000186e0000,0x00000000187e0000)]
  0x000000000266b000 JavaThread "Finalizer" daemon [_thread_blocked, id=5268, stack(0x00000000184e0000,0x00000000185e0000)]
  0x0000000017279000 JavaThread "Reference Handler" daemon [_thread_blocked, id=6388, stack(0x00000000183e0000,0x00000000184e0000)]
  0x000000000095e800 JavaThread "main" [_thread_blocked, id=5428, stack(0x0000000002470000,0x0000000002570000)]

Other Threads:
  0x0000000017256800 VMThread [stack: 0x00000000182e0000,0x00000000183e0000] [id=13724]
  0x0000000018be5800 WatcherThread [stack: 0x00000000190e0000,0x00000000191e0000] [id=6476]

VM state:not at safepoint (normal execution)

VM Mutex/Monitor currently owned by a thread:  ([mutex/lock_event])
[0x0000000002571fd0] MethodData_lock - owner thread: 0x0000000000000000

heap address: 0x0000000080000000, size: 2048 MB, Compressed Oops mode: 32-bit
Narrow klass base: 0x0000000000000000, Narrow klass shift: 3
Compressed class space size: 1073741824 Address: 0x0000000100000000

Heap:
 PSYoungGen      total 158720K, used 151248K [0x00000000d5580000, 0x00000000e0b00000, 0x0000000100000000)
  eden space 136192K, 94% used [0x00000000d5580000,0x00000000dd390140,0x00000000dda80000)
  from space 22528K, 98% used [0x00000000dda80000,0x00000000df024090,0x00000000df080000)
  to   space 22528K, 0% used [0x00000000df080000,0x00000000df080000,0x00000000e0680000)
 ParOldGen       total 140288K, used 51364K [0x0000000080000000, 0x0000000088900000, 0x00000000d5580000)
  object space 140288K, 36% used [0x0000000080000000,0x0000000083229190,0x0000000088900000)
 Metaspace       used 83515K, capacity 88498K, committed 88792K, reserved 1126400K
  class space    used 11525K, capacity 12479K, committed 12544K, reserved 1048576K

Card table byte_map: [0x0000000011a30000,0x0000000011e40000] byte_map_base: 0x0000000011630000

Marking Bits: (ParMarkBitMap*) 0x000000005106f030
 Begin Bits: [0x00000000124f0000, 0x00000000144f0000)
 End Bits:   [0x00000000144f0000, 0x00000000164f0000)

Polling page: 0x00000000008d0000

CodeCache: size=245760Kb used=31565Kb max_used=31676Kb free=214194Kb
 bounds [0x0000000002670000, 0x00000000045a0000, 0x0000000011670000]
 total_blobs=11096 nmethods=10237 adapters=770
 compilation: enabled

Compilation events (10 events):
Event: 123.072 Thread 0x00000000172eb800 nmethod 11927 0x000000000366b810 code [0x000000000366baa0, 0x000000000366cd18]
Event: 123.072 Thread 0x00000000172eb800 11932       1       com.android.tools.r8.ProgramResource$ByteResource::getKind (5 bytes)
Event: 123.072 Thread 0x00000000172eb800 nmethod 11932 0x000000000366b550 code [0x000000000366b6a0, 0x000000000366b7b0]
Event: 123.072 Thread 0x00000000172eb800 11930       3       com.android.tools.r8.t.a.a.a.f.J::j (16 bytes)
Event: 123.073 Thread 0x00000000172eb800 nmethod 11930 0x0000000002dcb250 code [0x0000000002dcb3a0, 0x0000000002dcb550]
Event: 123.073 Thread 0x00000000172eb800 11931       3       com.android.tools.r8.ir.conversion.y::<init> (54 bytes)
Event: 123.074 Thread 0x00000000172eb800 nmethod 11931 0x0000000003a6ba90 code [0x0000000003a6bc40, 0x0000000003a6c278]
Event: 123.074 Thread 0x00000000172eb800 11929       3       com.android.tools.r8.t.a.a.a.f.f::<init> (5 bytes)
Event: 123.075 Thread 0x00000000172eb800 nmethod 11929 0x0000000002dcad50 code [0x0000000002dcaec0, 0x0000000002dcb130]
Event: 123.075 Thread 0x00000000172eb800 11925       3       sun.nio.fs.WindowsFileAttributes::fromFileAttributeData (104 bytes)

GC Heap History (10 events):
Event: 54.177 GC heap before
{Heap before GC invocations=18 (full 3):
 PSYoungGen      total 120320K, used 107008K [0x00000000d5580000, 0x00000000dde00000, 0x0000000100000000)
  eden space 107008K, 100% used [0x00000000d5580000,0x00000000dbe00000,0x00000000dbe00000)
  from space 13312K, 0% used [0x00000000dcd00000,0x00000000dcd00000,0x00000000dda00000)
  to   space 15360K, 0% used [0x00000000dbe00000,0x00000000dbe00000,0x00000000dcd00000)
 ParOldGen       total 140288K, used 33236K [0x0000000080000000, 0x0000000088900000, 0x00000000d5580000)
  object space 140288K, 23% used [0x0000000080000000,0x0000000082075268,0x0000000088900000)
 Metaspace       used 64200K, capacity 66708K, committed 66904K, reserved 1107968K
  class space    used 8809K, capacity 9302K, committed 9344K, reserved 1048576K
Event: 54.252 GC heap after
Heap after GC invocations=18 (full 3):
 PSYoungGen      total 122368K, used 11597K [0x00000000d5580000, 0x00000000def00000, 0x0000000100000000)
  eden space 107008K, 0% used [0x00000000d5580000,0x00000000d5580000,0x00000000dbe00000)
  from space 15360K, 75% used [0x00000000dbe00000,0x00000000dc9535b8,0x00000000dcd00000)
  to   space 15872K, 0% used [0x00000000ddf80000,0x00000000ddf80000,0x00000000def00000)
 ParOldGen       total 140288K, used 33244K [0x0000000080000000, 0x0000000088900000, 0x00000000d5580000)
  object space 140288K, 23% used [0x0000000080000000,0x0000000082077268,0x0000000088900000)
 Metaspace       used 64200K, capacity 66708K, committed 66904K, reserved 1107968K
  class space    used 8809K, capacity 9302K, committed 9344K, reserved 1048576K
}
Event: 65.697 GC heap before
{Heap before GC invocations=19 (full 3):
 PSYoungGen      total 122368K, used 118605K [0x00000000d5580000, 0x00000000def00000, 0x0000000100000000)
  eden space 107008K, 100% used [0x00000000d5580000,0x00000000dbe00000,0x00000000dbe00000)
  from space 15360K, 75% used [0x00000000dbe00000,0x00000000dc9535b8,0x00000000dcd00000)
  to   space 15872K, 0% used [0x00000000ddf80000,0x00000000ddf80000,0x00000000def00000)
 ParOldGen       total 140288K, used 33244K [0x0000000080000000, 0x0000000088900000, 0x00000000d5580000)
  object space 140288K, 23% used [0x0000000080000000,0x0000000082077268,0x0000000088900000)
 Metaspace       used 67218K, capacity 70464K, committed 70744K, reserved 1110016K
  class space    used 9200K, capacity 9816K, committed 9856K, reserved 1048576K
Event: 65.804 GC heap after
Heap after GC invocations=19 (full 3):
 PSYoungGen      total 139776K, used 14718K [0x00000000d5580000, 0x00000000df180000, 0x0000000100000000)
  eden space 123904K, 0% used [0x00000000d5580000,0x00000000d5580000,0x00000000dce80000)
  from space 15872K, 92% used [0x00000000ddf80000,0x00000000deddfa80,0x00000000def00000)
  to   space 17408K, 0% used [0x00000000dce80000,0x00000000dce80000,0x00000000ddf80000)
 ParOldGen       total 140288K, used 33252K [0x0000000080000000, 0x0000000088900000, 0x00000000d5580000)
  object space 140288K, 23% used [0x0000000080000000,0x0000000082079268,0x0000000088900000)
 Metaspace       used 67218K, capacity 70464K, committed 70744K, reserved 1110016K
  class space    used 9200K, capacity 9816K, committed 9856K, reserved 1048576K
}
Event: 103.019 GC heap before
{Heap before GC invocations=20 (full 3):
 PSYoungGen      total 139776K, used 138622K [0x00000000d5580000, 0x00000000df180000, 0x0000000100000000)
  eden space 123904K, 100% used [0x00000000d5580000,0x00000000dce80000,0x00000000dce80000)
  from space 15872K, 92% used [0x00000000ddf80000,0x00000000deddfa80,0x00000000def00000)
  to   space 17408K, 0% used [0x00000000dce80000,0x00000000dce80000,0x00000000ddf80000)
 ParOldGen       total 140288K, used 33252K [0x0000000080000000, 0x0000000088900000, 0x00000000d5580000)
  object space 140288K, 23% used [0x0000000080000000,0x0000000082079268,0x0000000088900000)
 Metaspace       used 71303K, capacity 74626K, committed 74840K, reserved 1114112K
  class space    used 9702K, capacity 10331K, committed 10368K, reserved 1048576K
Event: 103.117 GC heap after
Heap after GC invocations=20 (full 3):
 PSYoungGen      total 141312K, used 17395K [0x00000000d5580000, 0x00000000e0680000, 0x0000000100000000)
  eden space 123904K, 0% used [0x00000000d5580000,0x00000000d5580000,0x00000000dce80000)
  from space 17408K, 99% used [0x00000000dce80000,0x00000000ddf7ccc0,0x00000000ddf80000)
  to   space 22528K, 0% used [0x00000000df080000,0x00000000df080000,0x00000000e0680000)
 ParOldGen       total 140288K, used 40541K [0x0000000080000000, 0x0000000088900000, 0x00000000d5580000)
  object space 140288K, 28% used [0x0000000080000000,0x00000000827976c8,0x0000000088900000)
 Metaspace       used 71303K, capacity 74626K, committed 74840K, reserved 1114112K
  class space    used 9702K, capacity 10331K, committed 10368K, reserved 1048576K
}
Event: 110.775 GC heap before
{Heap before GC invocations=21 (full 3):
 PSYoungGen      total 141312K, used 141299K [0x00000000d5580000, 0x00000000e0680000, 0x0000000100000000)
  eden space 123904K, 100% used [0x00000000d5580000,0x00000000dce80000,0x00000000dce80000)
  from space 17408K, 99% used [0x00000000dce80000,0x00000000ddf7ccc0,0x00000000ddf80000)
  to   space 22528K, 0% used [0x00000000df080000,0x00000000df080000,0x00000000e0680000)
 ParOldGen       total 140288K, used 40541K [0x0000000080000000, 0x0000000088900000, 0x00000000d5580000)
  object space 140288K, 28% used [0x0000000080000000,0x00000000827976c8,0x0000000088900000)
 Metaspace       used 74092K, capacity 77496K, committed 77784K, reserved 1116160K
  class space    used 10037K, capacity 10682K, committed 10752K, reserved 1048576K
Event: 110.994 GC heap after
Heap after GC invocations=21 (full 3):
 PSYoungGen      total 158720K, used 14141K [0x00000000d5580000, 0x00000000e0b00000, 0x0000000100000000)
  eden space 136192K, 0% used [0x00000000d5580000,0x00000000d5580000,0x00000000dda80000)
  from space 22528K, 62% used [0x00000000df080000,0x00000000dfe4f680,0x00000000e0680000)
  to   space 22528K, 0% used [0x00000000dda80000,0x00000000dda80000,0x00000000df080000)
 ParOldGen       total 140288K, used 51356K [0x0000000080000000, 0x0000000088900000, 0x00000000d5580000)
  object space 140288K, 36% used [0x0000000080000000,0x0000000083227190,0x0000000088900000)
 Metaspace       used 74092K, capacity 77496K, committed 77784K, reserved 1116160K
  class space    used 10037K, capacity 10682K, committed 10752K, reserved 1048576K
}
Event: 116.562 GC heap before
{Heap before GC invocations=22 (full 3):
 PSYoungGen      total 158720K, used 150333K [0x00000000d5580000, 0x00000000e0b00000, 0x0000000100000000)
  eden space 136192K, 100% used [0x00000000d5580000,0x00000000dda80000,0x00000000dda80000)
  from space 22528K, 62% used [0x00000000df080000,0x00000000dfe4f680,0x00000000e0680000)
  to   space 22528K, 0% used [0x00000000dda80000,0x00000000dda80000,0x00000000df080000)
 ParOldGen       total 140288K, used 51356K [0x0000000080000000, 0x0000000088900000, 0x00000000d5580000)
  object space 140288K, 36% used [0x0000000080000000,0x0000000083227190,0x0000000088900000)
 Metaspace       used 74992K, capacity 78630K, committed 78936K, reserved 1118208K
  class space    used 10178K, capacity 10845K, committed 10880K, reserved 1048576K
Event: 116.614 GC heap after
Heap after GC invocations=22 (full 3):
 PSYoungGen      total 158720K, used 22160K [0x00000000d5580000, 0x00000000e0b00000, 0x0000000100000000)
  eden space 136192K, 0% used [0x00000000d5580000,0x00000000d5580000,0x00000000dda80000)
  from space 22528K, 98% used [0x00000000dda80000,0x00000000df024090,0x00000000df080000)
  to   space 22528K, 0% used [0x00000000df080000,0x00000000df080000,0x00000000e0680000)
 ParOldGen       total 140288K, used 51364K [0x0000000080000000, 0x0000000088900000, 0x00000000d5580000)
  object space 140288K, 36% used [0x0000000080000000,0x0000000083229190,0x0000000088900000)
 Metaspace       used 74992K, capacity 78630K, committed 78936K, reserved 1118208K
  class space    used 10178K, capacity 10845K, committed 10880K, reserved 1048576K
}

Deoptimization events (10 events):
Event: 122.176 Thread 0x000000001b9c2000 Uncommon trap: reason=array_check action=maybe_recompile pc=0x000000000449aae4 method=java.util.TimSort.binarySort([Ljava/lang/Object;IIILjava/util/Comparator;)V @ 183
Event: 122.282 Thread 0x000000001b9be800 Uncommon trap: reason=array_check action=maybe_recompile pc=0x000000000449a8f0 method=java.util.TimSort.binarySort([Ljava/lang/Object;IIILjava/util/Comparator;)V @ 215
Event: 122.282 Thread 0x000000001b9be800 Uncommon trap: reason=array_check action=maybe_recompile pc=0x000000000449aa10 method=java.util.TimSort.binarySort([Ljava/lang/Object;IIILjava/util/Comparator;)V @ 193
Event: 122.282 Thread 0x000000001b9be800 Uncommon trap: reason=array_check action=maybe_recompile pc=0x000000000449a8f0 method=java.util.TimSort.binarySort([Ljava/lang/Object;IIILjava/util/Comparator;)V @ 215
Event: 122.343 Thread 0x000000001b9bd000 Uncommon trap: reason=unstable_if action=reinterpret pc=0x000000000457e048 method=com.android.tools.r8.graph.i0.b(Lcom/android/tools/r8/graph/i0;)I @ 60
Event: 122.484 Thread 0x00000000199be800 Uncommon trap: reason=unstable_if action=reinterpret pc=0x00000000041ada98 method=org.gradle.cache.internal.btree.FileBackedBlockStore$BlockImpl.getPos()Lorg/gradle/cache/internal/btree/BlockPointer; @ 4
Event: 122.493 Thread 0x0000000019866800 Uncommon trap: reason=unstable_if action=reinterpret pc=0x0000000003b3536c method=org.gradle.internal.io.StreamByteBuffer.prepareRead()I @ 30
Event: 122.493 Thread 0x000000001b9bd000 Uncommon trap: reason=class_check action=maybe_recompile pc=0x0000000003d8df7c method=com.google.common.cache.LocalCache$Segment.get(Ljava/lang/Object;ILcom/google/common/cache/CacheLoader;)Ljava/lang/Object; @ 99
Event: 122.546 Thread 0x000000001b9be800 Uncommon trap: reason=unstable_if action=reinterpret pc=0x0000000003cee10c method=org.gradle.internal.snapshot.VfsRelativePath.compareToFirstSegment(Ljava/lang/String;Lorg/gradle/internal/snapshot/CaseSensitivity;)I @ 156
Event: 122.819 Thread 0x000000001b9be800 Uncommon trap: reason=unstable_if action=reinterpret pc=0x00000000042a8180 method=com.android.tools.r8.utils.Y.d(I)Z @ 45

Classes redefined (0 events):
No events

Internal exceptions (10 events):
Event: 118.847 Thread 0x000000001b9bb800 Exception <a 'java/lang/IncompatibleClassChangeError': Found class java.lang.Object, but interface was expected> (0x00000000d683f5e0) thrown at [C:\src\AOSP-openjdk-git\hotspot\src\share\vm\interpreter\linkResolver.cpp, line 653]
Event: 120.651 Thread 0x000000001b9bb800 Exception <a 'java/lang/NoSuchMethodError': java.lang.Object.b(Lcom/android/tools/r8/graph/n1$b;)Lcom/android/tools/r8/graph/n1$b;> (0x00000000d86a4a90) thrown at [C:\src\AOSP-openjdk-git\hotspot\src\share\vm\interpreter\linkResolver.cpp, line 620]
Event: 120.853 Thread 0x000000001b9bb800 Exception <a 'java/lang/NoSuchMethodError': java.lang.Object.lambda$maxBy$1(Ljava/util/Comparator;Ljava/lang/Object;Ljava/lang/Object;)Ljava/lang/Object;> (0x00000000d8984e98) thrown at [C:\src\AOSP-openjdk-git\hotspot\src\share\vm\interpreter\linkResolve
Event: 122.413 Thread 0x000000001b9c2000 Exception <a 'sun/nio/fs/WindowsException'> (0x00000000da3cae50) thrown at [C:\src\AOSP-openjdk-git\hotspot\src\share\vm\prims\jni.cpp, line 710]
Event: 122.413 Thread 0x000000001b9bd000 Exception <a 'sun/nio/fs/WindowsException'> (0x00000000da2c1a50) thrown at [C:\src\AOSP-openjdk-git\hotspot\src\share\vm\prims\jni.cpp, line 710]
Event: 122.413 Thread 0x000000001b9be800 Exception <a 'sun/nio/fs/WindowsException'> (0x00000000da3f3760) thrown at [C:\src\AOSP-openjdk-git\hotspot\src\share\vm\prims\jni.cpp, line 710]
Event: 122.477 Thread 0x000000001b9bb800 Exception <a 'sun/nio/fs/WindowsException'> (0x00000000da522de0) thrown at [C:\src\AOSP-openjdk-git\hotspot\src\share\vm\prims\jni.cpp, line 710]
Event: 122.669 Thread 0x000000001b9be800 Exception <a 'sun/nio/fs/WindowsException'> (0x00000000db452368) thrown at [C:\src\AOSP-openjdk-git\hotspot\src\share\vm\prims\jni.cpp, line 710]
Event: 122.859 Thread 0x000000001b9bb800 Exception <a 'sun/nio/fs/WindowsException'> (0x00000000dc75e298) thrown at [C:\src\AOSP-openjdk-git\hotspot\src\share\vm\prims\jni.cpp, line 710]
Event: 123.067 Thread 0x000000001b9c2000 Exception <a 'sun/nio/fs/WindowsException'> (0x00000000dd20dbc0) thrown at [C:\src\AOSP-openjdk-git\hotspot\src\share\vm\prims\jni.cpp, line 710]

Events (10 events):
Event: 122.803 Thread 0x000000001b9be800 DEOPT UNPACKING pc=0x00000000026b75d0 sp=0x000000002215a0c0 mode 0
Event: 122.819 Thread 0x000000001b9be800 Uncommon trap: trap_request=0xffffff65 fr.pc=0x00000000042a8180
Event: 122.819 Thread 0x000000001b9be800 DEOPT PACKING pc=0x00000000042a8180 sp=0x000000002215b1d0
Event: 122.819 Thread 0x000000001b9be800 DEOPT UNPACKING pc=0x00000000026b557b sp=0x000000002215b168 mode 2
Event: 122.907 loading class com/android/tools/r8/s/b/U0
Event: 122.907 loading class com/android/tools/r8/s/b/U0 done
Event: 122.915 loading class com/android/tools/r8/graph/J$e
Event: 122.915 loading class com/android/tools/r8/graph/J$e done
Event: 122.916 loading class com/android/tools/r8/graph/J$e
Event: 122.916 loading class com/android/tools/r8/graph/J$e done


Dynamic libraries:
0x00007ff6e3640000 - 0x00007ff6e3671000 	C:\Program Files\Android\Android Studio\jre\bin\java.exe
0x00007ffb7c7c0000 - 0x00007ffb7c9b0000 	C:\WINDOWS\SYSTEM32\ntdll.dll
0x00007ffb7b0a0000 - 0x00007ffb7b152000 	C:\WINDOWS\System32\KERNEL32.DLL
0x00007ffb7a510000 - 0x00007ffb7a7b5000 	C:\WINDOWS\System32\KERNELBASE.dll
0x00007ffb7b160000 - 0x00007ffb7b203000 	C:\WINDOWS\System32\ADVAPI32.dll
0x00007ffb7b600000 - 0x00007ffb7b69e000 	C:\WINDOWS\System32\msvcrt.dll
0x00007ffb7bf00000 - 0x00007ffb7bf97000 	C:\WINDOWS\System32\sechost.dll
0x00007ffb7ad60000 - 0x00007ffb7ae80000 	C:\WINDOWS\System32\RPCRT4.dll
0x00007ffb7b7c0000 - 0x00007ffb7b955000 	C:\WINDOWS\System32\USER32.dll
0x00007ffb79b90000 - 0x00007ffb79bb1000 	C:\WINDOWS\System32\win32u.dll
0x00007ffb7bd90000 - 0x00007ffb7bdb6000 	C:\WINDOWS\System32\GDI32.dll
0x00007ffb798a0000 - 0x00007ffb79a36000 	C:\WINDOWS\System32\gdi32full.dll
0x00007ffb7a340000 - 0x00007ffb7a3de000 	C:\WINDOWS\System32\msvcp_win.dll
0x00007ffb7a3e0000 - 0x00007ffb7a4da000 	C:\WINDOWS\System32\ucrtbase.dll
0x00007ffb6be90000 - 0x00007ffb6c114000 	C:\WINDOWS\WinSxS\amd64_microsoft.windows.common-controls_6595b64144ccf1df_6.0.18362.1082_none_9e8193e1e45b25c1\COMCTL32.dll
0x00007ffb7b2c0000 - 0x00007ffb7b5f5000 	C:\WINDOWS\System32\combase.dll
0x00007ffb79750000 - 0x00007ffb797d0000 	C:\WINDOWS\System32\bcryptPrimitives.dll
0x00007ffb7c6f0000 - 0x00007ffb7c71e000 	C:\WINDOWS\System32\IMM32.DLL
0x0000000050560000 - 0x0000000050632000 	C:\Program Files\Android\Android Studio\jre\jre\bin\msvcr100.dll
0x00000000508a0000 - 0x00000000510eb000 	C:\Program Files\Android\Android Studio\jre\jre\bin\server\jvm.dll
0x00007ffb7b290000 - 0x00007ffb7b298000 	C:\WINDOWS\System32\PSAPI.DLL
0x00007ffb73fd0000 - 0x00007ffb73fd9000 	C:\WINDOWS\SYSTEM32\WSOCK32.dll
0x00007ffb7bac0000 - 0x00007ffb7bb2f000 	C:\WINDOWS\System32\WS2_32.dll
0x00007ffb77780000 - 0x00007ffb777a4000 	C:\WINDOWS\SYSTEM32\WINMM.dll
0x00007ffb6c440000 - 0x00007ffb6c44a000 	C:\WINDOWS\SYSTEM32\VERSION.dll
0x00007ffb77750000 - 0x00007ffb7777d000 	C:\WINDOWS\SYSTEM32\winmmbase.dll
0x00007ffb797d0000 - 0x00007ffb7981a000 	C:\WINDOWS\System32\cfgmgr32.dll
0x00007ffb73580000 - 0x00007ffb7358f000 	C:\Program Files\Android\Android Studio\jre\jre\bin\verify.dll
0x00007ffb6eff0000 - 0x00007ffb6f019000 	C:\Program Files\Android\Android Studio\jre\jre\bin\java.dll
0x00007ffb6ee00000 - 0x00007ffb6ee16000 	C:\Program Files\Android\Android Studio\jre\jre\bin\zip.dll
0x00007ffb7c000000 - 0x00007ffb7c6e7000 	C:\WINDOWS\System32\SHELL32.dll
0x00007ffb7b710000 - 0x00007ffb7b7b9000 	C:\WINDOWS\System32\shcore.dll
0x00007ffb79bc0000 - 0x00007ffb7a340000 	C:\WINDOWS\System32\windows.storage.dll
0x00007ffb79700000 - 0x00007ffb79723000 	C:\WINDOWS\System32\profapi.dll
0x00007ffb796b0000 - 0x00007ffb796fa000 	C:\WINDOWS\System32\powrprof.dll
0x00007ffb79680000 - 0x00007ffb79690000 	C:\WINDOWS\System32\UMPDC.dll
0x00007ffb7bfa0000 - 0x00007ffb7bff2000 	C:\WINDOWS\System32\shlwapi.dll
0x00007ffb79690000 - 0x00007ffb796a1000 	C:\WINDOWS\System32\kernel.appcore.dll
0x00007ffb79880000 - 0x00007ffb79897000 	C:\WINDOWS\System32\cryptsp.dll
0x00007ffb6b470000 - 0x00007ffb6b48a000 	C:\Program Files\Android\Android Studio\jre\jre\bin\net.dll
0x00007ffb78ed0000 - 0x00007ffb78f37000 	C:\WINDOWS\system32\mswsock.dll
0x00007ffb6b0e0000 - 0x00007ffb6b0f3000 	C:\Program Files\Android\Android Studio\jre\jre\bin\nio.dll
0x00007ffb72730000 - 0x00007ffb72757000 	C:\Users\David Adeyinka\.gradle\native\9f2fa17c089eee584f3420100432f77ec4c098959e4bf121a4d6054c26537dfb\windows-amd64\native-platform.dll
0x00007ffb72690000 - 0x00007ffb7269d000 	C:\Program Files\Android\Android Studio\jre\jre\bin\management.dll
0x00007ffb789e0000 - 0x00007ffb78a13000 	C:\WINDOWS\system32\rsaenh.dll
0x00007ffb7a4e0000 - 0x00007ffb7a506000 	C:\WINDOWS\System32\bcrypt.dll
0x00007ffb79560000 - 0x00007ffb79585000 	C:\WINDOWS\SYSTEM32\USERENV.dll
0x00007ffb790a0000 - 0x00007ffb790ac000 	C:\WINDOWS\SYSTEM32\CRYPTBASE.dll
0x00007ffb78b80000 - 0x00007ffb78bba000 	C:\WINDOWS\SYSTEM32\IPHLPAPI.DLL
0x00007ffb7b280000 - 0x00007ffb7b288000 	C:\WINDOWS\System32\NSI.dll
0x00007ffb6e540000 - 0x00007ffb6e556000 	C:\WINDOWS\SYSTEM32\dhcpcsvc6.DLL
0x00007ffb6e380000 - 0x00007ffb6e39c000 	C:\WINDOWS\SYSTEM32\dhcpcsvc.DLL
0x00007ffb78c70000 - 0x00007ffb78d3b000 	C:\WINDOWS\SYSTEM32\DNSAPI.dll
0x00007ffb6e680000 - 0x00007ffb6e68b000 	C:\WINDOWS\SYSTEM32\WINNSI.DLL
0x00007ffb36f60000 - 0x00007ffb370f6000 	C:\Users\David Adeyinka\.gradle\native\9f2fa17c089eee584f3420100432f77ec4c098959e4bf121a4d6054c26537dfb\windows-amd64\native-platform-file-events.dll

VM Arguments:
jvm_args: -Xmx2048m -Dfile.encoding=UTF-8 -Duser.country=GB -Duser.language=en -Duser.variant 
java_command: org.gradle.launcher.daemon.bootstrap.GradleDaemon 6.6.1
java_class_path (initial): C:\Gradle\gradle-6.6.1\lib\gradle-launcher-6.6.1.jar
Launcher Type: SUN_STANDARD

Environment Variables:
PATH=C:\Program Files (x86)\Common Files\Oracle\Java\javapath;C:\WINDOWS\system32;C:\WINDOWS;C:\WINDOWS\System32\Wbem;C:\WINDOWS\System32\WindowsPowerShell\v1.0\;C:\WINDOWS\System32\OpenSSH\;C:\Program Files (x86)\Git\cmd;C:\Program Files\nodejs\;c:\Program Files (x86)\Microsoft SQL Server\100\Tools\Binn\;c:\Program Files\Microsoft SQL Server\100\Tools\Binn\;c:\Program Files\Microsoft SQL Server\100\DTS\Binn\;C:\Go\bin;C:\Program Files\Microsoft VS Code\bin;C:\Users\David Adeyinka\AppData\Local\Programs\Python\Python37-32\Scripts\;C:\Users\David Adeyinka\AppData\Local\Programs\Python\Python37-32\;C:\Users\David Adeyinka\AppData\Local\Microsoft\WindowsApps;;C:\Program Files\JetBrains\IntelliJ IDEA Community Edition 2019.1.3\bin;;C:\Program Files\Microsoft VS Code\bin;C:\Users\David Adeyinka\AppData\Roaming\npm;C:\Users\David Adeyinka\go\bin
USERNAME=David Adeyinka
OS=Windows_NT
PROCESSOR_IDENTIFIER=Intel64 Family 6 Model 61 Stepping 4, GenuineIntel



---------------  S Y S T E M  ---------------

OS: Windows 10.0 , 64 bit Build 18362 (10.0.18362.1082)

CPU:total 4 (initial active 4) (2 cores per cpu, 2 threads per core) family 6 model 61 stepping 4, cmov, cx8, fxsr, mmx, sse, sse2, sse3, ssse3, sse4.1, sse4.2, popcnt, avx, avx2, aes, clmul, erms, 3dnowpref, lzcnt, ht, tsc, tscinvbit, bmi1, bmi2, adx

Memory: 4k page, physical 8277100k(918440k free), swap 8277100k(5508k free)

vm_info: OpenJDK 64-Bit Server VM (25.242-b01) for windows-amd64 JRE (1.8.0_242-release-1644-b01), built by "builder" with MS VC++ 10.0 (VS2010)

time: Mon Jan 25 13:13:33 2021
timezone: W. Central Africa Standard Time
elapsed time: 123 seconds (0d 0h 2m 3s)

