#
# There is insufficient memory for the Java Runtime Environment to continue.
# Native memory allocation (malloc) failed to allocate 521776 bytes for Chunk::new
# Possible reasons:
#   The system is out of physical RAM or swap space
#   The process is running with CompressedOops enabled, and the Java Heap may be blocking the growth of the native heap
# Possible solutions:
#   Reduce memory load on the system
#   Increase physical memory or swap space
#   Check if swap backing store is full
#   Decrease Java heap size (-Xmx/-Xms)
#   Decrease number of Java threads
#   Decrease Java thread stack sizes (-Xss)
#   Set larger code cache with -XX:ReservedCodeCacheSize=
#   JVM is running with Unscaled Compressed Oops mode in which the Java heap is
#     placed in the first 4GB address space. The Java Heap base address is the
#     maximum limit for the native heap growth. Please use -XX:HeapBaseMinAddress
#     to set the Java Heap base and to place the Java Heap above 4GB virtual address.
# This output file may be truncated or incomplete.
#
#  Out of Memory Error (allocation.cpp:389), pid=10144, tid=0x0000000000001af4
#
# JRE version: OpenJDK Runtime Environment (8.0_242-b01) (build 1.8.0_242-release-1644-b01)
# Java VM: OpenJDK 64-Bit Server VM (25.242-b01 mixed mode windows-amd64 compressed oops)
# Failed to write core dump. Minidumps are not enabled by default on client versions of Windows
#

---------------  T H R E A D  ---------------

Current thread (0x0000000017d30800):  JavaThread "C2 CompilerThread1" daemon [_thread_in_native, id=6900, stack(0x0000000019490000,0x0000000019590000)]

Stack: [0x0000000019490000,0x0000000019590000]
[error occurred during error reporting (printing stack bounds), id 0xc0000005]

Native frames: (J=compiled Java code, j=interpreted, Vv=VM code, C=native code)


Current CompileTask:
C2:  84507 5470 %     4       org.gradle.internal.instantiation.generator.AbstractClassGenerator::inspectType @ 107 (560 bytes)


---------------  P R O C E S S  ---------------

Java Threads: ( => current thread )
  0x000000001bfe8800 JavaThread "pool-1-thread-1" [_thread_blocked, id=9100, stack(0x0000000029350000,0x0000000029450000)]
  0x000000001bfe3000 JavaThread "jar transforms Thread 114" [_thread_blocked, id=2692, stack(0x0000000029050000,0x0000000029150000)]
  0x000000001bfe2800 JavaThread "jar transforms Thread 113" [_thread_blocked, id=10044, stack(0x0000000028f50000,0x0000000029050000)]
  0x000000001bfe1800 JavaThread "jar transforms Thread 112" [_thread_blocked, id=2248, stack(0x0000000028e50000,0x0000000028f50000)]
  0x000000001bfe5800 JavaThread "jar transforms Thread 111" [_thread_blocked, id=3880, stack(0x0000000028d50000,0x0000000028e50000)]
  0x000000001bfe4000 JavaThread "jar transforms Thread 110" [_thread_blocked, id=9748, stack(0x0000000028c50000,0x0000000028d50000)]
  0x000000001bfe1000 JavaThread "jar transforms Thread 109" [_thread_blocked, id=3488, stack(0x0000000028b50000,0x0000000028c50000)]
  0x000000001bfe0000 JavaThread "jar transforms Thread 108" [_thread_blocked, id=7840, stack(0x0000000028950000,0x0000000028a50000)]
  0x000000001e37f800 JavaThread "jar transforms Thread 107" [_thread_blocked, id=11936, stack(0x0000000028850000,0x0000000028950000)]
  0x000000001e37f000 JavaThread "jar transforms Thread 106" [_thread_blocked, id=8604, stack(0x0000000028750000,0x0000000028850000)]
  0x000000001e37c800 JavaThread "jar transforms Thread 105" [_thread_blocked, id=6312, stack(0x0000000028650000,0x0000000028750000)]
  0x000000001e37d800 JavaThread "jar transforms Thread 104" [_thread_blocked, id=9688, stack(0x0000000028550000,0x0000000028650000)]
  0x000000001e37e000 JavaThread "jar transforms Thread 103" [_thread_blocked, id=10260, stack(0x0000000028450000,0x0000000028550000)]
  0x000000001e37c000 JavaThread "jar transforms Thread 102" [_thread_blocked, id=996, stack(0x0000000028350000,0x0000000028450000)]
  0x000000001e374800 JavaThread "jar transforms Thread 101" [_thread_blocked, id=9452, stack(0x0000000028250000,0x0000000028350000)]
  0x000000001e37b000 JavaThread "jar transforms Thread 100" [_thread_blocked, id=6852, stack(0x0000000028150000,0x0000000028250000)]
  0x000000001e37a800 JavaThread "jar transforms Thread 99" [_thread_blocked, id=1740, stack(0x0000000028050000,0x0000000028150000)]
  0x000000001e379800 JavaThread "jar transforms Thread 98" [_thread_blocked, id=12732, stack(0x0000000027f50000,0x0000000028050000)]
  0x000000001e379000 JavaThread "jar transforms Thread 97" [_thread_blocked, id=13092, stack(0x0000000027e50000,0x0000000027f50000)]
  0x000000001e378000 JavaThread "jar transforms Thread 96" [_thread_blocked, id=7384, stack(0x0000000027d50000,0x0000000027e50000)]
  0x000000001e371800 JavaThread "jar transforms Thread 95" [_thread_blocked, id=2500, stack(0x0000000027c50000,0x0000000027d50000)]
  0x000000001e373800 JavaThread "jar transforms Thread 94" [_thread_blocked, id=10716, stack(0x0000000027b50000,0x0000000027c50000)]
  0x000000001e370800 JavaThread "jar transforms Thread 93" [_thread_blocked, id=11332, stack(0x0000000027a50000,0x0000000027b50000)]
  0x000000001e377800 JavaThread "jar transforms Thread 92" [_thread_blocked, id=7504, stack(0x0000000027950000,0x0000000027a50000)]
  0x000000001e373000 JavaThread "jar transforms Thread 91" [_thread_blocked, id=2580, stack(0x0000000027850000,0x0000000027950000)]
  0x000000001e376800 JavaThread "jar transforms Thread 90" [_thread_blocked, id=10028, stack(0x0000000027750000,0x0000000027850000)]
  0x000000001e372000 JavaThread "jar transforms Thread 89" [_thread_blocked, id=12476, stack(0x0000000027650000,0x0000000027750000)]
  0x000000001e376000 JavaThread "jar transforms Thread 88" [_thread_blocked, id=13264, stack(0x0000000027550000,0x0000000027650000)]
  0x000000001e375000 JavaThread "jar transforms Thread 87" [_thread_blocked, id=12664, stack(0x0000000027450000,0x0000000027550000)]
  0x000000001a6b8800 JavaThread "jar transforms Thread 86" [_thread_blocked, id=12988, stack(0x0000000027350000,0x0000000027450000)]
  0x000000001a6b7000 JavaThread "jar transforms Thread 85" [_thread_blocked, id=9028, stack(0x0000000027250000,0x0000000027350000)]
  0x000000001a6b6800 JavaThread "jar transforms Thread 84" [_thread_blocked, id=11052, stack(0x0000000027150000,0x0000000027250000)]
  0x000000001a6b8000 JavaThread "jar transforms Thread 83" [_thread_blocked, id=2384, stack(0x0000000027050000,0x0000000027150000)]
  0x000000001a6b5000 JavaThread "jar transforms Thread 82" [_thread_blocked, id=7696, stack(0x0000000026f50000,0x0000000027050000)]
  0x000000001a6b3800 JavaThread "jar transforms Thread 81" [_thread_blocked, id=12628, stack(0x0000000026e50000,0x0000000026f50000)]
  0x000000001a6b4000 JavaThread "jar transforms Thread 80" [_thread_blocked, id=10936, stack(0x0000000026d50000,0x0000000026e50000)]
  0x000000001a6b5800 JavaThread "jar transforms Thread 79" [_thread_blocked, id=2484, stack(0x0000000026c50000,0x0000000026d50000)]
  0x000000001a6ac000 JavaThread "jar transforms Thread 78" [_thread_blocked, id=7660, stack(0x0000000026b50000,0x0000000026c50000)]
  0x000000001a6b2000 JavaThread "jar transforms Thread 77" [_thread_blocked, id=7292, stack(0x0000000026a50000,0x0000000026b50000)]
  0x000000001a6b2800 JavaThread "jar transforms Thread 76" [_thread_blocked, id=1064, stack(0x0000000026950000,0x0000000026a50000)]
  0x000000001a6aa800 JavaThread "jar transforms Thread 75" [_thread_blocked, id=4000, stack(0x0000000026850000,0x0000000026950000)]
  0x000000001a6b1000 JavaThread "jar transforms Thread 74" [_thread_blocked, id=8844, stack(0x0000000026750000,0x0000000026850000)]
  0x000000001a6ae000 JavaThread "jar transforms Thread 73" [_thread_blocked, id=7528, stack(0x0000000026650000,0x0000000026750000)]
  0x000000001a6b0800 JavaThread "jar transforms Thread 72" [_thread_blocked, id=5308, stack(0x0000000026550000,0x0000000026650000)]
  0x000000001a6ab000 JavaThread "jar transforms Thread 71" [_thread_blocked, id=1232, stack(0x0000000026450000,0x0000000026550000)]
  0x000000001a6ac800 JavaThread "jar transforms Thread 70" [_thread_blocked, id=11932, stack(0x0000000026350000,0x0000000026450000)]
  0x000000001a6a9800 JavaThread "jar transforms Thread 69" [_thread_blocked, id=7928, stack(0x0000000026250000,0x0000000026350000)]
  0x000000001a6af000 JavaThread "jar transforms Thread 68" [_thread_blocked, id=2584, stack(0x0000000026150000,0x0000000026250000)]
  0x000000001a6af800 JavaThread "jar transforms Thread 67" [_thread_blocked, id=10328, stack(0x0000000026050000,0x0000000026150000)]
  0x000000001a6ad800 JavaThread "jar transforms Thread 66" [_thread_blocked, id=5592, stack(0x0000000025f50000,0x0000000026050000)]
  0x000000001ac61000 JavaThread "jar transforms Thread 65" [_thread_blocked, id=12760, stack(0x0000000025e50000,0x0000000025f50000)]
  0x000000001ac60800 JavaThread "jar transforms Thread 64" [_thread_blocked, id=10412, stack(0x0000000025d50000,0x0000000025e50000)]
  0x000000001ac5f800 JavaThread "jar transforms Thread 63" [_thread_blocked, id=8688, stack(0x0000000025c50000,0x0000000025d50000)]
  0x000000001ac5f000 JavaThread "jar transforms Thread 62" [_thread_blocked, id=3164, stack(0x0000000025b50000,0x0000000025c50000)]
  0x000000001ac65800 JavaThread "jar transforms Thread 61" [_thread_blocked, id=11572, stack(0x0000000025a50000,0x0000000025b50000)]
  0x000000001ac63800 JavaThread "jar transforms Thread 60" [_thread_blocked, id=11612, stack(0x0000000025950000,0x0000000025a50000)]
  0x000000001ac65000 JavaThread "jar transforms Thread 59" [_thread_blocked, id=12616, stack(0x0000000025850000,0x0000000025950000)]
  0x000000001ac62800 JavaThread "jar transforms Thread 58" [_thread_blocked, id=9660, stack(0x0000000025750000,0x0000000025850000)]
  0x000000001ac62000 JavaThread "jar transforms Thread 57" [_thread_blocked, id=3916, stack(0x0000000025650000,0x0000000025750000)]
  0x000000001ac64000 JavaThread "jar transforms Thread 56" [_thread_blocked, id=1564, stack(0x0000000025550000,0x0000000025650000)]
  0x000000001ac57800 JavaThread "jar transforms Thread 55" [_thread_blocked, id=7644, stack(0x0000000025450000,0x0000000025550000)]
  0x000000001ac5e000 JavaThread "jar transforms Thread 54" [_thread_blocked, id=4784, stack(0x0000000025350000,0x0000000025450000)]
  0x000000001ac56800 JavaThread "jar transforms Thread 53" [_thread_blocked, id=1636, stack(0x0000000025250000,0x0000000025350000)]
  0x000000001ac5d800 JavaThread "jar transforms Thread 52" [_thread_blocked, id=9564, stack(0x0000000025150000,0x0000000025250000)]
  0x000000001ac5c000 JavaThread "jar transforms Thread 51" [_thread_blocked, id=892, stack(0x0000000025050000,0x0000000025150000)]
  0x000000001ac5b000 JavaThread "jar transforms Thread 50" [_thread_blocked, id=6636, stack(0x0000000024f50000,0x0000000025050000)]
  0x000000001ac59000 JavaThread "jar transforms Thread 49" [_thread_blocked, id=9044, stack(0x0000000024e50000,0x0000000024f50000)]
  0x000000001ac5a800 JavaThread "jar transforms Thread 48" [_thread_blocked, id=2492, stack(0x0000000024d50000,0x0000000024e50000)]
  0x000000001ac59800 JavaThread "jar transforms Thread 47" [_thread_blocked, id=11728, stack(0x0000000024c50000,0x0000000024d50000)]
  0x000000001ac5c800 JavaThread "jar transforms Thread 46" [_thread_blocked, id=12640, stack(0x0000000024b50000,0x0000000024c50000)]
  0x000000001ac58000 JavaThread "jar transforms Thread 45" [_thread_blocked, id=2376, stack(0x0000000024a50000,0x0000000024b50000)]
  0x00000000206bb000 JavaThread "jar transforms Thread 44" [_thread_blocked, id=6308, stack(0x0000000024950000,0x0000000024a50000)]
  0x00000000206b6000 JavaThread "jar transforms Thread 43" [_thread_blocked, id=5220, stack(0x0000000024850000,0x0000000024950000)]
  0x00000000206b7800 JavaThread "jar transforms Thread 42" [_thread_blocked, id=1336, stack(0x0000000024750000,0x0000000024850000)]
  0x00000000206b6800 JavaThread "jar transforms Thread 41" [_thread_blocked, id=12696, stack(0x0000000024650000,0x0000000024750000)]
  0x00000000206ba800 JavaThread "jar transforms Thread 40" [_thread_blocked, id=8892, stack(0x0000000024550000,0x0000000024650000)]
  0x00000000206b9800 JavaThread "jar transforms Thread 39" [_thread_blocked, id=8592, stack(0x0000000024450000,0x0000000024550000)]
  0x00000000206b8000 JavaThread "jar transforms Thread 38" [_thread_blocked, id=12996, stack(0x0000000024350000,0x0000000024450000)]
  0x00000000206b9000 JavaThread "jar transforms Thread 37" [_thread_blocked, id=10460, stack(0x0000000024250000,0x0000000024350000)]
  0x00000000206b5000 JavaThread "jar transforms Thread 36" [_thread_blocked, id=4736, stack(0x0000000024150000,0x0000000024250000)]
  0x00000000206ad800 JavaThread "jar transforms Thread 35" [_thread_blocked, id=6476, stack(0x0000000024050000,0x0000000024150000)]
  0x00000000206b4800 JavaThread "jar transforms Thread 34" [_thread_blocked, id=8692, stack(0x0000000023f50000,0x0000000024050000)]
  0x00000000206b1800 JavaThread "jar transforms Thread 33" [_thread_blocked, id=560, stack(0x0000000023e50000,0x0000000023f50000)]
  0x00000000206b0800 JavaThread "jar transforms Thread 32" [_thread_blocked, id=6684, stack(0x0000000023d50000,0x0000000023e50000)]
  0x00000000206af000 JavaThread "jar transforms Thread 31" [_thread_blocked, id=8028, stack(0x0000000023c50000,0x0000000023d50000)]
  0x00000000206ad000 JavaThread "jar transforms Thread 30" [_thread_blocked, id=4432, stack(0x0000000023b50000,0x0000000023c50000)]
  0x00000000206b3800 JavaThread "jar transforms Thread 29" [_thread_blocked, id=7808, stack(0x0000000023a50000,0x0000000023b50000)]
  0x00000000206b0000 JavaThread "jar transforms Thread 28" [_thread_blocked, id=13024, stack(0x0000000023950000,0x0000000023a50000)]
  0x00000000206b2000 JavaThread "jar transforms Thread 27" [_thread_blocked, id=6104, stack(0x0000000023850000,0x0000000023950000)]
  0x00000000206ac000 JavaThread "jar transforms Thread 26" [_thread_blocked, id=9768, stack(0x0000000023750000,0x0000000023850000)]
  0x00000000206b3000 JavaThread "jar transforms Thread 25" [_thread_blocked, id=11124, stack(0x0000000023650000,0x0000000023750000)]
  0x00000000206ae800 JavaThread "jar transforms Thread 24" [_thread_blocked, id=10456, stack(0x0000000023550000,0x0000000023650000)]
  0x000000001c33e000 JavaThread "jar transforms Thread 23" [_thread_blocked, id=9644, stack(0x0000000023450000,0x0000000023550000)]
  0x000000001c344000 JavaThread "jar transforms Thread 22" [_thread_blocked, id=2008, stack(0x0000000023350000,0x0000000023450000)]
  0x000000001c343000 JavaThread "jar transforms Thread 21" [_thread_blocked, id=4748, stack(0x0000000023250000,0x0000000023350000)]
  0x000000001c341000 JavaThread "jar transforms Thread 20" [_thread_blocked, id=10604, stack(0x0000000023150000,0x0000000023250000)]
  0x000000001c340000 JavaThread "jar transforms Thread 19" [_thread_blocked, id=11084, stack(0x0000000023050000,0x0000000023150000)]
  0x000000001c342800 JavaThread "jar transforms Thread 18" [_thread_blocked, id=3132, stack(0x0000000022f50000,0x0000000023050000)]
  0x000000001c33f800 JavaThread "jar transforms Thread 17" [_thread_blocked, id=7856, stack(0x0000000022e50000,0x0000000022f50000)]
  0x000000001c33d000 JavaThread "jar transforms Thread 16" [_thread_blocked, id=8020, stack(0x0000000022d50000,0x0000000022e50000)]
  0x000000001c341800 JavaThread "jar transforms Thread 15" [_thread_blocked, id=11676, stack(0x0000000022c50000,0x0000000022d50000)]
  0x000000001c33e800 JavaThread "jar transforms Thread 14" [_thread_blocked, id=6648, stack(0x0000000022b50000,0x0000000022c50000)]
  0x000000001a67f800 JavaThread "jar transforms Thread 13" [_thread_blocked, id=3684, stack(0x0000000022a50000,0x0000000022b50000)]
  0x000000001a67f000 JavaThread "jar transforms Thread 12" [_thread_blocked, id=4252, stack(0x0000000022950000,0x0000000022a50000)]
  0x000000001a67e000 JavaThread "jar transforms Thread 11" [_thread_blocked, id=2968, stack(0x0000000022850000,0x0000000022950000)]
  0x000000001a67d800 JavaThread "jar transforms Thread 10" [_thread_blocked, id=12772, stack(0x0000000022750000,0x0000000022850000)]
  0x000000001a67b000 JavaThread "jar transforms Thread 9" [_thread_blocked, id=12592, stack(0x0000000022650000,0x0000000022750000)]
  0x000000001a681000 JavaThread "jar transforms Thread 8" [_thread_blocked, id=784, stack(0x0000000022550000,0x0000000022650000)]
  0x000000001a680800 JavaThread "jar transforms Thread 7" [_thread_blocked, id=11420, stack(0x0000000022450000,0x0000000022550000)]
  0x000000001a682000 JavaThread "jar transforms Thread 6" [_thread_blocked, id=10660, stack(0x0000000022350000,0x0000000022450000)]
  0x000000001a676000 JavaThread "jar transforms Thread 5" [_thread_blocked, id=12068, stack(0x0000000022250000,0x0000000022350000)]
  0x000000001a67c800 JavaThread "jar transforms Thread 4" [_thread_blocked, id=13280, stack(0x0000000022150000,0x0000000022250000)]
  0x000000001a67c000 JavaThread "jar transforms Thread 3" [_thread_blocked, id=12452, stack(0x0000000022050000,0x0000000022150000)]
  0x000000001a673800 JavaThread "jar transforms Thread 2" [_thread_blocked, id=8184, stack(0x0000000021f50000,0x0000000022050000)]
  0x000000001a67a800 JavaThread "Build operations Thread 4" [_thread_blocked, id=11840, stack(0x0000000021e50000,0x0000000021f50000)]
  0x000000001a673000 JavaThread "Build operations Thread 3" [_thread_blocked, id=7692, stack(0x0000000021d50000,0x0000000021e50000)]
  0x000000001a677800 JavaThread "Build operations Thread 2" [_thread_blocked, id=7252, stack(0x0000000021c50000,0x0000000021d50000)]
  0x000000001a679800 JavaThread "Build operations" [_thread_blocked, id=1596, stack(0x00000000217c0000,0x00000000218c0000)]
  0x000000001a678000 JavaThread "Cache worker for Build Output Cleanup Cache (C:\Users\David Adeyinka\AndroidStudioProjects\ToDoPlanner\.gradle\buildOutputCleanup)" [_thread_blocked, id=6360, stack(0x0000000021b50000,0x0000000021c50000)]
  0x000000001aac2000 JavaThread "Cache worker for file content cache (C:\Users\David Adeyinka\.gradle\caches\6.6.1\fileContent)" [_thread_blocked, id=12768, stack(0x00000000200f0000,0x00000000201f0000)]
  0x000000001aac5000 JavaThread "jar transforms" [_thread_blocked, id=11912, stack(0x000000001fff0000,0x00000000200f0000)]
  0x000000001aac8000 JavaThread "Cache worker for execution history cache (C:\Users\David Adeyinka\.gradle\caches\6.6.1\executionHistory)" [_thread_blocked, id=8836, stack(0x000000001f8f0000,0x000000001f9f0000)]
  0x000000001aac4000 JavaThread "Cache worker for cache directory md-rule (C:\Users\David Adeyinka\.gradle\caches\6.6.1\md-rule)" [_thread_blocked, id=11032, stack(0x000000001f7f0000,0x000000001f8f0000)]
  0x000000001aac6800 JavaThread "Cache worker for cache directory md-supplier (C:\Users\David Adeyinka\.gradle\caches\6.6.1\md-supplier)" [_thread_blocked, id=1360, stack(0x000000001f6f0000,0x000000001f7f0000)]
  0x000000001aac3800 JavaThread "Cache worker for checksums cache (C:\Users\David Adeyinka\AndroidStudioProjects\ToDoPlanner\.gradle\checksums)" [_thread_blocked, id=2920, stack(0x000000001f3f0000,0x000000001f4f0000)]
  0x000000001aac5800 JavaThread "Cache worker for file hash cache (C:\Users\David Adeyinka\AndroidStudioProjects\ToDoPlanner\.gradle\6.6.1\fileHashes)" [_thread_blocked, id=7032, stack(0x000000001f2f0000,0x000000001f3f0000)]
  0x000000001aac2800 JavaThread "Cache worker for journal cache (C:\Users\David Adeyinka\.gradle\caches\journal-1)" [_thread_blocked, id=9128, stack(0x000000001edf0000,0x000000001eef0000)]
  0x000000001aac7000 JavaThread "File lock request listener" [_thread_in_native, id=7400, stack(0x000000001dd20000,0x000000001de20000)]
  0x000000001bdcf800 JavaThread "Cache worker for file hash cache (C:\Users\David Adeyinka\.gradle\caches\6.6.1\fileHashes)" [_thread_blocked, id=2144, stack(0x000000001db20000,0x000000001dc20000)]
  0x000000001a936800 JavaThread "Thread-9" [_thread_blocked, id=12872, stack(0x000000001d820000,0x000000001d920000)]
  0x000000001a93b000 JavaThread "Asynchronous log dispatcher for DefaultDaemonConnection: socket connection from /127.0.0.1:29937 to /127.0.0.1:29938" [_thread_blocked, id=12576, stack(0x000000001d620000,0x000000001d720000)]
  0x000000001a820800 JavaThread "Daemon worker" [_thread_in_vm, id=1584, stack(0x000000001d520000,0x000000001d620000)]
  0x000000001a81f800 JavaThread "Cancel handler" [_thread_blocked, id=4556, stack(0x000000001d420000,0x000000001d520000)]
  0x000000001a8b2800 JavaThread "Handler for socket connection from /127.0.0.1:29937 to /127.0.0.1:29938" [_thread_in_native, id=5264, stack(0x000000001d320000,0x000000001d420000)]
  0x0000000019f46000 JavaThread "Daemon" [_thread_blocked, id=12752, stack(0x000000001d220000,0x000000001d320000)]
  0x000000001a068000 JavaThread "Daemon periodic checks" [_thread_blocked, id=7480, stack(0x000000001cf20000,0x000000001d020000)]
  0x000000001a06b000 JavaThread "Incoming local TCP Connector on port 29937" [_thread_in_native, id=8100, stack(0x000000001cce0000,0x000000001cde0000)]
  0x0000000019753000 JavaThread "Daemon health stats" [_thread_blocked, id=4040, stack(0x0000000019c90000,0x0000000019d90000)]
  0x00000000196c0800 JavaThread "Service Thread" daemon [_thread_blocked, id=10400, stack(0x0000000019a90000,0x0000000019b90000)]
  0x0000000017d34000 JavaThread "C1 CompilerThread2" daemon [_thread_in_vm, id=9448, stack(0x0000000019590000,0x0000000019690000)]
=>0x0000000017d30800 JavaThread "C2 CompilerThread1" daemon [_thread_in_native, id=6900, stack(0x0000000019490000,0x0000000019590000)]
  0x0000000017d26000 JavaThread "C2 CompilerThread0" daemon [_thread_in_native, id=11740, stack(0x0000000019390000,0x0000000019490000)]
  0x0000000017d24800 JavaThread "Attach Listener" daemon [_thread_blocked, id=11960, stack(0x0000000019290000,0x0000000019390000)]
  0x0000000017d23000 JavaThread "Signal Dispatcher" daemon [_thread_blocked, id=12480, stack(0x0000000019190000,0x0000000019290000)]
  0x00000000030fb800 JavaThread "Finalizer" daemon [_thread_blocked, id=11712, stack(0x0000000018f90000,0x0000000019090000)]
  0x0000000017d09000 JavaThread "Reference Handler" daemon [_thread_blocked, id=5256, stack(0x0000000018e90000,0x0000000018f90000)]
  0x0000000002efe800 JavaThread "main" [_thread_blocked, id=3464, stack(0x0000000002f00000,0x0000000003000000)]

Other Threads:
  0x0000000017ce6000 VMThread [stack: 0x0000000018d90000,0x0000000018e90000] [id=5844]
  0x00000000196c1000 WatcherThread [stack: 0x0000000019b90000,0x0000000019c90000] [id=11884]

VM state:not at safepoint (normal execution)

VM Mutex/Monitor currently owned by a thread: None

heap address: 0x0000000080000000, size: 2048 MB, Compressed Oops mode: 32-bit
Narrow klass base: 0x0000000000000000, Narrow klass shift: 3
Compressed class space size: 1073741824 Address: 0x0000000100000000

Heap:
 PSYoungGen      total 130048K, used 21773K [0x00000000d5580000, 0x00000000de180000, 0x0000000100000000)
  eden space 117248K, 18% used [0x00000000d5580000,0x00000000d6ac3448,0x00000000dc800000)
  from space 12800K, 0% used [0x00000000dd400000,0x00000000dd400000,0x00000000de080000)
  to   space 12288K, 0% used [0x00000000dc800000,0x00000000dc800000,0x00000000dd400000)
 ParOldGen       total 99840K, used 32842K [0x0000000080000000, 0x0000000086180000, 0x00000000d5580000)
  object space 99840K, 32% used [0x0000000080000000,0x0000000082012af0,0x0000000086180000)
 Metaspace       used 57837K, capacity 60250K, committed 60416K, reserved 1101824K
  class space    used 7873K, capacity 8347K, committed 8448K, reserved 1048576K

Card table byte_map: [0x00000000124c0000,0x00000000128d0000] byte_map_base: 0x00000000120c0000

Marking Bits: (ParMarkBitMap*) 0x000000007438f030
 Begin Bits: [0x0000000012f80000, 0x0000000014f80000)
 End Bits:   [0x0000000014f80000, 0x0000000016f80000)

Polling page: 0x0000000001560000

CodeCache: size=245760Kb used=16614Kb max_used=16614Kb free=229145Kb
 bounds [0x0000000003100000, 0x0000000004150000, 0x0000000012100000]
 total_blobs=5682 nmethods=4917 adapters=677
 compilation: enabled

Compilation events (10 events):
Event: 84.191 Thread 0x0000000017d30800 nmethod 5465 0x0000000004143e10 code [0x0000000004143f60, 0x0000000004144038]
Event: 84.246 Thread 0x0000000017d30800 5468       4       org.gradle.util.GUtil::isTrue (56 bytes)
Event: 84.247 Thread 0x0000000017d34000 5469       3       org.apache.commons.io.FilenameUtils::doNormalize (534 bytes)
Event: 84.249 Thread 0x0000000017d30800 nmethod 5468 0x0000000004143ad0 code [0x0000000004143c20, 0x0000000004143d18]
Event: 84.250 Thread 0x0000000017d34000 nmethod 5469 0x0000000004144e50 code [0x0000000004145100, 0x0000000004146578]
Event: 84.335 Thread 0x0000000017d30800 5470 %     4       org.gradle.internal.instantiation.generator.AbstractClassGenerator::inspectType @ 107 (560 bytes)
Event: 84.418 Thread 0x0000000017d34000 5471       3       sun.reflect.annotation.AnnotationInvocationHandler::cloneArray (170 bytes)
Event: 84.424 Thread 0x0000000017d34000 nmethod 5471 0x0000000004149910 code [0x0000000004149ba0, 0x000000000414af08]
Event: 84.426 Thread 0x0000000017d34000 5472       3       com.google.common.collect.AbstractMapBasedMultimap$WrappedCollection$WrappedIterator::next (14 bytes)
Event: 84.426 Thread 0x0000000017d34000 nmethod 5472 0x0000000004144650 code [0x00000000041447e0, 0x0000000004144c28]

GC Heap History (10 events):
Event: 48.957 GC heap before
{Heap before GC invocations=15 (full 2):
 PSYoungGen      total 69120K, used 66757K [0x00000000d5580000, 0x00000000da580000, 0x0000000100000000)
  eden space 62464K, 100% used [0x00000000d5580000,0x00000000d9280000,0x00000000d9280000)
  from space 6656K, 64% used [0x00000000d9f00000,0x00000000da331438,0x00000000da580000)
  to   space 9728K, 0% used [0x00000000d9280000,0x00000000d9280000,0x00000000d9c00000)
 ParOldGen       total 63488K, used 14911K [0x0000000080000000, 0x0000000083e00000, 0x00000000d5580000)
  object space 63488K, 23% used [0x0000000080000000,0x0000000080e8fcc8,0x0000000083e00000)
 Metaspace       used 37956K, capacity 39630K, committed 39936K, reserved 1083392K
  class space    used 5201K, capacity 5538K, committed 5632K, reserved 1048576K
Event: 49.002 GC heap after
Heap after GC invocations=15 (full 2):
 PSYoungGen      total 72192K, used 4260K [0x00000000d5580000, 0x00000000dbe00000, 0x0000000100000000)
  eden space 62464K, 0% used [0x00000000d5580000,0x00000000d5580000,0x00000000d9280000)
  from space 9728K, 43% used [0x00000000d9280000,0x00000000d96a9108,0x00000000d9c00000)
  to   space 9728K, 0% used [0x00000000db480000,0x00000000db480000,0x00000000dbe00000)
 ParOldGen       total 63488K, used 17001K [0x0000000080000000, 0x0000000083e00000, 0x00000000d5580000)
  object space 63488K, 26% used [0x0000000080000000,0x000000008109a408,0x0000000083e00000)
 Metaspace       used 37956K, capacity 39630K, committed 39936K, reserved 1083392K
  class space    used 5201K, capacity 5538K, committed 5632K, reserved 1048576K
}
Event: 63.088 GC heap before
{Heap before GC invocations=16 (full 2):
 PSYoungGen      total 72192K, used 66724K [0x00000000d5580000, 0x00000000dbe00000, 0x0000000100000000)
  eden space 62464K, 100% used [0x00000000d5580000,0x00000000d9280000,0x00000000d9280000)
  from space 9728K, 43% used [0x00000000d9280000,0x00000000d96a9108,0x00000000d9c00000)
  to   space 9728K, 0% used [0x00000000db480000,0x00000000db480000,0x00000000dbe00000)
 ParOldGen       total 63488K, used 17001K [0x0000000080000000, 0x0000000083e00000, 0x00000000d5580000)
  object space 63488K, 26% used [0x0000000080000000,0x000000008109a408,0x0000000083e00000)
 Metaspace       used 45574K, capacity 47428K, committed 47616K, reserved 1089536K
  class space    used 6162K, capacity 6534K, committed 6656K, reserved 1048576K
Event: 63.141 GC heap after
Heap after GC invocations=16 (full 2):
 PSYoungGen      total 95232K, used 8136K [0x00000000d5580000, 0x00000000dbd80000, 0x0000000100000000)
  eden space 86016K, 0% used [0x00000000d5580000,0x00000000d5580000,0x00000000da980000)
  from space 9216K, 88% used [0x00000000db480000,0x00000000dbc72210,0x00000000dbd80000)
  to   space 10240K, 0% used [0x00000000da980000,0x00000000da980000,0x00000000db380000)
 ParOldGen       total 63488K, used 20109K [0x0000000080000000, 0x0000000083e00000, 0x00000000d5580000)
  object space 63488K, 31% used [0x0000000080000000,0x00000000813a3578,0x0000000083e00000)
 Metaspace       used 45574K, capacity 47428K, committed 47616K, reserved 1089536K
  class space    used 6162K, capacity 6534K, committed 6656K, reserved 1048576K
}
Event: 76.338 GC heap before
{Heap before GC invocations=17 (full 2):
 PSYoungGen      total 95232K, used 94152K [0x00000000d5580000, 0x00000000dbd80000, 0x0000000100000000)
  eden space 86016K, 100% used [0x00000000d5580000,0x00000000da980000,0x00000000da980000)
  from space 9216K, 88% used [0x00000000db480000,0x00000000dbc72210,0x00000000dbd80000)
  to   space 10240K, 0% used [0x00000000da980000,0x00000000da980000,0x00000000db380000)
 ParOldGen       total 63488K, used 20109K [0x0000000080000000, 0x0000000083e00000, 0x00000000d5580000)
  object space 63488K, 31% used [0x0000000080000000,0x00000000813a3578,0x0000000083e00000)
 Metaspace       used 52611K, capacity 54722K, committed 54912K, reserved 1097728K
  class space    used 7005K, capacity 7446K, committed 7552K, reserved 1048576K
Event: 76.426 GC heap after
Heap after GC invocations=17 (full 2):
 PSYoungGen      total 96256K, used 10208K [0x00000000d5580000, 0x00000000de080000, 0x0000000100000000)
  eden space 86016K, 0% used [0x00000000d5580000,0x00000000d5580000,0x00000000da980000)
  from space 10240K, 99% used [0x00000000da980000,0x00000000db3782c8,0x00000000db380000)
  to   space 12800K, 0% used [0x00000000dd400000,0x00000000dd400000,0x00000000de080000)
 ParOldGen       total 63488K, used 23899K [0x0000000080000000, 0x0000000083e00000, 0x00000000d5580000)
  object space 63488K, 37% used [0x0000000080000000,0x0000000081756e38,0x0000000083e00000)
 Metaspace       used 52611K, capacity 54722K, committed 54912K, reserved 1097728K
  class space    used 7005K, capacity 7446K, committed 7552K, reserved 1048576K
}
Event: 81.598 GC heap before
{Heap before GC invocations=18 (full 2):
 PSYoungGen      total 96256K, used 58565K [0x00000000d5580000, 0x00000000de080000, 0x0000000100000000)
  eden space 86016K, 56% used [0x00000000d5580000,0x00000000d84b9380,0x00000000da980000)
  from space 10240K, 99% used [0x00000000da980000,0x00000000db3782c8,0x00000000db380000)
  to   space 12800K, 0% used [0x00000000dd400000,0x00000000dd400000,0x00000000de080000)
 ParOldGen       total 63488K, used 23899K [0x0000000080000000, 0x0000000083e00000, 0x00000000d5580000)
  object space 63488K, 37% used [0x0000000080000000,0x0000000081756e38,0x0000000083e00000)
 Metaspace       used 56723K, capacity 59082K, committed 59136K, reserved 1099776K
  class space    used 7685K, capacity 8177K, committed 8192K, reserved 1048576K
Event: 81.673 GC heap after
Heap after GC invocations=18 (full 2):
 PSYoungGen      total 130048K, used 6509K [0x00000000d5580000, 0x00000000de180000, 0x0000000100000000)
  eden space 117248K, 0% used [0x00000000d5580000,0x00000000d5580000,0x00000000dc800000)
  from space 12800K, 50% used [0x00000000dd400000,0x00000000dda5b7d0,0x00000000de080000)
  to   space 12288K, 0% used [0x00000000dc800000,0x00000000dc800000,0x00000000dd400000)
 ParOldGen       total 63488K, used 30378K [0x0000000080000000, 0x0000000083e00000, 0x00000000d5580000)
  object space 63488K, 47% used [0x0000000080000000,0x0000000081daaac0,0x0000000083e00000)
 Metaspace       used 56723K, capacity 59082K, committed 59136K, reserved 1099776K
  class space    used 7685K, capacity 8177K, committed 8192K, reserved 1048576K
}
Event: 81.673 GC heap before
{Heap before GC invocations=19 (full 3):
 PSYoungGen      total 130048K, used 6509K [0x00000000d5580000, 0x00000000de180000, 0x0000000100000000)
  eden space 117248K, 0% used [0x00000000d5580000,0x00000000d5580000,0x00000000dc800000)
  from space 12800K, 50% used [0x00000000dd400000,0x00000000dda5b7d0,0x00000000de080000)
  to   space 12288K, 0% used [0x00000000dc800000,0x00000000dc800000,0x00000000dd400000)
 ParOldGen       total 63488K, used 30378K [0x0000000080000000, 0x0000000083e00000, 0x00000000d5580000)
  object space 63488K, 47% used [0x0000000080000000,0x0000000081daaac0,0x0000000083e00000)
 Metaspace       used 56723K, capacity 59082K, committed 59136K, reserved 1099776K
  class space    used 7685K, capacity 8177K, committed 8192K, reserved 1048576K
Event: 82.999 GC heap after
Heap after GC invocations=19 (full 3):
 PSYoungGen      total 130048K, used 0K [0x00000000d5580000, 0x00000000de180000, 0x0000000100000000)
  eden space 117248K, 0% used [0x00000000d5580000,0x00000000d5580000,0x00000000dc800000)
  from space 12800K, 0% used [0x00000000dd400000,0x00000000dd400000,0x00000000de080000)
  to   space 12288K, 0% used [0x00000000dc800000,0x00000000dc800000,0x00000000dd400000)
 ParOldGen       total 99840K, used 32842K [0x0000000080000000, 0x0000000086180000, 0x00000000d5580000)
  object space 99840K, 32% used [0x0000000080000000,0x0000000082012af0,0x0000000086180000)
 Metaspace       used 56711K, capacity 59040K, committed 59136K, reserved 1099776K
  class space    used 7681K, capacity 8170K, committed 8192K, reserved 1048576K
}

Deoptimization events (10 events):
Event: 72.762 Thread 0x000000001a820800 Uncommon trap: reason=unstable_if action=reinterpret pc=0x0000000003ace864 method=groovy.lang.MetaClassImpl$1MOPIter.methodNameAction(Ljava/lang/Class;Lorg/codehaus/groovy/runtime/metaclass/MetaMethodIndex$Entry;)V @ 182
Event: 74.278 Thread 0x000000001a820800 Uncommon trap: reason=unstable_if action=reinterpret pc=0x00000000034ddb24 method=java.lang.String.lastIndexOf([CII[CIII)I @ 17
Event: 74.278 Thread 0x000000001a820800 Uncommon trap: reason=unstable_if action=reinterpret pc=0x00000000037bfdfc method=sun.net.www.protocol.jar.Handler.parseURL(Ljava/net/URL;Ljava/lang/String;II)V @ 116
Event: 76.163 Thread 0x000000001a820800 Uncommon trap: reason=null_check action=make_not_entrant pc=0x00000000032ee7dc method=java.lang.Class.searchMethods([Ljava/lang/reflect/Method;Ljava/lang/String;[Ljava/lang/Class;)Ljava/lang/reflect/Method; @ 59
Event: 80.747 Thread 0x000000001a820800 Uncommon trap: reason=unstable_if action=reinterpret pc=0x00000000033df5d0 method=sun.misc.MetaIndex.mayContain(Ljava/lang/String;)Z @ 38
Event: 80.777 Thread 0x000000001a820800 Uncommon trap: reason=unstable_if action=reinterpret pc=0x0000000003afdf4c method=java.security.CodeSource.hashCode()I @ 4
Event: 80.778 Thread 0x000000001a820800 Uncommon trap: reason=unstable_if action=reinterpret pc=0x0000000003a8d84c method=java.security.CodeSource.hashCode()I @ 4
Event: 83.691 Thread 0x000000001a820800 Uncommon trap: reason=null_check action=make_not_entrant pc=0x00000000032b1998 method=java.lang.ThreadLocal$ThreadLocalMap.getEntryAfterMiss(Ljava/lang/ThreadLocal;ILjava/lang/ThreadLocal$ThreadLocalMap$Entry;)Ljava/lang/ThreadLocal$ThreadLocalMap$Entry; 
Event: 84.404 Thread 0x000000001a820800 Uncommon trap: reason=unstable_if action=reinterpret pc=0x0000000003b9556c method=java.io.WinNTFileSystem.normalize(Ljava/lang/String;)Ljava/lang/String; @ 74
Event: 84.405 Thread 0x000000001a820800 Uncommon trap: reason=unstable_if action=reinterpret pc=0x0000000003b3dd54 method=java.io.WinNTFileSystem.normalize(Ljava/lang/String;II)Ljava/lang/String; @ 103

Classes redefined (0 events):
No events

Internal exceptions (10 events):
Event: 83.560 Thread 0x000000001a820800 Exception <a 'java/lang/ClassNotFoundException': com/android/build/gradle/internal/api/ApkVariantOutputImpl_DecoratedCustomizer> (0x00000000d5d11c60) thrown at [C:\src\AOSP-openjdk-git\hotspot\src\share\vm\classfile\systemDictionary.cpp, line 210]
Event: 83.691 Thread 0x000000001a820800 Implicit null exception at 0x00000000032b14b7 to 0x00000000032b1979
Event: 84.128 Thread 0x000000001a820800 Exception <a 'java/lang/ClassNotFoundException': org/gradle/api/internal/file/collections/DefaultConfigurableFileTreeBeanInfo> (0x00000000d64c0f48) thrown at [C:\src\AOSP-openjdk-git\hotspot\src\share\vm\classfile\systemDictionary.cpp, line 210]
Event: 84.129 Thread 0x000000001a820800 Exception <a 'java/lang/ClassNotFoundException': org/gradle/api/internal/file/CompositeFileTreeBeanInfo> (0x00000000d64db190) thrown at [C:\src\AOSP-openjdk-git\hotspot\src\share\vm\classfile\systemDictionary.cpp, line 210]
Event: 84.130 Thread 0x000000001a820800 Exception <a 'java/lang/ClassNotFoundException': org/gradle/api/internal/file/CompositeFileCollectionBeanInfo> (0x00000000d64f7198) thrown at [C:\src\AOSP-openjdk-git\hotspot\src\share\vm\classfile\systemDictionary.cpp, line 210]
Event: 84.131 Thread 0x000000001a820800 Exception <a 'java/lang/ClassNotFoundException': org/gradle/api/internal/file/AbstractFileCollectionBeanInfo> (0x00000000d65131a0) thrown at [C:\src\AOSP-openjdk-git\hotspot\src\share\vm\classfile\systemDictionary.cpp, line 210]
Event: 84.132 Thread 0x000000001a820800 Exception <a 'java/lang/ClassNotFoundException': org/gradle/api/internal/file/AbstractFileCollectionCustomizer> (0x00000000d652f7a8) thrown at [C:\src\AOSP-openjdk-git\hotspot\src\share\vm\classfile\systemDictionary.cpp, line 210]
Event: 84.134 Thread 0x000000001a820800 Exception <a 'java/lang/ClassNotFoundException': org/gradle/api/internal/file/CompositeFileCollectionCustomizer> (0x00000000d6565d58) thrown at [C:\src\AOSP-openjdk-git\hotspot\src\share\vm\classfile\systemDictionary.cpp, line 210]
Event: 84.135 Thread 0x000000001a820800 Exception <a 'java/lang/ClassNotFoundException': org/gradle/api/internal/file/CompositeFileTreeCustomizer> (0x00000000d658bd88) thrown at [C:\src\AOSP-openjdk-git\hotspot\src\share\vm\classfile\systemDictionary.cpp, line 210]
Event: 84.144 Thread 0x000000001a820800 Exception <a 'java/lang/ClassNotFoundException': org/gradle/api/internal/file/collections/DefaultConfigurableFileTreeCustomizer> (0x00000000d65be820) thrown at [C:\src\AOSP-openjdk-git\hotspot\src\share\vm\classfile\systemDictionary.cpp, line 210]

Events (10 events):
Event: 84.455 loading class com/android/build/gradle/internal/scope/InternalArtifactType$AP_GENERATED_CLASSES
Event: 84.455 loading class com/android/build/gradle/internal/scope/InternalArtifactType$AP_GENERATED_CLASSES done
Event: 84.455 loading class com/android/build/gradle/internal/scope/InternalArtifactType$MERGED_CONSUMER_PROGUARD_FILE
Event: 84.455 loading class com/android/build/gradle/internal/scope/InternalArtifactType$MERGED_CONSUMER_PROGUARD_FILE done
Event: 84.456 loading class com/android/build/gradle/internal/scope/InternalArtifactType$MERGED_AAPT_PROGUARD_FILE
Event: 84.456 loading class com/android/build/gradle/internal/scope/InternalArtifactType$MERGED_AAPT_PROGUARD_FILE done
Event: 84.457 loading class com/android/build/gradle/internal/scope/InternalArtifactType$DATA_BINDING_TRIGGER
Event: 84.457 loading class com/android/build/gradle/internal/scope/InternalArtifactType$DATA_BINDING_TRIGGER done
Event: 84.458 loading class com/android/build/gradle/internal/scope/InternalArtifactType$DATA_BINDING_EXPORT_CLASS_LIST
Event: 84.458 loading class com/android/build/gradle/internal/scope/InternalArtifactType$DATA_BINDING_EXPORT_CLASS_LIST done


Dynamic libraries:
0x00007ff627fd0000 - 0x00007ff628001000 	C:\Program Files\Android\Android Studio\jre\bin\java.exe
0x00007ffb0b060000 - 0x00007ffb0b250000 	C:\WINDOWS\SYSTEM32\ntdll.dll
0x00007ffb09720000 - 0x00007ffb097d2000 	C:\WINDOWS\System32\KERNEL32.DLL
0x00007ffb081f0000 - 0x00007ffb08495000 	C:\WINDOWS\System32\KERNELBASE.dll
0x00007ffb0a110000 - 0x00007ffb0a1b3000 	C:\WINDOWS\System32\ADVAPI32.dll
0x00007ffb0aa60000 - 0x00007ffb0aafe000 	C:\WINDOWS\System32\msvcrt.dll
0x00007ffb09860000 - 0x00007ffb098f7000 	C:\WINDOWS\System32\sechost.dll
0x00007ffb09110000 - 0x00007ffb09230000 	C:\WINDOWS\System32\RPCRT4.dll
0x00007ffb09410000 - 0x00007ffb095a5000 	C:\WINDOWS\System32\USER32.dll
0x00007ffb08e40000 - 0x00007ffb08e61000 	C:\WINDOWS\System32\win32u.dll
0x00007ffb0a960000 - 0x00007ffb0a986000 	C:\WINDOWS\System32\GDI32.dll
0x00007ffb08050000 - 0x00007ffb081e6000 	C:\WINDOWS\System32\gdi32full.dll
0x00007ffb08da0000 - 0x00007ffb08e3e000 	C:\WINDOWS\System32\msvcp_win.dll
0x00007ffb084d0000 - 0x00007ffb085ca000 	C:\WINDOWS\System32\ucrtbase.dll
0x00007ffafa720000 - 0x00007ffafa9a4000 	C:\WINDOWS\WinSxS\amd64_microsoft.windows.common-controls_6595b64144ccf1df_6.0.18362.1082_none_9e8193e1e45b25c1\COMCTL32.dll
0x00007ffb0ab00000 - 0x00007ffb0ae35000 	C:\WINDOWS\System32\combase.dll
0x00007ffb08fc0000 - 0x00007ffb09040000 	C:\WINDOWS\System32\bcryptPrimitives.dll
0x00007ffb096f0000 - 0x00007ffb0971e000 	C:\WINDOWS\System32\IMM32.DLL
0x0000000073850000 - 0x0000000073922000 	C:\Program Files\Android\Android Studio\jre\jre\bin\msvcr100.dll
0x0000000073bc0000 - 0x000000007440b000 	C:\Program Files\Android\Android Studio\jre\jre\bin\server\jvm.dll
0x00007ffb0ae40000 - 0x00007ffb0ae48000 	C:\WINDOWS\System32\PSAPI.DLL
0x00007ffb06020000 - 0x00007ffb06044000 	C:\WINDOWS\SYSTEM32\WINMM.dll
0x00007ffaf4110000 - 0x00007ffaf4119000 	C:\WINDOWS\SYSTEM32\WSOCK32.dll
0x00007ffb09230000 - 0x00007ffb0929f000 	C:\WINDOWS\System32\WS2_32.dll
0x00007ffaf9c90000 - 0x00007ffaf9c9a000 	C:\WINDOWS\SYSTEM32\VERSION.dll
0x00007ffb05ff0000 - 0x00007ffb0601d000 	C:\WINDOWS\SYSTEM32\WINMMBASE.dll
0x00007ffb08d50000 - 0x00007ffb08d9a000 	C:\WINDOWS\System32\cfgmgr32.dll
0x00007ffaf4100000 - 0x00007ffaf410f000 	C:\Program Files\Android\Android Studio\jre\jre\bin\verify.dll
0x00007ffaf3f90000 - 0x00007ffaf3fb9000 	C:\Program Files\Android\Android Studio\jre\jre\bin\java.dll
0x00007ffaf3f70000 - 0x00007ffaf3f86000 	C:\Program Files\Android\Android Studio\jre\jre\bin\zip.dll
0x00007ffb0a270000 - 0x00007ffb0a957000 	C:\WINDOWS\System32\SHELL32.dll
0x00007ffb0a050000 - 0x00007ffb0a0f9000 	C:\WINDOWS\System32\shcore.dll
0x00007ffb085d0000 - 0x00007ffb08d50000 	C:\WINDOWS\System32\windows.storage.dll
0x00007ffb07f80000 - 0x00007ffb07fa3000 	C:\WINDOWS\System32\profapi.dll
0x00007ffb07f30000 - 0x00007ffb07f7a000 	C:\WINDOWS\System32\powrprof.dll
0x00007ffb07f20000 - 0x00007ffb07f30000 	C:\WINDOWS\System32\UMPDC.dll
0x00007ffb09800000 - 0x00007ffb09852000 	C:\WINDOWS\System32\shlwapi.dll
0x00007ffb07fb0000 - 0x00007ffb07fc1000 	C:\WINDOWS\System32\kernel.appcore.dll
0x00007ffb090f0000 - 0x00007ffb09107000 	C:\WINDOWS\System32\cryptsp.dll
0x00007ffae4080000 - 0x00007ffae409a000 	C:\Program Files\Android\Android Studio\jre\jre\bin\net.dll
0x00007ffb07770000 - 0x00007ffb077d7000 	C:\WINDOWS\system32\mswsock.dll
0x00007ffadb080000 - 0x00007ffadb093000 	C:\Program Files\Android\Android Studio\jre\jre\bin\nio.dll
0x00007ffae4600000 - 0x00007ffae4627000 	C:\Users\David Adeyinka\.gradle\native\9f2fa17c089eee584f3420100432f77ec4c098959e4bf121a4d6054c26537dfb\windows-amd64\native-platform.dll
0x00007ffaf1c50000 - 0x00007ffaf1c5d000 	C:\Program Files\Android\Android Studio\jre\jre\bin\management.dll
0x00007ffb07280000 - 0x00007ffb072b3000 	C:\WINDOWS\system32\rsaenh.dll
0x00007ffb084a0000 - 0x00007ffb084c6000 	C:\WINDOWS\System32\bcrypt.dll
0x00007ffb07e00000 - 0x00007ffb07e25000 	C:\WINDOWS\SYSTEM32\USERENV.dll
0x00007ffb07940000 - 0x00007ffb0794c000 	C:\WINDOWS\SYSTEM32\CRYPTBASE.dll
0x00007ffb07480000 - 0x00007ffb074ba000 	C:\WINDOWS\SYSTEM32\IPHLPAPI.DLL
0x00007ffb0afb0000 - 0x00007ffb0afb8000 	C:\WINDOWS\System32\NSI.dll
0x00007ffafc260000 - 0x00007ffafc276000 	C:\WINDOWS\SYSTEM32\dhcpcsvc6.DLL
0x00007ffafc240000 - 0x00007ffafc25c000 	C:\WINDOWS\SYSTEM32\dhcpcsvc.DLL
0x00007ffb074c0000 - 0x00007ffb0758b000 	C:\WINDOWS\SYSTEM32\DNSAPI.dll
0x00007ffafc2f0000 - 0x00007ffafc2fb000 	C:\WINDOWS\SYSTEM32\WINNSI.DLL
0x00007ffadac20000 - 0x00007ffadadb6000 	C:\Users\David Adeyinka\.gradle\native\9f2fa17c089eee584f3420100432f77ec4c098959e4bf121a4d6054c26537dfb\windows-amd64\native-platform-file-events.dll

VM Arguments:
jvm_args: -Xmx2048m -Dfile.encoding=UTF-8 -Duser.country=GB -Duser.language=en -Duser.variant 
java_command: org.gradle.launcher.daemon.bootstrap.GradleDaemon 6.6.1
java_class_path (initial): C:\Gradle\gradle-6.6.1\lib\gradle-launcher-6.6.1.jar
Launcher Type: SUN_STANDARD

Environment Variables:
PATH=C:\Program Files (x86)\Common Files\Oracle\Java\javapath;C:\WINDOWS\system32;C:\WINDOWS;C:\WINDOWS\System32\Wbem;C:\WINDOWS\System32\WindowsPowerShell\v1.0\;C:\WINDOWS\System32\OpenSSH\;C:\Program Files (x86)\Git\cmd;C:\Program Files\nodejs\;c:\Program Files (x86)\Microsoft SQL Server\100\Tools\Binn\;c:\Program Files\Microsoft SQL Server\100\Tools\Binn\;c:\Program Files\Microsoft SQL Server\100\DTS\Binn\;C:\Go\bin;C:\Program Files\Microsoft VS Code\bin;C:\Users\David Adeyinka\AppData\Local\Programs\Python\Python37-32\Scripts\;C:\Users\David Adeyinka\AppData\Local\Programs\Python\Python37-32\;C:\Users\David Adeyinka\AppData\Local\Microsoft\WindowsApps;;C:\Program Files\JetBrains\IntelliJ IDEA Community Edition 2019.1.3\bin;;C:\Program Files\Microsoft VS Code\bin;C:\Users\David Adeyinka\AppData\Roaming\npm;C:\Users\David Adeyinka\go\bin
USERNAME=David Adeyinka
OS=Windows_NT
PROCESSOR_IDENTIFIER=Intel64 Family 6 Model 61 Stepping 4, GenuineIntel



---------------  S Y S T E M  ---------------

OS: Windows 10.0 , 64 bit Build 18362 (10.0.18362.1082)

CPU:total 4 (initial active 4) (2 cores per cpu, 2 threads per core) family 6 model 61 stepping 4, cmov, cx8, fxsr, mmx, sse, sse2, sse3, ssse3, sse4.1, sse4.2, popcnt, avx, avx2, aes, clmul, erms, 3dnowpref, lzcnt, ht, tsc, tscinvbit, bmi1, bmi2, adx

Memory: 4k page, physical 8277100k(2125840k free), swap 8277100k(4636k free)

vm_info: OpenJDK 64-Bit Server VM (25.242-b01) for windows-amd64 JRE (1.8.0_242-release-1644-b01), built by "builder" with MS VC++ 10.0 (VS2010)

time: Fri Jan 22 18:27:15 2021
timezone: W. Central Africa Standard Time
elapsed time: 84 seconds (0d 0h 1m 24s)

