#
# There is insufficient memory for the Java Runtime Environment to continue.
# Native memory allocation (malloc) failed to allocate 266576 bytes for Chunk::new
# Possible reasons:
#   The system is out of physical RAM or swap space
#   The process is running with CompressedOops enabled, and the Java Heap may be blocking the growth of the native heap
# Possible solutions:
#   Reduce memory load on the system
#   Increase physical memory or swap space
#   Check if swap backing store is full
#   Decrease Java heap size (-Xmx/-Xms)
#   Decrease number of Java threads
#   Decrease Java thread stack sizes (-Xss)
#   Set larger code cache with -XX:ReservedCodeCacheSize=
#   JVM is running with Unscaled Compressed Oops mode in which the Java heap is
#     placed in the first 4GB address space. The Java Heap base address is the
#     maximum limit for the native heap growth. Please use -XX:HeapBaseMinAddress
#     to set the Java Heap base and to place the Java Heap above 4GB virtual address.
# This output file may be truncated or incomplete.
#
#  Out of Memory Error (allocation.cpp:389), pid=7280, tid=0x0000000000002d58
#
# JRE version: OpenJDK Runtime Environment (8.0_242-b01) (build 1.8.0_242-release-1644-b01)
# Java VM: OpenJDK 64-Bit Server VM (25.242-b01 mixed mode windows-amd64 compressed oops)
# Failed to write core dump. Minidumps are not enabled by default on client versions of Windows
#

---------------  T H R E A D  ---------------

Current thread (0x0000000017b97800):  JavaThread "C2 CompilerThread0" daemon [_thread_in_native, id=11608, stack(0x00000000191e0000,0x00000000192e0000)]

Stack: [0x00000000191e0000,0x00000000192e0000]
[error occurred during error reporting (printing stack bounds), id 0xc0000005]

Native frames: (J=compiled Java code, j=interpreted, Vv=VM code, C=native code)


Current CompileTask:
C2: 329291 18819       4       com.android.tools.r8.graph.G0$a::a (731 bytes)


---------------  P R O C E S S  ---------------

Java Threads: ( => current thread )
  0x000000002a62e000 JavaThread "stdout" [_thread_in_native, id=364, stack(0x0000000031480000,0x0000000031580000)]
  0x000000002a62f800 JavaThread "stderr" [_thread_in_native, id=13168, stack(0x0000000031380000,0x0000000031480000)]
  0x000000002a631000 JavaThread "stdout" [_thread_in_native, id=672, stack(0x0000000031280000,0x0000000031380000)]
  0x000000002a629800 JavaThread "stderr" [_thread_in_native, id=3680, stack(0x0000000031180000,0x0000000031280000)]
  0x000000002a62b000 JavaThread "stdout" [_thread_in_native, id=17280, stack(0x0000000031080000,0x0000000031180000)]
  0x000000002a622000 JavaThread "stderr" [_thread_in_native, id=17192, stack(0x000000002ff90000,0x0000000030090000)]
  0x000000002a628000 JavaThread "stdout" [_thread_in_native, id=8348, stack(0x000000002fe90000,0x000000002ff90000)]
  0x000000002a627000 JavaThread "stderr" [_thread_in_native, id=7212, stack(0x000000002fd90000,0x000000002fe90000)]
  0x000000002a625800 JavaThread "pool-4-thread-1" [_thread_blocked, id=11240, stack(0x000000002fc90000,0x000000002fd90000)]
  0x000000002a622800 JavaThread "WorkerExecutor Queue Thread 4" [_thread_blocked, id=1676, stack(0x000000002fb90000,0x000000002fc90000)]
  0x000000002a628800 JavaThread "WorkerExecutor Queue Thread 3" [_thread_blocked, id=7968, stack(0x000000002f860000,0x000000002f960000)]
  0x000000002a626800 JavaThread "WorkerExecutor Queue Thread 2" [_thread_blocked, id=13964, stack(0x000000002eb70000,0x000000002ec70000)]
  0x0000000020b69000 JavaThread "WorkerExecutor Queue" [_thread_blocked, id=16748, stack(0x000000002f0c0000,0x000000002f1c0000)]
  0x0000000020b6f800 JavaThread "Cache worker for execution history cache (C:\Users\David Adeyinka\AndroidStudioProjects\ToDoPlanner\.gradle\6.6.1\executionHistory)" [_thread_blocked, id=11300, stack(0x000000002de30000,0x000000002df30000)]
  0x0000000020b6f000 JavaThread "Execution worker for ':' Thread 3" [_thread_blocked, id=5504, stack(0x000000002cac0000,0x000000002cbc0000)]
  0x0000000020b6c800 JavaThread "Execution worker for ':' Thread 2" [_thread_blocked, id=9436, stack(0x000000002c780000,0x000000002c880000)]
  0x0000000020b66800 JavaThread "Execution worker for ':'" [_thread_blocked, id=8440, stack(0x00000000292a0000,0x00000000293a0000)]
  0x0000000020b6b000 JavaThread "Cache worker for file content cache (C:\Users\David Adeyinka\AndroidStudioProjects\ToDoPlanner\.gradle\6.6.1\fileContent)" [_thread_blocked, id=14540, stack(0x00000000293f0000,0x00000000294f0000)]
  0x0000000020b6d800 JavaThread "pool-3-thread-1" [_thread_blocked, id=15712, stack(0x000000002b570000,0x000000002b670000)]
  0x0000000020b6c000 JavaThread "jar transforms Thread 228" [_thread_blocked, id=14996, stack(0x000000002a230000,0x000000002a330000)]
  0x0000000020b62000 JavaThread "jar transforms Thread 227" [_thread_blocked, id=5044, stack(0x000000002a130000,0x000000002a230000)]
  0x0000000020b61800 JavaThread "jar transforms Thread 226" [_thread_blocked, id=12744, stack(0x000000002a030000,0x000000002a130000)]
  0x0000000020b68000 JavaThread "jar transforms Thread 225" [_thread_blocked, id=8756, stack(0x0000000029f30000,0x000000002a030000)]
  0x0000000020b64800 JavaThread "jar transforms Thread 224" [_thread_blocked, id=14576, stack(0x0000000029e30000,0x0000000029f30000)]
  0x0000000020b63800 JavaThread "jar transforms Thread 223" [_thread_blocked, id=1960, stack(0x0000000029d30000,0x0000000029e30000)]
  0x0000000020b66000 JavaThread "jar transforms Thread 222" [_thread_blocked, id=15276, stack(0x0000000029c30000,0x0000000029d30000)]
  0x0000000020b63000 JavaThread "jar transforms Thread 221" [_thread_blocked, id=16992, stack(0x0000000029b30000,0x0000000029c30000)]
  0x0000000020b60800 JavaThread "jar transforms Thread 220" [_thread_blocked, id=11184, stack(0x0000000029a30000,0x0000000029b30000)]
  0x0000000020b65000 JavaThread "jar transforms Thread 219" [_thread_blocked, id=7236, stack(0x0000000029930000,0x0000000029a30000)]
  0x0000000020b67800 JavaThread "jar transforms Thread 218" [_thread_blocked, id=924, stack(0x0000000029830000,0x0000000029930000)]
  0x000000001f2e2000 JavaThread "jar transforms Thread 217" [_thread_blocked, id=3208, stack(0x0000000029730000,0x0000000029830000)]
  0x000000001f2e5000 JavaThread "jar transforms Thread 216" [_thread_blocked, id=13652, stack(0x0000000029630000,0x0000000029730000)]
  0x000000001f2e2800 JavaThread "jar transforms Thread 215" [_thread_blocked, id=10236, stack(0x0000000029530000,0x0000000029630000)]
  0x000000001f2e1000 JavaThread "jar transforms Thread 214" [_thread_blocked, id=13464, stack(0x00000000291a0000,0x00000000292a0000)]
  0x000000001f2e8000 JavaThread "jar transforms Thread 213" [_thread_blocked, id=12956, stack(0x0000000028fa0000,0x00000000290a0000)]
  0x000000001f2e4000 JavaThread "jar transforms Thread 212" [_thread_blocked, id=17016, stack(0x0000000028ea0000,0x0000000028fa0000)]
  0x000000001f2e3800 JavaThread "jar transforms Thread 211" [_thread_blocked, id=5476, stack(0x0000000028da0000,0x0000000028ea0000)]
  0x000000001f2e7000 JavaThread "jar transforms Thread 210" [_thread_blocked, id=13424, stack(0x0000000028ca0000,0x0000000028da0000)]
  0x000000001f2e6800 JavaThread "jar transforms Thread 209" [_thread_blocked, id=6824, stack(0x0000000028ba0000,0x0000000028ca0000)]
  0x000000001f2e5800 JavaThread "jar transforms Thread 208" [_thread_blocked, id=9640, stack(0x0000000028aa0000,0x0000000028ba0000)]
  0x000000001f2d9800 JavaThread "jar transforms Thread 207" [_thread_blocked, id=5412, stack(0x00000000289a0000,0x0000000028aa0000)]
  0x000000001f2e0800 JavaThread "jar transforms Thread 206" [_thread_blocked, id=4092, stack(0x00000000288a0000,0x00000000289a0000)]
  0x000000001f2df800 JavaThread "jar transforms Thread 205" [_thread_blocked, id=10156, stack(0x00000000287a0000,0x00000000288a0000)]
  0x000000001f2df000 JavaThread "jar transforms Thread 204" [_thread_blocked, id=6460, stack(0x00000000286a0000,0x00000000287a0000)]
  0x000000001f2d9000 JavaThread "jar transforms Thread 203" [_thread_blocked, id=15240, stack(0x00000000285a0000,0x00000000286a0000)]
  0x000000001f2dc800 JavaThread "jar transforms Thread 202" [_thread_blocked, id=15508, stack(0x00000000284a0000,0x00000000285a0000)]
  0x000000001f2dc000 JavaThread "jar transforms Thread 201" [_thread_blocked, id=4500, stack(0x00000000283a0000,0x00000000284a0000)]
  0x000000001f2da800 JavaThread "jar transforms Thread 200" [_thread_blocked, id=11988, stack(0x00000000282a0000,0x00000000283a0000)]
  0x000000001f2db000 JavaThread "jar transforms Thread 199" [_thread_blocked, id=1220, stack(0x00000000281a0000,0x00000000282a0000)]
  0x000000001f2de000 JavaThread "jar transforms Thread 198" [_thread_blocked, id=2468, stack(0x00000000280a0000,0x00000000281a0000)]
  0x000000001f2dd800 JavaThread "jar transforms Thread 197" [_thread_blocked, id=13456, stack(0x0000000027fa0000,0x00000000280a0000)]
  0x000000001d19c000 JavaThread "jar transforms Thread 196" [_thread_blocked, id=13500, stack(0x0000000027ea0000,0x0000000027fa0000)]
  0x000000001d194000 JavaThread "jar transforms Thread 195" [_thread_blocked, id=17028, stack(0x0000000027da0000,0x0000000027ea0000)]
  0x000000001d19a800 JavaThread "jar transforms Thread 194" [_thread_blocked, id=4576, stack(0x0000000027ca0000,0x0000000027da0000)]
  0x000000001d199800 JavaThread "jar transforms Thread 193" [_thread_blocked, id=9916, stack(0x0000000027ba0000,0x0000000027ca0000)]
  0x000000001d199000 JavaThread "jar transforms Thread 192" [_thread_blocked, id=228, stack(0x0000000027aa0000,0x0000000027ba0000)]
  0x000000001d198000 JavaThread "jar transforms Thread 191" [_thread_blocked, id=8716, stack(0x00000000279a0000,0x0000000027aa0000)]
  0x000000001d19b000 JavaThread "jar transforms Thread 190" [_thread_blocked, id=1612, stack(0x00000000278a0000,0x00000000279a0000)]
  0x000000001d197000 JavaThread "jar transforms Thread 189" [_thread_blocked, id=5972, stack(0x00000000277a0000,0x00000000278a0000)]
  0x000000001d196800 JavaThread "jar transforms Thread 188" [_thread_blocked, id=5868, stack(0x00000000276a0000,0x00000000277a0000)]
  0x000000001d195800 JavaThread "jar transforms Thread 187" [_thread_blocked, id=5380, stack(0x00000000275a0000,0x00000000276a0000)]
  0x000000001d195000 JavaThread "jar transforms Thread 186" [_thread_blocked, id=9180, stack(0x00000000274a0000,0x00000000275a0000)]
  0x000000001d18c800 JavaThread "jar transforms Thread 185" [_thread_blocked, id=12568, stack(0x00000000273a0000,0x00000000274a0000)]
  0x000000001d193800 JavaThread "jar transforms Thread 184" [_thread_blocked, id=11216, stack(0x00000000272a0000,0x00000000273a0000)]
  0x000000001d18f000 JavaThread "jar transforms Thread 183" [_thread_blocked, id=16180, stack(0x00000000271a0000,0x00000000272a0000)]
  0x000000001d192800 JavaThread "jar transforms Thread 182" [_thread_blocked, id=4868, stack(0x00000000270a0000,0x00000000271a0000)]
  0x000000001d192000 JavaThread "jar transforms Thread 181" [_thread_blocked, id=16052, stack(0x0000000026fa0000,0x00000000270a0000)]
  0x000000001d18d800 JavaThread "jar transforms Thread 180" [_thread_blocked, id=68, stack(0x0000000026ea0000,0x0000000026fa0000)]
  0x000000001d191000 JavaThread "jar transforms Thread 179" [_thread_blocked, id=11488, stack(0x0000000026da0000,0x0000000026ea0000)]
  0x000000001d18e000 JavaThread "jar transforms Thread 178" [_thread_blocked, id=1596, stack(0x0000000026ca0000,0x0000000026da0000)]
  0x000000001d190800 JavaThread "jar transforms Thread 177" [_thread_blocked, id=14836, stack(0x0000000026ba0000,0x0000000026ca0000)]
  0x000000001d18f800 JavaThread "jar transforms Thread 176" [_thread_blocked, id=5440, stack(0x0000000026aa0000,0x0000000026ba0000)]
  0x000000001ae88800 JavaThread "jar transforms Thread 175" [_thread_blocked, id=11100, stack(0x00000000269a0000,0x0000000026aa0000)]
  0x000000001ae88000 JavaThread "jar transforms Thread 174" [_thread_blocked, id=6580, stack(0x00000000268a0000,0x00000000269a0000)]
  0x000000001ae8e800 JavaThread "jar transforms Thread 173" [_thread_blocked, id=3060, stack(0x00000000267a0000,0x00000000268a0000)]
  0x000000001ae8e000 JavaThread "jar transforms Thread 172" [_thread_blocked, id=12016, stack(0x00000000266a0000,0x00000000267a0000)]
  0x000000001ae8d000 JavaThread "jar transforms Thread 171" [_thread_blocked, id=1352, stack(0x00000000265a0000,0x00000000266a0000)]
  0x000000001ae8c800 JavaThread "jar transforms Thread 170" [_thread_blocked, id=14708, stack(0x00000000264a0000,0x00000000265a0000)]
  0x000000001ae8b800 JavaThread "jar transforms Thread 169" [_thread_blocked, id=16880, stack(0x00000000263a0000,0x00000000264a0000)]
  0x000000001ae89800 JavaThread "jar transforms Thread 168" [_thread_blocked, id=2316, stack(0x00000000262a0000,0x00000000263a0000)]
  0x0000000020525000 JavaThread "jar transforms Thread 167" [_thread_blocked, id=15764, stack(0x00000000261a0000,0x00000000262a0000)]
  0x0000000020527800 JavaThread "jar transforms Thread 166" [_thread_blocked, id=12508, stack(0x00000000260a0000,0x00000000261a0000)]
  0x0000000020526000 JavaThread "jar transforms Thread 165" [_thread_blocked, id=15516, stack(0x0000000025fa0000,0x00000000260a0000)]
  0x0000000020524800 JavaThread "jar transforms Thread 164" [_thread_blocked, id=11704, stack(0x0000000025ea0000,0x0000000025fa0000)]
  0x0000000020523800 JavaThread "jar transforms Thread 163" [_thread_blocked, id=8184, stack(0x0000000025da0000,0x0000000025ea0000)]
  0x0000000020526800 JavaThread "jar transforms Thread 162" [_thread_blocked, id=17272, stack(0x0000000025ca0000,0x0000000025da0000)]
  0x0000000020528000 JavaThread "jar transforms Thread 161" [_thread_blocked, id=11636, stack(0x0000000025ba0000,0x0000000025ca0000)]
  0x0000000020523000 JavaThread "jar transforms Thread 160" [_thread_blocked, id=5992, stack(0x0000000025aa0000,0x0000000025ba0000)]
  0x000000002051b800 JavaThread "jar transforms Thread 159" [_thread_blocked, id=15500, stack(0x00000000259a0000,0x0000000025aa0000)]
  0x0000000020522000 JavaThread "jar transforms Thread 158" [_thread_blocked, id=3852, stack(0x00000000258a0000,0x00000000259a0000)]
  0x000000002051a800 JavaThread "jar transforms Thread 157" [_thread_blocked, id=9304, stack(0x00000000257a0000,0x00000000258a0000)]
  0x0000000020521800 JavaThread "jar transforms Thread 156" [_thread_blocked, id=8224, stack(0x00000000256a0000,0x00000000257a0000)]
  0x0000000020520800 JavaThread "jar transforms Thread 155" [_thread_blocked, id=3388, stack(0x00000000255a0000,0x00000000256a0000)]
  0x000000002051e800 JavaThread "jar transforms Thread 154" [_thread_blocked, id=17256, stack(0x00000000254a0000,0x00000000255a0000)]
  0x000000001d3a5800 JavaThread "jar transforms Thread 153" [_thread_blocked, id=15996, stack(0x00000000253a0000,0x00000000254a0000)]
  0x000000001d3a4000 JavaThread "jar transforms Thread 152" [_thread_blocked, id=13112, stack(0x00000000252a0000,0x00000000253a0000)]
  0x000000001d3a3000 JavaThread "jar transforms Thread 151" [_thread_blocked, id=13612, stack(0x00000000251a0000,0x00000000252a0000)]
  0x000000001d39b800 JavaThread "jar transforms Thread 150" [_thread_blocked, id=13132, stack(0x00000000250a0000,0x00000000251a0000)]
  0x000000001d3a2800 JavaThread "jar transforms Thread 149" [_thread_blocked, id=2652, stack(0x0000000024fa0000,0x00000000250a0000)]
  0x000000001d3a1800 JavaThread "jar transforms Thread 148" [_thread_blocked, id=7548, stack(0x0000000024ea0000,0x0000000024fa0000)]
  0x000000001d3a1000 JavaThread "jar transforms Thread 147" [_thread_blocked, id=6744, stack(0x0000000024da0000,0x0000000024ea0000)]
  0x000000001d397800 JavaThread "jar transforms Thread 146" [_thread_blocked, id=12436, stack(0x0000000024ca0000,0x0000000024da0000)]
  0x000000001d39e000 JavaThread "jar transforms Thread 145" [_thread_blocked, id=7640, stack(0x0000000024ba0000,0x0000000024ca0000)]
  0x000000001d39e800 JavaThread "jar transforms Thread 144" [_thread_blocked, id=17100, stack(0x0000000024aa0000,0x0000000024ba0000)]
  0x000000001d39a800 JavaThread "jar transforms Thread 143" [_thread_blocked, id=14068, stack(0x00000000249a0000,0x0000000024aa0000)]
  0x000000001d39d000 JavaThread "jar transforms Thread 142" [_thread_blocked, id=17220, stack(0x00000000248a0000,0x00000000249a0000)]
  0x000000001d398800 JavaThread "jar transforms Thread 141" [_thread_blocked, id=16596, stack(0x00000000247a0000,0x00000000248a0000)]
  0x000000001d39c800 JavaThread "jar transforms Thread 140" [_thread_blocked, id=5432, stack(0x00000000246a0000,0x00000000247a0000)]
  0x000000001d39a000 JavaThread "jar transforms Thread 139" [_thread_blocked, id=6536, stack(0x0000000024330000,0x0000000024430000)]
  0x000000001d399000 JavaThread "jar transforms Thread 138" [_thread_blocked, id=9984, stack(0x0000000024230000,0x0000000024330000)]
  0x0000000019817800 JavaThread "jar transforms Thread 137" [_thread_blocked, id=12828, stack(0x0000000024130000,0x0000000024230000)]
  0x000000001981a000 JavaThread "jar transforms Thread 136" [_thread_blocked, id=5384, stack(0x0000000024030000,0x0000000024130000)]
  0x000000001981c000 JavaThread "jar transforms Thread 135" [_thread_blocked, id=15924, stack(0x0000000023f30000,0x0000000024030000)]
  0x000000001981e800 JavaThread "jar transforms Thread 134" [_thread_blocked, id=16828, stack(0x0000000023e30000,0x0000000023f30000)]
  0x0000000019817000 JavaThread "jar transforms Thread 133" [_thread_blocked, id=12604, stack(0x0000000023d30000,0x0000000023e30000)]
  0x000000001981b800 JavaThread "jar transforms Thread 132" [_thread_blocked, id=10128, stack(0x0000000023c30000,0x0000000023d30000)]
  0x000000001981d800 JavaThread "jar transforms Thread 131" [_thread_blocked, id=10352, stack(0x0000000022b30000,0x0000000022c30000)]
  0x0000000019819000 JavaThread "jar transforms Thread 130" [_thread_blocked, id=13700, stack(0x0000000022a30000,0x0000000022b30000)]
  0x0000000019818800 JavaThread "jar transforms Thread 129" [_thread_blocked, id=2348, stack(0x0000000022930000,0x0000000022a30000)]
  0x000000001981d000 JavaThread "jar transforms Thread 128" [_thread_blocked, id=1224, stack(0x0000000022630000,0x0000000022730000)]
  0x0000000019815800 JavaThread "jar transforms Thread 127" [_thread_blocked, id=13952, stack(0x0000000022430000,0x0000000022530000)]
  0x000000001981a800 JavaThread "jar transforms Thread 126" [_thread_blocked, id=3720, stack(0x0000000022330000,0x0000000022430000)]
  0x000000001980f800 JavaThread "jar transforms Thread 125" [_thread_blocked, id=16476, stack(0x0000000022230000,0x0000000022330000)]
  0x0000000019816000 JavaThread "jar transforms Thread 124" [_thread_blocked, id=16148, stack(0x0000000022130000,0x0000000022230000)]
  0x0000000019814000 JavaThread "jar transforms Thread 123" [_thread_blocked, id=13672, stack(0x0000000022030000,0x0000000022130000)]
  0x0000000019811800 JavaThread "jar transforms Thread 122" [_thread_blocked, id=15052, stack(0x0000000021f30000,0x0000000022030000)]
  0x0000000019811000 JavaThread "jar transforms Thread 121" [_thread_blocked, id=11740, stack(0x0000000021e30000,0x0000000021f30000)]
  0x0000000019813000 JavaThread "jar transforms Thread 120" [_thread_blocked, id=8316, stack(0x0000000021d30000,0x0000000021e30000)]
  0x0000000019810000 JavaThread "jar transforms Thread 119" [_thread_blocked, id=13352, stack(0x0000000021c30000,0x0000000021d30000)]
  0x000000001f676800 JavaThread "jar transforms Thread 118" [_thread_blocked, id=1344, stack(0x0000000021b30000,0x0000000021c30000)]
  0x000000001f676000 JavaThread "jar transforms Thread 117" [_thread_blocked, id=440, stack(0x0000000021a30000,0x0000000021b30000)]
  0x000000001f675000 JavaThread "jar transforms Thread 116" [_thread_blocked, id=5800, stack(0x0000000021930000,0x0000000021a30000)]
  0x000000001f674800 JavaThread "jar transforms Thread 115" [_thread_blocked, id=2992, stack(0x0000000021830000,0x0000000021930000)]
  0x000000001f66c800 JavaThread "Build operations Thread 4" [_thread_in_Java, id=7948, stack(0x0000000021730000,0x0000000021830000)]
  0x000000001f673800 JavaThread "Build operations Thread 3" [_thread_in_Java, id=12424, stack(0x0000000021630000,0x0000000021730000)]
  0x000000001f66c000 JavaThread "Build operations Thread 2" [_thread_in_native, id=15072, stack(0x0000000021250000,0x0000000021350000)]
  0x000000001f673000 JavaThread "Build operations" [_thread_in_Java, id=16352, stack(0x0000000020100000,0x0000000020200000)]
  0x000000001f672000 JavaThread "Cache worker for Build Output Cleanup Cache (C:\Users\David Adeyinka\AndroidStudioProjects\ToDoPlanner\.gradle\buildOutputCleanup)" [_thread_blocked, id=5672, stack(0x0000000020000000,0x0000000020100000)]
  0x000000001f66a800 JavaThread "Cache worker for cache directory md-rule (C:\Users\David Adeyinka\.gradle\caches\6.6.1\md-rule)" [_thread_blocked, id=16728, stack(0x000000001ff00000,0x0000000020000000)]
  0x000000001f671800 JavaThread "Cache worker for cache directory md-supplier (C:\Users\David Adeyinka\.gradle\caches\6.6.1\md-supplier)" [_thread_blocked, id=12388, stack(0x000000001fe00000,0x000000001ff00000)]
  0x000000001f669000 JavaThread "Cache worker for checksums cache (C:\Users\David Adeyinka\AndroidStudioProjects\ToDoPlanner\.gradle\checksums)" [_thread_blocked, id=16848, stack(0x000000001c690000,0x000000001c790000)]
  0x000000001f66f000 JavaThread "Cache worker for file hash cache (C:\Users\David Adeyinka\AndroidStudioProjects\ToDoPlanner\.gradle\6.6.1\fileHashes)" [_thread_blocked, id=3112, stack(0x000000001c390000,0x000000001c490000)]
  0x000000001f66b000 JavaThread "Thread-148" [_thread_blocked, id=15700, stack(0x000000001c290000,0x000000001c390000)]
  0x000000001f670000 JavaThread "Stdin handler" [_thread_blocked, id=6540, stack(0x000000001c190000,0x000000001c290000)]
  0x000000001f669800 JavaThread "Asynchronous log dispatcher for DefaultDaemonConnection: socket connection from /127.0.0.1:18330 to /127.0.0.1:18511" [_thread_blocked, id=8284, stack(0x000000001c090000,0x000000001c190000)]
  0x000000001f667800 JavaThread "Daemon worker Thread 2" [_thread_blocked, id=5048, stack(0x000000001ba50000,0x000000001bb50000)]
  0x000000001f66e800 JavaThread "Cancel handler" [_thread_blocked, id=12308, stack(0x0000000019be0000,0x0000000019ce0000)]
  0x000000001f668000 JavaThread "Handler for socket connection from /127.0.0.1:18330 to /127.0.0.1:18511" [_thread_in_native, id=6632, stack(0x00000000013d0000,0x00000000014d0000)]
  0x000000001f66d800 JavaThread "Daemon Thread 2" [_thread_blocked, id=16956, stack(0x00000000012d0000,0x00000000013d0000)]
  0x000000002051c000 JavaThread "Memory manager" [_thread_blocked, id=10780, stack(0x000000002ba70000,0x000000002bb70000)]
  0x000000001d3a4800 JavaThread "Cache worker for file content cache (C:\Users\David Adeyinka\.gradle\caches\6.6.1\fileContent)" [_thread_blocked, id=7388, stack(0x0000000023330000,0x0000000023430000)]
  0x000000001d39f800 JavaThread "Cache worker for execution history cache (C:\Users\David Adeyinka\.gradle\caches\6.6.1\executionHistory)" [_thread_blocked, id=10904, stack(0x0000000022c30000,0x0000000022d30000)]
  0x000000001ae8b000 JavaThread "Cache worker for journal cache (C:\Users\David Adeyinka\.gradle\caches\journal-1)" [_thread_blocked, id=14476, stack(0x000000001db60000,0x000000001dc60000)]
  0x000000001ae8a000 JavaThread "File lock request listener" [_thread_in_native, id=16224, stack(0x000000001da60000,0x000000001db60000)]
  0x000000001a1ee000 JavaThread "Cache worker for file hash cache (C:\Users\David Adeyinka\.gradle\caches\6.6.1\fileHashes)" [_thread_blocked, id=1876, stack(0x000000001d960000,0x000000001da60000)]
  0x000000001ac59800 JavaThread "Daemon periodic checks" [_thread_blocked, id=6344, stack(0x000000001bd90000,0x000000001be90000)]
  0x000000001ac58800 JavaThread "Incoming local TCP Connector on port 18330" [_thread_in_native, id=11944, stack(0x000000001bb50000,0x000000001bc50000)]
  0x00000000195fe800 JavaThread "Daemon health stats" [_thread_blocked, id=4288, stack(0x0000000019ae0000,0x0000000019be0000)]
  0x0000000019518800 JavaThread "Service Thread" daemon [_thread_blocked, id=1264, stack(0x00000000198e0000,0x00000000199e0000)]
  0x0000000017b9e800 JavaThread "C1 CompilerThread2" daemon [_thread_blocked, id=15196, stack(0x00000000193e0000,0x00000000194e0000)]
  0x0000000017b9b800 JavaThread "C2 CompilerThread1" daemon [_thread_in_native, id=4520, stack(0x00000000192e0000,0x00000000193e0000)]
=>0x0000000017b97800 JavaThread "C2 CompilerThread0" daemon [_thread_in_native, id=11608, stack(0x00000000191e0000,0x00000000192e0000)]
  0x0000000017b96800 JavaThread "Attach Listener" daemon [_thread_blocked, id=7312, stack(0x00000000190e0000,0x00000000191e0000)]
  0x0000000017b93000 JavaThread "Signal Dispatcher" daemon [_thread_blocked, id=15564, stack(0x0000000018fe0000,0x00000000190e0000)]
  0x0000000002f6b000 JavaThread "Finalizer" daemon [_thread_blocked, id=16592, stack(0x0000000018de0000,0x0000000018ee0000)]
  0x0000000017b79000 JavaThread "Reference Handler" daemon [_thread_blocked, id=15632, stack(0x0000000018ce0000,0x0000000018de0000)]
  0x0000000000dbe800 JavaThread "main" [_thread_blocked, id=7100, stack(0x0000000002d10000,0x0000000002e10000)]

Other Threads:
  0x0000000017b56000 VMThread [stack: 0x0000000018be0000,0x0000000018ce0000] [id=7568]
  0x0000000017bec000 WatcherThread [stack: 0x00000000199e0000,0x0000000019ae0000] [id=6404]

VM state:not at safepoint (normal execution)

VM Mutex/Monitor currently owned by a thread: None

OutOfMemory and StackOverflow Exception counts:
OutOfMemoryError java_heap_errors=1

heap address: 0x0000000080000000, size: 2048 MB, Compressed Oops mode: 32-bit
Narrow klass base: 0x0000000000000000, Narrow klass shift: 3
Compressed class space size: 1073741824 Address: 0x0000000100000000

Heap:
 PSYoungGen      total 302592K, used 69878K [0x00000000d5580000, 0x00000000ea680000, 0x0000000100000000)
  eden space 267264K, 12% used [0x00000000d5580000,0x00000000d7744870,0x00000000e5a80000)
  from space 35328K, 99% used [0x00000000e5a80000,0x00000000e7cf92f8,0x00000000e7d00000)
  to   space 33280K, 0% used [0x00000000e7d00000,0x00000000e7d00000,0x00000000e9d80000)
 ParOldGen       total 222208K, used 89710K [0x0000000080000000, 0x000000008d900000, 0x00000000d5580000)
  object space 222208K, 40% used [0x0000000080000000,0x000000008579bb18,0x000000008d900000)
 Metaspace       used 104896K, capacity 110864K, committed 111104K, reserved 1144832K
  class space    used 13874K, capacity 14978K, committed 15104K, reserved 1048576K

Card table byte_map: [0x0000000012330000,0x0000000012740000] byte_map_base: 0x0000000011f30000

Marking Bits: (ParMarkBitMap*) 0x0000000065baf030
 Begin Bits: [0x0000000012df0000, 0x0000000014df0000)
 End Bits:   [0x0000000014df0000, 0x0000000016df0000)

Polling page: 0x00000000014d0000

CodeCache: size=245760Kb used=53967Kb max_used=53967Kb free=191792Kb
 bounds [0x0000000002f70000, 0x0000000006460000, 0x0000000011f70000]
 total_blobs=17124 nmethods=16236 adapters=798
 compilation: enabled

Compilation events (10 events):
Event: 329.046 Thread 0x0000000017b9e800 18875       2       com.android.tools.r8.z.a.a.f::a (1070 bytes)
Event: 329.052 Thread 0x0000000017b9e800 nmethod 18875 0x0000000006446410 code [0x0000000006446940, 0x0000000006448d38]
Event: 329.061 Thread 0x0000000017b9e800 18876       2       com.android.tools.r8.ir.optimize.l::a (208 bytes)
Event: 329.065 Thread 0x0000000017b9e800 nmethod 18876 0x000000000642d4d0 code [0x000000000642d7e0, 0x000000000642e578]
Event: 329.070 Thread 0x0000000017b9e800 18879       2       com.android.tools.r8.p.n.N::<init> (118 bytes)
Event: 329.071 Thread 0x0000000017b9e800 nmethod 18879 0x000000000640fed0 code [0x0000000006410020, 0x0000000006410190]
Event: 329.086 Thread 0x0000000017b9e800 18880       2       com.android.tools.r8.s.b.q1::f (15 bytes)
Event: 329.087 Thread 0x0000000017b9e800 nmethod 18880 0x000000000642d0d0 code [0x000000000642d240, 0x000000000642d3e8]
Event: 329.091 Thread 0x0000000017b9e800 18881       1       com.android.tools.r8.ir.conversion.H::a (5 bytes)
Event: 329.091 Thread 0x0000000017b9e800 nmethod 18881 0x000000000642ce10 code [0x000000000642cf60, 0x000000000642d070]

GC Heap History (10 events):
Event: 302.350 GC heap after
Heap after GC invocations=20 (full 3):
 PSYoungGen      total 251392K, used 6193K [0x00000000d5580000, 0x00000000e7d80000, 0x0000000100000000)
  eden space 220672K, 0% used [0x00000000d5580000,0x00000000d5580000,0x00000000e2d00000)
  from space 30720K, 20% used [0x00000000e2d00000,0x00000000e330c448,0x00000000e4b00000)
  to   space 30720K, 0% used [0x00000000e5f80000,0x00000000e5f80000,0x00000000e7d80000)
 ParOldGen       total 144896K, used 81962K [0x0000000080000000, 0x0000000088d80000, 0x00000000d5580000)
  object space 144896K, 56% used [0x0000000080000000,0x000000008500ab90,0x0000000088d80000)
 Metaspace       used 93553K, capacity 98458K, committed 98560K, reserved 1134592K
  class space    used 12461K, capacity 13415K, committed 13440K, reserved 1048576K
}
Event: 302.350 GC heap before
{Heap before GC invocations=21 (full 4):
 PSYoungGen      total 251392K, used 6193K [0x00000000d5580000, 0x00000000e7d80000, 0x0000000100000000)
  eden space 220672K, 0% used [0x00000000d5580000,0x00000000d5580000,0x00000000e2d00000)
  from space 30720K, 20% used [0x00000000e2d00000,0x00000000e330c448,0x00000000e4b00000)
  to   space 30720K, 0% used [0x00000000e5f80000,0x00000000e5f80000,0x00000000e7d80000)
 ParOldGen       total 144896K, used 81962K [0x0000000080000000, 0x0000000088d80000, 0x00000000d5580000)
  object space 144896K, 56% used [0x0000000080000000,0x000000008500ab90,0x0000000088d80000)
 Metaspace       used 93553K, capacity 98458K, committed 98560K, reserved 1134592K
  class space    used 12461K, capacity 13415K, committed 13440K, reserved 1048576K
Event: 302.789 GC heap after
Heap after GC invocations=21 (full 4):
 PSYoungGen      total 251392K, used 0K [0x00000000d5580000, 0x00000000e7d80000, 0x0000000100000000)
  eden space 220672K, 0% used [0x00000000d5580000,0x00000000d5580000,0x00000000e2d00000)
  from space 30720K, 0% used [0x00000000e2d00000,0x00000000e2d00000,0x00000000e4b00000)
  to   space 30720K, 0% used [0x00000000e5f80000,0x00000000e5f80000,0x00000000e7d80000)
 ParOldGen       total 222208K, used 62381K [0x0000000080000000, 0x000000008d900000, 0x00000000d5580000)
  object space 222208K, 28% used [0x0000000080000000,0x0000000083ceb4c0,0x000000008d900000)
 Metaspace       used 93481K, capacity 98240K, committed 98560K, reserved 1134592K
  class space    used 12437K, capacity 13374K, committed 13440K, reserved 1048576K
}
Event: 319.585 GC heap before
{Heap before GC invocations=22 (full 4):
 PSYoungGen      total 251392K, used 220672K [0x00000000d5580000, 0x00000000e7d80000, 0x0000000100000000)
  eden space 220672K, 100% used [0x00000000d5580000,0x00000000e2d00000,0x00000000e2d00000)
  from space 30720K, 0% used [0x00000000e2d00000,0x00000000e2d00000,0x00000000e4b00000)
  to   space 30720K, 0% used [0x00000000e5f80000,0x00000000e5f80000,0x00000000e7d80000)
 ParOldGen       total 222208K, used 62381K [0x0000000080000000, 0x000000008d900000, 0x00000000d5580000)
  object space 222208K, 28% used [0x0000000080000000,0x0000000083ceb4c0,0x000000008d900000)
 Metaspace       used 96472K, capacity 101496K, committed 101632K, reserved 1136640K
  class space    used 12804K, capacity 13782K, committed 13824K, reserved 1048576K
Event: 319.627 GC heap after
Heap after GC invocations=22 (full 4):
 PSYoungGen      total 271360K, used 11665K [0x00000000d5580000, 0x00000000e7b80000, 0x0000000100000000)
  eden space 242688K, 0% used [0x00000000d5580000,0x00000000d5580000,0x00000000e4280000)
  from space 28672K, 40% used [0x00000000e5f80000,0x00000000e6ae47e0,0x00000000e7b80000)
  to   space 29184K, 0% used [0x00000000e4280000,0x00000000e4280000,0x00000000e5f00000)
 ParOldGen       total 222208K, used 62389K [0x0000000080000000, 0x000000008d900000, 0x00000000d5580000)
  object space 222208K, 28% used [0x0000000080000000,0x0000000083ced4c0,0x000000008d900000)
 Metaspace       used 96472K, capacity 101496K, committed 101632K, reserved 1136640K
  class space    used 12804K, capacity 13782K, committed 13824K, reserved 1048576K
}
Event: 324.382 GC heap before
{Heap before GC invocations=23 (full 4):
 PSYoungGen      total 271360K, used 254353K [0x00000000d5580000, 0x00000000e7b80000, 0x0000000100000000)
  eden space 242688K, 100% used [0x00000000d5580000,0x00000000e4280000,0x00000000e4280000)
  from space 28672K, 40% used [0x00000000e5f80000,0x00000000e6ae47e0,0x00000000e7b80000)
  to   space 29184K, 0% used [0x00000000e4280000,0x00000000e4280000,0x00000000e5f00000)
 ParOldGen       total 222208K, used 62389K [0x0000000080000000, 0x000000008d900000, 0x00000000d5580000)
  object space 222208K, 28% used [0x0000000080000000,0x0000000083ced4c0,0x000000008d900000)
 Metaspace       used 103777K, capacity 109640K, committed 109952K, reserved 1144832K
  class space    used 13806K, capacity 14920K, committed 14976K, reserved 1048576K
Event: 324.451 GC heap after
Heap after GC invocations=23 (full 4):
 PSYoungGen      total 271872K, used 28584K [0x00000000d5580000, 0x00000000e9d80000, 0x0000000100000000)
  eden space 242688K, 0% used [0x00000000d5580000,0x00000000d5580000,0x00000000e4280000)
  from space 29184K, 97% used [0x00000000e4280000,0x00000000e5e6a018,0x00000000e5f00000)
  to   space 33280K, 0% used [0x00000000e7d00000,0x00000000e7d00000,0x00000000e9d80000)
 ParOldGen       total 222208K, used 62397K [0x0000000080000000, 0x000000008d900000, 0x00000000d5580000)
  object space 222208K, 28% used [0x0000000080000000,0x0000000083cef4c0,0x000000008d900000)
 Metaspace       used 103777K, capacity 109640K, committed 109952K, reserved 1144832K
  class space    used 13806K, capacity 14920K, committed 14976K, reserved 1048576K
}
Event: 327.673 GC heap before
{Heap before GC invocations=24 (full 4):
 PSYoungGen      total 271872K, used 271272K [0x00000000d5580000, 0x00000000e9d80000, 0x0000000100000000)
  eden space 242688K, 100% used [0x00000000d5580000,0x00000000e4280000,0x00000000e4280000)
  from space 29184K, 97% used [0x00000000e4280000,0x00000000e5e6a018,0x00000000e5f00000)
  to   space 33280K, 0% used [0x00000000e7d00000,0x00000000e7d00000,0x00000000e9d80000)
 ParOldGen       total 222208K, used 62397K [0x0000000080000000, 0x000000008d900000, 0x00000000d5580000)
  object space 222208K, 28% used [0x0000000080000000,0x0000000083cef4c0,0x000000008d900000)
 Metaspace       used 104770K, capacity 110758K, committed 110976K, reserved 1144832K
  class space    used 13866K, capacity 14971K, committed 14976K, reserved 1048576K
Event: 327.746 GC heap after
Heap after GC invocations=24 (full 4):
 PSYoungGen      total 300544K, used 24657K [0x00000000d5580000, 0x00000000ea680000, 0x0000000100000000)
  eden space 267264K, 0% used [0x00000000d5580000,0x00000000d5580000,0x00000000e5a80000)
  from space 33280K, 74% used [0x00000000e7d00000,0x00000000e9514670,0x00000000e9d80000)
  to   space 35328K, 0% used [0x00000000e5a80000,0x00000000e5a80000,0x00000000e7d00000)
 ParOldGen       total 222208K, used 62405K [0x0000000080000000, 0x000000008d900000, 0x00000000d5580000)
  object space 222208K, 28% used [0x0000000080000000,0x0000000083cf14c0,0x000000008d900000)
 Metaspace       used 104770K, capacity 110758K, committed 110976K, reserved 1144832K
  class space    used 13866K, capacity 14971K, committed 14976K, reserved 1048576K
}
Event: 329.102 GC heap before
{Heap before GC invocations=25 (full 4):
 PSYoungGen      total 300544K, used 291921K [0x00000000d5580000, 0x00000000ea680000, 0x0000000100000000)
  eden space 267264K, 100% used [0x00000000d5580000,0x00000000e5a80000,0x00000000e5a80000)
  from space 33280K, 74% used [0x00000000e7d00000,0x00000000e9514670,0x00000000e9d80000)
  to   space 35328K, 0% used [0x00000000e5a80000,0x00000000e5a80000,0x00000000e7d00000)
 ParOldGen       total 222208K, used 62405K [0x0000000080000000, 0x000000008d900000, 0x00000000d5580000)
  object space 222208K, 28% used [0x0000000080000000,0x0000000083cf14c0,0x000000008d900000)
 Metaspace       used 104857K, capacity 110838K, committed 110976K, reserved 1144832K
  class space    used 13869K, capacity 14973K, committed 14976K, reserved 1048576K

Deoptimization events (10 events):
Event: 326.757 Thread 0x000000001f673000 Uncommon trap: reason=unstable_if action=reinterpret pc=0x00000000062c110c method=com.android.tools.r8.ir.regalloc.h.a(II)V @ 8
Event: 326.773 Thread 0x000000001f673000 Uncommon trap: reason=unstable_if action=reinterpret pc=0x0000000005f11134 method=com.android.tools.r8.ir.regalloc.a.a(I)I @ 12
Event: 326.774 Thread 0x000000001f673000 Uncommon trap: reason=unstable_if action=reinterpret pc=0x00000000062ad5e8 method=com.android.tools.r8.ir.regalloc.b.r()Z @ 9
Event: 327.068 Thread 0x000000001f66c000 Uncommon trap: reason=class_check action=maybe_recompile pc=0x0000000005c9a768 method=com.android.tools.r8.s.b.s1.a(Lcom/android/tools/r8/s/a/p/u;)Lcom/android/tools/r8/s/b/s1; @ 12
Event: 327.667 Thread 0x000000001f672000 Uncommon trap: reason=bimorphic action=maybe_recompile pc=0x0000000003523cb4 method=java.io.DataOutputStream.writeShort(I)V @ 12
Event: 328.000 Thread 0x000000001f673000 Uncommon trap: reason=unstable_if action=reinterpret pc=0x0000000006375870 method=com.android.tools.r8.s.b.U0.a(Lcom/android/tools/r8/ir/conversion/N;Ljava/util/Set;)Z @ 116
Event: 328.106 Thread 0x000000001f66c000 Uncommon trap: reason=unstable_if action=reinterpret pc=0x00000000059fdd70 method=com.android.tools.r8.utils.T.d(Ljava/lang/String;)[Ljava/lang/String; @ 149
Event: 328.197 Thread 0x000000001f66c000 Uncommon trap: reason=unstable_if action=reinterpret pc=0x0000000005c5f204 method=com.android.tools.r8.graph.i0.a([C)I @ 29
Event: 328.458 Thread 0x000000001f673800 Uncommon trap: reason=unstable_if action=reinterpret pc=0x0000000005e4d544 method=com.android.tools.r8.graph.G0$d.c()V @ 786
Event: 329.045 Thread 0x000000001f673800 Uncommon trap: reason=unstable_if action=reinterpret pc=0x00000000063b9d64 method=com.android.tools.r8.z.a.a.f.a(Lcom/android/tools/r8/z/a/a/a;ILjava/lang/String;[C)I @ 18

Classes redefined (0 events):
No events

Internal exceptions (10 events):
Event: 327.462 Thread 0x000000001f66c000 Exception <a 'sun/nio/fs/WindowsException'> (0x00000000e3fbb6a0) thrown at [C:\src\AOSP-openjdk-git\hotspot\src\share\vm\prims\jni.cpp, line 710]
Event: 327.488 Thread 0x000000001f673000 Exception <a 'sun/nio/fs/WindowsException'> (0x00000000e41df6e8) thrown at [C:\src\AOSP-openjdk-git\hotspot\src\share\vm\prims\jni.cpp, line 710]
Event: 327.915 Thread 0x000000001f673000 Exception <a 'sun/nio/fs/WindowsException'> (0x00000000d79407f0) thrown at [C:\src\AOSP-openjdk-git\hotspot\src\share\vm\prims\jni.cpp, line 710]
Event: 328.014 Thread 0x000000001f66c000 Exception <a 'sun/nio/fs/WindowsException'> (0x00000000d8dbc288) thrown at [C:\src\AOSP-openjdk-git\hotspot\src\share\vm\prims\jni.cpp, line 710]
Event: 328.444 Thread 0x000000001f673800 Exception <a 'sun/nio/fs/WindowsException'> (0x00000000dc156108) thrown at [C:\src\AOSP-openjdk-git\hotspot\src\share\vm\prims\jni.cpp, line 710]
Event: 328.469 Thread 0x000000001f673000 Exception <a 'sun/nio/fs/WindowsException'> (0x00000000dc3e0220) thrown at [C:\src\AOSP-openjdk-git\hotspot\src\share\vm\prims\jni.cpp, line 710]
Event: 328.510 Thread 0x000000001f66c800 Exception <a 'sun/nio/fs/WindowsException'> (0x00000000dcb9a310) thrown at [C:\src\AOSP-openjdk-git\hotspot\src\share\vm\prims\jni.cpp, line 710]
Event: 328.531 Thread 0x000000001f66c000 Exception <a 'sun/nio/fs/WindowsException'> (0x00000000dc745588) thrown at [C:\src\AOSP-openjdk-git\hotspot\src\share\vm\prims\jni.cpp, line 710]
Event: 328.987 Thread 0x000000001f673000 Exception <a 'sun/nio/fs/WindowsException'> (0x00000000e2d49310) thrown at [C:\src\AOSP-openjdk-git\hotspot\src\share\vm\prims\jni.cpp, line 710]
Event: 329.020 Thread 0x000000001f66c000 Exception <a 'java/lang/OutOfMemoryError'> (0x00000000e3445bf8) thrown at [C:\src\AOSP-openjdk-git\hotspot\src\share\vm\prims\jni.cpp, line 737]

Events (10 events):
Event: 329.035 loading class org/gradle/internal/Try
Event: 329.035 loading class org/gradle/internal/Try done
Event: 329.035 loading class org/gradle/internal/execution/Result
Event: 329.035 loading class org/gradle/internal/execution/Result done
Event: 329.041 Thread 0x000000001f673800 DEOPT PACKING pc=0x0000000005ba0913 sp=0x000000002172ae00
Event: 329.041 Thread 0x000000001f673800 DEOPT UNPACKING pc=0x0000000002fb75d0 sp=0x000000002172af00 mode 0
Event: 329.045 Thread 0x000000001f673800 Uncommon trap: trap_request=0xffffff65 fr.pc=0x00000000063b9d64
Event: 329.045 Thread 0x000000001f673800 DEOPT PACKING pc=0x00000000063b9d64 sp=0x000000002172a0b0
Event: 329.045 Thread 0x000000001f673800 DEOPT UNPACKING pc=0x0000000002fb557b sp=0x000000002172a060 mode 2
Event: 329.101 Executing VM operation: ParallelGCFailedAllocation


Dynamic libraries:
0x00007ff6ebd00000 - 0x00007ff6ebd31000 	C:\Program Files\Android\Android Studio\jre\bin\java.exe
0x00007ff9c82e0000 - 0x00007ff9c84d0000 	C:\WINDOWS\SYSTEM32\ntdll.dll
0x00007ff9c8080000 - 0x00007ff9c8132000 	C:\WINDOWS\System32\KERNEL32.DLL
0x00007ff9c6090000 - 0x00007ff9c6335000 	C:\WINDOWS\System32\KERNELBASE.dll
0x00007ff9c71d0000 - 0x00007ff9c7273000 	C:\WINDOWS\System32\ADVAPI32.dll
0x00007ff9c6390000 - 0x00007ff9c642e000 	C:\WINDOWS\System32\msvcrt.dll
0x00007ff9c6d20000 - 0x00007ff9c6db7000 	C:\WINDOWS\System32\sechost.dll
0x00007ff9c7280000 - 0x00007ff9c73a0000 	C:\WINDOWS\System32\RPCRT4.dll
0x00007ff9c73a0000 - 0x00007ff9c7535000 	C:\WINDOWS\System32\USER32.dll
0x00007ff9c6340000 - 0x00007ff9c6361000 	C:\WINDOWS\System32\win32u.dll
0x00007ff9c6a80000 - 0x00007ff9c6aa6000 	C:\WINDOWS\System32\GDI32.dll
0x00007ff9c52f0000 - 0x00007ff9c5486000 	C:\WINDOWS\System32\gdi32full.dll
0x00007ff9c5ef0000 - 0x00007ff9c5f8e000 	C:\WINDOWS\System32\msvcp_win.dll
0x00007ff9c5c70000 - 0x00007ff9c5d6a000 	C:\WINDOWS\System32\ucrtbase.dll
0x00007ff9b7d10000 - 0x00007ff9b7f94000 	C:\WINDOWS\WinSxS\amd64_microsoft.windows.common-controls_6595b64144ccf1df_6.0.18362.1082_none_9e8193e1e45b25c1\COMCTL32.dll
0x00007ff9c6dc0000 - 0x00007ff9c70f5000 	C:\WINDOWS\System32\combase.dll
0x00007ff9c5270000 - 0x00007ff9c52f0000 	C:\WINDOWS\System32\bcryptPrimitives.dll
0x00007ff9c8210000 - 0x00007ff9c823e000 	C:\WINDOWS\System32\IMM32.DLL
0x0000000065300000 - 0x00000000653d2000 	C:\Program Files\Android\Android Studio\jre\jre\bin\msvcr100.dll
0x00000000653e0000 - 0x0000000065c2b000 	C:\Program Files\Android\Android Studio\jre\jre\bin\server\jvm.dll
0x00007ff9c6430000 - 0x00007ff9c6438000 	C:\WINDOWS\System32\PSAPI.DLL
0x00007ff9c2d20000 - 0x00007ff9c2d29000 	C:\WINDOWS\SYSTEM32\WSOCK32.dll
0x00007ff9c7100000 - 0x00007ff9c716f000 	C:\WINDOWS\System32\WS2_32.dll
0x00007ff9c2c50000 - 0x00007ff9c2c74000 	C:\WINDOWS\SYSTEM32\WINMM.dll
0x00007ff9b80b0000 - 0x00007ff9b80ba000 	C:\WINDOWS\SYSTEM32\VERSION.dll
0x00007ff9c2c20000 - 0x00007ff9c2c4d000 	C:\WINDOWS\SYSTEM32\WINMMBASE.dll
0x00007ff9c5f90000 - 0x00007ff9c5fda000 	C:\WINDOWS\System32\cfgmgr32.dll
0x00007ff9c1420000 - 0x00007ff9c142f000 	C:\Program Files\Android\Android Studio\jre\jre\bin\verify.dll
0x00007ff9c1210000 - 0x00007ff9c1239000 	C:\Program Files\Android\Android Studio\jre\jre\bin\java.dll
0x00007ff9beec0000 - 0x00007ff9beed6000 	C:\Program Files\Android\Android Studio\jre\jre\bin\zip.dll
0x00007ff9c7710000 - 0x00007ff9c7df7000 	C:\WINDOWS\System32\SHELL32.dll
0x00007ff9c6c70000 - 0x00007ff9c6d19000 	C:\WINDOWS\System32\shcore.dll
0x00007ff9c54f0000 - 0x00007ff9c5c70000 	C:\WINDOWS\System32\windows.storage.dll
0x00007ff9c5240000 - 0x00007ff9c5263000 	C:\WINDOWS\System32\profapi.dll
0x00007ff9c51d0000 - 0x00007ff9c521a000 	C:\WINDOWS\System32\powrprof.dll
0x00007ff9c51a0000 - 0x00007ff9c51b0000 	C:\WINDOWS\System32\UMPDC.dll
0x00007ff9c8240000 - 0x00007ff9c8292000 	C:\WINDOWS\System32\shlwapi.dll
0x00007ff9c5220000 - 0x00007ff9c5231000 	C:\WINDOWS\System32\kernel.appcore.dll
0x00007ff9c6370000 - 0x00007ff9c6387000 	C:\WINDOWS\System32\cryptsp.dll
0x00007ff9bc630000 - 0x00007ff9bc64a000 	C:\Program Files\Android\Android Studio\jre\jre\bin\net.dll
0x00007ff9c4990000 - 0x00007ff9c49f7000 	C:\WINDOWS\system32\mswsock.dll
0x00007ff9bc610000 - 0x00007ff9bc623000 	C:\Program Files\Android\Android Studio\jre\jre\bin\nio.dll
0x00007ff9b6ee0000 - 0x00007ff9b6f07000 	C:\Users\David Adeyinka\.gradle\native\9f2fa17c089eee584f3420100432f77ec4c098959e4bf121a4d6054c26537dfb\windows-amd64\native-platform.dll
0x00007ff9c1410000 - 0x00007ff9c141d000 	C:\Program Files\Android\Android Studio\jre\jre\bin\management.dll
0x00007ff9c4500000 - 0x00007ff9c4533000 	C:\WINDOWS\system32\rsaenh.dll
0x00007ff9c5d70000 - 0x00007ff9c5d96000 	C:\WINDOWS\System32\bcrypt.dll
0x00007ff9c5080000 - 0x00007ff9c50a5000 	C:\WINDOWS\SYSTEM32\USERENV.dll
0x00007ff9c4b60000 - 0x00007ff9c4b6c000 	C:\WINDOWS\SYSTEM32\CRYPTBASE.dll
0x00007ff9c46a0000 - 0x00007ff9c46da000 	C:\WINDOWS\SYSTEM32\IPHLPAPI.DLL
0x00007ff9c6c60000 - 0x00007ff9c6c68000 	C:\WINDOWS\System32\NSI.dll
0x00007ff9ba490000 - 0x00007ff9ba4a6000 	C:\WINDOWS\SYSTEM32\dhcpcsvc6.DLL
0x00007ff9ba530000 - 0x00007ff9ba54c000 	C:\WINDOWS\SYSTEM32\dhcpcsvc.DLL
0x00007ff9c46e0000 - 0x00007ff9c47ab000 	C:\WINDOWS\SYSTEM32\DNSAPI.dll
0x00007ff9ba8d0000 - 0x00007ff9ba8db000 	C:\WINDOWS\SYSTEM32\WINNSI.DLL
0x00007ff996c90000 - 0x00007ff996e26000 	C:\Users\David Adeyinka\.gradle\native\9f2fa17c089eee584f3420100432f77ec4c098959e4bf121a4d6054c26537dfb\windows-amd64\native-platform-file-events.dll

VM Arguments:
jvm_args: -Xmx2048m -Dfile.encoding=UTF-8 -Duser.country=GB -Duser.language=en -Duser.variant 
java_command: org.gradle.launcher.daemon.bootstrap.GradleDaemon 6.6.1
java_class_path (initial): C:\Gradle\gradle-6.6.1\lib\gradle-launcher-6.6.1.jar
Launcher Type: SUN_STANDARD

Environment Variables:
PATH=C:\Program Files (x86)\Common Files\Oracle\Java\javapath;C:\WINDOWS\system32;C:\WINDOWS;C:\WINDOWS\System32\Wbem;C:\WINDOWS\System32\WindowsPowerShell\v1.0\;C:\WINDOWS\System32\OpenSSH\;C:\Program Files (x86)\Git\cmd;C:\Program Files\nodejs\;c:\Program Files (x86)\Microsoft SQL Server\100\Tools\Binn\;c:\Program Files\Microsoft SQL Server\100\Tools\Binn\;c:\Program Files\Microsoft SQL Server\100\DTS\Binn\;C:\Users\David Adeyinka\AppData\Local\Programs\Python\Python37-32\Scripts\;C:\Users\David Adeyinka\AppData\Local\Programs\Python\Python37-32\;C:\Users\David Adeyinka\AppData\Local\Microsoft\WindowsApps;;C:\Program Files\JetBrains\IntelliJ IDEA Community Edition 2019.1.3\bin;;C:\Program Files\Microsoft VS Code\bin;C:\Users\David Adeyinka\AppData\Roaming\npm
USERNAME=David Adeyinka
OS=Windows_NT
PROCESSOR_IDENTIFIER=Intel64 Family 6 Model 61 Stepping 4, GenuineIntel



---------------  S Y S T E M  ---------------

OS: Windows 10.0 , 64 bit Build 18362 (10.0.18362.1082)

CPU:total 4 (initial active 4) (2 cores per cpu, 2 threads per core) family 6 model 61 stepping 4, cmov, cx8, fxsr, mmx, sse, sse2, sse3, ssse3, sse4.1, sse4.2, popcnt, avx, avx2, aes, clmul, erms, 3dnowpref, lzcnt, ht, tsc, tscinvbit, bmi1, bmi2, adx

Memory: 4k page, physical 8277100k(723596k free), swap 8277100k(3660k free)

vm_info: OpenJDK 64-Bit Server VM (25.242-b01) for windows-amd64 JRE (1.8.0_242-release-1644-b01), built by "builder" with MS VC++ 10.0 (VS2010)

time: Tue Jan 12 17:54:53 2021
timezone: W. Central Africa Standard Time
elapsed time: 329 seconds (0d 0h 5m 29s)

