#
# There is insufficient memory for the Java Runtime Environment to continue.
# Native memory allocation (malloc) failed to allocate 884144 bytes for Chunk::new
# Possible reasons:
#   The system is out of physical RAM or swap space
#   The process is running with CompressedOops enabled, and the Java Heap may be blocking the growth of the native heap
# Possible solutions:
#   Reduce memory load on the system
#   Increase physical memory or swap space
#   Check if swap backing store is full
#   Decrease Java heap size (-Xmx/-Xms)
#   Decrease number of Java threads
#   Decrease Java thread stack sizes (-Xss)
#   Set larger code cache with -XX:ReservedCodeCacheSize=
#   JVM is running with Unscaled Compressed Oops mode in which the Java heap is
#     placed in the first 4GB address space. The Java Heap base address is the
#     maximum limit for the native heap growth. Please use -XX:HeapBaseMinAddress
#     to set the Java Heap base and to place the Java Heap above 4GB virtual address.
# This output file may be truncated or incomplete.
#
#  Out of Memory Error (allocation.cpp:389), pid=7416, tid=0x0000000000003664
#
# JRE version: OpenJDK Runtime Environment (8.0_242-b01) (build 1.8.0_242-release-1644-b01)
# Java VM: OpenJDK 64-Bit Server VM (25.242-b01 mixed mode windows-amd64 compressed oops)
# Failed to write core dump. Minidumps are not enabled by default on client versions of Windows
#

---------------  T H R E A D  ---------------

Current thread (0x0000000017123000):  JavaThread "C2 CompilerThread1" daemon [_thread_in_native, id=13924, stack(0x0000000018850000,0x0000000018950000)]

Stack: [0x0000000018850000,0x0000000018950000]
[error occurred during error reporting (printing stack bounds), id 0xc0000005]

Native frames: (J=compiled Java code, j=interpreted, Vv=VM code, C=native code)


Current CompileTask:
C2: 572504 15368 %     4       com.android.tools.r8.ir.regalloc.a::a @ 1400 (3992 bytes)


---------------  P R O C E S S  ---------------

Java Threads: ( => current thread )
  0x000000002ae7d800 JavaThread "WorkerExecutor Queue" [_thread_blocked, id=15320, stack(0x000000002d990000,0x000000002da90000)]
  0x0000000022e80800 JavaThread "Cache worker for execution history cache (C:\Users\David Adeyinka\AndroidStudioProjects\ToDoPlanner\.gradle\6.6.1\executionHistory)" [_thread_blocked, id=6576, stack(0x000000002d690000,0x000000002d790000)]
  0x0000000022e7f800 JavaThread "Execution worker for ':' Thread 3" [_thread_blocked, id=15592, stack(0x000000002d590000,0x000000002d690000)]
  0x0000000022e7c800 JavaThread "Execution worker for ':' Thread 2" [_thread_blocked, id=6348, stack(0x000000002d490000,0x000000002d590000)]
  0x0000000022e75000 JavaThread "Execution worker for ':'" [_thread_blocked, id=7228, stack(0x000000002d390000,0x000000002d490000)]
  0x0000000022e7b000 JavaThread "Cache worker for file content cache (C:\Users\David Adeyinka\AndroidStudioProjects\ToDoPlanner\.gradle\6.6.1\fileContent)" [_thread_blocked, id=3600, stack(0x000000002d290000,0x000000002d390000)]
  0x0000000022e74800 JavaThread "pool-3-thread-1" [_thread_blocked, id=2144, stack(0x00000000282c0000,0x00000000283c0000)]
  0x0000000022e73800 JavaThread "jar transforms Thread 228" [_thread_blocked, id=3284, stack(0x000000002cf90000,0x000000002d090000)]
  0x0000000022e7a800 JavaThread "jar transforms Thread 227" [_thread_blocked, id=224, stack(0x000000002ce90000,0x000000002cf90000)]
  0x0000000022e79800 JavaThread "jar transforms Thread 226" [_thread_blocked, id=14616, stack(0x000000002cd90000,0x000000002ce90000)]
  0x0000000022e72000 JavaThread "jar transforms Thread 225" [_thread_blocked, id=6408, stack(0x000000002cc90000,0x000000002cd90000)]
  0x0000000022e78000 JavaThread "jar transforms Thread 224" [_thread_blocked, id=7848, stack(0x000000002cb90000,0x000000002cc90000)]
  0x0000000022e73000 JavaThread "jar transforms Thread 223" [_thread_blocked, id=15564, stack(0x000000002ca90000,0x000000002cb90000)]
  0x0000000022e76800 JavaThread "jar transforms Thread 222" [_thread_blocked, id=2068, stack(0x000000002bb90000,0x000000002bc90000)]
  0x0000000022e77800 JavaThread "jar transforms Thread 221" [_thread_blocked, id=13912, stack(0x00000000296c0000,0x00000000297c0000)]
  0x0000000022e79000 JavaThread "jar transforms Thread 220" [_thread_blocked, id=8804, stack(0x0000000029300000,0x0000000029400000)]
  0x0000000022e76000 JavaThread "jar transforms Thread 219" [_thread_blocked, id=9948, stack(0x0000000029200000,0x0000000029300000)]
  0x0000000022e71800 JavaThread "jar transforms Thread 218" [_thread_blocked, id=8104, stack(0x0000000029100000,0x0000000029200000)]
  0x000000001f53b800 JavaThread "jar transforms Thread 217" [_thread_blocked, id=9288, stack(0x0000000029000000,0x0000000029100000)]
  0x000000001f53a800 JavaThread "jar transforms Thread 216" [_thread_blocked, id=2204, stack(0x0000000028f00000,0x0000000029000000)]
  0x000000001f53e800 JavaThread "jar transforms Thread 215" [_thread_blocked, id=6272, stack(0x0000000028e00000,0x0000000028f00000)]
  0x000000001f53f000 JavaThread "jar transforms Thread 214" [_thread_blocked, id=360, stack(0x0000000028d00000,0x0000000028e00000)]
  0x000000001f53d800 JavaThread "jar transforms Thread 213" [_thread_blocked, id=15964, stack(0x0000000028c00000,0x0000000028d00000)]
  0x000000001f53d000 JavaThread "jar transforms Thread 212" [_thread_blocked, id=10916, stack(0x0000000028b00000,0x0000000028c00000)]
  0x000000001f53c000 JavaThread "jar transforms Thread 211" [_thread_blocked, id=6836, stack(0x0000000028a00000,0x0000000028b00000)]
  0x000000001f534000 JavaThread "jar transforms Thread 210" [_thread_blocked, id=1600, stack(0x0000000028900000,0x0000000028a00000)]
  0x000000001f534800 JavaThread "jar transforms Thread 209" [_thread_blocked, id=8052, stack(0x0000000028800000,0x0000000028900000)]
  0x000000001f53a000 JavaThread "jar transforms Thread 208" [_thread_blocked, id=14752, stack(0x0000000028700000,0x0000000028800000)]
  0x000000001f539000 JavaThread "jar transforms Thread 207" [_thread_blocked, id=11208, stack(0x0000000028600000,0x0000000028700000)]
  0x000000001f532800 JavaThread "jar transforms Thread 206" [_thread_blocked, id=9140, stack(0x0000000028500000,0x0000000028600000)]
  0x000000001f535800 JavaThread "jar transforms Thread 205" [_thread_blocked, id=2312, stack(0x0000000028400000,0x0000000028500000)]
  0x000000001f531800 JavaThread "jar transforms Thread 204" [_thread_blocked, id=14628, stack(0x00000000259c0000,0x0000000025ac0000)]
  0x000000001f538800 JavaThread "jar transforms Thread 203" [_thread_blocked, id=14384, stack(0x00000000281c0000,0x00000000282c0000)]
  0x000000001f537800 JavaThread "jar transforms Thread 202" [_thread_blocked, id=860, stack(0x00000000280c0000,0x00000000281c0000)]
  0x000000001f531000 JavaThread "jar transforms Thread 201" [_thread_blocked, id=1840, stack(0x0000000027fc0000,0x00000000280c0000)]
  0x000000001f537000 JavaThread "jar transforms Thread 200" [_thread_blocked, id=6484, stack(0x0000000027ec0000,0x0000000027fc0000)]
  0x000000001f533000 JavaThread "jar transforms Thread 199" [_thread_blocked, id=3164, stack(0x0000000027dc0000,0x0000000027ec0000)]
  0x000000001f536000 JavaThread "jar transforms Thread 198" [_thread_blocked, id=4504, stack(0x0000000027cc0000,0x0000000027dc0000)]
  0x000000001f530000 JavaThread "jar transforms Thread 197" [_thread_blocked, id=11448, stack(0x0000000027bc0000,0x0000000027cc0000)]
  0x000000002a1cd000 JavaThread "jar transforms Thread 196" [_thread_blocked, id=5008, stack(0x0000000027ac0000,0x0000000027bc0000)]
  0x000000002a1cb800 JavaThread "jar transforms Thread 195" [_thread_blocked, id=16124, stack(0x00000000279c0000,0x0000000027ac0000)]
  0x000000002a1cb000 JavaThread "jar transforms Thread 194" [_thread_blocked, id=10624, stack(0x00000000276e0000,0x00000000277e0000)]
  0x000000002a1c9800 JavaThread "jar transforms Thread 193" [_thread_blocked, id=5976, stack(0x00000000275e0000,0x00000000276e0000)]
  0x000000002a1cc800 JavaThread "jar transforms Thread 192" [_thread_blocked, id=16200, stack(0x00000000274e0000,0x00000000275e0000)]
  0x000000002a1ca000 JavaThread "jar transforms Thread 191" [_thread_blocked, id=12808, stack(0x00000000273e0000,0x00000000274e0000)]
  0x000000002a1c8800 JavaThread "jar transforms Thread 190" [_thread_blocked, id=12180, stack(0x00000000272e0000,0x00000000273e0000)]
  0x000000002a1ce000 JavaThread "jar transforms Thread 189" [_thread_blocked, id=4024, stack(0x00000000271e0000,0x00000000272e0000)]
  0x000000002a1cf800 JavaThread "jar transforms Thread 188" [_thread_blocked, id=9028, stack(0x00000000270e0000,0x00000000271e0000)]
  0x000000002a1ce800 JavaThread "jar transforms Thread 187" [_thread_blocked, id=11732, stack(0x0000000026fe0000,0x00000000270e0000)]
  0x000000002a1c1000 JavaThread "jar transforms Thread 186" [_thread_blocked, id=916, stack(0x0000000026ee0000,0x0000000026fe0000)]
  0x000000002a1c3800 JavaThread "jar transforms Thread 185" [_thread_blocked, id=15312, stack(0x0000000026de0000,0x0000000026ee0000)]
  0x000000002a1c2800 JavaThread "jar transforms Thread 184" [_thread_blocked, id=5040, stack(0x0000000026ce0000,0x0000000026de0000)]
  0x000000002a1c8000 JavaThread "jar transforms Thread 183" [_thread_blocked, id=1544, stack(0x0000000026be0000,0x0000000026ce0000)]
  0x000000002a1c0800 JavaThread "jar transforms Thread 182" [_thread_blocked, id=7792, stack(0x0000000026ae0000,0x0000000026be0000)]
  0x000000002a1c7000 JavaThread "jar transforms Thread 181" [_thread_blocked, id=8968, stack(0x00000000269e0000,0x0000000026ae0000)]
  0x000000002a1c5800 JavaThread "jar transforms Thread 180" [_thread_blocked, id=8344, stack(0x00000000268e0000,0x00000000269e0000)]
  0x000000002a1c2000 JavaThread "jar transforms Thread 179" [_thread_blocked, id=7944, stack(0x00000000267e0000,0x00000000268e0000)]
  0x000000002a1c5000 JavaThread "jar transforms Thread 178" [_thread_blocked, id=14712, stack(0x00000000266e0000,0x00000000267e0000)]
  0x000000002a1c6800 JavaThread "jar transforms Thread 177" [_thread_blocked, id=15896, stack(0x00000000265e0000,0x00000000266e0000)]
  0x000000002a1c4000 JavaThread "jar transforms Thread 176" [_thread_blocked, id=8128, stack(0x00000000264e0000,0x00000000265e0000)]
  0x0000000022f92000 JavaThread "jar transforms Thread 175" [_thread_blocked, id=6284, stack(0x00000000263e0000,0x00000000264e0000)]
  0x0000000022f91800 JavaThread "jar transforms Thread 174" [_thread_blocked, id=16176, stack(0x00000000262e0000,0x00000000263e0000)]
  0x0000000022f90800 JavaThread "jar transforms Thread 173" [_thread_blocked, id=15800, stack(0x00000000261e0000,0x00000000262e0000)]
  0x0000000022f8f000 JavaThread "jar transforms Thread 172" [_thread_blocked, id=13964, stack(0x00000000260e0000,0x00000000261e0000)]
  0x0000000022f90000 JavaThread "jar transforms Thread 171" [_thread_blocked, id=10088, stack(0x0000000025fe0000,0x00000000260e0000)]
  0x0000000022f8e800 JavaThread "jar transforms Thread 170" [_thread_blocked, id=10712, stack(0x0000000025ee0000,0x0000000025fe0000)]
  0x0000000022f87000 JavaThread "jar transforms Thread 169" [_thread_blocked, id=14496, stack(0x0000000025de0000,0x0000000025ee0000)]
  0x0000000022f8d800 JavaThread "jar transforms Thread 168" [_thread_blocked, id=8472, stack(0x0000000025ce0000,0x0000000025de0000)]
  0x0000000022f8d000 JavaThread "jar transforms Thread 167" [_thread_blocked, id=11984, stack(0x0000000025be0000,0x0000000025ce0000)]
  0x0000000022f8b800 JavaThread "jar transforms Thread 166" [_thread_blocked, id=13520, stack(0x0000000025ae0000,0x0000000025be0000)]
  0x0000000022f8c000 JavaThread "jar transforms Thread 165" [_thread_blocked, id=2680, stack(0x00000000258c0000,0x00000000259c0000)]
  0x0000000022f83800 JavaThread "jar transforms Thread 164" [_thread_blocked, id=11844, stack(0x00000000257c0000,0x00000000258c0000)]
  0x0000000022f8a800 JavaThread "jar transforms Thread 163" [_thread_blocked, id=6936, stack(0x00000000256c0000,0x00000000257c0000)]
  0x0000000022f89000 JavaThread "jar transforms Thread 162" [_thread_blocked, id=12656, stack(0x00000000255c0000,0x00000000256c0000)]
  0x0000000022f88800 JavaThread "jar transforms Thread 161" [_thread_blocked, id=7524, stack(0x00000000254c0000,0x00000000255c0000)]
  0x0000000022f86000 JavaThread "jar transforms Thread 160" [_thread_blocked, id=10740, stack(0x00000000253c0000,0x00000000254c0000)]
  0x0000000022f84800 JavaThread "jar transforms Thread 159" [_thread_blocked, id=364, stack(0x00000000252c0000,0x00000000253c0000)]
  0x0000000022f83000 JavaThread "jar transforms Thread 158" [_thread_blocked, id=6680, stack(0x00000000251c0000,0x00000000252c0000)]
  0x0000000022f87800 JavaThread "jar transforms Thread 157" [_thread_blocked, id=9624, stack(0x00000000250c0000,0x00000000251c0000)]
  0x0000000022f8a000 JavaThread "jar transforms Thread 156" [_thread_blocked, id=4708, stack(0x0000000024fc0000,0x00000000250c0000)]
  0x0000000022f85000 JavaThread "jar transforms Thread 155" [_thread_blocked, id=4724, stack(0x0000000024ec0000,0x0000000024fc0000)]
  0x000000001895c000 JavaThread "jar transforms Thread 154" [_thread_blocked, id=14636, stack(0x0000000024dc0000,0x0000000024ec0000)]
  0x000000001895b800 JavaThread "jar transforms Thread 153" [_thread_blocked, id=13156, stack(0x0000000024cc0000,0x0000000024dc0000)]
  0x000000001895a000 JavaThread "jar transforms Thread 152" [_thread_blocked, id=15828, stack(0x0000000024bc0000,0x0000000024cc0000)]
  0x0000000018959000 JavaThread "jar transforms Thread 151" [_thread_blocked, id=900, stack(0x0000000024ac0000,0x0000000024bc0000)]
  0x000000001895e800 JavaThread "jar transforms Thread 150" [_thread_blocked, id=11904, stack(0x00000000249c0000,0x0000000024ac0000)]
  0x000000001895d800 JavaThread "jar transforms Thread 149" [_thread_blocked, id=7588, stack(0x00000000248c0000,0x00000000249c0000)]
  0x000000001d766800 JavaThread "jar transforms Thread 148" [_thread_blocked, id=13852, stack(0x00000000247c0000,0x00000000248c0000)]
  0x000000001d769800 JavaThread "jar transforms Thread 147" [_thread_blocked, id=14408, stack(0x00000000246c0000,0x00000000247c0000)]
  0x000000001d766000 JavaThread "jar transforms Thread 146" [_thread_blocked, id=7508, stack(0x00000000245c0000,0x00000000246c0000)]
  0x000000001d762000 JavaThread "jar transforms Thread 145" [_thread_blocked, id=2936, stack(0x00000000244c0000,0x00000000245c0000)]
  0x000000001d765000 JavaThread "jar transforms Thread 144" [_thread_blocked, id=4052, stack(0x00000000243c0000,0x00000000244c0000)]
  0x000000001d768000 JavaThread "jar transforms Thread 143" [_thread_blocked, id=15372, stack(0x00000000242c0000,0x00000000243c0000)]
  0x000000001d769000 JavaThread "jar transforms Thread 142" [_thread_blocked, id=12028, stack(0x00000000241c0000,0x00000000242c0000)]
  0x000000001d767800 JavaThread "jar transforms Thread 141" [_thread_blocked, id=9144, stack(0x00000000240c0000,0x00000000241c0000)]
  0x000000001d763000 JavaThread "jar transforms Thread 140" [_thread_blocked, id=1508, stack(0x0000000023fc0000,0x00000000240c0000)]
  0x000000001d764800 JavaThread "jar transforms Thread 139" [_thread_blocked, id=3824, stack(0x0000000023ec0000,0x0000000023fc0000)]
  0x000000001d763800 JavaThread "jar transforms Thread 138" [_thread_blocked, id=8824, stack(0x0000000023dc0000,0x0000000023ec0000)]
  0x000000001d75d000 JavaThread "jar transforms Thread 137" [_thread_blocked, id=920, stack(0x0000000023cc0000,0x0000000023dc0000)]
  0x000000001d75a800 JavaThread "jar transforms Thread 136" [_thread_blocked, id=14272, stack(0x0000000023bc0000,0x0000000023cc0000)]
  0x000000001d761800 JavaThread "jar transforms Thread 135" [_thread_blocked, id=1412, stack(0x0000000023ac0000,0x0000000023bc0000)]
  0x000000001d760800 JavaThread "jar transforms Thread 134" [_thread_blocked, id=15904, stack(0x00000000239c0000,0x0000000023ac0000)]
  0x000000001b0db000 JavaThread "jar transforms Thread 133" [_thread_blocked, id=2684, stack(0x00000000238c0000,0x00000000239c0000)]
  0x000000001b0d9800 JavaThread "jar transforms Thread 132" [_thread_blocked, id=9056, stack(0x00000000237c0000,0x00000000238c0000)]
  0x000000001b0db800 JavaThread "jar transforms Thread 131" [_thread_blocked, id=7496, stack(0x00000000236c0000,0x00000000237c0000)]
  0x000000001b0dc800 JavaThread "jar transforms Thread 130" [_thread_blocked, id=16180, stack(0x00000000235c0000,0x00000000236c0000)]
  0x000000001b0da000 JavaThread "jar transforms Thread 129" [_thread_blocked, id=5488, stack(0x00000000220e0000,0x00000000221e0000)]
  0x000000001b0d2000 JavaThread "jar transforms Thread 128" [_thread_blocked, id=15816, stack(0x00000000219d0000,0x0000000021ad0000)]
  0x000000001b0d8800 JavaThread "jar transforms Thread 127" [_thread_blocked, id=15328, stack(0x00000000210d0000,0x00000000211d0000)]
  0x000000001b0d8000 JavaThread "jar transforms Thread 126" [_thread_blocked, id=12528, stack(0x0000000020fd0000,0x00000000210d0000)]
  0x000000001b0d7000 JavaThread "jar transforms Thread 125" [_thread_blocked, id=14884, stack(0x0000000020ed0000,0x0000000020fd0000)]
  0x000000001b0d6800 JavaThread "jar transforms Thread 124" [_thread_blocked, id=6412, stack(0x0000000020bd0000,0x0000000020cd0000)]
  0x000000001b0cf000 JavaThread "jar transforms Thread 123" [_thread_blocked, id=11736, stack(0x0000000020ad0000,0x0000000020bd0000)]
  0x000000001b0d2800 JavaThread "jar transforms Thread 122" [_thread_blocked, id=3436, stack(0x00000000209d0000,0x0000000020ad0000)]
  0x000000001b0d5800 JavaThread "jar transforms Thread 121" [_thread_blocked, id=13416, stack(0x00000000208d0000,0x00000000209d0000)]
  0x000000001b0ce000 JavaThread "jar transforms Thread 120" [_thread_blocked, id=4436, stack(0x00000000207d0000,0x00000000208d0000)]
  0x000000001b0cf800 JavaThread "jar transforms Thread 119" [_thread_blocked, id=1528, stack(0x00000000206d0000,0x00000000207d0000)]
  0x000000001b0d5000 JavaThread "jar transforms Thread 118" [_thread_blocked, id=9160, stack(0x00000000205d0000,0x00000000206d0000)]
  0x000000001e032800 JavaThread "jar transforms Thread 117" [_thread_blocked, id=4688, stack(0x00000000204d0000,0x00000000205d0000)]
  0x000000001e031000 JavaThread "jar transforms Thread 116" [_thread_blocked, id=14848, stack(0x00000000203d0000,0x00000000204d0000)]
  0x000000001e035000 JavaThread "jar transforms Thread 115" [_thread_blocked, id=1620, stack(0x00000000202d0000,0x00000000203d0000)]
  0x000000001e030000 JavaThread "Build operations Thread 4" [_thread_blocked, id=9400, stack(0x00000000201d0000,0x00000000202d0000)]
  0x000000001e033800 JavaThread "Build operations Thread 3" [_thread_blocked, id=4912, stack(0x00000000200d0000,0x00000000201d0000)]
  0x000000001e02f800 JavaThread "Build operations Thread 2" [_thread_in_Java, id=12708, stack(0x000000001ffd0000,0x00000000200d0000)]
  0x000000001e034000 JavaThread "Build operations" [_thread_in_Java, id=6016, stack(0x000000001e620000,0x000000001e720000)]
  0x000000001e028000 JavaThread "Cache worker for Build Output Cleanup Cache (C:\Users\David Adeyinka\AndroidStudioProjects\ToDoPlanner\.gradle\buildOutputCleanup)" [_thread_blocked, id=14516, stack(0x000000001e360000,0x000000001e460000)]
  0x000000001e02e800 JavaThread "Cache worker for cache directory md-rule (C:\Users\David Adeyinka\.gradle\caches\6.6.1\md-rule)" [_thread_blocked, id=11136, stack(0x000000001cb90000,0x000000001cc90000)]
  0x000000001e027000 JavaThread "Cache worker for cache directory md-supplier (C:\Users\David Adeyinka\.gradle\caches\6.6.1\md-supplier)" [_thread_blocked, id=6000, stack(0x000000001c990000,0x000000001ca90000)]
  0x000000001e02c800 JavaThread "Cache worker for checksums cache (C:\Users\David Adeyinka\AndroidStudioProjects\ToDoPlanner\.gradle\checksums)" [_thread_blocked, id=5360, stack(0x000000001c890000,0x000000001c990000)]
  0x000000001e02a000 JavaThread "Cache worker for file hash cache (C:\Users\David Adeyinka\AndroidStudioProjects\ToDoPlanner\.gradle\6.6.1\fileHashes)" [_thread_blocked, id=15184, stack(0x000000001c790000,0x000000001c890000)]
  0x000000001e02e000 JavaThread "Thread-148" [_thread_blocked, id=15952, stack(0x000000001c690000,0x000000001c790000)]
  0x000000001e029800 JavaThread "Stdin handler" [_thread_blocked, id=5956, stack(0x000000001c590000,0x000000001c690000)]
  0x000000001e02b800 JavaThread "Asynchronous log dispatcher for DefaultDaemonConnection: socket connection from /127.0.0.1:16644 to /127.0.0.1:17266" [_thread_blocked, id=7208, stack(0x000000001bf50000,0x000000001c050000)]
  0x000000001e02d000 JavaThread "Daemon worker Thread 2" [_thread_blocked, id=12588, stack(0x000000001be50000,0x000000001bf50000)]
  0x000000001e026800 JavaThread "Cancel handler" [_thread_blocked, id=15464, stack(0x0000000000950000,0x0000000000a50000)]
  0x000000001e028800 JavaThread "Handler for socket connection from /127.0.0.1:16644 to /127.0.0.1:17266" [_thread_in_native, id=11160, stack(0x0000000000830000,0x0000000000930000)]
  0x000000001e02b000 JavaThread "Daemon Thread 2" [_thread_blocked, id=10164, stack(0x0000000000620000,0x0000000000720000)]
  0x000000001d75e800 JavaThread "Memory manager" [_thread_blocked, id=14504, stack(0x000000001ca90000,0x000000001cb90000)]
  0x000000001e035800 JavaThread "Cache worker for file content cache (C:\Users\David Adeyinka\.gradle\caches\6.6.1\fileContent)" [_thread_blocked, id=12832, stack(0x00000000218d0000,0x00000000219d0000)]
  0x000000001e032000 JavaThread "Cache worker for execution history cache (C:\Users\David Adeyinka\.gradle\caches\6.6.1\executionHistory)" [_thread_blocked, id=4616, stack(0x00000000211d0000,0x00000000212d0000)]
  0x0000000018958800 JavaThread "Cache worker for journal cache (C:\Users\David Adeyinka\.gradle\caches\journal-1)" [_thread_blocked, id=15544, stack(0x000000001e520000,0x000000001e620000)]
  0x000000001895d000 JavaThread "File lock request listener" [_thread_in_native, id=14652, stack(0x000000001d090000,0x000000001d190000)]
  0x000000001895f000 JavaThread "Cache worker for file hash cache (C:\Users\David Adeyinka\.gradle\caches\6.6.1\fileHashes)" [_thread_blocked, id=7460, stack(0x000000001ce90000,0x000000001cf90000)]
  0x00000000189ed800 JavaThread "Daemon periodic checks" [_thread_blocked, id=2732, stack(0x000000001c290000,0x000000001c390000)]
  0x0000000019292800 JavaThread "Incoming local TCP Connector on port 16644" [_thread_in_native, id=6228, stack(0x000000001c050000,0x000000001c150000)]
  0x0000000018a5d000 JavaThread "Daemon health stats" [_thread_blocked, id=14720, stack(0x000000001ba10000,0x000000001bb10000)]
  0x0000000018982000 JavaThread "Service Thread" daemon [_thread_blocked, id=13476, stack(0x0000000018e50000,0x0000000018f50000)]
  0x000000001895a800 JavaThread "C1 CompilerThread2" daemon [_thread_in_native, id=368, stack(0x0000000018d50000,0x0000000018e50000)]
=>0x0000000017123000 JavaThread "C2 CompilerThread1" daemon [_thread_in_native, id=13924, stack(0x0000000018850000,0x0000000018950000)]
  0x00000000170f7000 JavaThread "C2 CompilerThread0" daemon [_thread_in_native, id=9888, stack(0x0000000018750000,0x0000000018850000)]
  0x00000000170f5800 JavaThread "Attach Listener" daemon [_thread_blocked, id=13624, stack(0x0000000018650000,0x0000000018750000)]
  0x00000000170f4000 JavaThread "Signal Dispatcher" daemon [_thread_blocked, id=12376, stack(0x0000000018550000,0x0000000018650000)]
  0x000000000248b800 JavaThread "Finalizer" daemon [_thread_blocked, id=2124, stack(0x0000000018340000,0x0000000018440000)]
  0x00000000170d9000 JavaThread "Reference Handler" daemon [_thread_blocked, id=10920, stack(0x0000000018240000,0x0000000018340000)]
  0x000000000236e800 JavaThread "main" [_thread_blocked, id=2888, stack(0x0000000002250000,0x0000000002350000)]

Other Threads:
  0x00000000170b6000 VMThread [stack: 0x0000000018140000,0x0000000018240000] [id=14188]
  0x000000001714c800 WatcherThread [stack: 0x0000000018f50000,0x0000000019050000] [id=14468]

VM state:not at safepoint (normal execution)

VM Mutex/Monitor currently owned by a thread: None

heap address: 0x0000000080000000, size: 2048 MB, Compressed Oops mode: 32-bit
Narrow klass base: 0x0000000000000000, Narrow klass shift: 3
Compressed class space size: 1073741824 Address: 0x0000000100000000

Heap:
 PSYoungGen      total 202752K, used 95221K [0x00000000d5580000, 0x00000000e7200000, 0x0000000100000000)
  eden space 139264K, 55% used [0x00000000d5580000,0x00000000da096808,0x00000000ddd80000)
  from space 63488K, 28% used [0x00000000ddd80000,0x00000000def66d08,0x00000000e1b80000)
  to   space 60928K, 0% used [0x00000000e3680000,0x00000000e3680000,0x00000000e7200000)
 ParOldGen       total 161280K, used 77869K [0x0000000080000000, 0x0000000089d80000, 0x00000000d5580000)
  object space 161280K, 48% used [0x0000000080000000,0x0000000084c0b690,0x0000000089d80000)
 Metaspace       used 98708K, capacity 104670K, committed 105048K, reserved 1140736K
  class space    used 13231K, capacity 14317K, committed 14424K, reserved 1048576K

Card table byte_map: [0x0000000011860000,0x0000000011c70000] byte_map_base: 0x0000000011460000

Marking Bits: (ParMarkBitMap*) 0x000000005f64f030
 Begin Bits: [0x0000000012320000, 0x0000000014320000)
 End Bits:   [0x0000000014320000, 0x0000000016320000)

Polling page: 0x0000000002350000

CodeCache: size=245760Kb used=45771Kb max_used=45771Kb free=199988Kb
 bounds [0x00000000024a0000, 0x0000000005180000, 0x00000000114a0000]
 total_blobs=14357 nmethods=13488 adapters=779
 compilation: enabled

Compilation events (10 events):
Event: 572.458 Thread 0x000000001895a800 15628       3       com.android.tools.r8.graph.p$$Lambda$742/1926927349::a (37 bytes)
Event: 572.459 Thread 0x000000001895a800 nmethod 15628 0x0000000005174290 code [0x0000000005174400, 0x0000000005174648]
Event: 572.468 Thread 0x000000001895a800 15629       3       java.util.Collections$CopiesList::toArray (71 bytes)
Event: 572.469 Thread 0x000000001895a800 nmethod 15629 0x0000000005174750 code [0x0000000005174960, 0x0000000005175518]
Event: 572.475 Thread 0x000000001895a800 15630       3       com.android.tools.r8.s.b.r0::<init> (50 bytes)
Event: 572.476 Thread 0x000000001895a800 nmethod 15630 0x0000000005175a10 code [0x0000000005175b80, 0x0000000005175ea8]
Event: 572.480 Thread 0x000000001895a800 15631       1       com.android.tools.r8.s.b.s::N0 (2 bytes)
Event: 572.480 Thread 0x000000001895a800 nmethod 15631 0x0000000005176090 code [0x00000000051761e0, 0x00000000051762f0]
Event: 572.483 Thread 0x000000001895a800 15632       3       com.android.tools.r8.s.b.v::f (14 bytes)
Event: 572.483 Thread 0x000000001895a800 nmethod 15632 0x0000000005176350 code [0x00000000051764c0, 0x00000000051767c8]

GC Heap History (10 events):
Event: 553.230 GC heap before
{Heap before GC invocations=27 (full 3):
 PSYoungGen      total 146944K, used 146933K [0x00000000d5580000, 0x00000000e2600000, 0x0000000100000000)
  eden space 111616K, 100% used [0x00000000d5580000,0x00000000dc280000,0x00000000dc280000)
  from space 35328K, 99% used [0x00000000dc280000,0x00000000de4fd510,0x00000000de500000)
  to   space 41984K, 0% used [0x00000000dfd00000,0x00000000dfd00000,0x00000000e2600000)
 ParOldGen       total 161280K, used 46578K [0x0000000080000000, 0x0000000089d80000, 0x00000000d5580000)
  object space 161280K, 28% used [0x0000000080000000,0x0000000082d7c970,0x0000000089d80000)
 Metaspace       used 90530K, capacity 95442K, committed 95576K, reserved 1132544K
  class space    used 12111K, capacity 13105K, committed 13144K, reserved 1048576K
Event: 553.337 GC heap after
Heap after GC invocations=27 (full 3):
 PSYoungGen      total 164352K, used 41956K [0x00000000d5580000, 0x00000000e3400000, 0x0000000100000000)
  eden space 122368K, 0% used [0x00000000d5580000,0x00000000d5580000,0x00000000dcd00000)
  from space 41984K, 99% used [0x00000000dfd00000,0x00000000e25f93b0,0x00000000e2600000)
  to   space 49152K, 0% used [0x00000000dcd00000,0x00000000dcd00000,0x00000000dfd00000)
 ParOldGen       total 161280K, used 48100K [0x0000000080000000, 0x0000000089d80000, 0x00000000d5580000)
  object space 161280K, 29% used [0x0000000080000000,0x0000000082ef93e8,0x0000000089d80000)
 Metaspace       used 90530K, capacity 95442K, committed 95576K, reserved 1132544K
  class space    used 12111K, capacity 13105K, committed 13144K, reserved 1048576K
}
Event: 558.975 GC heap before
{Heap before GC invocations=28 (full 3):
 PSYoungGen      total 164352K, used 164324K [0x00000000d5580000, 0x00000000e3400000, 0x0000000100000000)
  eden space 122368K, 100% used [0x00000000d5580000,0x00000000dcd00000,0x00000000dcd00000)
  from space 41984K, 99% used [0x00000000dfd00000,0x00000000e25f93b0,0x00000000e2600000)
  to   space 49152K, 0% used [0x00000000dcd00000,0x00000000dcd00000,0x00000000dfd00000)
 ParOldGen       total 161280K, used 48102K [0x0000000080000000, 0x0000000089d80000, 0x00000000d5580000)
  object space 161280K, 29% used [0x0000000080000000,0x0000000082ef9b80,0x0000000089d80000)
 Metaspace       used 92296K, capacity 97624K, committed 97752K, reserved 1134592K
  class space    used 12395K, capacity 13444K, committed 13528K, reserved 1048576K
Event: 559.268 GC heap after
Heap after GC invocations=28 (full 3):
 PSYoungGen      total 171520K, used 49122K [0x00000000d5580000, 0x00000000e5600000, 0x0000000100000000)
  eden space 122368K, 0% used [0x00000000d5580000,0x00000000d5580000,0x00000000dcd00000)
  from space 49152K, 99% used [0x00000000dcd00000,0x00000000dfcf88a8,0x00000000dfd00000)
  to   space 59904K, 0% used [0x00000000e1b80000,0x00000000e1b80000,0x00000000e5600000)
 ParOldGen       total 161280K, used 56988K [0x0000000080000000, 0x0000000089d80000, 0x00000000d5580000)
  object space 161280K, 35% used [0x0000000080000000,0x00000000837a72e0,0x0000000089d80000)
 Metaspace       used 92296K, capacity 97624K, committed 97752K, reserved 1134592K
  class space    used 12395K, capacity 13444K, committed 13528K, reserved 1048576K
}
Event: 561.530 GC heap before
{Heap before GC invocations=29 (full 3):
 PSYoungGen      total 171520K, used 55744K [0x00000000d5580000, 0x00000000e5600000, 0x0000000100000000)
  eden space 122368K, 5% used [0x00000000d5580000,0x00000000d5bf77a0,0x00000000dcd00000)
  from space 49152K, 99% used [0x00000000dcd00000,0x00000000dfcf88a8,0x00000000dfd00000)
  to   space 59904K, 0% used [0x00000000e1b80000,0x00000000e1b80000,0x00000000e5600000)
 ParOldGen       total 161280K, used 56988K [0x0000000080000000, 0x0000000089d80000, 0x00000000d5580000)
  object space 161280K, 35% used [0x0000000080000000,0x00000000837a72e0,0x0000000089d80000)
 Metaspace       used 93051K, capacity 98366K, committed 98496K, reserved 1134592K
  class space    used 12494K, capacity 13541K, committed 13656K, reserved 1048576K
Event: 561.791 GC heap after
Heap after GC invocations=29 (full 3):
 PSYoungGen      total 199168K, used 42603K [0x00000000d5580000, 0x00000000e6300000, 0x0000000100000000)
  eden space 139264K, 0% used [0x00000000d5580000,0x00000000d5580000,0x00000000ddd80000)
  from space 59904K, 71% used [0x00000000e1b80000,0x00000000e451ae38,0x00000000e5600000)
  to   space 63488K, 0% used [0x00000000ddd80000,0x00000000ddd80000,0x00000000e1b80000)
 ParOldGen       total 161280K, used 65126K [0x0000000080000000, 0x0000000089d80000, 0x00000000d5580000)
  object space 161280K, 40% used [0x0000000080000000,0x0000000083f99a90,0x0000000089d80000)
 Metaspace       used 93051K, capacity 98366K, committed 98496K, reserved 1134592K
  class space    used 12494K, capacity 13541K, committed 13656K, reserved 1048576K
}
Event: 561.791 GC heap before
{Heap before GC invocations=30 (full 4):
 PSYoungGen      total 199168K, used 42603K [0x00000000d5580000, 0x00000000e6300000, 0x0000000100000000)
  eden space 139264K, 0% used [0x00000000d5580000,0x00000000d5580000,0x00000000ddd80000)
  from space 59904K, 71% used [0x00000000e1b80000,0x00000000e451ae38,0x00000000e5600000)
  to   space 63488K, 0% used [0x00000000ddd80000,0x00000000ddd80000,0x00000000e1b80000)
 ParOldGen       total 161280K, used 65126K [0x0000000080000000, 0x0000000089d80000, 0x00000000d5580000)
  object space 161280K, 40% used [0x0000000080000000,0x0000000083f99a90,0x0000000089d80000)
 Metaspace       used 93051K, capacity 98366K, committed 98496K, reserved 1134592K
  class space    used 12494K, capacity 13541K, committed 13656K, reserved 1048576K
Event: 563.243 GC heap after
Heap after GC invocations=30 (full 4):
 PSYoungGen      total 199168K, used 0K [0x00000000d5580000, 0x00000000e6300000, 0x0000000100000000)
  eden space 139264K, 0% used [0x00000000d5580000,0x00000000d5580000,0x00000000ddd80000)
  from space 59904K, 0% used [0x00000000e1b80000,0x00000000e1b80000,0x00000000e5600000)
  to   space 63488K, 0% used [0x00000000ddd80000,0x00000000ddd80000,0x00000000e1b80000)
 ParOldGen       total 161280K, used 77861K [0x0000000080000000, 0x0000000089d80000, 0x00000000d5580000)
  object space 161280K, 48% used [0x0000000080000000,0x0000000084c09690,0x0000000089d80000)
 Metaspace       used 92808K, capacity 97654K, committed 98496K, reserved 1134592K
  class space    used 12413K, capacity 13397K, committed 13656K, reserved 1048576K
}
Event: 570.737 GC heap before
{Heap before GC invocations=31 (full 4):
 PSYoungGen      total 199168K, used 139264K [0x00000000d5580000, 0x00000000e6300000, 0x0000000100000000)
  eden space 139264K, 100% used [0x00000000d5580000,0x00000000ddd80000,0x00000000ddd80000)
  from space 59904K, 0% used [0x00000000e1b80000,0x00000000e1b80000,0x00000000e5600000)
  to   space 63488K, 0% used [0x00000000ddd80000,0x00000000ddd80000,0x00000000e1b80000)
 ParOldGen       total 161280K, used 77861K [0x0000000080000000, 0x0000000089d80000, 0x00000000d5580000)
  object space 161280K, 48% used [0x0000000080000000,0x0000000084c09690,0x0000000089d80000)
 Metaspace       used 98184K, capacity 104144K, committed 104280K, reserved 1138688K
  class space    used 13209K, capacity 14312K, committed 14424K, reserved 1048576K
Event: 570.832 GC heap after
Heap after GC invocations=31 (full 4):
 PSYoungGen      total 202752K, used 18331K [0x00000000d5580000, 0x00000000e7200000, 0x0000000100000000)
  eden space 139264K, 0% used [0x00000000d5580000,0x00000000d5580000,0x00000000ddd80000)
  from space 63488K, 28% used [0x00000000ddd80000,0x00000000def66d08,0x00000000e1b80000)
  to   space 60928K, 0% used [0x00000000e3680000,0x00000000e3680000,0x00000000e7200000)
 ParOldGen       total 161280K, used 77869K [0x0000000080000000, 0x0000000089d80000, 0x00000000d5580000)
  object space 161280K, 48% used [0x0000000080000000,0x0000000084c0b690,0x0000000089d80000)
 Metaspace       used 98184K, capacity 104144K, committed 104280K, reserved 1138688K
  class space    used 13209K, capacity 14312K, committed 14424K, reserved 1048576K
}

Deoptimization events (10 events):
Event: 570.906 Thread 0x000000001e02f800 Uncommon trap: reason=unstable_if action=reinterpret pc=0x00000000048db3c4 method=com.android.tools.r8.utils.Y.d(I)Z @ 45
Event: 571.266 Thread 0x000000001e02f800 Uncommon trap: reason=unstable_if action=reinterpret pc=0x0000000004b80e68 method=com.android.tools.r8.ir.regalloc.a.a(Lcom/android/tools/r8/s/b/k0;Lcom/android/tools/r8/ir/regalloc/a$b;)Z @ 75
Event: 571.459 Thread 0x000000001e02f800 Uncommon trap: reason=unstable_if action=reinterpret pc=0x0000000002acb300 method=com.android.tools.r8.ir.regalloc.h.a(I)I @ 8
Event: 571.459 Thread 0x000000001e02f800 Uncommon trap: reason=unstable_if action=reinterpret pc=0x0000000004e80c4c method=com.android.tools.r8.ir.regalloc.h.a(II)V @ 8
Event: 571.463 Thread 0x000000001e02f800 Uncommon trap: reason=unstable_if action=reinterpret pc=0x0000000004b50974 method=com.android.tools.r8.ir.regalloc.a.a(I)I @ 12
Event: 571.464 Thread 0x000000001e02f800 Uncommon trap: reason=unstable_if action=reinterpret pc=0x0000000004c79cd0 method=com.android.tools.r8.ir.regalloc.b.r()Z @ 9
Event: 571.465 Thread 0x000000001e02f800 Uncommon trap: reason=unstable_if action=reinterpret pc=0x0000000005046de0 method=com.android.tools.r8.ir.regalloc.b.r()Z @ 9
Event: 571.733 Thread 0x000000001e02f800 Uncommon trap: reason=array_check action=maybe_recompile pc=0x0000000004f10bdc method=java.util.TimSort.reverseRange([Ljava/lang/Object;II)V @ 27
Event: 571.733 Thread 0x000000001e02f800 Uncommon trap: reason=array_check action=maybe_recompile pc=0x0000000004f10bdc method=java.util.TimSort.reverseRange([Ljava/lang/Object;II)V @ 27
Event: 572.238 Thread 0x000000001e02f800 Uncommon trap: reason=unstable_if action=reinterpret pc=0x000000000456d6b0 method=java.util.concurrent.ArrayBlockingQueue.dequeue()Ljava/lang/Object; @ 32

Classes redefined (0 events):
No events

Internal exceptions (10 events):
Event: 568.195 Thread 0x000000001e030000 Exception <a 'sun/nio/fs/WindowsException'> (0x00000000d8e5cbc0) thrown at [C:\src\AOSP-openjdk-git\hotspot\src\share\vm\prims\jni.cpp, line 710]
Event: 568.262 Thread 0x000000001e034000 Exception <a 'sun/nio/fs/WindowsException'> (0x00000000d9734078) thrown at [C:\src\AOSP-openjdk-git\hotspot\src\share\vm\prims\jni.cpp, line 710]
Event: 568.376 Thread 0x000000001e02f800 Exception <a 'sun/nio/fs/WindowsException'> (0x00000000d9fdb080) thrown at [C:\src\AOSP-openjdk-git\hotspot\src\share\vm\prims\jni.cpp, line 710]
Event: 568.986 Thread 0x000000001e030000 Exception <a 'sun/nio/fs/WindowsException'> (0x00000000db0a96d0) thrown at [C:\src\AOSP-openjdk-git\hotspot\src\share\vm\prims\jni.cpp, line 710]
Event: 569.743 Thread 0x000000001e02f800 Exception <a 'sun/nio/fs/WindowsException'> (0x00000000dbfd77a8) thrown at [C:\src\AOSP-openjdk-git\hotspot\src\share\vm\prims\jni.cpp, line 710]
Event: 570.043 Thread 0x000000001e02f800 Exception <a 'sun/nio/fs/WindowsException'> (0x00000000dcf32918) thrown at [C:\src\AOSP-openjdk-git\hotspot\src\share\vm\prims\jni.cpp, line 710]
Event: 571.757 Thread 0x000000001e02f800 Exception <a 'sun/nio/fs/WindowsException'> (0x00000000d708d318) thrown at [C:\src\AOSP-openjdk-git\hotspot\src\share\vm\prims\jni.cpp, line 710]
Event: 571.975 Thread 0x000000001e02f800 Exception <a 'sun/nio/fs/WindowsException'> (0x00000000d7cbd190) thrown at [C:\src\AOSP-openjdk-git\hotspot\src\share\vm\prims\jni.cpp, line 710]
Event: 572.227 Thread 0x000000001e02f800 Exception <a 'sun/nio/fs/WindowsException'> (0x00000000d877ed70) thrown at [C:\src\AOSP-openjdk-git\hotspot\src\share\vm\prims\jni.cpp, line 710]
Event: 572.392 Thread 0x000000001e02f800 Exception <a 'sun/nio/fs/WindowsException'> (0x00000000d970a198) thrown at [C:\src\AOSP-openjdk-git\hotspot\src\share\vm\prims\jni.cpp, line 710]

Events (10 events):
Event: 572.045 loading class com/android/tools/r8/ir/conversion/p done
Event: 572.238 Thread 0x000000001e02f800 Uncommon trap: trap_request=0xffffff65 fr.pc=0x000000000456d6b0
Event: 572.238 Thread 0x000000001e02f800 DEOPT PACKING pc=0x000000000456d6b0 sp=0x00000000200cb5b0
Event: 572.238 Thread 0x000000001e02f800 DEOPT UNPACKING pc=0x00000000024e557b sp=0x00000000200cb570 mode 2
Event: 572.244 loading class com/android/tools/r8/s/b/M0
Event: 572.244 loading class com/android/tools/r8/s/b/M0 done
Event: 572.244 loading class com/android/tools/r8/s/b/k0
Event: 572.244 loading class com/android/tools/r8/s/b/k0 done
Event: 572.244 loading class com/android/tools/r8/s/b/M0
Event: 572.244 loading class com/android/tools/r8/s/b/M0 done


Dynamic libraries:
0x00007ff628a20000 - 0x00007ff628a51000 	C:\Program Files\Android\Android Studio\jre\bin\java.exe
0x00007ff9ead40000 - 0x00007ff9eaf30000 	C:\WINDOWS\SYSTEM32\ntdll.dll
0x00007ff9e93b0000 - 0x00007ff9e9462000 	C:\WINDOWS\System32\KERNEL32.DLL
0x00007ff9e8270000 - 0x00007ff9e8515000 	C:\WINDOWS\System32\KERNELBASE.dll
0x00007ff9e9020000 - 0x00007ff9e90c3000 	C:\WINDOWS\System32\ADVAPI32.dll
0x00007ff9ea8c0000 - 0x00007ff9ea95e000 	C:\WINDOWS\System32\msvcrt.dll
0x00007ff9ea4a0000 - 0x00007ff9ea537000 	C:\WINDOWS\System32\sechost.dll
0x00007ff9ea7a0000 - 0x00007ff9ea8c0000 	C:\WINDOWS\System32\RPCRT4.dll
0x00007ff9ea600000 - 0x00007ff9ea795000 	C:\WINDOWS\System32\USER32.dll
0x00007ff9e81a0000 - 0x00007ff9e81c1000 	C:\WINDOWS\System32\win32u.dll
0x00007ff9ea560000 - 0x00007ff9ea586000 	C:\WINDOWS\System32\GDI32.dll
0x00007ff9e7cd0000 - 0x00007ff9e7e66000 	C:\WINDOWS\System32\gdi32full.dll
0x00007ff9e81d0000 - 0x00007ff9e826e000 	C:\WINDOWS\System32\msvcp_win.dll
0x00007ff9e8520000 - 0x00007ff9e861a000 	C:\WINDOWS\System32\ucrtbase.dll
0x00007ff9da9c0000 - 0x00007ff9dac44000 	C:\WINDOWS\WinSxS\amd64_microsoft.windows.common-controls_6595b64144ccf1df_6.0.18362.1082_none_9e8193e1e45b25c1\COMCTL32.dll
0x00007ff9ea960000 - 0x00007ff9eac95000 	C:\WINDOWS\System32\combase.dll
0x00007ff9e8120000 - 0x00007ff9e81a0000 	C:\WINDOWS\System32\bcryptPrimitives.dll
0x00007ff9ea470000 - 0x00007ff9ea49e000 	C:\WINDOWS\System32\IMM32.DLL
0x000000005ecc0000 - 0x000000005ed92000 	C:\Program Files\Android\Android Studio\jre\jre\bin\msvcr100.dll
0x000000005ee80000 - 0x000000005f6cb000 	C:\Program Files\Android\Android Studio\jre\jre\bin\server\jvm.dll
0x00007ff9ea540000 - 0x00007ff9ea548000 	C:\WINDOWS\System32\PSAPI.DLL
0x00007ff9e11e0000 - 0x00007ff9e11e9000 	C:\WINDOWS\SYSTEM32\WSOCK32.dll
0x00007ff9ea590000 - 0x00007ff9ea5ff000 	C:\WINDOWS\System32\WS2_32.dll
0x00007ff9e4ea0000 - 0x00007ff9e4ec4000 	C:\WINDOWS\SYSTEM32\WINMM.dll
0x00007ff9db750000 - 0x00007ff9db75a000 	C:\WINDOWS\SYSTEM32\VERSION.dll
0x00007ff9e4e70000 - 0x00007ff9e4e9d000 	C:\WINDOWS\SYSTEM32\winmmbase.dll
0x00007ff9e8620000 - 0x00007ff9e866a000 	C:\WINDOWS\System32\cfgmgr32.dll
0x00007ff9e10a0000 - 0x00007ff9e10af000 	C:\Program Files\Android\Android Studio\jre\jre\bin\verify.dll
0x00007ff9d9850000 - 0x00007ff9d9879000 	C:\Program Files\Android\Android Studio\jre\jre\bin\java.dll
0x00007ff9d9800000 - 0x00007ff9d9816000 	C:\Program Files\Android\Android Studio\jre\jre\bin\zip.dll
0x00007ff9e9870000 - 0x00007ff9e9f57000 	C:\WINDOWS\System32\SHELL32.dll
0x00007ff9e9150000 - 0x00007ff9e91f9000 	C:\WINDOWS\System32\shcore.dll
0x00007ff9e8670000 - 0x00007ff9e8df0000 	C:\WINDOWS\System32\windows.storage.dll
0x00007ff9e7c10000 - 0x00007ff9e7c33000 	C:\WINDOWS\System32\profapi.dll
0x00007ff9e7c40000 - 0x00007ff9e7c8a000 	C:\WINDOWS\System32\powrprof.dll
0x00007ff9e7c00000 - 0x00007ff9e7c10000 	C:\WINDOWS\System32\UMPDC.dll
0x00007ff9e9810000 - 0x00007ff9e9862000 	C:\WINDOWS\System32\shlwapi.dll
0x00007ff9e7c90000 - 0x00007ff9e7ca1000 	C:\WINDOWS\System32\kernel.appcore.dll
0x00007ff9e7ea0000 - 0x00007ff9e7eb7000 	C:\WINDOWS\System32\cryptsp.dll
0x00007ff9d14c0000 - 0x00007ff9d14da000 	C:\Program Files\Android\Android Studio\jre\jre\bin\net.dll
0x00007ff9e7450000 - 0x00007ff9e74b7000 	C:\WINDOWS\system32\mswsock.dll
0x00007ff9d14a0000 - 0x00007ff9d14b3000 	C:\Program Files\Android\Android Studio\jre\jre\bin\nio.dll
0x00007ff9bb5c0000 - 0x00007ff9bb5e7000 	C:\Users\David Adeyinka\.gradle\native\9f2fa17c089eee584f3420100432f77ec4c098959e4bf121a4d6054c26537dfb\windows-amd64\native-platform.dll
0x00007ff9e0b80000 - 0x00007ff9e0b8d000 	C:\Program Files\Android\Android Studio\jre\jre\bin\management.dll
0x00007ff9e6f60000 - 0x00007ff9e6f93000 	C:\WINDOWS\system32\rsaenh.dll
0x00007ff9e7e70000 - 0x00007ff9e7e96000 	C:\WINDOWS\System32\bcrypt.dll
0x00007ff9e7ae0000 - 0x00007ff9e7b05000 	C:\WINDOWS\SYSTEM32\USERENV.dll
0x00007ff9e7620000 - 0x00007ff9e762c000 	C:\WINDOWS\SYSTEM32\CRYPTBASE.dll
0x00007ff9e7160000 - 0x00007ff9e719a000 	C:\WINDOWS\SYSTEM32\IPHLPAPI.DLL
0x00007ff9ea550000 - 0x00007ff9ea558000 	C:\WINDOWS\System32\NSI.dll
0x00007ff9dcaa0000 - 0x00007ff9dcab6000 	C:\WINDOWS\SYSTEM32\dhcpcsvc6.DLL
0x00007ff9dca80000 - 0x00007ff9dca9c000 	C:\WINDOWS\SYSTEM32\dhcpcsvc.DLL
0x00007ff9e71a0000 - 0x00007ff9e726b000 	C:\WINDOWS\SYSTEM32\DNSAPI.dll
0x00007ff9dd390000 - 0x00007ff9dd39b000 	C:\WINDOWS\SYSTEM32\WINNSI.DLL
0x00007ff9a3070000 - 0x00007ff9a3206000 	C:\Users\David Adeyinka\.gradle\native\9f2fa17c089eee584f3420100432f77ec4c098959e4bf121a4d6054c26537dfb\windows-amd64\native-platform-file-events.dll

VM Arguments:
jvm_args: -Xmx2048m -Dfile.encoding=UTF-8 -Duser.country=GB -Duser.language=en -Duser.variant 
java_command: org.gradle.launcher.daemon.bootstrap.GradleDaemon 6.6.1
java_class_path (initial): C:\Gradle\gradle-6.6.1\lib\gradle-launcher-6.6.1.jar
Launcher Type: SUN_STANDARD

Environment Variables:
PATH=C:\Program Files (x86)\Common Files\Oracle\Java\javapath;C:\WINDOWS\system32;C:\WINDOWS;C:\WINDOWS\System32\Wbem;C:\WINDOWS\System32\WindowsPowerShell\v1.0\;C:\WINDOWS\System32\OpenSSH\;C:\Program Files (x86)\Git\cmd;C:\Program Files\nodejs\;c:\Program Files (x86)\Microsoft SQL Server\100\Tools\Binn\;c:\Program Files\Microsoft SQL Server\100\Tools\Binn\;c:\Program Files\Microsoft SQL Server\100\DTS\Binn\;C:\Go\bin;C:\Program Files\Microsoft VS Code\bin;C:\Users\David Adeyinka\AppData\Local\Programs\Python\Python37-32\Scripts\;C:\Users\David Adeyinka\AppData\Local\Programs\Python\Python37-32\;C:\Users\David Adeyinka\AppData\Local\Microsoft\WindowsApps;;C:\Program Files\JetBrains\IntelliJ IDEA Community Edition 2019.1.3\bin;;C:\Program Files\Microsoft VS Code\bin;C:\Users\David Adeyinka\AppData\Roaming\npm;C:\Users\David Adeyinka\go\bin
USERNAME=David Adeyinka
OS=Windows_NT
PROCESSOR_IDENTIFIER=Intel64 Family 6 Model 61 Stepping 4, GenuineIntel



---------------  S Y S T E M  ---------------

OS: Windows 10.0 , 64 bit Build 18362 (10.0.18362.1082)

CPU:total 4 (initial active 4) (2 cores per cpu, 2 threads per core) family 6 model 61 stepping 4, cmov, cx8, fxsr, mmx, sse, sse2, sse3, ssse3, sse4.1, sse4.2, popcnt, avx, avx2, aes, clmul, erms, 3dnowpref, lzcnt, ht, tsc, tscinvbit, bmi1, bmi2, adx

Memory: 4k page, physical 8277100k(762948k free), swap 8277100k(4536k free)

vm_info: OpenJDK 64-Bit Server VM (25.242-b01) for windows-amd64 JRE (1.8.0_242-release-1644-b01), built by "builder" with MS VC++ 10.0 (VS2010)

time: Fri Jan 29 12:42:56 2021
timezone: W. Central Africa Standard Time
elapsed time: 572 seconds (0d 0h 9m 32s)

