#
# There is insufficient memory for the Java Runtime Environment to continue.
# Native memory allocation (malloc) failed to allocate 32744 bytes for ChunkPool::allocate
# Possible reasons:
#   The system is out of physical RAM or swap space
#   The process is running with CompressedOops enabled, and the Java Heap may be blocking the growth of the native heap
# Possible solutions:
#   Reduce memory load on the system
#   Increase physical memory or swap space
#   Check if swap backing store is full
#   Decrease Java heap size (-Xmx/-Xms)
#   Decrease number of Java threads
#   Decrease Java thread stack sizes (-Xss)
#   Set larger code cache with -XX:ReservedCodeCacheSize=
#   JVM is running with Unscaled Compressed Oops mode in which the Java heap is
#     placed in the first 4GB address space. The Java Heap base address is the
#     maximum limit for the native heap growth. Please use -XX:HeapBaseMinAddress
#     to set the Java Heap base and to place the Java Heap above 4GB virtual address.
# This output file may be truncated or incomplete.
#
#  Out of Memory Error (allocation.cpp:272), pid=5956, tid=0x00000000000007a0
#
# JRE version: OpenJDK Runtime Environment (8.0_242-b01) (build 1.8.0_242-release-1644-b01)
# Java VM: OpenJDK 64-Bit Server VM (25.242-b01 mixed mode windows-amd64 compressed oops)
# Failed to write core dump. Minidumps are not enabled by default on client versions of Windows
#

---------------  T H R E A D  ---------------

Current thread (0x0000000017a3a800):  JavaThread "C2 CompilerThread1" daemon [_thread_in_native, id=1952, stack(0x0000000019180000,0x0000000019280000)]

Stack: [0x0000000019180000,0x0000000019280000]
[error occurred during error reporting (printing stack bounds), id 0xc0000005]

Native frames: (J=compiled Java code, j=interpreted, Vv=VM code, C=native code)


Current CompileTask:
C2:  37976 4869       4       org.codehaus.groovy.reflection.CachedMethod::compareToCachedMethod (160 bytes)


---------------  P R O C E S S  ---------------

Java Threads: ( => current thread )
  0x000000001a6e8000 JavaThread "jar transforms Thread 114" [_thread_blocked, id=12564, stack(0x000000002a170000,0x000000002a270000)]
  0x000000001a6e7800 JavaThread "jar transforms Thread 113" [_thread_blocked, id=9780, stack(0x000000002a070000,0x000000002a170000)]
  0x000000001a6ee000 JavaThread "jar transforms Thread 112" [_thread_blocked, id=8052, stack(0x0000000029f70000,0x000000002a070000)]
  0x000000001a6eb000 JavaThread "jar transforms Thread 111" [_thread_blocked, id=7464, stack(0x0000000029e70000,0x0000000029f70000)]
  0x000000001a6ea800 JavaThread "jar transforms Thread 110" [_thread_blocked, id=7536, stack(0x0000000029d70000,0x0000000029e70000)]
  0x000000001a6e9800 JavaThread "jar transforms Thread 109" [_thread_blocked, id=13112, stack(0x0000000029c70000,0x0000000029d70000)]
  0x000000001a6ed800 JavaThread "jar transforms Thread 108" [_thread_blocked, id=12108, stack(0x0000000029b70000,0x0000000029c70000)]
  0x000000001a6ec800 JavaThread "jar transforms Thread 107" [_thread_blocked, id=10212, stack(0x0000000029a70000,0x0000000029b70000)]
  0x000000001a6ec000 JavaThread "jar transforms Thread 106" [_thread_blocked, id=6960, stack(0x0000000029970000,0x0000000029a70000)]
  0x000000001a6e0000 JavaThread "jar transforms Thread 105" [_thread_blocked, id=11360, stack(0x0000000029870000,0x0000000029970000)]
  0x000000001a6e6800 JavaThread "jar transforms Thread 104" [_thread_blocked, id=1468, stack(0x0000000029770000,0x0000000029870000)]
  0x000000001a6e6000 JavaThread "jar transforms Thread 103" [_thread_blocked, id=10532, stack(0x0000000029670000,0x0000000029770000)]
  0x000000001a6e5000 JavaThread "jar transforms Thread 102" [_thread_blocked, id=9788, stack(0x0000000029570000,0x0000000029670000)]
  0x000000001a6e3000 JavaThread "jar transforms Thread 101" [_thread_blocked, id=3120, stack(0x0000000029470000,0x0000000029570000)]
  0x000000001a6e4800 JavaThread "jar transforms Thread 100" [_thread_blocked, id=10068, stack(0x0000000029370000,0x0000000029470000)]
  0x000000001a6e0800 JavaThread "jar transforms Thread 99" [_thread_blocked, id=4868, stack(0x0000000029270000,0x0000000029370000)]
  0x000000001a6e3800 JavaThread "jar transforms Thread 98" [_thread_blocked, id=9808, stack(0x0000000029170000,0x0000000029270000)]
  0x000000001a6e2000 JavaThread "jar transforms Thread 97" [_thread_blocked, id=764, stack(0x0000000029070000,0x0000000029170000)]
  0x000000001a6e1800 JavaThread "jar transforms Thread 96" [_thread_blocked, id=11804, stack(0x0000000028e70000,0x0000000028f70000)]
  0x000000001a6df000 JavaThread "jar transforms Thread 95" [_thread_blocked, id=4468, stack(0x0000000028d70000,0x0000000028e70000)]
  0x000000001aa12800 JavaThread "jar transforms Thread 94" [_thread_blocked, id=7884, stack(0x0000000028c70000,0x0000000028d70000)]
  0x000000001aa10000 JavaThread "jar transforms Thread 93" [_thread_blocked, id=9560, stack(0x0000000028b70000,0x0000000028c70000)]
  0x000000001aa0c800 JavaThread "jar transforms Thread 92" [_thread_blocked, id=10692, stack(0x0000000028a70000,0x0000000028b70000)]
  0x000000001aa0f800 JavaThread "jar transforms Thread 91" [_thread_blocked, id=3740, stack(0x0000000028970000,0x0000000028a70000)]
  0x000000001aa11800 JavaThread "jar transforms Thread 90" [_thread_blocked, id=8348, stack(0x0000000028870000,0x0000000028970000)]
  0x000000001aa0e800 JavaThread "jar transforms Thread 89" [_thread_blocked, id=12920, stack(0x0000000028770000,0x0000000028870000)]
  0x000000001aa11000 JavaThread "jar transforms Thread 88" [_thread_blocked, id=7076, stack(0x0000000028670000,0x0000000028770000)]
  0x000000001aa0e000 JavaThread "jar transforms Thread 87" [_thread_blocked, id=9420, stack(0x0000000028570000,0x0000000028670000)]
  0x000000001aa0d000 JavaThread "jar transforms Thread 86" [_thread_blocked, id=7532, stack(0x0000000028470000,0x0000000028570000)]
  0x000000001aa06800 JavaThread "jar transforms Thread 85" [_thread_blocked, id=5100, stack(0x0000000028370000,0x0000000028470000)]
  0x000000001aa0b800 JavaThread "jar transforms Thread 84" [_thread_blocked, id=6596, stack(0x0000000028270000,0x0000000028370000)]
  0x000000001aa04000 JavaThread "jar transforms Thread 83" [_thread_blocked, id=9104, stack(0x0000000028170000,0x0000000028270000)]
  0x000000001aa08000 JavaThread "jar transforms Thread 82" [_thread_blocked, id=4964, stack(0x0000000028070000,0x0000000028170000)]
  0x000000001aa08800 JavaThread "jar transforms Thread 81" [_thread_blocked, id=4660, stack(0x0000000027f70000,0x0000000028070000)]
  0x000000001aa09800 JavaThread "jar transforms Thread 80" [_thread_blocked, id=8240, stack(0x0000000027e70000,0x0000000027f70000)]
  0x000000001aa0b000 JavaThread "jar transforms Thread 79" [_thread_blocked, id=11828, stack(0x0000000027d70000,0x0000000027e70000)]
  0x000000001aa05800 JavaThread "jar transforms Thread 78" [_thread_blocked, id=7232, stack(0x0000000027c70000,0x0000000027d70000)]
  0x000000001aa03800 JavaThread "jar transforms Thread 77" [_thread_blocked, id=2092, stack(0x0000000027b70000,0x0000000027c70000)]
  0x000000001aa07000 JavaThread "jar transforms Thread 76" [_thread_blocked, id=3252, stack(0x0000000027a70000,0x0000000027b70000)]
  0x000000001aa0a000 JavaThread "jar transforms Thread 75" [_thread_blocked, id=8936, stack(0x0000000027970000,0x0000000027a70000)]
  0x000000001aa05000 JavaThread "jar transforms Thread 74" [_thread_blocked, id=7244, stack(0x0000000027870000,0x0000000027970000)]
  0x0000000020dee000 JavaThread "jar transforms Thread 73" [_thread_blocked, id=4924, stack(0x0000000027770000,0x0000000027870000)]
  0x0000000020ded000 JavaThread "jar transforms Thread 72" [_thread_blocked, id=6232, stack(0x0000000027670000,0x0000000027770000)]
  0x0000000020dee800 JavaThread "jar transforms Thread 71" [_thread_blocked, id=10052, stack(0x0000000027570000,0x0000000027670000)]
  0x0000000020deb000 JavaThread "jar transforms Thread 70" [_thread_blocked, id=7964, stack(0x0000000027470000,0x0000000027570000)]
  0x0000000020dea000 JavaThread "jar transforms Thread 69" [_thread_blocked, id=11160, stack(0x0000000027370000,0x0000000027470000)]
  0x0000000020dec800 JavaThread "jar transforms Thread 68" [_thread_blocked, id=7404, stack(0x0000000027270000,0x0000000027370000)]
  0x0000000020deb800 JavaThread "jar transforms Thread 67" [_thread_blocked, id=7424, stack(0x0000000027170000,0x0000000027270000)]
  0x0000000020de9800 JavaThread "jar transforms Thread 66" [_thread_blocked, id=12764, stack(0x0000000027070000,0x0000000027170000)]
  0x0000000020def800 JavaThread "jar transforms Thread 65" [_thread_blocked, id=7552, stack(0x0000000026f70000,0x0000000027070000)]
  0x0000000020de2000 JavaThread "jar transforms Thread 64" [_thread_blocked, id=7480, stack(0x0000000026e70000,0x0000000026f70000)]
  0x0000000020de8800 JavaThread "jar transforms Thread 63" [_thread_blocked, id=12912, stack(0x0000000026d70000,0x0000000026e70000)]
  0x0000000020de8000 JavaThread "jar transforms Thread 62" [_thread_blocked, id=11744, stack(0x0000000026c70000,0x0000000026d70000)]
  0x0000000020de7000 JavaThread "jar transforms Thread 61" [_thread_blocked, id=10700, stack(0x0000000026b70000,0x0000000026c70000)]
  0x0000000020de1000 JavaThread "jar transforms Thread 60" [_thread_blocked, id=3076, stack(0x0000000026a70000,0x0000000026b70000)]
  0x0000000020de3800 JavaThread "jar transforms Thread 59" [_thread_blocked, id=3172, stack(0x0000000026970000,0x0000000026a70000)]
  0x0000000020de6800 JavaThread "jar transforms Thread 58" [_thread_blocked, id=13196, stack(0x0000000026870000,0x0000000026970000)]
  0x0000000020de5000 JavaThread "jar transforms Thread 57" [_thread_blocked, id=9220, stack(0x0000000026770000,0x0000000026870000)]
  0x0000000020de5800 JavaThread "jar transforms Thread 56" [_thread_blocked, id=9264, stack(0x0000000026670000,0x0000000026770000)]
  0x0000000020de0800 JavaThread "jar transforms Thread 55" [_thread_blocked, id=7636, stack(0x0000000026570000,0x0000000026670000)]
  0x0000000020de4000 JavaThread "jar transforms Thread 54" [_thread_blocked, id=12852, stack(0x0000000026470000,0x0000000026570000)]
  0x0000000020de2800 JavaThread "jar transforms Thread 53" [_thread_blocked, id=12416, stack(0x0000000026370000,0x0000000026470000)]
  0x000000001ab61800 JavaThread "jar transforms Thread 52" [_thread_blocked, id=10060, stack(0x0000000026270000,0x0000000026370000)]
  0x000000001ab67800 JavaThread "jar transforms Thread 51" [_thread_blocked, id=4548, stack(0x0000000026170000,0x0000000026270000)]
  0x000000001ab67000 JavaThread "jar transforms Thread 50" [_thread_blocked, id=11516, stack(0x0000000026070000,0x0000000026170000)]
  0x000000001ab65800 JavaThread "jar transforms Thread 49" [_thread_blocked, id=3016, stack(0x0000000025f70000,0x0000000026070000)]
  0x000000001ab68800 JavaThread "jar transforms Thread 48" [_thread_blocked, id=10420, stack(0x0000000025e70000,0x0000000025f70000)]
  0x000000001ab66000 JavaThread "jar transforms Thread 47" [_thread_blocked, id=6500, stack(0x0000000025d70000,0x0000000025e70000)]
  0x000000001ab5f800 JavaThread "jar transforms Thread 46" [_thread_blocked, id=9844, stack(0x0000000025c70000,0x0000000025d70000)]
  0x000000001ab64800 JavaThread "jar transforms Thread 45" [_thread_blocked, id=7268, stack(0x0000000025b70000,0x0000000025c70000)]
  0x000000001ab5d000 JavaThread "jar transforms Thread 44" [_thread_blocked, id=5268, stack(0x0000000025a70000,0x0000000025b70000)]
  0x000000001ab63000 JavaThread "jar transforms Thread 43" [_thread_blocked, id=3744, stack(0x0000000025970000,0x0000000025a70000)]
  0x000000001ab64000 JavaThread "jar transforms Thread 42" [_thread_blocked, id=8624, stack(0x0000000025870000,0x0000000025970000)]
  0x000000001ab62800 JavaThread "jar transforms Thread 41" [_thread_blocked, id=4912, stack(0x0000000025770000,0x0000000025870000)]
  0x000000001ab5e800 JavaThread "jar transforms Thread 40" [_thread_blocked, id=9580, stack(0x0000000025670000,0x0000000025770000)]
  0x000000001ab5a000 JavaThread "jar transforms Thread 39" [_thread_blocked, id=7700, stack(0x0000000025570000,0x0000000025670000)]
  0x000000001ab5e000 JavaThread "jar transforms Thread 38" [_thread_blocked, id=6496, stack(0x0000000025470000,0x0000000025570000)]
  0x000000001ab5b800 JavaThread "jar transforms Thread 37" [_thread_blocked, id=11732, stack(0x0000000025370000,0x0000000025470000)]
  0x000000001ab5c800 JavaThread "jar transforms Thread 36" [_thread_blocked, id=6436, stack(0x0000000025270000,0x0000000025370000)]
  0x000000001ab5a800 JavaThread "jar transforms Thread 35" [_thread_blocked, id=10984, stack(0x0000000025170000,0x0000000025270000)]
  0x000000001ab61000 JavaThread "jar transforms Thread 34" [_thread_blocked, id=7572, stack(0x0000000025070000,0x0000000025170000)]
  0x000000001ab59000 JavaThread "jar transforms Thread 33" [_thread_blocked, id=13308, stack(0x0000000024f70000,0x0000000025070000)]
  0x000000001ab60000 JavaThread "jar transforms Thread 32" [_thread_blocked, id=3628, stack(0x0000000024e70000,0x0000000024f70000)]
  0x0000000019e9a800 JavaThread "jar transforms Thread 31" [_thread_blocked, id=12664, stack(0x0000000024d70000,0x0000000024e70000)]
  0x0000000019e99800 JavaThread "jar transforms Thread 30" [_thread_blocked, id=10928, stack(0x0000000024c70000,0x0000000024d70000)]
  0x0000000019ea0800 JavaThread "jar transforms Thread 29" [_thread_blocked, id=6084, stack(0x0000000024b70000,0x0000000024c70000)]
  0x0000000019e99000 JavaThread "jar transforms Thread 28" [_thread_blocked, id=948, stack(0x0000000024a70000,0x0000000024b70000)]
  0x0000000019e9c800 JavaThread "jar transforms Thread 27" [_thread_blocked, id=5652, stack(0x0000000024970000,0x0000000024a70000)]
  0x0000000019e9c000 JavaThread "jar transforms Thread 26" [_thread_blocked, id=10988, stack(0x0000000024870000,0x0000000024970000)]
  0x0000000019e9f800 JavaThread "jar transforms Thread 25" [_thread_blocked, id=488, stack(0x0000000024770000,0x0000000024870000)]
  0x0000000019e9f000 JavaThread "jar transforms Thread 24" [_thread_blocked, id=9744, stack(0x0000000024670000,0x0000000024770000)]
  0x0000000019e9b000 JavaThread "jar transforms Thread 23" [_thread_blocked, id=7156, stack(0x0000000024570000,0x0000000024670000)]
  0x0000000019e9e000 JavaThread "jar transforms Thread 22" [_thread_blocked, id=10256, stack(0x0000000024470000,0x0000000024570000)]
  0x0000000019e9d800 JavaThread "jar transforms Thread 21" [_thread_blocked, id=7932, stack(0x0000000024370000,0x0000000024470000)]
  0x0000000019e91800 JavaThread "Build operations Thread 4" [_thread_blocked, id=3764, stack(0x0000000024270000,0x0000000024370000)]
  0x0000000019e98000 JavaThread "Build operations Thread 3" [_thread_blocked, id=12832, stack(0x0000000024170000,0x0000000024270000)]
  0x0000000019e97800 JavaThread "Build operations Thread 2" [_thread_blocked, id=12180, stack(0x0000000024070000,0x0000000024170000)]
  0x0000000019e96800 JavaThread "Build operations" [_thread_blocked, id=2964, stack(0x0000000023f70000,0x0000000024070000)]
  0x0000000019e93000 JavaThread "Cache worker for Build Output Cleanup Cache (C:\Users\David Adeyinka\AndroidStudioProjects\ToDoPlanner\.gradle\buildOutputCleanup)" [_thread_blocked, id=7040, stack(0x0000000023250000,0x0000000023350000)]
  0x000000001c35e800 JavaThread "Cache worker for file content cache (C:\Users\David Adeyinka\.gradle\caches\6.6.1\fileContent)" [_thread_blocked, id=12000, stack(0x0000000023150000,0x0000000023250000)]
  0x000000001c35d000 JavaThread "Cache worker for execution history cache (C:\Users\David Adeyinka\.gradle\caches\6.6.1\executionHistory)" [_thread_blocked, id=4488, stack(0x0000000022a50000,0x0000000022b50000)]
  0x000000001c35c800 JavaThread "Cache worker for cache directory md-rule (C:\Users\David Adeyinka\.gradle\caches\6.6.1\md-rule)" [_thread_blocked, id=11500, stack(0x0000000022950000,0x0000000022a50000)]
  0x000000001c35b800 JavaThread "Cache worker for cache directory md-supplier (C:\Users\David Adeyinka\.gradle\caches\6.6.1\md-supplier)" [_thread_blocked, id=11996, stack(0x0000000022850000,0x0000000022950000)]
  0x000000001c35e000 JavaThread "Cache worker for checksums cache (C:\Users\David Adeyinka\AndroidStudioProjects\ToDoPlanner\.gradle\checksums)" [_thread_blocked, id=5684, stack(0x0000000022750000,0x0000000022850000)]
  0x000000001c35f800 JavaThread "jar transforms Thread 20" [_thread_blocked, id=7620, stack(0x0000000022450000,0x0000000022550000)]
  0x000000001c35b000 JavaThread "jar transforms Thread 19" [_thread_blocked, id=5112, stack(0x0000000022350000,0x0000000022450000)]
  0x000000001c358000 JavaThread "jar transforms Thread 18" [_thread_blocked, id=5196, stack(0x0000000022250000,0x0000000022350000)]
  0x000000001c351000 JavaThread "jar transforms Thread 17" [_thread_blocked, id=11788, stack(0x0000000022150000,0x0000000022250000)]
  0x000000001c356800 JavaThread "jar transforms Thread 16" [_thread_blocked, id=7864, stack(0x0000000022050000,0x0000000022150000)]
  0x000000001c350800 JavaThread "jar transforms Thread 15" [_thread_blocked, id=7980, stack(0x0000000021f50000,0x0000000022050000)]
  0x000000001c354000 JavaThread "jar transforms Thread 14" [_thread_blocked, id=12840, stack(0x0000000021e50000,0x0000000021f50000)]
  0x000000001c353800 JavaThread "jar transforms Thread 13" [_thread_blocked, id=5776, stack(0x0000000021d50000,0x0000000021e50000)]
  0x000000001c355000 JavaThread "jar transforms Thread 12" [_thread_blocked, id=4104, stack(0x0000000021c50000,0x0000000021d50000)]
  0x000000001c352800 JavaThread "jar transforms Thread 11" [_thread_blocked, id=7316, stack(0x0000000021b50000,0x0000000021c50000)]
  0x000000001c357000 JavaThread "jar transforms Thread 10" [_thread_blocked, id=6880, stack(0x0000000021a50000,0x0000000021b50000)]
  0x000000001c352000 JavaThread "jar transforms Thread 9" [_thread_blocked, id=8584, stack(0x0000000021950000,0x0000000021a50000)]
  0x000000001c355800 JavaThread "jar transforms Thread 8" [_thread_blocked, id=11900, stack(0x0000000021850000,0x0000000021950000)]
  0x0000000019d4c800 JavaThread "jar transforms Thread 7" [_thread_blocked, id=8856, stack(0x0000000021750000,0x0000000021850000)]
  0x0000000019d4b000 JavaThread "jar transforms Thread 6" [_thread_blocked, id=10796, stack(0x0000000021650000,0x0000000021750000)]
  0x0000000019d4a000 JavaThread "jar transforms Thread 5" [_thread_blocked, id=8896, stack(0x0000000021340000,0x0000000021440000)]
  0x0000000019d4e000 JavaThread "jar transforms Thread 4" [_thread_blocked, id=1228, stack(0x0000000021240000,0x0000000021340000)]
  0x0000000019d4f800 JavaThread "jar transforms Thread 3" [_thread_blocked, id=2256, stack(0x00000000200b0000,0x00000000201b0000)]
  0x0000000019d4e800 JavaThread "jar transforms Thread 2" [_thread_blocked, id=11248, stack(0x000000001ffb0000,0x00000000200b0000)]
  0x0000000019d50000 JavaThread "jar transforms" [_thread_blocked, id=10752, stack(0x000000001feb0000,0x000000001ffb0000)]
  0x0000000019d4d000 JavaThread "Cache worker for file hash cache (C:\Users\David Adeyinka\AndroidStudioProjects\ToDoPlanner\.gradle\6.6.1\fileHashes)" [_thread_blocked, id=7912, stack(0x000000001fdb0000,0x000000001feb0000)]
  0x0000000019d4b800 JavaThread "Cache worker for journal cache (C:\Users\David Adeyinka\.gradle\caches\journal-1)" [_thread_blocked, id=11108, stack(0x000000001db10000,0x000000001dc10000)]
  0x0000000019d51000 JavaThread "File lock request listener" [_thread_in_native, id=8516, stack(0x000000001da10000,0x000000001db10000)]
  0x000000001ad34800 JavaThread "Cache worker for file hash cache (C:\Users\David Adeyinka\.gradle\caches\6.6.1\fileHashes)" [_thread_blocked, id=10748, stack(0x000000001d810000,0x000000001d910000)]
  0x000000001a8ed800 JavaThread "Thread-9" [_thread_blocked, id=4408, stack(0x000000001d510000,0x000000001d610000)]
  0x000000001a8ec800 JavaThread "Stdin handler" [_thread_blocked, id=11868, stack(0x000000001d410000,0x000000001d510000)]
  0x000000001a375800 JavaThread "Asynchronous log dispatcher for DefaultDaemonConnection: socket connection from /127.0.0.1:34548 to /127.0.0.1:34549" [_thread_blocked, id=13104, stack(0x000000001d310000,0x000000001d410000)]
  0x000000001a107000 JavaThread "Daemon worker" [_thread_in_native, id=11924, stack(0x000000001d210000,0x000000001d310000)]
  0x000000001a106000 JavaThread "Cancel handler" [_thread_blocked, id=2436, stack(0x000000001d110000,0x000000001d210000)]
  0x000000001a277000 JavaThread "Handler for socket connection from /127.0.0.1:34548 to /127.0.0.1:34549" [_thread_in_native, id=9040, stack(0x000000001d010000,0x000000001d110000)]
  0x000000001a289000 JavaThread "Daemon periodic checks" [_thread_blocked, id=7200, stack(0x000000001cf10000,0x000000001d010000)]
  0x000000001a288000 JavaThread "Daemon" [_thread_blocked, id=6192, stack(0x000000001ce10000,0x000000001cf10000)]
  0x0000000019588000 JavaThread "Incoming local TCP Connector on port 34548" [_thread_in_native, id=12148, stack(0x000000001c9d0000,0x000000001cad0000)]
  0x000000001b3bd800 JavaThread "Daemon health stats" [_thread_blocked, id=7784, stack(0x0000000019980000,0x0000000019a80000)]
  0x0000000017a8d000 JavaThread "Service Thread" daemon [_thread_blocked, id=8704, stack(0x0000000019780000,0x0000000019880000)]
  0x0000000017a4a000 JavaThread "C1 CompilerThread2" daemon [_thread_blocked, id=5576, stack(0x0000000019280000,0x0000000019380000)]
=>0x0000000017a3a800 JavaThread "C2 CompilerThread1" daemon [_thread_in_native, id=1952, stack(0x0000000019180000,0x0000000019280000)]
  0x0000000017a36000 JavaThread "C2 CompilerThread0" daemon [_thread_in_native, id=10804, stack(0x0000000019080000,0x0000000019180000)]
  0x0000000017a34800 JavaThread "Attach Listener" daemon [_thread_blocked, id=8176, stack(0x0000000018f80000,0x0000000019080000)]
  0x0000000017a33000 JavaThread "Signal Dispatcher" daemon [_thread_blocked, id=3088, stack(0x0000000018e80000,0x0000000018f80000)]
  0x0000000002e0b000 JavaThread "Finalizer" daemon [_thread_blocked, id=13240, stack(0x0000000018c80000,0x0000000018d80000)]
  0x0000000017a19000 JavaThread "Reference Handler" daemon [_thread_blocked, id=8128, stack(0x0000000018b80000,0x0000000018c80000)]
  0x0000000002b0e800 JavaThread "main" [_thread_blocked, id=9764, stack(0x0000000002c10000,0x0000000002d10000)]

Other Threads:
  0x00000000179f6800 VMThread [stack: 0x0000000018a80000,0x0000000018b80000] [id=252]
  0x0000000017a8e000 WatcherThread [stack: 0x0000000019880000,0x0000000019980000] [id=11492]

VM state:not at safepoint (normal execution)

VM Mutex/Monitor currently owned by a thread: None

heap address: 0x0000000080000000, size: 2048 MB, Compressed Oops mode: 32-bit
Narrow klass base: 0x0000000000000000, Narrow klass shift: 3
Compressed class space size: 1073741824 Address: 0x0000000100000000

Heap:
 PSYoungGen      total 101888K, used 20330K [0x00000000d5580000, 0x00000000dd780000, 0x0000000100000000)
  eden space 90624K, 10% used [0x00000000d5580000,0x00000000d5eed300,0x00000000dae00000)
  from space 11264K, 94% used [0x00000000dae00000,0x00000000db86d5b0,0x00000000db900000)
  to   space 12288K, 0% used [0x00000000dcb80000,0x00000000dcb80000,0x00000000dd780000)
 ParOldGen       total 73216K, used 14112K [0x0000000080000000, 0x0000000084780000, 0x00000000d5580000)
  object space 73216K, 19% used [0x0000000080000000,0x0000000080dc83c8,0x0000000084780000)
 Metaspace       used 42852K, capacity 44812K, committed 45056K, reserved 1087488K
  class space    used 5720K, capacity 6087K, committed 6144K, reserved 1048576K

Card table byte_map: [0x00000000121d0000,0x00000000125e0000] byte_map_base: 0x0000000011dd0000

Marking Bits: (ParMarkBitMap*) 0x000000007438f030
 Begin Bits: [0x0000000012c90000, 0x0000000014c90000)
 End Bits:   [0x0000000014c90000, 0x0000000016c90000)

Polling page: 0x00000000011b0000

CodeCache: size=245760Kb used=16206Kb max_used=16206Kb free=229553Kb
 bounds [0x0000000002e10000, 0x0000000003df0000, 0x0000000011e10000]
 total_blobs=5285 nmethods=4541 adapters=655
 compilation: enabled

Compilation events (10 events):
Event: 37.682 Thread 0x0000000017a4a000 4875       3       java.nio.HeapCharBuffer::<init> (13 bytes)
Event: 37.683 Thread 0x0000000017a4a000 nmethod 4875 0x0000000003de7e10 code [0x0000000003de7f80, 0x0000000003de8248]
Event: 37.686 Thread 0x0000000017a4a000 4876       3       sun.nio.cs.ThreadLocalCoders::decoderFor (18 bytes)
Event: 37.687 Thread 0x0000000017a4a000 nmethod 4876 0x0000000003de8350 code [0x0000000003de84e0, 0x0000000003de8988]
Event: 37.687 Thread 0x0000000017a4a000 4877       3       sun.nio.cs.ThreadLocalCoders$Cache::forName (108 bytes)
Event: 37.691 Thread 0x0000000017a4a000 nmethod 4877 0x0000000003de8b10 code [0x0000000003de8d80, 0x0000000003dea118]
Event: 37.728 Thread 0x0000000017a4a000 4878       3       sun.net.util.IPAddressUtil::checkExternalForm (69 bytes)
Event: 37.730 Thread 0x0000000017a4a000 nmethod 4878 0x0000000003dea950 code [0x0000000003deab80, 0x0000000003deb7c8]
Event: 37.872 Thread 0x0000000017a4a000 4879       3       sun.misc.URLClassPath$JarLoader::<init> (147 bytes)
Event: 37.878 Thread 0x0000000017a4a000 nmethod 4879 0x0000000003debcd0 code [0x0000000003debfa0, 0x0000000003ded428]

GC Heap History (10 events):
Event: 29.881 GC heap before
{Heap before GC invocations=9 (full 1):
 PSYoungGen      total 76800K, used 73917K [0x00000000d5580000, 0x00000000db900000, 0x0000000100000000)
  eden space 66560K, 100% used [0x00000000d5580000,0x00000000d9680000,0x00000000d9680000)
  from space 10240K, 71% used [0x00000000d9680000,0x00000000d9daf7d0,0x00000000da080000)
  to   space 10240K, 0% used [0x00000000daf00000,0x00000000daf00000,0x00000000db900000)
 ParOldGen       total 73216K, used 10514K [0x0000000080000000, 0x0000000084780000, 0x00000000d5580000)
  object space 73216K, 14% used [0x0000000080000000,0x0000000080a44bf0,0x0000000084780000)
 Metaspace       used 33140K, capacity 34298K, committed 34304K, reserved 1079296K
  class space    used 4550K, capacity 4864K, committed 4864K, reserved 1048576K
Event: 29.910 GC heap after
Heap after GC invocations=9 (full 1):
 PSYoungGen      total 88576K, used 9497K [0x00000000d5580000, 0x00000000db880000, 0x0000000100000000)
  eden space 78848K, 0% used [0x00000000d5580000,0x00000000d5580000,0x00000000da280000)
  from space 9728K, 97% used [0x00000000daf00000,0x00000000db846668,0x00000000db880000)
  to   space 11264K, 0% used [0x00000000da280000,0x00000000da280000,0x00000000dad80000)
 ParOldGen       total 73216K, used 10522K [0x0000000080000000, 0x0000000084780000, 0x00000000d5580000)
  object space 73216K, 14% used [0x0000000080000000,0x0000000080a46bf0,0x0000000084780000)
 Metaspace       used 33140K, capacity 34298K, committed 34304K, reserved 1079296K
  class space    used 4550K, capacity 4864K, committed 4864K, reserved 1048576K
}
Event: 30.091 GC heap before
{Heap before GC invocations=10 (full 1):
 PSYoungGen      total 88576K, used 15132K [0x00000000d5580000, 0x00000000db880000, 0x0000000100000000)
  eden space 78848K, 7% used [0x00000000d5580000,0x00000000d5b00a80,0x00000000da280000)
  from space 9728K, 97% used [0x00000000daf00000,0x00000000db846668,0x00000000db880000)
  to   space 11264K, 0% used [0x00000000da280000,0x00000000da280000,0x00000000dad80000)
 ParOldGen       total 73216K, used 10522K [0x0000000080000000, 0x0000000084780000, 0x00000000d5580000)
  object space 73216K, 14% used [0x0000000080000000,0x0000000080a46bf0,0x0000000084780000)
 Metaspace       used 34301K, capacity 35450K, committed 35456K, reserved 1079296K
  class space    used 4676K, capacity 4992K, committed 4992K, reserved 1048576K
Event: 30.102 GC heap after
Heap after GC invocations=10 (full 1):
 PSYoungGen      total 90112K, used 7023K [0x00000000d5580000, 0x00000000dc380000, 0x0000000100000000)
  eden space 78848K, 0% used [0x00000000d5580000,0x00000000d5580000,0x00000000da280000)
  from space 11264K, 62% used [0x00000000da280000,0x00000000da95bc30,0x00000000dad80000)
  to   space 10752K, 0% used [0x00000000db900000,0x00000000db900000,0x00000000dc380000)
 ParOldGen       total 73216K, used 10530K [0x0000000080000000, 0x0000000084780000, 0x00000000d5580000)
  object space 73216K, 14% used [0x0000000080000000,0x0000000080a48bf0,0x0000000084780000)
 Metaspace       used 34301K, capacity 35450K, committed 35456K, reserved 1079296K
  class space    used 4676K, capacity 4992K, committed 4992K, reserved 1048576K
}
Event: 30.102 GC heap before
{Heap before GC invocations=11 (full 2):
 PSYoungGen      total 90112K, used 7023K [0x00000000d5580000, 0x00000000dc380000, 0x0000000100000000)
  eden space 78848K, 0% used [0x00000000d5580000,0x00000000d5580000,0x00000000da280000)
  from space 11264K, 62% used [0x00000000da280000,0x00000000da95bc30,0x00000000dad80000)
  to   space 10752K, 0% used [0x00000000db900000,0x00000000db900000,0x00000000dc380000)
 ParOldGen       total 73216K, used 10530K [0x0000000080000000, 0x0000000084780000, 0x00000000d5580000)
  object space 73216K, 14% used [0x0000000080000000,0x0000000080a48bf0,0x0000000084780000)
 Metaspace       used 34301K, capacity 35450K, committed 35456K, reserved 1079296K
  class space    used 4676K, capacity 4992K, committed 4992K, reserved 1048576K
Event: 30.219 GC heap after
Heap after GC invocations=11 (full 2):
 PSYoungGen      total 90112K, used 0K [0x00000000d5580000, 0x00000000dc380000, 0x0000000100000000)
  eden space 78848K, 0% used [0x00000000d5580000,0x00000000d5580000,0x00000000da280000)
  from space 11264K, 0% used [0x00000000da280000,0x00000000da280000,0x00000000dad80000)
  to   space 10752K, 0% used [0x00000000db900000,0x00000000db900000,0x00000000dc380000)
 ParOldGen       total 73216K, used 14096K [0x0000000080000000, 0x0000000084780000, 0x00000000d5580000)
  object space 73216K, 19% used [0x0000000080000000,0x0000000080dc43c8,0x0000000084780000)
 Metaspace       used 34301K, capacity 35450K, committed 35456K, reserved 1079296K
  class space    used 4676K, capacity 4992K, committed 4992K, reserved 1048576K
}
Event: 33.154 GC heap before
{Heap before GC invocations=12 (full 2):
 PSYoungGen      total 90112K, used 78848K [0x00000000d5580000, 0x00000000dc380000, 0x0000000100000000)
  eden space 78848K, 100% used [0x00000000d5580000,0x00000000da280000,0x00000000da280000)
  from space 11264K, 0% used [0x00000000da280000,0x00000000da280000,0x00000000dad80000)
  to   space 10752K, 0% used [0x00000000db900000,0x00000000db900000,0x00000000dc380000)
 ParOldGen       total 73216K, used 14096K [0x0000000080000000, 0x0000000084780000, 0x00000000d5580000)
  object space 73216K, 19% used [0x0000000080000000,0x0000000080dc43c8,0x0000000084780000)
 Metaspace       used 39709K, capacity 41160K, committed 41472K, reserved 1085440K
  class space    used 5258K, capacity 5595K, committed 5632K, reserved 1048576K
Event: 33.170 GC heap after
Heap after GC invocations=12 (full 2):
 PSYoungGen      total 101376K, used 9288K [0x00000000d5580000, 0x00000000dc800000, 0x0000000100000000)
  eden space 90624K, 0% used [0x00000000d5580000,0x00000000d5580000,0x00000000dae00000)
  from space 10752K, 86% used [0x00000000db900000,0x00000000dc2122a0,0x00000000dc380000)
  to   space 11264K, 0% used [0x00000000dae00000,0x00000000dae00000,0x00000000db900000)
 ParOldGen       total 73216K, used 14104K [0x0000000080000000, 0x0000000084780000, 0x00000000d5580000)
  object space 73216K, 19% used [0x0000000080000000,0x0000000080dc63c8,0x0000000084780000)
 Metaspace       used 39709K, capacity 41160K, committed 41472K, reserved 1085440K
  class space    used 5258K, capacity 5595K, committed 5632K, reserved 1048576K
}
Event: 36.483 GC heap before
{Heap before GC invocations=13 (full 2):
 PSYoungGen      total 101376K, used 99912K [0x00000000d5580000, 0x00000000dc800000, 0x0000000100000000)
  eden space 90624K, 100% used [0x00000000d5580000,0x00000000dae00000,0x00000000dae00000)
  from space 10752K, 86% used [0x00000000db900000,0x00000000dc2122a0,0x00000000dc380000)
  to   space 11264K, 0% used [0x00000000dae00000,0x00000000dae00000,0x00000000db900000)
 ParOldGen       total 73216K, used 14104K [0x0000000080000000, 0x0000000084780000, 0x00000000d5580000)
  object space 73216K, 19% used [0x0000000080000000,0x0000000080dc63c8,0x0000000084780000)
 Metaspace       used 42613K, capacity 44590K, committed 44800K, reserved 1087488K
  class space    used 5690K, capacity 6078K, committed 6144K, reserved 1048576K
Event: 36.541 GC heap after
Heap after GC invocations=13 (full 2):
 PSYoungGen      total 101888K, used 10677K [0x00000000d5580000, 0x00000000dd780000, 0x0000000100000000)
  eden space 90624K, 0% used [0x00000000d5580000,0x00000000d5580000,0x00000000dae00000)
  from space 11264K, 94% used [0x00000000dae00000,0x00000000db86d5b0,0x00000000db900000)
  to   space 12288K, 0% used [0x00000000dcb80000,0x00000000dcb80000,0x00000000dd780000)
 ParOldGen       total 73216K, used 14112K [0x0000000080000000, 0x0000000084780000, 0x00000000d5580000)
  object space 73216K, 19% used [0x0000000080000000,0x0000000080dc83c8,0x0000000084780000)
 Metaspace       used 42613K, capacity 44590K, committed 44800K, reserved 1087488K
  class space    used 5690K, capacity 6078K, committed 6144K, reserved 1048576K
}

Deoptimization events (10 events):
Event: 33.578 Thread 0x000000001a107000 Uncommon trap: reason=unstable_if action=reinterpret pc=0x00000000036fe778 method=org.gradle.internal.reflect.PropertyAccessorType.isGetGetterName(Ljava/lang/String;)Z @ 14
Event: 33.620 Thread 0x000000001a107000 Uncommon trap: reason=unstable_if action=reinterpret pc=0x00000000034f0fa4 method=java.net.URLStreamHandler.sameFile(Ljava/net/URL;Ljava/net/URL;)Z @ 63
Event: 34.000 Thread 0x000000001a107000 Uncommon trap: reason=unstable_if action=reinterpret pc=0x00000000034ab6e0 method=java.net.URI.match(CJJ)Z @ 45
Event: 35.407 Thread 0x0000000019e96800 Uncommon trap: reason=unstable_if action=reinterpret pc=0x000000000342ae64 method=java.util.concurrent.ConcurrentHashMap.putVal(Ljava/lang/Object;Ljava/lang/Object;Z)Ljava/lang/Object; @ 98
Event: 35.409 Thread 0x0000000019e96800 Uncommon trap: reason=unstable_if action=reinterpret pc=0x000000000332c3dc method=java.util.concurrent.ConcurrentHashMap.addCount(JI)V @ 34
Event: 35.460 Thread 0x0000000019e96800 Uncommon trap: reason=unstable_if action=reinterpret pc=0x0000000003c88c74 method=com.esotericsoftware.kryo.io.Output.writeString(Ljava/lang/CharSequence;)V @ 1
Event: 35.462 Thread 0x0000000019e96800 Uncommon trap: reason=unstable_if action=reinterpret pc=0x0000000003c93b5c method=com.esotericsoftware.kryo.io.Input.readUtf8Length(I)I @ 9
Event: 35.487 Thread 0x0000000019e91800 Uncommon trap: reason=unstable_if action=reinterpret pc=0x0000000003c78d24 method=com.esotericsoftware.kryo.io.Input.readUtf8Length(I)I @ 9
Event: 36.370 Thread 0x000000001a107000 Uncommon trap: reason=unstable_if action=reinterpret pc=0x0000000003a4c988 method=org.gradle.internal.snapshot.PathUtil.equalChars(CCLorg/gradle/internal/snapshot/CaseSensitivity;)Z @ 11
Event: 37.146 Thread 0x000000001a107000 Uncommon trap: reason=bimorphic action=maybe_recompile pc=0x000000000377ace0 method=java.util.AbstractCollection.addAll(Ljava/util/Collection;)Z @ 29

Classes redefined (0 events):
No events

Internal exceptions (10 events):
Event: 37.527 Thread 0x000000001a107000 Exception <a 'java/security/PrivilegedActionException'> (0x00000000d5d0b6b0) thrown at [C:\src\AOSP-openjdk-git\hotspot\src\share\vm\prims\jvm.cpp, line 1502]
Event: 37.528 Thread 0x000000001a107000 Exception <a 'java/security/PrivilegedActionException'> (0x00000000d5d0c430) thrown at [C:\src\AOSP-openjdk-git\hotspot\src\share\vm\prims\jvm.cpp, line 1502]
Event: 37.529 Thread 0x000000001a107000 Exception <a 'java/security/PrivilegedActionException'> (0x00000000d5d0f7a8) thrown at [C:\src\AOSP-openjdk-git\hotspot\src\share\vm\prims\jvm.cpp, line 1502]
Event: 37.530 Thread 0x000000001a107000 Exception <a 'java/security/PrivilegedActionException'> (0x00000000d5d10528) thrown at [C:\src\AOSP-openjdk-git\hotspot\src\share\vm\prims\jvm.cpp, line 1502]
Event: 37.531 Thread 0x000000001a107000 Exception <a 'java/security/PrivilegedActionException'> (0x00000000d5d13a30) thrown at [C:\src\AOSP-openjdk-git\hotspot\src\share\vm\prims\jvm.cpp, line 1502]
Event: 37.532 Thread 0x000000001a107000 Exception <a 'java/security/PrivilegedActionException'> (0x00000000d5d147b0) thrown at [C:\src\AOSP-openjdk-git\hotspot\src\share\vm\prims\jvm.cpp, line 1502]
Event: 37.533 Thread 0x000000001a107000 Exception <a 'java/security/PrivilegedActionException'> (0x00000000d5d178b0) thrown at [C:\src\AOSP-openjdk-git\hotspot\src\share\vm\prims\jvm.cpp, line 1502]
Event: 37.540 Thread 0x000000001a107000 Exception <a 'java/security/PrivilegedActionException'> (0x00000000d5d18630) thrown at [C:\src\AOSP-openjdk-git\hotspot\src\share\vm\prims\jvm.cpp, line 1502]
Event: 37.772 Thread 0x000000001a107000 Exception <a 'java/security/PrivilegedActionException'> (0x00000000d5da4b38) thrown at [C:\src\AOSP-openjdk-git\hotspot\src\share\vm\prims\jvm.cpp, line 1502]
Event: 37.772 Thread 0x000000001a107000 Exception <a 'java/security/PrivilegedActionException'> (0x00000000d5da58b8) thrown at [C:\src\AOSP-openjdk-git\hotspot\src\share\vm\prims\jvm.cpp, line 1502]

Events (10 events):
Event: 37.391 loading class org/gradle/api/internal/project/taskfactory/StandardTaskAction
Event: 37.391 loading class org/gradle/api/internal/project/taskfactory/StandardTaskAction done
Event: 37.396 loading class groovy/runtime/metaclass/org/gradle/api/tasks/Delete_DecoratedMetaClass
Event: 37.396 loading class groovy/runtime/metaclass/org/gradle/api/tasks/Delete_DecoratedMetaClass done
Event: 37.418 loading class org/gradle/api/tasks/Delete_DecoratedBeanInfo
Event: 37.418 loading class org/gradle/api/tasks/Delete_DecoratedBeanInfo done
Event: 37.422 loading class org/gradle/api/tasks/Delete_DecoratedBeanInfo
Event: 37.422 loading class org/gradle/api/tasks/Delete_DecoratedBeanInfo done
Event: 37.423 loading class org/gradle/api/tasks/Delete_DecoratedBeanInfo
Event: 37.423 loading class org/gradle/api/tasks/Delete_DecoratedBeanInfo done


Dynamic libraries:
0x00007ff627fd0000 - 0x00007ff628001000 	C:\Program Files\Android\Android Studio\jre\bin\java.exe
0x00007ffb0b060000 - 0x00007ffb0b250000 	C:\WINDOWS\SYSTEM32\ntdll.dll
0x00007ffb09720000 - 0x00007ffb097d2000 	C:\WINDOWS\System32\KERNEL32.DLL
0x00007ffb081f0000 - 0x00007ffb08495000 	C:\WINDOWS\System32\KERNELBASE.dll
0x00007ffb0a110000 - 0x00007ffb0a1b3000 	C:\WINDOWS\System32\ADVAPI32.dll
0x00007ffb0aa60000 - 0x00007ffb0aafe000 	C:\WINDOWS\System32\msvcrt.dll
0x00007ffb09860000 - 0x00007ffb098f7000 	C:\WINDOWS\System32\sechost.dll
0x00007ffb09110000 - 0x00007ffb09230000 	C:\WINDOWS\System32\RPCRT4.dll
0x00007ffb09410000 - 0x00007ffb095a5000 	C:\WINDOWS\System32\USER32.dll
0x00007ffb08e40000 - 0x00007ffb08e61000 	C:\WINDOWS\System32\win32u.dll
0x00007ffb0a960000 - 0x00007ffb0a986000 	C:\WINDOWS\System32\GDI32.dll
0x00007ffb08050000 - 0x00007ffb081e6000 	C:\WINDOWS\System32\gdi32full.dll
0x00007ffb08da0000 - 0x00007ffb08e3e000 	C:\WINDOWS\System32\msvcp_win.dll
0x00007ffb084d0000 - 0x00007ffb085ca000 	C:\WINDOWS\System32\ucrtbase.dll
0x00007ffafa720000 - 0x00007ffafa9a4000 	C:\WINDOWS\WinSxS\amd64_microsoft.windows.common-controls_6595b64144ccf1df_6.0.18362.1082_none_9e8193e1e45b25c1\COMCTL32.dll
0x00007ffb0ab00000 - 0x00007ffb0ae35000 	C:\WINDOWS\System32\combase.dll
0x00007ffb08fc0000 - 0x00007ffb09040000 	C:\WINDOWS\System32\bcryptPrimitives.dll
0x00007ffb096f0000 - 0x00007ffb0971e000 	C:\WINDOWS\System32\IMM32.DLL
0x0000000073850000 - 0x0000000073922000 	C:\Program Files\Android\Android Studio\jre\jre\bin\msvcr100.dll
0x0000000073bc0000 - 0x000000007440b000 	C:\Program Files\Android\Android Studio\jre\jre\bin\server\jvm.dll
0x00007ffb0ae40000 - 0x00007ffb0ae48000 	C:\WINDOWS\System32\PSAPI.DLL
0x00007ffb04290000 - 0x00007ffb04299000 	C:\WINDOWS\SYSTEM32\WSOCK32.dll
0x00007ffb09230000 - 0x00007ffb0929f000 	C:\WINDOWS\System32\WS2_32.dll
0x00007ffb06020000 - 0x00007ffb06044000 	C:\WINDOWS\SYSTEM32\WINMM.dll
0x00007ffb05ff0000 - 0x00007ffb0601d000 	C:\WINDOWS\SYSTEM32\WINMMBASE.dll
0x00007ffb08d50000 - 0x00007ffb08d9a000 	C:\WINDOWS\System32\cfgmgr32.dll
0x00007ffaf9c90000 - 0x00007ffaf9c9a000 	C:\WINDOWS\SYSTEM32\VERSION.dll
0x00007ffb03fb0000 - 0x00007ffb03fbf000 	C:\Program Files\Android\Android Studio\jre\jre\bin\verify.dll
0x00007ffaf4130000 - 0x00007ffaf4159000 	C:\Program Files\Android\Android Studio\jre\jre\bin\java.dll
0x00007ffafdb50000 - 0x00007ffafdb66000 	C:\Program Files\Android\Android Studio\jre\jre\bin\zip.dll
0x00007ffb0a270000 - 0x00007ffb0a957000 	C:\WINDOWS\System32\SHELL32.dll
0x00007ffb0a050000 - 0x00007ffb0a0f9000 	C:\WINDOWS\System32\shcore.dll
0x00007ffb085d0000 - 0x00007ffb08d50000 	C:\WINDOWS\System32\windows.storage.dll
0x00007ffb07f80000 - 0x00007ffb07fa3000 	C:\WINDOWS\System32\profapi.dll
0x00007ffb07f30000 - 0x00007ffb07f7a000 	C:\WINDOWS\System32\powrprof.dll
0x00007ffb07f20000 - 0x00007ffb07f30000 	C:\WINDOWS\System32\UMPDC.dll
0x00007ffb09800000 - 0x00007ffb09852000 	C:\WINDOWS\System32\shlwapi.dll
0x00007ffb07fb0000 - 0x00007ffb07fc1000 	C:\WINDOWS\System32\kernel.appcore.dll
0x00007ffb090f0000 - 0x00007ffb09107000 	C:\WINDOWS\System32\cryptsp.dll
0x00007ffaf4100000 - 0x00007ffaf411a000 	C:\Program Files\Android\Android Studio\jre\jre\bin\net.dll
0x00007ffb07770000 - 0x00007ffb077d7000 	C:\WINDOWS\system32\mswsock.dll
0x00007ffaf3fa0000 - 0x00007ffaf3fb3000 	C:\Program Files\Android\Android Studio\jre\jre\bin\nio.dll
0x00007ffaf3fd0000 - 0x00007ffaf3ff7000 	C:\Users\David Adeyinka\.gradle\native\9f2fa17c089eee584f3420100432f77ec4c098959e4bf121a4d6054c26537dfb\windows-amd64\native-platform.dll
0x00007ffb03f20000 - 0x00007ffb03f2d000 	C:\Program Files\Android\Android Studio\jre\jre\bin\management.dll
0x00007ffb07280000 - 0x00007ffb072b3000 	C:\WINDOWS\system32\rsaenh.dll
0x00007ffb084a0000 - 0x00007ffb084c6000 	C:\WINDOWS\System32\bcrypt.dll
0x00007ffb07e00000 - 0x00007ffb07e25000 	C:\WINDOWS\SYSTEM32\USERENV.dll
0x00007ffb07940000 - 0x00007ffb0794c000 	C:\WINDOWS\SYSTEM32\CRYPTBASE.dll
0x00007ffb07480000 - 0x00007ffb074ba000 	C:\WINDOWS\SYSTEM32\IPHLPAPI.DLL
0x00007ffb0afb0000 - 0x00007ffb0afb8000 	C:\WINDOWS\System32\NSI.dll
0x00007ffafc260000 - 0x00007ffafc276000 	C:\WINDOWS\SYSTEM32\dhcpcsvc6.DLL
0x00007ffafc240000 - 0x00007ffafc25c000 	C:\WINDOWS\SYSTEM32\dhcpcsvc.DLL
0x00007ffb074c0000 - 0x00007ffb0758b000 	C:\WINDOWS\SYSTEM32\DNSAPI.dll
0x00007ffafc2f0000 - 0x00007ffafc2fb000 	C:\WINDOWS\SYSTEM32\WINNSI.DLL
0x00007ffadab10000 - 0x00007ffadaca6000 	C:\Users\David Adeyinka\.gradle\native\9f2fa17c089eee584f3420100432f77ec4c098959e4bf121a4d6054c26537dfb\windows-amd64\native-platform-file-events.dll

VM Arguments:
jvm_args: -Xmx2048m -Dfile.encoding=UTF-8 -Duser.country=GB -Duser.language=en -Duser.variant 
java_command: org.gradle.launcher.daemon.bootstrap.GradleDaemon 6.6.1
java_class_path (initial): C:\Gradle\gradle-6.6.1\lib\gradle-launcher-6.6.1.jar
Launcher Type: SUN_STANDARD

Environment Variables:
PATH=C:\Program Files (x86)\Common Files\Oracle\Java\javapath;C:\WINDOWS\system32;C:\WINDOWS;C:\WINDOWS\System32\Wbem;C:\WINDOWS\System32\WindowsPowerShell\v1.0\;C:\WINDOWS\System32\OpenSSH\;C:\Program Files (x86)\Git\cmd;C:\Program Files\nodejs\;c:\Program Files (x86)\Microsoft SQL Server\100\Tools\Binn\;c:\Program Files\Microsoft SQL Server\100\Tools\Binn\;c:\Program Files\Microsoft SQL Server\100\DTS\Binn\;C:\Go\bin;C:\Program Files\Microsoft VS Code\bin;C:\Users\David Adeyinka\AppData\Local\Programs\Python\Python37-32\Scripts\;C:\Users\David Adeyinka\AppData\Local\Programs\Python\Python37-32\;C:\Users\David Adeyinka\AppData\Local\Microsoft\WindowsApps;;C:\Program Files\JetBrains\IntelliJ IDEA Community Edition 2019.1.3\bin;;C:\Program Files\Microsoft VS Code\bin;C:\Users\David Adeyinka\AppData\Roaming\npm;C:\Users\David Adeyinka\go\bin
USERNAME=David Adeyinka
OS=Windows_NT
PROCESSOR_IDENTIFIER=Intel64 Family 6 Model 61 Stepping 4, GenuineIntel



---------------  S Y S T E M  ---------------

OS: Windows 10.0 , 64 bit Build 18362 (10.0.18362.1082)

CPU:total 4 (initial active 4) (2 cores per cpu, 2 threads per core) family 6 model 61 stepping 4, cmov, cx8, fxsr, mmx, sse, sse2, sse3, ssse3, sse4.1, sse4.2, popcnt, avx, avx2, aes, clmul, erms, 3dnowpref, lzcnt, ht, tsc, tscinvbit, bmi1, bmi2, adx

Memory: 4k page, physical 8277100k(1577232k free), swap 8277100k(5720k free)

vm_info: OpenJDK 64-Bit Server VM (25.242-b01) for windows-amd64 JRE (1.8.0_242-release-1644-b01), built by "builder" with MS VC++ 10.0 (VS2010)

time: Fri Jan 22 18:39:07 2021
timezone: W. Central Africa Standard Time
elapsed time: 38 seconds (0d 0h 0m 38s)

