#
# There is insufficient memory for the Java Runtime Environment to continue.
# Native memory allocation (malloc) failed to allocate 32744 bytes for ChunkPool::allocate
# Possible reasons:
#   The system is out of physical RAM or swap space
#   The process is running with CompressedOops enabled, and the Java Heap may be blocking the growth of the native heap
# Possible solutions:
#   Reduce memory load on the system
#   Increase physical memory or swap space
#   Check if swap backing store is full
#   Decrease Java heap size (-Xmx/-Xms)
#   Decrease number of Java threads
#   Decrease Java thread stack sizes (-Xss)
#   Set larger code cache with -XX:ReservedCodeCacheSize=
#   JVM is running with Unscaled Compressed Oops mode in which the Java heap is
#     placed in the first 4GB address space. The Java Heap base address is the
#     maximum limit for the native heap growth. Please use -XX:HeapBaseMinAddress
#     to set the Java Heap base and to place the Java Heap above 4GB virtual address.
# This output file may be truncated or incomplete.
#
#  Out of Memory Error (allocation.cpp:272), pid=1284, tid=0x0000000000001408
#
# JRE version: OpenJDK Runtime Environment (8.0_242-b01) (build 1.8.0_242-release-1644-b01)
# Java VM: OpenJDK 64-Bit Server VM (25.242-b01 mixed mode windows-amd64 compressed oops)
# Failed to write core dump. Minidumps are not enabled by default on client versions of Windows
#

---------------  T H R E A D  ---------------

Current thread (0x0000000017213800):  JavaThread "C1 CompilerThread2" daemon [_thread_in_native, id=5128, stack(0x0000000018a60000,0x0000000018b60000)]

Stack: [0x0000000018a60000,0x0000000018b60000]
[error occurred during error reporting (printing stack bounds), id 0xc0000005]

Native frames: (J=compiled Java code, j=interpreted, Vv=VM code, C=native code)


Current CompileTask:
C1:   6188 1564       3       java.lang.String::startsWith (72 bytes)


---------------  P R O C E S S  ---------------

Java Threads: ( => current thread )
  0x000000001725d800 JavaThread "Service Thread" daemon [_thread_blocked, id=9732, stack(0x0000000018f60000,0x0000000019060000)]
=>0x0000000017213800 JavaThread "C1 CompilerThread2" daemon [_thread_in_native, id=5128, stack(0x0000000018a60000,0x0000000018b60000)]
  0x000000001720c000 JavaThread "C2 CompilerThread1" daemon [_thread_blocked, id=7692, stack(0x0000000018960000,0x0000000018a60000)]
  0x0000000017208000 JavaThread "C2 CompilerThread0" daemon [_thread_in_native, id=11408, stack(0x0000000018860000,0x0000000018960000)]
  0x0000000017206800 JavaThread "Attach Listener" daemon [_thread_blocked, id=7956, stack(0x0000000018760000,0x0000000018860000)]
  0x0000000017205800 JavaThread "Signal Dispatcher" daemon [_thread_blocked, id=16904, stack(0x0000000018660000,0x0000000018760000)]
  0x00000000026be000 JavaThread "Finalizer" daemon [_thread_blocked, id=6336, stack(0x0000000018460000,0x0000000018560000)]
  0x00000000171e8000 JavaThread "Reference Handler" daemon [_thread_blocked, id=1732, stack(0x0000000018360000,0x0000000018460000)]
  0x00000000025c2800 JavaThread "main" [_thread_in_vm, id=10364, stack(0x0000000002430000,0x0000000002530000)]

Other Threads:
  0x00000000171c6000 VMThread [stack: 0x0000000018260000,0x0000000018360000] [id=17116]
  0x000000001725e800 WatcherThread [stack: 0x0000000019060000,0x0000000019160000] [id=5216]

VM state:not at safepoint (normal execution)

VM Mutex/Monitor currently owned by a thread: None

heap address: 0x0000000081a00000, size: 2022 MB, Compressed Oops mode: 32-bit
Narrow klass base: 0x0000000000000000, Narrow klass shift: 3
Compressed class space size: 1073741824 Address: 0x0000000100000000

Heap:
 PSYoungGen      total 38400K, used 21295K [0x00000000d5e00000, 0x00000000da900000, 0x0000000100000000)
  eden space 33280K, 48% used [0x00000000d5e00000,0x00000000d6dd3d18,0x00000000d7e80000)
  from space 5120K, 99% used [0x00000000d8380000,0x00000000d88780e0,0x00000000d8880000)
  to   space 5120K, 0% used [0x00000000d7e80000,0x00000000d7e80000,0x00000000d8380000)
 ParOldGen       total 87552K, used 7409K [0x0000000081a00000, 0x0000000086f80000, 0x00000000d5e00000)
  object space 87552K, 8% used [0x0000000081a00000,0x000000008213c588,0x0000000086f80000)
 Metaspace       used 19819K, capacity 20236K, committed 20352K, reserved 1067008K
  class space    used 2285K, capacity 2385K, committed 2432K, reserved 1048576K

Card table byte_map: [0x0000000011a80000,0x0000000011e80000] byte_map_base: 0x0000000011673000

Marking Bits: (ParMarkBitMap*) 0x0000000065baf030
 Begin Bits: [0x0000000012530000, 0x00000000144c8000)
 End Bits:   [0x00000000144c8000, 0x0000000016460000)

Polling page: 0x0000000000c00000

CodeCache: size=245760Kb used=5095Kb max_used=5095Kb free=240665Kb
 bounds [0x00000000026c0000, 0x0000000002bc0000, 0x00000000116c0000]
 total_blobs=1958 nmethods=1562 adapters=309
 compilation: enabled

Compilation events (10 events):
Event: 6.179 Thread 0x0000000017213800 nmethod 1559 0x0000000002bbad50 code [0x0000000002bbaee0, 0x0000000002bbb2d8]
Event: 6.179 Thread 0x0000000017213800 1563       3       jdk.internal.org.objectweb.asm.MethodWriter::visitInsn (106 bytes)
Event: 6.181 Thread 0x0000000017213800 nmethod 1563 0x0000000002bbb3d0 code [0x0000000002bbb580, 0x0000000002bbba28]
Event: 6.181 Thread 0x0000000017213800 1560       3       java.lang.invoke.MethodType::parameterSlotCount (8 bytes)
Event: 6.182 Thread 0x0000000017213800 nmethod 1560 0x0000000002bbbbd0 code [0x0000000002bbbd40, 0x0000000002bbbff0]
Event: 6.182 Thread 0x0000000017213800 1561       3       java.lang.invoke.MethodTypeForm::parameterSlotCount (9 bytes)
Event: 6.183 Thread 0x0000000017213800 nmethod 1561 0x0000000002bbc110 code [0x0000000002bbc280, 0x0000000002bbc450]
Event: 6.183 Thread 0x0000000017213800 1562       3       java.lang.invoke.MethodTypeForm::unpack (30 bytes)
Event: 6.183 Thread 0x0000000017213800 nmethod 1562 0x0000000002bbc510 code [0x0000000002bbc660, 0x0000000002bbc7d0]
Event: 6.183 Thread 0x0000000017213800 1564       3       java.lang.String::startsWith (72 bytes)

GC Heap History (4 events):
Event: 3.181 GC heap before
{Heap before GC invocations=1 (full 0):
 PSYoungGen      total 38400K, used 33280K [0x00000000d5e00000, 0x00000000d8880000, 0x0000000100000000)
  eden space 33280K, 100% used [0x00000000d5e00000,0x00000000d7e80000,0x00000000d7e80000)
  from space 5120K, 0% used [0x00000000d8380000,0x00000000d8380000,0x00000000d8880000)
  to   space 5120K, 0% used [0x00000000d7e80000,0x00000000d7e80000,0x00000000d8380000)
 ParOldGen       total 87552K, used 0K [0x0000000081a00000, 0x0000000086f80000, 0x00000000d5e00000)
  object space 87552K, 0% used [0x0000000081a00000,0x0000000081a00000,0x0000000086f80000)
 Metaspace       used 10270K, capacity 10396K, committed 10624K, reserved 1058816K
  class space    used 1085K, capacity 1148K, committed 1152K, reserved 1048576K
Event: 3.206 GC heap after
Heap after GC invocations=1 (full 0):
 PSYoungGen      total 38400K, used 5109K [0x00000000d5e00000, 0x00000000d8880000, 0x0000000100000000)
  eden space 33280K, 0% used [0x00000000d5e00000,0x00000000d5e00000,0x00000000d7e80000)
  from space 5120K, 99% used [0x00000000d7e80000,0x00000000d837d600,0x00000000d8380000)
  to   space 5120K, 0% used [0x00000000d8380000,0x00000000d8380000,0x00000000d8880000)
 ParOldGen       total 87552K, used 2501K [0x0000000081a00000, 0x0000000086f80000, 0x00000000d5e00000)
  object space 87552K, 2% used [0x0000000081a00000,0x0000000081c71700,0x0000000086f80000)
 Metaspace       used 10270K, capacity 10396K, committed 10624K, reserved 1058816K
  class space    used 1085K, capacity 1148K, committed 1152K, reserved 1048576K
}
Event: 5.168 GC heap before
{Heap before GC invocations=2 (full 0):
 PSYoungGen      total 38400K, used 38389K [0x00000000d5e00000, 0x00000000d8880000, 0x0000000100000000)
  eden space 33280K, 100% used [0x00000000d5e00000,0x00000000d7e80000,0x00000000d7e80000)
  from space 5120K, 99% used [0x00000000d7e80000,0x00000000d837d600,0x00000000d8380000)
  to   space 5120K, 0% used [0x00000000d8380000,0x00000000d8380000,0x00000000d8880000)
 ParOldGen       total 87552K, used 2501K [0x0000000081a00000, 0x0000000086f80000, 0x00000000d5e00000)
  object space 87552K, 2% used [0x0000000081a00000,0x0000000081c71700,0x0000000086f80000)
 Metaspace       used 15825K, capacity 16184K, committed 16256K, reserved 1062912K
  class space    used 1808K, capacity 1911K, committed 1920K, reserved 1048576K
Event: 5.202 GC heap after
Heap after GC invocations=2 (full 0):
 PSYoungGen      total 38400K, used 5088K [0x00000000d5e00000, 0x00000000da900000, 0x0000000100000000)
  eden space 33280K, 0% used [0x00000000d5e00000,0x00000000d5e00000,0x00000000d7e80000)
  from space 5120K, 99% used [0x00000000d8380000,0x00000000d88780e0,0x00000000d8880000)
  to   space 5120K, 0% used [0x00000000d7e80000,0x00000000d7e80000,0x00000000d8380000)
 ParOldGen       total 87552K, used 7409K [0x0000000081a00000, 0x0000000086f80000, 0x00000000d5e00000)
  object space 87552K, 8% used [0x0000000081a00000,0x000000008213c588,0x0000000086f80000)
 Metaspace       used 15825K, capacity 16184K, committed 16256K, reserved 1062912K
  class space    used 1808K, capacity 1911K, committed 1920K, reserved 1048576K
}

Deoptimization events (10 events):
Event: 5.395 Thread 0x00000000025c2800 Uncommon trap: reason=class_check action=maybe_recompile pc=0x0000000002a78880 method=java.util.Collections$UnmodifiableCollection.size()I @ 4
Event: 5.399 Thread 0x00000000025c2800 Uncommon trap: reason=class_check action=maybe_recompile pc=0x0000000002a78880 method=java.util.Collections$UnmodifiableCollection.size()I @ 4
Event: 5.821 Thread 0x00000000025c2800 Uncommon trap: reason=unstable_if action=reinterpret pc=0x0000000002b07fd0 method=sun.reflect.annotation.AnnotationInvocationHandler.invoke(Ljava/lang/Object;Ljava/lang/reflect/Method;[Ljava/lang/Object;)Ljava/lang/Object; @ 255
Event: 6.147 Thread 0x00000000025c2800 Uncommon trap: reason=class_check action=maybe_recompile pc=0x0000000002a78880 method=java.util.Collections$UnmodifiableCollection.size()I @ 4
Event: 6.147 Thread 0x00000000025c2800 Uncommon trap: reason=class_check action=maybe_recompile pc=0x0000000002a7d56c method=java.util.Collections$UnmodifiableList.get(I)Ljava/lang/Object; @ 5
Event: 6.147 Thread 0x00000000025c2800 Uncommon trap: reason=class_check action=maybe_recompile pc=0x0000000002a7d56c method=java.util.Collections$UnmodifiableList.get(I)Ljava/lang/Object; @ 5
Event: 6.153 Thread 0x00000000025c2800 Uncommon trap: reason=class_check action=maybe_recompile pc=0x0000000002a78880 method=java.util.Collections$UnmodifiableCollection.size()I @ 4
Event: 6.153 Thread 0x00000000025c2800 Uncommon trap: reason=class_check action=maybe_recompile pc=0x0000000002a7d56c method=java.util.Collections$UnmodifiableList.get(I)Ljava/lang/Object; @ 5
Event: 6.154 Thread 0x00000000025c2800 Uncommon trap: reason=class_check action=maybe_recompile pc=0x0000000002a7d56c method=java.util.Collections$UnmodifiableList.get(I)Ljava/lang/Object; @ 5
Event: 6.157 Thread 0x00000000025c2800 Uncommon trap: reason=unstable_if action=reinterpret pc=0x0000000002881b88 method=java.lang.String.startsWith(Ljava/lang/String;I)Z @ 25

Classes redefined (0 events):
No events

Internal exceptions (10 events):
Event: 2.078 Thread 0x00000000025c2800 Exception <a 'java/security/PrivilegedActionException'> (0x00000000d6e08008) thrown at [C:\src\AOSP-openjdk-git\hotspot\src\share\vm\prims\jvm.cpp, line 1502]
Event: 2.078 Thread 0x00000000025c2800 Exception <a 'java/security/PrivilegedActionException'> (0x00000000d6e08400) thrown at [C:\src\AOSP-openjdk-git\hotspot\src\share\vm\prims\jvm.cpp, line 1502]
Event: 2.079 Thread 0x00000000025c2800 Exception <a 'java/security/PrivilegedActionException'> (0x00000000d6e09ef0) thrown at [C:\src\AOSP-openjdk-git\hotspot\src\share\vm\prims\jvm.cpp, line 1502]
Event: 2.079 Thread 0x00000000025c2800 Exception <a 'java/security/PrivilegedActionException'> (0x00000000d6e0a2e8) thrown at [C:\src\AOSP-openjdk-git\hotspot\src\share\vm\prims\jvm.cpp, line 1502]
Event: 3.009 Thread 0x00000000025c2800 Exception <a 'java/lang/ArrayIndexOutOfBoundsException'> (0x00000000d7b90f00) thrown at [C:\src\AOSP-openjdk-git\hotspot\src\share\vm\runtime\sharedRuntime.cpp, line 605]
Event: 3.710 Thread 0x00000000025c2800 Exception <a 'java/lang/ArrayIndexOutOfBoundsException'> (0x00000000d64eb538) thrown at [C:\src\AOSP-openjdk-git\hotspot\src\share\vm\runtime\sharedRuntime.cpp, line 605]
Event: 5.397 Thread 0x00000000025c2800 Exception <a 'java/lang/NoSuchMethodError': java.lang.Object.lambda$comparing$77a9974f$1(Ljava/util/function/Function;Ljava/lang/Object;Ljava/lang/Object;)I> (0x00000000d612cd10) thrown at [C:\src\AOSP-openjdk-git\hotspot\src\share\vm\interpreter\linkReso
Event: 5.471 Thread 0x00000000025c2800 Exception <a 'java/lang/NoSuchMethodError': java.lang.Object.lambda$static$0()J> (0x00000000d6269028) thrown at [C:\src\AOSP-openjdk-git\hotspot\src\share\vm\interpreter\linkResolver.cpp, line 620]
Event: 5.982 Thread 0x00000000025c2800 Exception <a 'java/lang/NoSuchMethodError': java.lang.Object.lambda$static$0(I)[Lorg/jetbrains/kotlin/com/intellij/openapi/editor/event/DocumentListener;> (0x00000000d69ce888) thrown at [C:\src\AOSP-openjdk-git\hotspot\src\share\vm\interpreter\linkResolve
Event: 6.109 Thread 0x00000000025c2800 Exception <a 'java/lang/NoSuchMethodError': java.lang.Object.lambda$static$0(I)[Lorg/jetbrains/kotlin/com/intellij/psi/PsiAnnotation;> (0x00000000d6bf27c0) thrown at [C:\src\AOSP-openjdk-git\hotspot\src\share\vm\interpreter\linkResolver.cpp, line 620]

Events (10 events):
Event: 6.177 loading class org/jetbrains/kotlin/com/intellij/util/containers/ConcurrentWeakKeySoftValueHashMap$HardKey
Event: 6.177 loading class org/jetbrains/kotlin/com/intellij/util/containers/ConcurrentWeakKeySoftValueHashMap$HardKey done
Event: 6.177 loading class org/jetbrains/kotlin/com/intellij/util/containers/ConcurrentWeakKeySoftValueHashMap$HardKey
Event: 6.177 loading class org/jetbrains/kotlin/com/intellij/util/containers/ConcurrentWeakKeySoftValueHashMap$HardKey done
Event: 6.179 loading class org/jetbrains/kotlin/com/intellij/psi/controlFlow/ControlFlowFactory
Event: 6.179 loading class org/jetbrains/kotlin/com/intellij/psi/controlFlow/ControlFlowFactory done
Event: 6.181 loading class org/jetbrains/kotlin/cli/jvm/compiler/KotlinCliJavaFileManagerImpl
Event: 6.181 loading class org/jetbrains/kotlin/cli/jvm/compiler/KotlinCliJavaFileManagerImpl done
Event: 6.182 loading class org/jetbrains/kotlin/resolve/jvm/KotlinCliJavaFileManager
Event: 6.182 loading class org/jetbrains/kotlin/resolve/jvm/KotlinCliJavaFileManager done


Dynamic libraries:
0x00007ff67fe70000 - 0x00007ff67fea1000 	C:\Program Files\Android\Android Studio\jre\jre\bin\java.exe
0x00007ff9c82e0000 - 0x00007ff9c84d0000 	C:\WINDOWS\SYSTEM32\ntdll.dll
0x00007ff9c8080000 - 0x00007ff9c8132000 	C:\WINDOWS\System32\KERNEL32.DLL
0x00007ff9c6090000 - 0x00007ff9c6335000 	C:\WINDOWS\System32\KERNELBASE.dll
0x00007ff9c71d0000 - 0x00007ff9c7273000 	C:\WINDOWS\System32\ADVAPI32.dll
0x00007ff9c6390000 - 0x00007ff9c642e000 	C:\WINDOWS\System32\msvcrt.dll
0x00007ff9c6d20000 - 0x00007ff9c6db7000 	C:\WINDOWS\System32\sechost.dll
0x00007ff9c7280000 - 0x00007ff9c73a0000 	C:\WINDOWS\System32\RPCRT4.dll
0x00007ff9c73a0000 - 0x00007ff9c7535000 	C:\WINDOWS\System32\USER32.dll
0x00007ff9c6340000 - 0x00007ff9c6361000 	C:\WINDOWS\System32\win32u.dll
0x00007ff9c6a80000 - 0x00007ff9c6aa6000 	C:\WINDOWS\System32\GDI32.dll
0x00007ff9c52f0000 - 0x00007ff9c5486000 	C:\WINDOWS\System32\gdi32full.dll
0x00007ff9c5ef0000 - 0x00007ff9c5f8e000 	C:\WINDOWS\System32\msvcp_win.dll
0x00007ff9c5c70000 - 0x00007ff9c5d6a000 	C:\WINDOWS\System32\ucrtbase.dll
0x00007ff9b7d10000 - 0x00007ff9b7f94000 	C:\WINDOWS\WinSxS\amd64_microsoft.windows.common-controls_6595b64144ccf1df_6.0.18362.1082_none_9e8193e1e45b25c1\COMCTL32.dll
0x00007ff9c6dc0000 - 0x00007ff9c70f5000 	C:\WINDOWS\System32\combase.dll
0x00007ff9c5270000 - 0x00007ff9c52f0000 	C:\WINDOWS\System32\bcryptPrimitives.dll
0x00007ff9c8210000 - 0x00007ff9c823e000 	C:\WINDOWS\System32\IMM32.DLL
0x0000000065150000 - 0x0000000065222000 	C:\Program Files\Android\Android Studio\jre\jre\bin\msvcr100.dll
0x00000000653e0000 - 0x0000000065c2b000 	C:\Program Files\Android\Android Studio\jre\jre\bin\server\jvm.dll
0x00007ff9c6430000 - 0x00007ff9c6438000 	C:\WINDOWS\System32\PSAPI.DLL
0x00007ff9c2d20000 - 0x00007ff9c2d29000 	C:\WINDOWS\SYSTEM32\WSOCK32.dll
0x00007ff9b80b0000 - 0x00007ff9b80ba000 	C:\WINDOWS\SYSTEM32\VERSION.dll
0x00007ff9c2c50000 - 0x00007ff9c2c74000 	C:\WINDOWS\SYSTEM32\WINMM.dll
0x00007ff9c7100000 - 0x00007ff9c716f000 	C:\WINDOWS\System32\WS2_32.dll
0x00007ff9c2c20000 - 0x00007ff9c2c4d000 	C:\WINDOWS\SYSTEM32\winmmbase.dll
0x00007ff9c5f90000 - 0x00007ff9c5fda000 	C:\WINDOWS\System32\cfgmgr32.dll
0x00007ff9c2cb0000 - 0x00007ff9c2cbf000 	C:\Program Files\Android\Android Studio\jre\jre\bin\verify.dll
0x00007ff9c11d0000 - 0x00007ff9c11f9000 	C:\Program Files\Android\Android Studio\jre\jre\bin\java.dll
0x00007ff9bef00000 - 0x00007ff9bef16000 	C:\Program Files\Android\Android Studio\jre\jre\bin\zip.dll
0x00007ff9c7710000 - 0x00007ff9c7df7000 	C:\WINDOWS\System32\SHELL32.dll
0x00007ff9c6c70000 - 0x00007ff9c6d19000 	C:\WINDOWS\System32\shcore.dll
0x00007ff9c54f0000 - 0x00007ff9c5c70000 	C:\WINDOWS\System32\windows.storage.dll
0x00007ff9c5240000 - 0x00007ff9c5263000 	C:\WINDOWS\System32\profapi.dll
0x00007ff9c51d0000 - 0x00007ff9c521a000 	C:\WINDOWS\System32\powrprof.dll
0x00007ff9c51a0000 - 0x00007ff9c51b0000 	C:\WINDOWS\System32\UMPDC.dll
0x00007ff9c8240000 - 0x00007ff9c8292000 	C:\WINDOWS\System32\shlwapi.dll
0x00007ff9c5220000 - 0x00007ff9c5231000 	C:\WINDOWS\System32\kernel.appcore.dll
0x00007ff9c6370000 - 0x00007ff9c6387000 	C:\WINDOWS\System32\cryptsp.dll

VM Arguments:
java_command: org.jetbrains.kotlin.cli.jvm.K2JVMCompiler @C:\Users\David Adeyinka\AndroidStudioProjects\ToDoPlanner\app\build\20210112_8103128918679305382.compiler.options
java_class_path (initial): C:\Users\David Adeyinka\.gradle\caches\modules-2\files-2.1\org.jetbrains.kotlin\kotlin-compiler-embeddable\1.4.10\38c4b99d5d5362debdd9302a866730379aa2328a\kotlin-compiler-embeddable-1.4.10.jar;C:\Users\David Adeyinka\.gradle\caches\modules-2\files-2.1\org.jetbrains.kotlin\kotlin-reflect\1.4.10\e2b3c6695eee6085e606d96d685396dce23a3a06\kotlin-reflect-1.4.10.jar;C:\Users\David Adeyinka\.gradle\caches\modules-2\files-2.1\org.jetbrains.kotlin\kotlin-stdlib\1.4.10\ea29e063d2bbe695be13e9d044dcfb0c7add398e\kotlin-stdlib-1.4.10.jar;C:\Users\David Adeyinka\.gradle\caches\modules-2\files-2.1\org.jetbrains.kotlin\kotlin-script-runtime\1.4.10\7c19d9c2001e016cd7664cebe9eea66fc04a7f4f\kotlin-script-runtime-1.4.10.jar;C:\Users\David Adeyinka\.gradle\caches\modules-2\files-2.1\org.jetbrains.kotlin\kotlin-daemon-embeddable\1.4.10\dbd67f42bed28043d17d7c860b06110a00a45970\kotlin-daemon-embeddable-1.4.10.jar;C:\Users\David Adeyinka\.gradle\caches\modules-2\files-2.1\org.jetbrains.intellij.deps\trove4j\1.0.20181211\216c2e14b070f334479d800987affe4054cd563f\trove4j-1.0.20181211.jar;C:\Users\David Adeyinka\.gradle\caches\modules-2\files-2.1\org.jetbrains.kotlin\kotlin-stdlib-common\1.4.10\6229be3465805c99db1142ad75e6c6ddeac0b04c\kotlin-stdlib-common-1.4.10.jar;C:\Users\David Adeyinka\.gradle\caches\modules-2\files-2.1\org.jetbrains\annotations\13.0\919f0dfe192fb4e063e7dacadee7f8bb9a2672a9\annotations-13.0.jar;C:\Program Files\Android\Android Studio\jre\lib\tools.jar
Launcher Type: SUN_STANDARD

Environment Variables:
PATH=C:\Program Files (x86)\Common Files\Oracle\Java\javapath;C:\WINDOWS\system32;C:\WINDOWS;C:\WINDOWS\System32\Wbem;C:\WINDOWS\System32\WindowsPowerShell\v1.0\;C:\WINDOWS\System32\OpenSSH\;C:\Program Files (x86)\Git\cmd;C:\Program Files\nodejs\;c:\Program Files (x86)\Microsoft SQL Server\100\Tools\Binn\;c:\Program Files\Microsoft SQL Server\100\Tools\Binn\;c:\Program Files\Microsoft SQL Server\100\DTS\Binn\;C:\Users\David Adeyinka\AppData\Local\Programs\Python\Python37-32\Scripts\;C:\Users\David Adeyinka\AppData\Local\Programs\Python\Python37-32\;C:\Users\David Adeyinka\AppData\Local\Microsoft\WindowsApps;;C:\Program Files\JetBrains\IntelliJ IDEA Community Edition 2019.1.3\bin;;C:\Program Files\Microsoft VS Code\bin;C:\Users\David Adeyinka\AppData\Roaming\npm
USERNAME=David Adeyinka
OS=Windows_NT
PROCESSOR_IDENTIFIER=Intel64 Family 6 Model 61 Stepping 4, GenuineIntel



---------------  S Y S T E M  ---------------

OS: Windows 10.0 , 64 bit Build 18362 (10.0.18362.1082)

CPU:total 4 (initial active 4) (2 cores per cpu, 2 threads per core) family 6 model 61 stepping 4, cmov, cx8, fxsr, mmx, sse, sse2, sse3, ssse3, sse4.1, sse4.2, popcnt, avx, avx2, aes, clmul, erms, 3dnowpref, lzcnt, ht, tsc, tscinvbit, bmi1, bmi2, adx

Memory: 4k page, physical 8277100k(1138380k free), swap 8277100k(5120k free)

vm_info: OpenJDK 64-Bit Server VM (25.242-b01) for windows-amd64 JRE (1.8.0_242-release-1644-b01), built by "builder" with MS VC++ 10.0 (VS2010)

time: Tue Jan 12 22:17:07 2021
timezone: W. Central Africa Standard Time
elapsed time: 6 seconds (0d 0h 0m 6s)

