#
# There is insufficient memory for the Java Runtime Environment to continue.
# Native memory allocation (malloc) failed to allocate 1664496 bytes for Chunk::new
# Possible reasons:
#   The system is out of physical RAM or swap space
#   The process is running with CompressedOops enabled, and the Java Heap may be blocking the growth of the native heap
# Possible solutions:
#   Reduce memory load on the system
#   Increase physical memory or swap space
#   Check if swap backing store is full
#   Decrease Java heap size (-Xmx/-Xms)
#   Decrease number of Java threads
#   Decrease Java thread stack sizes (-Xss)
#   Set larger code cache with -XX:ReservedCodeCacheSize=
#   JVM is running with Unscaled Compressed Oops mode in which the Java heap is
#     placed in the first 4GB address space. The Java Heap base address is the
#     maximum limit for the native heap growth. Please use -XX:HeapBaseMinAddress
#     to set the Java Heap base and to place the Java Heap above 4GB virtual address.
# This output file may be truncated or incomplete.
#
#  Out of Memory Error (allocation.cpp:389), pid=9020, tid=0x0000000000002c4c
#
# JRE version: OpenJDK Runtime Environment (8.0_242-b01) (build 1.8.0_242-release-1644-b01)
# Java VM: OpenJDK 64-Bit Server VM (25.242-b01 mixed mode windows-amd64 compressed oops)
# Failed to write core dump. Minidumps are not enabled by default on client versions of Windows
#

---------------  T H R E A D  ---------------

Current thread (0x0000000017f17000):  JavaThread "C2 CompilerThread0" daemon [_thread_in_native, id=11340, stack(0x0000000019560000,0x0000000019660000)]

Stack: [0x0000000019560000,0x0000000019660000]
[error occurred during error reporting (printing stack bounds), id 0xc0000005]

Native frames: (J=compiled Java code, j=interpreted, Vv=VM code, C=native code)


Current CompileTask:
C2:  54144 9383   !   4       java.io.ObjectOutputStream::writeObject0 (619 bytes)


---------------  P R O C E S S  ---------------

Java Threads: ( => current thread )
  0x000000001ac42800 JavaThread "stdout" [_thread_in_native, id=16212, stack(0x000000002ddc0000,0x000000002dec0000)]
  0x000000001ac42000 JavaThread "stderr" [_thread_in_native, id=14704, stack(0x000000002dcc0000,0x000000002ddc0000)]
  0x000000001ac43800 JavaThread "stdout" [_thread_in_native, id=12460, stack(0x000000002e3c0000,0x000000002e4c0000)]
  0x000000001ac44000 JavaThread "stderr" [_thread_in_native, id=15904, stack(0x000000002e2c0000,0x000000002e3c0000)]
  0x000000001ac41000 JavaThread "stdout" [_thread_blocked, id=15240, stack(0x000000002e1c0000,0x000000002e2c0000)]
  0x000000001ac3e000 JavaThread "stderr" [_thread_blocked, id=6460, stack(0x000000002e0c0000,0x000000002e1c0000)]
  0x000000001ac40800 JavaThread "stdout" [_thread_in_native, id=6824, stack(0x000000002dfc0000,0x000000002e0c0000)]
  0x000000001ac3f000 JavaThread "stderr" [_thread_in_native, id=13424, stack(0x000000002dec0000,0x000000002dfc0000)]
  0x000000001ac36800 JavaThread "pool-2-thread-1" [_thread_blocked, id=8696, stack(0x000000002dbc0000,0x000000002dcc0000)]
  0x000000001ac39000 JavaThread "WorkerExecutor Queue Thread 4" [_thread_blocked, id=16076, stack(0x000000002d9a0000,0x000000002daa0000)]
  0x000000001ac3c000 JavaThread "WorkerExecutor Queue Thread 3" [_thread_in_Java, id=16972, stack(0x000000002dac0000,0x000000002dbc0000)]
  0x000000001ac3c800 JavaThread "WorkerExecutor Queue Thread 2" [_thread_blocked, id=16940, stack(0x000000002d6a0000,0x000000002d7a0000)]
  0x000000001ac3a800 JavaThread "WorkerExecutor Queue" [_thread_in_vm, id=15812, stack(0x000000002d3a0000,0x000000002d4a0000)]
  0x000000001ac3b000 JavaThread "Cache worker for execution history cache (C:\Users\David Adeyinka\AndroidStudioProjects\ToDoPlanner\.gradle\6.6.1\executionHistory)" [_thread_blocked, id=5864, stack(0x000000002d0a0000,0x000000002d1a0000)]
  0x000000001ac39800 JavaThread "Execution worker for ':' Thread 3" [_thread_blocked, id=4988, stack(0x000000002cfa0000,0x000000002d0a0000)]
  0x000000001c832800 JavaThread "Execution worker for ':' Thread 2" [_thread_blocked, id=4652, stack(0x000000002cea0000,0x000000002cfa0000)]
  0x000000001c835800 JavaThread "Execution worker for ':'" [_thread_blocked, id=13264, stack(0x000000002cda0000,0x000000002cea0000)]
  0x000000001c834800 JavaThread "Cache worker for file content cache (C:\Users\David Adeyinka\AndroidStudioProjects\ToDoPlanner\.gradle\6.6.1\fileContent)" [_thread_blocked, id=12172, stack(0x000000002c6a0000,0x000000002c7a0000)]
  0x000000001c834000 JavaThread "Memory manager" [_thread_blocked, id=3660, stack(0x000000002c5a0000,0x000000002c6a0000)]
  0x000000001c833000 JavaThread "pool-1-thread-1" [_thread_blocked, id=10228, stack(0x000000002b4a0000,0x000000002b5a0000)]
  0x000000001c82b000 JavaThread "jar transforms Thread 114" [_thread_blocked, id=12520, stack(0x000000002b1a0000,0x000000002b2a0000)]
  0x000000001c831800 JavaThread "jar transforms Thread 113" [_thread_blocked, id=7888, stack(0x000000002b0a0000,0x000000002b1a0000)]
  0x000000001c82a000 JavaThread "jar transforms Thread 112" [_thread_blocked, id=12008, stack(0x000000002afa0000,0x000000002b0a0000)]
  0x000000001c831000 JavaThread "jar transforms Thread 111" [_thread_blocked, id=11316, stack(0x000000002aea0000,0x000000002afa0000)]
  0x000000001c82f800 JavaThread "jar transforms Thread 110" [_thread_blocked, id=4492, stack(0x000000002ada0000,0x000000002aea0000)]
  0x000000001c82e800 JavaThread "jar transforms Thread 109" [_thread_blocked, id=3352, stack(0x000000002aca0000,0x000000002ada0000)]
  0x000000001c830000 JavaThread "jar transforms Thread 108" [_thread_blocked, id=11724, stack(0x000000002aba0000,0x000000002aca0000)]
  0x000000001c827000 JavaThread "jar transforms Thread 107" [_thread_blocked, id=17392, stack(0x000000002aaa0000,0x000000002aba0000)]
  0x000000001c828000 JavaThread "jar transforms Thread 106" [_thread_blocked, id=11568, stack(0x000000002a9a0000,0x000000002aaa0000)]
  0x000000001c829800 JavaThread "jar transforms Thread 105" [_thread_blocked, id=13932, stack(0x000000002a8a0000,0x000000002a9a0000)]
  0x000000001c82e000 JavaThread "jar transforms Thread 104" [_thread_blocked, id=12052, stack(0x000000002a7a0000,0x000000002a8a0000)]
  0x000000001c826800 JavaThread "jar transforms Thread 103" [_thread_blocked, id=5116, stack(0x000000002a6a0000,0x000000002a7a0000)]
  0x000000001c828800 JavaThread "jar transforms Thread 102" [_thread_blocked, id=16116, stack(0x000000002a5a0000,0x000000002a6a0000)]
  0x000000001c82b800 JavaThread "jar transforms Thread 101" [_thread_blocked, id=9832, stack(0x000000002a4a0000,0x000000002a5a0000)]
  0x000000001c82d000 JavaThread "jar transforms Thread 100" [_thread_blocked, id=14692, stack(0x000000002a3a0000,0x000000002a4a0000)]
  0x000000001c82c800 JavaThread "jar transforms Thread 99" [_thread_blocked, id=7232, stack(0x000000002a2a0000,0x000000002a3a0000)]
  0x000000001c4a1800 JavaThread "jar transforms Thread 98" [_thread_blocked, id=11784, stack(0x000000002a1a0000,0x000000002a2a0000)]
  0x000000001c4a8800 JavaThread "jar transforms Thread 97" [_thread_blocked, id=14140, stack(0x000000002a0a0000,0x000000002a1a0000)]
  0x000000001c4a7800 JavaThread "jar transforms Thread 96" [_thread_blocked, id=6484, stack(0x0000000029fa0000,0x000000002a0a0000)]
  0x000000001c4a7000 JavaThread "jar transforms Thread 95" [_thread_blocked, id=944, stack(0x0000000029ea0000,0x0000000029fa0000)]
  0x000000001c4a6000 JavaThread "jar transforms Thread 94" [_thread_blocked, id=8868, stack(0x0000000029da0000,0x0000000029ea0000)]
  0x000000001c4a5800 JavaThread "jar transforms Thread 93" [_thread_blocked, id=8640, stack(0x0000000029ca0000,0x0000000029da0000)]
  0x000000001c4a4800 JavaThread "jar transforms Thread 92" [_thread_blocked, id=11856, stack(0x0000000029ba0000,0x0000000029ca0000)]
  0x000000001c4a3000 JavaThread "jar transforms Thread 91" [_thread_blocked, id=13600, stack(0x0000000029aa0000,0x0000000029ba0000)]
  0x000000001c49d000 JavaThread "jar transforms Thread 90" [_thread_blocked, id=5548, stack(0x00000000298a0000,0x00000000299a0000)]
  0x000000001c4a2800 JavaThread "jar transforms Thread 89" [_thread_blocked, id=16536, stack(0x00000000297a0000,0x00000000298a0000)]
  0x000000001c4a4000 JavaThread "jar transforms Thread 88" [_thread_blocked, id=13156, stack(0x00000000296a0000,0x00000000297a0000)]
  0x000000001c49a000 JavaThread "jar transforms Thread 87" [_thread_blocked, id=16268, stack(0x00000000295a0000,0x00000000296a0000)]
  0x000000001c49c800 JavaThread "jar transforms Thread 86" [_thread_blocked, id=11548, stack(0x00000000294a0000,0x00000000295a0000)]
  0x000000001c4a1000 JavaThread "jar transforms Thread 85" [_thread_blocked, id=13912, stack(0x00000000293a0000,0x00000000294a0000)]
  0x000000001c499800 JavaThread "jar transforms Thread 84" [_thread_blocked, id=13820, stack(0x00000000292a0000,0x00000000293a0000)]
  0x000000001c49b800 JavaThread "jar transforms Thread 83" [_thread_blocked, id=9944, stack(0x00000000291a0000,0x00000000292a0000)]
  0x000000001c4a0000 JavaThread "jar transforms Thread 82" [_thread_blocked, id=6988, stack(0x00000000290a0000,0x00000000291a0000)]
  0x000000001c49e000 JavaThread "jar transforms Thread 81" [_thread_blocked, id=13416, stack(0x0000000028fa0000,0x00000000290a0000)]
  0x000000001c49b000 JavaThread "jar transforms Thread 80" [_thread_blocked, id=11920, stack(0x0000000028ea0000,0x0000000028fa0000)]
  0x000000001c49f800 JavaThread "jar transforms Thread 79" [_thread_blocked, id=8616, stack(0x0000000028da0000,0x0000000028ea0000)]
  0x000000001c49e800 JavaThread "jar transforms Thread 78" [_thread_blocked, id=11052, stack(0x0000000028ca0000,0x0000000028da0000)]
  0x000000001b145000 JavaThread "jar transforms Thread 77" [_thread_blocked, id=304, stack(0x0000000028ba0000,0x0000000028ca0000)]
  0x000000001b14b800 JavaThread "jar transforms Thread 76" [_thread_blocked, id=2464, stack(0x0000000028aa0000,0x0000000028ba0000)]
  0x000000001b14b000 JavaThread "jar transforms Thread 75" [_thread_blocked, id=8112, stack(0x00000000289a0000,0x0000000028aa0000)]
  0x000000001b143800 JavaThread "jar transforms Thread 74" [_thread_blocked, id=11088, stack(0x00000000288a0000,0x00000000289a0000)]
  0x000000001b14a000 JavaThread "jar transforms Thread 73" [_thread_blocked, id=3520, stack(0x00000000287a0000,0x00000000288a0000)]
  0x000000001b148800 JavaThread "jar transforms Thread 72" [_thread_blocked, id=14664, stack(0x00000000286a0000,0x00000000287a0000)]
  0x000000001b146800 JavaThread "jar transforms Thread 71" [_thread_blocked, id=15684, stack(0x00000000285a0000,0x00000000286a0000)]
  0x000000001b149800 JavaThread "jar transforms Thread 70" [_thread_blocked, id=9780, stack(0x00000000284a0000,0x00000000285a0000)]
  0x000000001b145800 JavaThread "jar transforms Thread 69" [_thread_blocked, id=10404, stack(0x00000000283a0000,0x00000000284a0000)]
  0x000000001b147000 JavaThread "jar transforms Thread 68" [_thread_blocked, id=11144, stack(0x00000000282a0000,0x00000000283a0000)]
  0x000000001b148000 JavaThread "jar transforms Thread 67" [_thread_blocked, id=10928, stack(0x00000000281a0000,0x00000000282a0000)]
  0x000000001b144000 JavaThread "jar transforms Thread 66" [_thread_blocked, id=7532, stack(0x00000000280a0000,0x00000000281a0000)]
  0x000000001b13c800 JavaThread "jar transforms Thread 65" [_thread_blocked, id=5124, stack(0x0000000027fa0000,0x00000000280a0000)]
  0x000000001b142800 JavaThread "jar transforms Thread 64" [_thread_blocked, id=12840, stack(0x0000000027ea0000,0x0000000027fa0000)]
  0x000000001b141000 JavaThread "jar transforms Thread 63" [_thread_blocked, id=7424, stack(0x0000000027da0000,0x0000000027ea0000)]
  0x000000001b13f800 JavaThread "jar transforms Thread 62" [_thread_blocked, id=1640, stack(0x0000000027ca0000,0x0000000027da0000)]
  0x000000001b13e000 JavaThread "jar transforms Thread 61" [_thread_blocked, id=7844, stack(0x0000000027ba0000,0x0000000027ca0000)]
  0x000000001b142000 JavaThread "jar transforms Thread 60" [_thread_blocked, id=364, stack(0x0000000027aa0000,0x0000000027ba0000)]
  0x000000001b13d800 JavaThread "jar transforms Thread 59" [_thread_blocked, id=13168, stack(0x00000000279a0000,0x0000000027aa0000)]
  0x000000001b140800 JavaThread "jar transforms Thread 58" [_thread_blocked, id=672, stack(0x00000000278a0000,0x00000000279a0000)]
  0x000000001b13f000 JavaThread "jar transforms Thread 57" [_thread_blocked, id=3680, stack(0x00000000277a0000,0x00000000278a0000)]
  0x000000001bfad800 JavaThread "jar transforms Thread 56" [_thread_blocked, id=17280, stack(0x00000000276a0000,0x00000000277a0000)]
  0x000000001bfad000 JavaThread "jar transforms Thread 55" [_thread_blocked, id=17192, stack(0x00000000275a0000,0x00000000276a0000)]
  0x000000001bfae800 JavaThread "jar transforms Thread 54" [_thread_blocked, id=8348, stack(0x00000000274a0000,0x00000000275a0000)]
  0x000000001bfac000 JavaThread "jar transforms Thread 53" [_thread_blocked, id=7212, stack(0x00000000273a0000,0x00000000274a0000)]
  0x000000001bfab800 JavaThread "jar transforms Thread 52" [_thread_blocked, id=14916, stack(0x00000000272a0000,0x00000000273a0000)]
  0x000000001bfa3800 JavaThread "jar transforms Thread 51" [_thread_blocked, id=14772, stack(0x00000000271a0000,0x00000000272a0000)]
  0x000000001bfaa800 JavaThread "jar transforms Thread 50" [_thread_blocked, id=7984, stack(0x00000000270a0000,0x00000000271a0000)]
  0x000000001bfaa000 JavaThread "jar transforms Thread 49" [_thread_blocked, id=15056, stack(0x0000000026fa0000,0x00000000270a0000)]
  0x000000001bfa2000 JavaThread "jar transforms Thread 48" [_thread_blocked, id=15864, stack(0x0000000026ea0000,0x0000000026fa0000)]
  0x000000001bfa9000 JavaThread "jar transforms Thread 47" [_thread_blocked, id=13908, stack(0x0000000026da0000,0x0000000026ea0000)]
  0x000000001bfa1800 JavaThread "jar transforms Thread 46" [_thread_blocked, id=10880, stack(0x0000000026ca0000,0x0000000026da0000)]
  0x000000001bfa8800 JavaThread "jar transforms Thread 45" [_thread_blocked, id=11240, stack(0x0000000026ba0000,0x0000000026ca0000)]
  0x000000001bfa5000 JavaThread "jar transforms Thread 44" [_thread_blocked, id=1676, stack(0x0000000026980000,0x0000000026a80000)]
  0x000000001bfa7800 JavaThread "jar transforms Thread 43" [_thread_blocked, id=7968, stack(0x0000000026aa0000,0x0000000026ba0000)]
  0x000000001bfa0800 JavaThread "jar transforms Thread 42" [_thread_blocked, id=3836, stack(0x0000000026880000,0x0000000026980000)]
  0x000000001bfa6800 JavaThread "jar transforms Thread 41" [_thread_blocked, id=2840, stack(0x0000000026780000,0x0000000026880000)]
  0x000000001bfa0000 JavaThread "jar transforms Thread 40" [_thread_blocked, id=10808, stack(0x0000000026680000,0x0000000026780000)]
  0x000000001bfa3000 JavaThread "jar transforms Thread 39" [_thread_blocked, id=17172, stack(0x0000000026580000,0x0000000026680000)]
  0x000000001bfa6000 JavaThread "jar transforms Thread 38" [_thread_blocked, id=12680, stack(0x0000000026480000,0x0000000026580000)]
  0x000000001bfa4800 JavaThread "jar transforms Thread 37" [_thread_blocked, id=6032, stack(0x0000000026380000,0x0000000026480000)]
  0x000000001bf9f000 JavaThread "jar transforms Thread 36" [_thread_blocked, id=13328, stack(0x0000000026280000,0x0000000026380000)]
  0x000000001b6a3800 JavaThread "jar transforms Thread 35" [_thread_blocked, id=8952, stack(0x0000000026180000,0x0000000026280000)]
  0x000000001b69c000 JavaThread "jar transforms Thread 34" [_thread_blocked, id=13880, stack(0x0000000026080000,0x0000000026180000)]
  0x000000001b69f800 JavaThread "jar transforms Thread 33" [_thread_blocked, id=6384, stack(0x0000000025f80000,0x0000000026080000)]
  0x000000001b69f000 JavaThread "jar transforms Thread 32" [_thread_blocked, id=11220, stack(0x0000000025e80000,0x0000000025f80000)]
  0x000000001b6a2000 JavaThread "jar transforms Thread 31" [_thread_blocked, id=120, stack(0x0000000025d80000,0x0000000025e80000)]
  0x000000001b69e000 JavaThread "jar transforms Thread 30" [_thread_blocked, id=8964, stack(0x0000000025c80000,0x0000000025d80000)]
  0x000000001b6a0800 JavaThread "jar transforms Thread 29" [_thread_blocked, id=11112, stack(0x0000000025b80000,0x0000000025c80000)]
  0x000000001b6a1000 JavaThread "jar transforms Thread 28" [_thread_blocked, id=2688, stack(0x0000000025a80000,0x0000000025b80000)]
  0x000000001b6a2800 JavaThread "jar transforms Thread 27" [_thread_blocked, id=13088, stack(0x0000000025980000,0x0000000025a80000)]
  0x000000001b696800 JavaThread "jar transforms Thread 26" [_thread_blocked, id=13964, stack(0x0000000025880000,0x0000000025980000)]
  0x000000001b69d800 JavaThread "jar transforms Thread 25" [_thread_blocked, id=5944, stack(0x0000000025780000,0x0000000025880000)]
  0x000000001b69c800 JavaThread "jar transforms Thread 24" [_thread_blocked, id=16168, stack(0x0000000025680000,0x0000000025780000)]
  0x000000001b699800 JavaThread "jar transforms Thread 23" [_thread_blocked, id=15212, stack(0x0000000025580000,0x0000000025680000)]
  0x000000001b696000 JavaThread "jar transforms Thread 22" [_thread_blocked, id=1256, stack(0x0000000025480000,0x0000000025580000)]
  0x000000001b697800 JavaThread "jar transforms Thread 21" [_thread_blocked, id=17396, stack(0x0000000025380000,0x0000000025480000)]
  0x000000001b694800 JavaThread "jar transforms Thread 20" [_thread_blocked, id=15524, stack(0x0000000025280000,0x0000000025380000)]
  0x000000001b69a800 JavaThread "jar transforms Thread 19" [_thread_blocked, id=15688, stack(0x0000000025180000,0x0000000025280000)]
  0x000000001b698000 JavaThread "jar transforms Thread 18" [_thread_blocked, id=5360, stack(0x0000000025080000,0x0000000025180000)]
  0x000000001b69b000 JavaThread "jar transforms Thread 17" [_thread_blocked, id=15944, stack(0x0000000024f80000,0x0000000025080000)]
  0x000000001b695000 JavaThread "jar transforms Thread 16" [_thread_blocked, id=12272, stack(0x0000000024e80000,0x0000000024f80000)]
  0x000000001b699000 JavaThread "jar transforms Thread 15" [_thread_blocked, id=6672, stack(0x0000000024d80000,0x0000000024e80000)]
  0x00000000211a5800 JavaThread "jar transforms Thread 14" [_thread_blocked, id=3984, stack(0x0000000024c80000,0x0000000024d80000)]
  0x00000000211a5000 JavaThread "jar transforms Thread 13" [_thread_blocked, id=14244, stack(0x0000000024b80000,0x0000000024c80000)]
  0x00000000211a8800 JavaThread "jar transforms Thread 12" [_thread_blocked, id=9836, stack(0x0000000024a80000,0x0000000024b80000)]
  0x00000000211a8000 JavaThread "jar transforms Thread 11" [_thread_blocked, id=14632, stack(0x0000000024980000,0x0000000024a80000)]
  0x00000000211a4000 JavaThread "jar transforms Thread 10" [_thread_blocked, id=3988, stack(0x0000000024880000,0x0000000024980000)]
  0x00000000211a9800 JavaThread "jar transforms Thread 9" [_thread_blocked, id=15976, stack(0x0000000024680000,0x0000000024780000)]
  0x00000000211a3800 JavaThread "jar transforms Thread 8" [_thread_blocked, id=6016, stack(0x0000000024580000,0x0000000024680000)]
  0x00000000211a6800 JavaThread "jar transforms Thread 7" [_thread_blocked, id=13152, stack(0x0000000024480000,0x0000000024580000)]
  0x00000000211a7000 JavaThread "jar transforms Thread 6" [_thread_blocked, id=5032, stack(0x0000000024380000,0x0000000024480000)]
  0x00000000211a2800 JavaThread "jar transforms Thread 5" [_thread_blocked, id=8156, stack(0x0000000024280000,0x0000000024380000)]
  0x000000002119b000 JavaThread "jar transforms Thread 4" [_thread_blocked, id=1324, stack(0x0000000024180000,0x0000000024280000)]
  0x00000000211a2000 JavaThread "jar transforms Thread 3" [_thread_blocked, id=10420, stack(0x0000000024080000,0x0000000024180000)]
  0x000000002119a800 JavaThread "jar transforms Thread 2" [_thread_blocked, id=3792, stack(0x0000000023f80000,0x0000000024080000)]
  0x00000000211a0800 JavaThread "Build operations Thread 4" [_thread_blocked, id=12036, stack(0x0000000023e80000,0x0000000023f80000)]
  0x00000000211a1000 JavaThread "Build operations Thread 3" [_thread_blocked, id=16748, stack(0x0000000023d80000,0x0000000023e80000)]
  0x000000002119f800 JavaThread "Build operations Thread 2" [_thread_blocked, id=14844, stack(0x0000000023c80000,0x0000000023d80000)]
  0x000000002119d800 JavaThread "Build operations" [_thread_blocked, id=16360, stack(0x0000000023b80000,0x0000000023c80000)]
  0x000000002119f000 JavaThread "Cache worker for Build Output Cleanup Cache (C:\Users\David Adeyinka\AndroidStudioProjects\ToDoPlanner\.gradle\buildOutputCleanup)" [_thread_blocked, id=5524, stack(0x0000000023880000,0x0000000023980000)]
  0x000000001a503800 JavaThread "Cache worker for file content cache (C:\Users\David Adeyinka\.gradle\caches\6.6.1\fileContent)" [_thread_blocked, id=6208, stack(0x0000000023180000,0x0000000023280000)]
  0x000000001a502800 JavaThread "jar transforms" [_thread_blocked, id=17260, stack(0x0000000023080000,0x0000000023180000)]
  0x000000001a509800 JavaThread "Cache worker for execution history cache (C:\Users\David Adeyinka\.gradle\caches\6.6.1\executionHistory)" [_thread_blocked, id=7520, stack(0x0000000020990000,0x0000000020a90000)]
  0x000000001a508800 JavaThread "Cache worker for cache directory md-rule (C:\Users\David Adeyinka\.gradle\caches\6.6.1\md-rule)" [_thread_blocked, id=5508, stack(0x0000000020890000,0x0000000020990000)]
  0x000000001a508000 JavaThread "Cache worker for cache directory md-supplier (C:\Users\David Adeyinka\.gradle\caches\6.6.1\md-supplier)" [_thread_blocked, id=2584, stack(0x0000000020790000,0x0000000020890000)]
  0x000000001a506800 JavaThread "Cache worker for checksums cache (C:\Users\David Adeyinka\AndroidStudioProjects\ToDoPlanner\.gradle\checksums)" [_thread_blocked, id=16952, stack(0x0000000020490000,0x0000000020590000)]
  0x000000001a507000 JavaThread "Cache worker for file hash cache (C:\Users\David Adeyinka\AndroidStudioProjects\ToDoPlanner\.gradle\6.6.1\fileHashes)" [_thread_blocked, id=11300, stack(0x0000000020390000,0x0000000020490000)]
  0x000000001a505800 JavaThread "Cache worker for journal cache (C:\Users\David Adeyinka\.gradle\caches\journal-1)" [_thread_blocked, id=5504, stack(0x000000001fe90000,0x000000001ff90000)]
  0x000000001a505000 JavaThread "File lock request listener" [_thread_in_native, id=9436, stack(0x000000001ddf0000,0x000000001def0000)]
  0x0000000019bed000 JavaThread "Cache worker for file hash cache (C:\Users\David Adeyinka\.gradle\caches\6.6.1\fileHashes)" [_thread_blocked, id=8440, stack(0x000000001dcf0000,0x000000001ddf0000)]
  0x000000001a6d4000 JavaThread "Thread-9" [_thread_blocked, id=10872, stack(0x000000001d9f0000,0x000000001daf0000)]
  0x000000001986e000 JavaThread "Stdin handler" [_thread_blocked, id=14196, stack(0x000000001d8f0000,0x000000001d9f0000)]
  0x000000001ae98000 JavaThread "Asynchronous log dispatcher for DefaultDaemonConnection: socket connection from /127.0.0.1:18131 to /127.0.0.1:18132" [_thread_blocked, id=15124, stack(0x000000001d7f0000,0x000000001d8f0000)]
  0x000000001986c800 JavaThread "Daemon worker" [_thread_blocked, id=10336, stack(0x000000001d6f0000,0x000000001d7f0000)]
  0x000000001a6e2800 JavaThread "Cancel handler" [_thread_blocked, id=7012, stack(0x000000001d5f0000,0x000000001d6f0000)]
  0x000000001a1c4000 JavaThread "Handler for socket connection from /127.0.0.1:18131 to /127.0.0.1:18132" [_thread_in_native, id=4852, stack(0x000000001d4f0000,0x000000001d5f0000)]
  0x000000001a1c3000 JavaThread "Daemon" [_thread_blocked, id=15568, stack(0x000000001d3f0000,0x000000001d4f0000)]
  0x0000000019af8800 JavaThread "Daemon periodic checks" [_thread_blocked, id=6008, stack(0x000000001d0f0000,0x000000001d1f0000)]
  0x000000001a0d8800 JavaThread "Incoming local TCP Connector on port 18131" [_thread_in_native, id=16460, stack(0x000000001ceb0000,0x000000001cfb0000)]
  0x000000001b963000 JavaThread "Daemon health stats" [_thread_blocked, id=14540, stack(0x000000001c870000,0x000000001c970000)]
  0x0000000017f6e000 JavaThread "Service Thread" daemon [_thread_blocked, id=14996, stack(0x0000000019c60000,0x0000000019d60000)]
  0x0000000017f28800 JavaThread "C1 CompilerThread2" daemon [_thread_blocked, id=5044, stack(0x0000000019760000,0x0000000019860000)]
  0x0000000017f1b000 JavaThread "C2 CompilerThread1" daemon [_thread_in_native, id=12744, stack(0x0000000019660000,0x0000000019760000)]
=>0x0000000017f17000 JavaThread "C2 CompilerThread0" daemon [_thread_in_native, id=11340, stack(0x0000000019560000,0x0000000019660000)]
  0x0000000017f15800 JavaThread "Attach Listener" daemon [_thread_blocked, id=8512, stack(0x0000000019460000,0x0000000019560000)]
  0x0000000017f14000 JavaThread "Signal Dispatcher" daemon [_thread_blocked, id=8756, stack(0x0000000019360000,0x0000000019460000)]
  0x00000000032eb800 JavaThread "Finalizer" daemon [_thread_blocked, id=14576, stack(0x0000000019160000,0x0000000019260000)]
  0x0000000017ef9000 JavaThread "Reference Handler" daemon [_thread_blocked, id=1960, stack(0x0000000019060000,0x0000000019160000)]
  0x000000000308e800 JavaThread "main" [_thread_blocked, id=2948, stack(0x00000000030f0000,0x00000000031f0000)]

Other Threads:
  0x0000000017ed6000 VMThread [stack: 0x0000000018f60000,0x0000000019060000] [id=15276]
  0x000000001988b800 WatcherThread [stack: 0x0000000019d60000,0x0000000019e60000] [id=15712]

VM state:not at safepoint (normal execution)

VM Mutex/Monitor currently owned by a thread: None

heap address: 0x0000000080000000, size: 2048 MB, Compressed Oops mode: 32-bit
Narrow klass base: 0x0000000000000000, Narrow klass shift: 3
Compressed class space size: 1073741824 Address: 0x0000000100000000

Heap:
 PSYoungGen      total 240640K, used 35896K [0x00000000d5580000, 0x00000000e6980000, 0x0000000100000000)
  eden space 222208K, 7% used [0x00000000d5580000,0x00000000d668eeb0,0x00000000e2e80000)
  from space 18432K, 99% used [0x00000000e4900000,0x00000000e5aff480,0x00000000e5b00000)
  to   space 27136K, 0% used [0x00000000e2e80000,0x00000000e2e80000,0x00000000e4900000)
 ParOldGen       total 126976K, used 51847K [0x0000000080000000, 0x0000000087c00000, 0x00000000d5580000)
  object space 126976K, 40% used [0x0000000080000000,0x00000000832a1e40,0x0000000087c00000)
 Metaspace       used 71811K, capacity 75224K, committed 75480K, reserved 1114112K
  class space    used 9733K, capacity 10378K, committed 10496K, reserved 1048576K

Card table byte_map: [0x00000000126b0000,0x0000000012ac0000] byte_map_base: 0x00000000122b0000

Marking Bits: (ParMarkBitMap*) 0x0000000065baf030
 Begin Bits: [0x0000000013170000, 0x0000000015170000)
 End Bits:   [0x0000000015170000, 0x0000000017170000)

Polling page: 0x0000000003040000

CodeCache: size=245760Kb used=26473Kb max_used=26515Kb free=219287Kb
 bounds [0x00000000032f0000, 0x0000000004d00000, 0x00000000122f0000]
 total_blobs=9080 nmethods=8278 adapters=712
 compilation: enabled

Compilation events (10 events):
Event: 54.117 Thread 0x0000000017f28800 9454       2       java.io.ObjectInputStream::readByte (8 bytes)
Event: 54.117 Thread 0x0000000017f28800 nmethod 9454 0x0000000003d85490 code [0x0000000003d85600, 0x0000000003d85818]
Event: 54.121 Thread 0x0000000017f28800 9455       2       org.gradle.internal.work.DefaultWorkerLeaseService::access$600 (4 bytes)
Event: 54.121 Thread 0x0000000017f28800 nmethod 9455 0x0000000003e43810 code [0x0000000003e43960, 0x0000000003e43a90]
Event: 54.121 Thread 0x0000000017f28800 9457       2       java.lang.Thread::getId (5 bytes)
Event: 54.121 Thread 0x0000000017f28800 nmethod 9457 0x00000000046d9350 code [0x00000000046d94a0, 0x00000000046d95f0]
Event: 54.121 Thread 0x0000000017f28800 9456       2       com.google.common.collect.AbstractMapBasedMultimap$WrappedCollection::removeIfEmpty (47 bytes)
Event: 54.122 Thread 0x0000000017f28800 nmethod 9456 0x00000000046d8e90 code [0x00000000046d9020, 0x00000000046d9228]
Event: 54.126 Thread 0x0000000017f28800 9458   !   2       org.gradle.internal.resources.DefaultResourceLockCoordinationService$DefaultResourceLockState::releaseLocks (76 bytes)
Event: 54.126 Thread 0x0000000017f28800 nmethod 9458 0x0000000003e96b10 code [0x0000000003e96cc0, 0x0000000003e96fc8]

GC Heap History (10 events):
Event: 33.024 GC heap before
{Heap before GC invocations=13 (full 2):
 PSYoungGen      total 154624K, used 154526K [0x00000000d5580000, 0x00000000e0d00000, 0x0000000100000000)
  eden space 147456K, 100% used [0x00000000d5580000,0x00000000de580000,0x00000000de580000)
  from space 7168K, 98% used [0x00000000e0600000,0x00000000e0ce7978,0x00000000e0d00000)
  to   space 11264K, 0% used [0x00000000df700000,0x00000000df700000,0x00000000e0200000)
 ParOldGen       total 80384K, used 14681K [0x0000000080000000, 0x0000000084e80000, 0x00000000d5580000)
  object space 80384K, 18% used [0x0000000080000000,0x0000000080e564a0,0x0000000084e80000)
 Metaspace       used 52289K, capacity 54402K, committed 54528K, reserved 1095680K
  class space    used 6965K, capacity 7405K, committed 7424K, reserved 1048576K
Event: 33.109 GC heap after
Heap after GC invocations=13 (full 2):
 PSYoungGen      total 176640K, used 11236K [0x00000000d5580000, 0x00000000e2d00000, 0x0000000100000000)
  eden space 165376K, 0% used [0x00000000d5580000,0x00000000d5580000,0x00000000df700000)
  from space 11264K, 99% used [0x00000000df700000,0x00000000e01f92f0,0x00000000e0200000)
  to   space 16384K, 0% used [0x00000000e1d00000,0x00000000e1d00000,0x00000000e2d00000)
 ParOldGen       total 80384K, used 26127K [0x0000000080000000, 0x0000000084e80000, 0x00000000d5580000)
  object space 80384K, 32% used [0x0000000080000000,0x0000000081983f18,0x0000000084e80000)
 Metaspace       used 52289K, capacity 54402K, committed 54528K, reserved 1095680K
  class space    used 6965K, capacity 7405K, committed 7424K, reserved 1048576K
}
Event: 36.582 GC heap before
{Heap before GC invocations=14 (full 2):
 PSYoungGen      total 176640K, used 78978K [0x00000000d5580000, 0x00000000e2d00000, 0x0000000100000000)
  eden space 165376K, 40% used [0x00000000d5580000,0x00000000d97a7648,0x00000000df700000)
  from space 11264K, 99% used [0x00000000df700000,0x00000000e01f92f0,0x00000000e0200000)
  to   space 16384K, 0% used [0x00000000e1d00000,0x00000000e1d00000,0x00000000e2d00000)
 ParOldGen       total 80384K, used 26127K [0x0000000080000000, 0x0000000084e80000, 0x00000000d5580000)
  object space 80384K, 32% used [0x0000000080000000,0x0000000081983f18,0x0000000084e80000)
 Metaspace       used 56784K, capacity 59080K, committed 59096K, reserved 1099776K
  class space    used 7705K, capacity 8178K, committed 8192K, reserved 1048576K
Event: 36.678 GC heap after
Heap after GC invocations=14 (full 2):
 PSYoungGen      total 204800K, used 8619K [0x00000000d5580000, 0x00000000e4300000, 0x0000000100000000)
  eden space 188416K, 0% used [0x00000000d5580000,0x00000000d5580000,0x00000000e0d80000)
  from space 16384K, 52% used [0x00000000e1d00000,0x00000000e256ac50,0x00000000e2d00000)
  to   space 15872K, 0% used [0x00000000e0d80000,0x00000000e0d80000,0x00000000e1d00000)
 ParOldGen       total 80384K, used 37258K [0x0000000080000000, 0x0000000084e80000, 0x00000000d5580000)
  object space 80384K, 46% used [0x0000000080000000,0x00000000824629a0,0x0000000084e80000)
 Metaspace       used 56784K, capacity 59080K, committed 59096K, reserved 1099776K
  class space    used 7705K, capacity 8178K, committed 8192K, reserved 1048576K
}
Event: 36.678 GC heap before
{Heap before GC invocations=15 (full 3):
 PSYoungGen      total 204800K, used 8619K [0x00000000d5580000, 0x00000000e4300000, 0x0000000100000000)
  eden space 188416K, 0% used [0x00000000d5580000,0x00000000d5580000,0x00000000e0d80000)
  from space 16384K, 52% used [0x00000000e1d00000,0x00000000e256ac50,0x00000000e2d00000)
  to   space 15872K, 0% used [0x00000000e0d80000,0x00000000e0d80000,0x00000000e1d00000)
 ParOldGen       total 80384K, used 37258K [0x0000000080000000, 0x0000000084e80000, 0x00000000d5580000)
  object space 80384K, 46% used [0x0000000080000000,0x00000000824629a0,0x0000000084e80000)
 Metaspace       used 56784K, capacity 59080K, committed 59096K, reserved 1099776K
  class space    used 7705K, capacity 8178K, committed 8192K, reserved 1048576K
Event: 37.398 GC heap after
Heap after GC invocations=15 (full 3):
 PSYoungGen      total 204800K, used 0K [0x00000000d5580000, 0x00000000e4300000, 0x0000000100000000)
  eden space 188416K, 0% used [0x00000000d5580000,0x00000000d5580000,0x00000000e0d80000)
  from space 16384K, 0% used [0x00000000e1d00000,0x00000000e1d00000,0x00000000e2d00000)
  to   space 15872K, 0% used [0x00000000e0d80000,0x00000000e0d80000,0x00000000e1d00000)
 ParOldGen       total 126976K, used 33127K [0x0000000080000000, 0x0000000087c00000, 0x00000000d5580000)
  object space 126976K, 26% used [0x0000000080000000,0x0000000082059c30,0x0000000087c00000)
 Metaspace       used 56769K, capacity 59032K, committed 59096K, reserved 1099776K
  class space    used 7701K, capacity 8170K, committed 8192K, reserved 1048576K
}
Event: 45.103 GC heap before
{Heap before GC invocations=16 (full 3):
 PSYoungGen      total 204800K, used 188416K [0x00000000d5580000, 0x00000000e4300000, 0x0000000100000000)
  eden space 188416K, 100% used [0x00000000d5580000,0x00000000e0d80000,0x00000000e0d80000)
  from space 16384K, 0% used [0x00000000e1d00000,0x00000000e1d00000,0x00000000e2d00000)
  to   space 15872K, 0% used [0x00000000e0d80000,0x00000000e0d80000,0x00000000e1d00000)
 ParOldGen       total 126976K, used 33127K [0x0000000080000000, 0x0000000087c00000, 0x00000000d5580000)
  object space 126976K, 26% used [0x0000000080000000,0x0000000082059c30,0x0000000087c00000)
 Metaspace       used 66850K, capacity 70008K, committed 70232K, reserved 1110016K
  class space    used 9178K, capacity 9776K, committed 9856K, reserved 1048576K
Event: 45.137 GC heap after
Heap after GC invocations=16 (full 3):
 PSYoungGen      total 204288K, used 15842K [0x00000000d5580000, 0x00000000e5b00000, 0x0000000100000000)
  eden space 188416K, 0% used [0x00000000d5580000,0x00000000d5580000,0x00000000e0d80000)
  from space 15872K, 99% used [0x00000000e0d80000,0x00000000e1cf8898,0x00000000e1d00000)
  to   space 18432K, 0% used [0x00000000e4900000,0x00000000e4900000,0x00000000e5b00000)
 ParOldGen       total 126976K, used 35540K [0x0000000080000000, 0x0000000087c00000, 0x00000000d5580000)
  object space 126976K, 27% used [0x0000000080000000,0x00000000822b5170,0x0000000087c00000)
 Metaspace       used 66850K, capacity 70008K, committed 70232K, reserved 1110016K
  class space    used 9178K, capacity 9776K, committed 9856K, reserved 1048576K
}
Event: 53.061 GC heap before
{Heap before GC invocations=17 (full 3):
 PSYoungGen      total 204288K, used 202906K [0x00000000d5580000, 0x00000000e5b00000, 0x0000000100000000)
  eden space 188416K, 99% used [0x00000000d5580000,0x00000000e0c2e0f0,0x00000000e0d80000)
  from space 15872K, 99% used [0x00000000e0d80000,0x00000000e1cf8898,0x00000000e1d00000)
  to   space 18432K, 0% used [0x00000000e4900000,0x00000000e4900000,0x00000000e5b00000)
 ParOldGen       total 126976K, used 35540K [0x0000000080000000, 0x0000000087c00000, 0x00000000d5580000)
  object space 126976K, 27% used [0x0000000080000000,0x00000000822b5170,0x0000000087c00000)
 Metaspace       used 71417K, capacity 74774K, committed 75096K, reserved 1114112K
  class space    used 9693K, capacity 10329K, committed 10368K, reserved 1048576K
Event: 53.164 GC heap after
Heap after GC invocations=17 (full 3):
 PSYoungGen      total 240640K, used 18429K [0x00000000d5580000, 0x00000000e6980000, 0x0000000100000000)
  eden space 222208K, 0% used [0x00000000d5580000,0x00000000d5580000,0x00000000e2e80000)
  from space 18432K, 99% used [0x00000000e4900000,0x00000000e5aff480,0x00000000e5b00000)
  to   space 27136K, 0% used [0x00000000e2e80000,0x00000000e2e80000,0x00000000e4900000)
 ParOldGen       total 126976K, used 51847K [0x0000000080000000, 0x0000000087c00000, 0x00000000d5580000)
  object space 126976K, 40% used [0x0000000080000000,0x00000000832a1e40,0x0000000087c00000)
 Metaspace       used 71417K, capacity 74774K, committed 75096K, reserved 1114112K
  class space    used 9693K, capacity 10329K, committed 10368K, reserved 1048576K
}

Deoptimization events (10 events):
Event: 52.982 Thread 0x000000001c832800 Uncommon trap: reason=class_check action=maybe_recompile pc=0x0000000004c67620 method=com.sun.org.apache.xerces.internal.dom.AttrImpl.getOwnerElement()Lorg/w3c/dom/Element; @ 18
Event: 52.982 Thread 0x000000001c832800 Uncommon trap: reason=class_check action=maybe_recompile pc=0x0000000004c67620 method=com.sun.org.apache.xerces.internal.dom.AttrImpl.getOwnerElement()Lorg/w3c/dom/Element; @ 18
Event: 53.004 Thread 0x000000001c832800 Uncommon trap: reason=unstable_if action=reinterpret pc=0x0000000004c20da4 method=com.android.utils.XmlUtils.toXmlAttributeValue(Ljava/lang/String;)Ljava/lang/String; @ 33
Event: 53.005 Thread 0x000000001c832800 Uncommon trap: reason=unstable_if action=reinterpret pc=0x0000000004b5205c method=com.android.utils.XmlUtils.toXmlAttributeValue(Ljava/lang/String;)Ljava/lang/String; @ 33
Event: 53.061 Thread 0x000000001c832800 Uncommon trap: reason=unstable_if action=reinterpret pc=0x0000000004c1c504 method=com.android.utils.XmlUtils.append(Lcom/android/utils/XmlUtils$PositionAwareStringBuilder;Lorg/w3c/dom/Node;Ljava/util/Map;Ljava/util/Set;)V @ 546
Event: 53.172 Thread 0x000000001c832800 Uncommon trap: reason=unstable_if action=reinterpret pc=0x0000000004c40930 method=sun.nio.cs.UTF_8$Encoder.encodeArrayLoop(Ljava/nio/CharBuffer;Ljava/nio/ByteBuffer;)Ljava/nio/charset/CoderResult; @ 175
Event: 53.175 Thread 0x000000001c832800 Uncommon trap: reason=unstable_if action=reinterpret pc=0x0000000004b6b7ec method=sun.nio.cs.UTF_8$Encoder.encodeArrayLoop(Ljava/nio/CharBuffer;Ljava/nio/ByteBuffer;)Ljava/nio/charset/CoderResult; @ 400
Event: 54.109 Thread 0x000000001ac3c800 Uncommon trap: reason=class_check action=maybe_recompile pc=0x0000000003f4c440 method=java.lang.Throwable.<init>(Ljava/lang/String;Ljava/lang/Throwable;)V @ 24
Event: 54.110 Thread 0x000000001ac3c800 Uncommon trap: reason=class_check action=maybe_recompile pc=0x0000000003f4c440 method=java.lang.Throwable.<init>(Ljava/lang/String;Ljava/lang/Throwable;)V @ 24
Event: 54.122 Thread 0x000000001c832800 Uncommon trap: reason=class_check action=maybe_recompile pc=0x0000000003f4c440 method=java.lang.Throwable.<init>(Ljava/lang/String;Ljava/lang/Throwable;)V @ 24

Classes redefined (0 events):
No events

Internal exceptions (10 events):
Event: 50.834 Thread 0x000000001c832800 Exception <a 'java/lang/NoSuchMethodError': <clinit>> (0x00000000dda95608) thrown at [C:\src\AOSP-openjdk-git\hotspot\src\share\vm\prims\jni.cpp, line 1615]
Event: 51.797 Thread 0x000000001c832800 Implicit null exception at 0x0000000003582c56 to 0x0000000003582ff1
Event: 52.205 Thread 0x000000001c832800 Implicit null exception at 0x000000000354cad6 to 0x000000000354ce69
Event: 53.061 Thread 0x000000001c832800 Implicit null exception at 0x0000000004c1e7c6 to 0x0000000004c1c4d5
Event: 53.408 Thread 0x000000001c832800 Exception <a 'java/lang/NoSuchMethodError': <clinit>> (0x00000000d57f1278) thrown at [C:\src\AOSP-openjdk-git\hotspot\src\share\vm\prims\jni.cpp, line 1615]
Event: 53.410 Thread 0x000000001c832800 Exception <a 'java/lang/NoSuchMethodError': <clinit>> (0x00000000d5801698) thrown at [C:\src\AOSP-openjdk-git\hotspot\src\share\vm\prims\jni.cpp, line 1615]
Event: 53.413 Thread 0x000000001c832800 Exception <a 'java/lang/NoSuchMethodError': <clinit>> (0x00000000d5814ef0) thrown at [C:\src\AOSP-openjdk-git\hotspot\src\share\vm\prims\jni.cpp, line 1615]
Event: 53.428 Thread 0x000000001c832800 Exception <a 'java/lang/NoSuchMethodError': <clinit>> (0x00000000d5a48a08) thrown at [C:\src\AOSP-openjdk-git\hotspot\src\share\vm\prims\jni.cpp, line 1615]
Event: 53.788 Thread 0x000000001c834000 Exception <a 'java/lang/NoSuchMethodError': java.lang.Object.lambda$comparingInt$7b0bb60$1(Ljava/util/function/ToIntFunction;Ljava/lang/Object;Ljava/lang/Object;)I> (0x00000000d6469148) thrown at [C:\src\AOSP-openjdk-git\hotspot\src\share\vm\interpreter\l
Event: 54.110 Thread 0x000000001ac3c800 Exception <a 'java/io/IOException'> (0x00000000d5de3350) thrown at [C:\src\AOSP-openjdk-git\hotspot\src\share\vm\prims\jni.cpp, line 710]

Events (10 events):
Event: 54.109 loading class com/android/builder/internal/aapt/v2/Aapt2DaemonImpl$AllowShutdown
Event: 54.109 loading class com/android/builder/internal/aapt/v2/Aapt2DaemonImpl$AllowShutdown done
Event: 54.110 Thread 0x000000001ac3c800 Uncommon trap: trap_request=0xffffffde fr.pc=0x0000000003f4c440
Event: 54.110 Thread 0x000000001ac3c800 DEOPT PACKING pc=0x0000000003f4c440 sp=0x000000002d79dbc0
Event: 54.110 Thread 0x000000001ac3c800 DEOPT UNPACKING pc=0x000000000333557b sp=0x000000002d79db90 mode 2
Event: 54.122 Thread 0x000000001c832800 Uncommon trap: trap_request=0xffffffde fr.pc=0x0000000003f4c440
Event: 54.122 Thread 0x000000001c832800 DEOPT PACKING pc=0x0000000003f4c440 sp=0x000000002cf9c540
Event: 54.122 Thread 0x000000001c832800 DEOPT UNPACKING pc=0x000000000333557b sp=0x000000002cf9c510 mode 2
Event: 54.129 Thread 0x000000001ac42000 Thread added: 0x000000001ac42000
Event: 54.129 Thread 0x000000001ac42800 Thread added: 0x000000001ac42800


Dynamic libraries:
0x00007ff6ebd00000 - 0x00007ff6ebd31000 	C:\Program Files\Android\Android Studio\jre\bin\java.exe
0x00007ff9c82e0000 - 0x00007ff9c84d0000 	C:\WINDOWS\SYSTEM32\ntdll.dll
0x00007ff9c8080000 - 0x00007ff9c8132000 	C:\WINDOWS\System32\KERNEL32.DLL
0x00007ff9c6090000 - 0x00007ff9c6335000 	C:\WINDOWS\System32\KERNELBASE.dll
0x00007ff9c71d0000 - 0x00007ff9c7273000 	C:\WINDOWS\System32\ADVAPI32.dll
0x00007ff9c6390000 - 0x00007ff9c642e000 	C:\WINDOWS\System32\msvcrt.dll
0x00007ff9c6d20000 - 0x00007ff9c6db7000 	C:\WINDOWS\System32\sechost.dll
0x00007ff9c7280000 - 0x00007ff9c73a0000 	C:\WINDOWS\System32\RPCRT4.dll
0x00007ff9c73a0000 - 0x00007ff9c7535000 	C:\WINDOWS\System32\USER32.dll
0x00007ff9c6340000 - 0x00007ff9c6361000 	C:\WINDOWS\System32\win32u.dll
0x00007ff9c6a80000 - 0x00007ff9c6aa6000 	C:\WINDOWS\System32\GDI32.dll
0x00007ff9c52f0000 - 0x00007ff9c5486000 	C:\WINDOWS\System32\gdi32full.dll
0x00007ff9c5ef0000 - 0x00007ff9c5f8e000 	C:\WINDOWS\System32\msvcp_win.dll
0x00007ff9c5c70000 - 0x00007ff9c5d6a000 	C:\WINDOWS\System32\ucrtbase.dll
0x00007ff9b7d10000 - 0x00007ff9b7f94000 	C:\WINDOWS\WinSxS\amd64_microsoft.windows.common-controls_6595b64144ccf1df_6.0.18362.1082_none_9e8193e1e45b25c1\COMCTL32.dll
0x00007ff9c6dc0000 - 0x00007ff9c70f5000 	C:\WINDOWS\System32\combase.dll
0x00007ff9c5270000 - 0x00007ff9c52f0000 	C:\WINDOWS\System32\bcryptPrimitives.dll
0x00007ff9c8210000 - 0x00007ff9c823e000 	C:\WINDOWS\System32\IMM32.DLL
0x0000000065150000 - 0x0000000065222000 	C:\Program Files\Android\Android Studio\jre\jre\bin\msvcr100.dll
0x00000000653e0000 - 0x0000000065c2b000 	C:\Program Files\Android\Android Studio\jre\jre\bin\server\jvm.dll
0x00007ff9c6430000 - 0x00007ff9c6438000 	C:\WINDOWS\System32\PSAPI.DLL
0x00007ff9c2d20000 - 0x00007ff9c2d29000 	C:\WINDOWS\SYSTEM32\WSOCK32.dll
0x00007ff9c2c50000 - 0x00007ff9c2c74000 	C:\WINDOWS\SYSTEM32\WINMM.dll
0x00007ff9c7100000 - 0x00007ff9c716f000 	C:\WINDOWS\System32\WS2_32.dll
0x00007ff9b80b0000 - 0x00007ff9b80ba000 	C:\WINDOWS\SYSTEM32\VERSION.dll
0x00007ff9c2c20000 - 0x00007ff9c2c4d000 	C:\WINDOWS\SYSTEM32\winmmbase.dll
0x00007ff9c5f90000 - 0x00007ff9c5fda000 	C:\WINDOWS\System32\cfgmgr32.dll
0x00007ff9c1410000 - 0x00007ff9c141f000 	C:\Program Files\Android\Android Studio\jre\jre\bin\verify.dll
0x00007ff9c1210000 - 0x00007ff9c1239000 	C:\Program Files\Android\Android Studio\jre\jre\bin\java.dll
0x00007ff9beec0000 - 0x00007ff9beed6000 	C:\Program Files\Android\Android Studio\jre\jre\bin\zip.dll
0x00007ff9c7710000 - 0x00007ff9c7df7000 	C:\WINDOWS\System32\SHELL32.dll
0x00007ff9c6c70000 - 0x00007ff9c6d19000 	C:\WINDOWS\System32\shcore.dll
0x00007ff9c54f0000 - 0x00007ff9c5c70000 	C:\WINDOWS\System32\windows.storage.dll
0x00007ff9c5240000 - 0x00007ff9c5263000 	C:\WINDOWS\System32\profapi.dll
0x00007ff9c51d0000 - 0x00007ff9c521a000 	C:\WINDOWS\System32\powrprof.dll
0x00007ff9c51a0000 - 0x00007ff9c51b0000 	C:\WINDOWS\System32\UMPDC.dll
0x00007ff9c8240000 - 0x00007ff9c8292000 	C:\WINDOWS\System32\shlwapi.dll
0x00007ff9c5220000 - 0x00007ff9c5231000 	C:\WINDOWS\System32\kernel.appcore.dll
0x00007ff9c6370000 - 0x00007ff9c6387000 	C:\WINDOWS\System32\cryptsp.dll
0x00007ff9b7530000 - 0x00007ff9b754a000 	C:\Program Files\Android\Android Studio\jre\jre\bin\net.dll
0x00007ff9c4990000 - 0x00007ff9c49f7000 	C:\WINDOWS\system32\mswsock.dll
0x00007ff9b7480000 - 0x00007ff9b7493000 	C:\Program Files\Android\Android Studio\jre\jre\bin\nio.dll
0x00007ff9b6de0000 - 0x00007ff9b6e07000 	C:\Users\David Adeyinka\.gradle\native\9f2fa17c089eee584f3420100432f77ec4c098959e4bf121a4d6054c26537dfb\windows-amd64\native-platform.dll
0x00007ff9beeb0000 - 0x00007ff9beebd000 	C:\Program Files\Android\Android Studio\jre\jre\bin\management.dll
0x00007ff9c4500000 - 0x00007ff9c4533000 	C:\WINDOWS\system32\rsaenh.dll
0x00007ff9c5d70000 - 0x00007ff9c5d96000 	C:\WINDOWS\System32\bcrypt.dll
0x00007ff9c5080000 - 0x00007ff9c50a5000 	C:\WINDOWS\SYSTEM32\USERENV.dll
0x00007ff9c4b60000 - 0x00007ff9c4b6c000 	C:\WINDOWS\SYSTEM32\CRYPTBASE.dll
0x00007ff9c46a0000 - 0x00007ff9c46da000 	C:\WINDOWS\SYSTEM32\IPHLPAPI.DLL
0x00007ff9c6c60000 - 0x00007ff9c6c68000 	C:\WINDOWS\System32\NSI.dll
0x00007ff9ba490000 - 0x00007ff9ba4a6000 	C:\WINDOWS\SYSTEM32\dhcpcsvc6.DLL
0x00007ff9ba530000 - 0x00007ff9ba54c000 	C:\WINDOWS\SYSTEM32\dhcpcsvc.DLL
0x00007ff9c46e0000 - 0x00007ff9c47ab000 	C:\WINDOWS\SYSTEM32\DNSAPI.dll
0x00007ff9ba8d0000 - 0x00007ff9ba8db000 	C:\WINDOWS\SYSTEM32\WINNSI.DLL
0x00007ff996c60000 - 0x00007ff996df6000 	C:\Users\David Adeyinka\.gradle\native\9f2fa17c089eee584f3420100432f77ec4c098959e4bf121a4d6054c26537dfb\windows-amd64\native-platform-file-events.dll

VM Arguments:
jvm_args: -Xmx2048m -Dfile.encoding=UTF-8 -Duser.country=GB -Duser.language=en -Duser.variant 
java_command: org.gradle.launcher.daemon.bootstrap.GradleDaemon 6.6.1
java_class_path (initial): C:\Gradle\gradle-6.6.1\lib\gradle-launcher-6.6.1.jar
Launcher Type: SUN_STANDARD

Environment Variables:
PATH=C:\Program Files (x86)\Common Files\Oracle\Java\javapath;C:\WINDOWS\system32;C:\WINDOWS;C:\WINDOWS\System32\Wbem;C:\WINDOWS\System32\WindowsPowerShell\v1.0\;C:\WINDOWS\System32\OpenSSH\;C:\Program Files (x86)\Git\cmd;C:\Program Files\nodejs\;c:\Program Files (x86)\Microsoft SQL Server\100\Tools\Binn\;c:\Program Files\Microsoft SQL Server\100\Tools\Binn\;c:\Program Files\Microsoft SQL Server\100\DTS\Binn\;C:\Users\David Adeyinka\AppData\Local\Programs\Python\Python37-32\Scripts\;C:\Users\David Adeyinka\AppData\Local\Programs\Python\Python37-32\;C:\Users\David Adeyinka\AppData\Local\Microsoft\WindowsApps;;C:\Program Files\JetBrains\IntelliJ IDEA Community Edition 2019.1.3\bin;;C:\Program Files\Microsoft VS Code\bin;C:\Users\David Adeyinka\AppData\Roaming\npm
USERNAME=David Adeyinka
OS=Windows_NT
PROCESSOR_IDENTIFIER=Intel64 Family 6 Model 61 Stepping 4, GenuineIntel



---------------  S Y S T E M  ---------------

OS: Windows 10.0 , 64 bit Build 18362 (10.0.18362.1082)

CPU:total 4 (initial active 4) (2 cores per cpu, 2 threads per core) family 6 model 61 stepping 4, cmov, cx8, fxsr, mmx, sse, sse2, sse3, ssse3, sse4.1, sse4.2, popcnt, avx, avx2, aes, clmul, erms, 3dnowpref, lzcnt, ht, tsc, tscinvbit, bmi1, bmi2, adx

Memory: 4k page, physical 8277100k(785408k free), swap 8277100k(5452k free)

vm_info: OpenJDK 64-Bit Server VM (25.242-b01) for windows-amd64 JRE (1.8.0_242-release-1644-b01), built by "builder" with MS VC++ 10.0 (VS2010)

time: Tue Jan 12 17:42:58 2021
timezone: W. Central Africa Standard Time
elapsed time: 54 seconds (0d 0h 0m 54s)

