#
# There is insufficient memory for the Java Runtime Environment to continue.
# Native memory allocation (malloc) failed to allocate 32744 bytes for ChunkPool::allocate
# Possible reasons:
#   The system is out of physical RAM or swap space
#   The process is running with CompressedOops enabled, and the Java Heap may be blocking the growth of the native heap
# Possible solutions:
#   Reduce memory load on the system
#   Increase physical memory or swap space
#   Check if swap backing store is full
#   Decrease Java heap size (-Xmx/-Xms)
#   Decrease number of Java threads
#   Decrease Java thread stack sizes (-Xss)
#   Set larger code cache with -XX:ReservedCodeCacheSize=
#   JVM is running with Unscaled Compressed Oops mode in which the Java heap is
#     placed in the first 4GB address space. The Java Heap base address is the
#     maximum limit for the native heap growth. Please use -XX:HeapBaseMinAddress
#     to set the Java Heap base and to place the Java Heap above 4GB virtual address.
# This output file may be truncated or incomplete.
#
#  Out of Memory Error (allocation.cpp:272), pid=7268, tid=0x000000000000188c
#
# JRE version: OpenJDK Runtime Environment (8.0_242-b01) (build 1.8.0_242-release-1644-b01)
# Java VM: OpenJDK 64-Bit Server VM (25.242-b01 mixed mode windows-amd64 compressed oops)
# Failed to write core dump. Minidumps are not enabled by default on client versions of Windows
#

---------------  T H R E A D  ---------------

Current thread (0x0000000017c0b800):  JavaThread "C2 CompilerThread1" daemon [_thread_in_native, id=6284, stack(0x0000000019360000,0x0000000019460000)]

Stack: [0x0000000019360000,0x0000000019460000]
[error occurred during error reporting (printing stack bounds), id 0xc0000005]

Native frames: (J=compiled Java code, j=interpreted, Vv=VM code, C=native code)


Current CompileTask:
C2:  62408 9137       4       java.io.ObjectOutputStream$HandleTable::lookup (56 bytes)


---------------  P R O C E S S  ---------------

Java Threads: ( => current thread )
  0x000000001b62a000 JavaThread "RMI TCP Connection(2)-127.0.0.1" daemon [_thread_in_native, id=17012, stack(0x000000002ddb0000,0x000000002deb0000)]
  0x000000001b631000 JavaThread "RMI Reaper" [_thread_blocked, id=1380, stack(0x000000002dcb0000,0x000000002ddb0000)]
  0x000000001b629800 JavaThread "RMI TCP Accept-0" daemon [_thread_in_native, id=10904, stack(0x000000002dbb0000,0x000000002dcb0000)]
  0x000000001b630000 JavaThread "GC Daemon" daemon [_thread_blocked, id=6236, stack(0x000000002dab0000,0x000000002dbb0000)]
  0x000000001b62e800 JavaThread "RMI RenewClean-[127.0.0.1:17654,org.jetbrains.kotlin.daemon.common.LoopbackNetworkInterface$ClientLoopbackSocketFactory@54d75c56]" daemon [_thread_blocked, id=5928, stack(0x000000002d9b0000,0x000000002dab0000)]
  0x000000001b62f800 JavaThread "RMI Scheduler(0)" daemon [_thread_blocked, id=308, stack(0x000000002d8b0000,0x000000002d9b0000)]
  0x000000001b62e000 JavaThread "Cache worker for execution history cache (C:\Users\David Adeyinka\AndroidStudioProjects\ToDoPlanner\.gradle\6.6.1\executionHistory)" [_thread_blocked, id=15772, stack(0x000000002cfb0000,0x000000002d0b0000)]
  0x000000001b62b800 JavaThread "Execution worker for ':' Thread 3" [_thread_blocked, id=7272, stack(0x000000002ceb0000,0x000000002cfb0000)]
  0x000000001b62c800 JavaThread "Execution worker for ':' Thread 2" [_thread_blocked, id=9736, stack(0x000000002cdb0000,0x000000002ceb0000)]
  0x000000001fbc0800 JavaThread "Execution worker for ':'" [_thread_blocked, id=9980, stack(0x000000002ca80000,0x000000002cb80000)]
  0x000000001fbc2800 JavaThread "Cache worker for file content cache (C:\Users\David Adeyinka\AndroidStudioProjects\ToDoPlanner\.gradle\6.6.1\fileContent)" [_thread_blocked, id=12068, stack(0x000000002c100000,0x000000002c200000)]
  0x000000001fbc2000 JavaThread "Memory manager" [_thread_blocked, id=17160, stack(0x000000002c000000,0x000000002c100000)]
  0x000000001fbc5000 JavaThread "pool-1-thread-1" [_thread_blocked, id=10408, stack(0x000000002a2b0000,0x000000002a3b0000)]
  0x000000001fbc3800 JavaThread "jar transforms Thread 114" [_thread_blocked, id=13868, stack(0x0000000029fb0000,0x000000002a0b0000)]
  0x000000001fbc5800 JavaThread "jar transforms Thread 113" [_thread_blocked, id=5500, stack(0x0000000029eb0000,0x0000000029fb0000)]
  0x000000001fbc1000 JavaThread "jar transforms Thread 112" [_thread_blocked, id=244, stack(0x0000000029db0000,0x0000000029eb0000)]
  0x000000001fbc4000 JavaThread "jar transforms Thread 111" [_thread_blocked, id=4504, stack(0x0000000029cb0000,0x0000000029db0000)]
  0x000000001fbbf800 JavaThread "jar transforms Thread 110" [_thread_blocked, id=9840, stack(0x0000000029bb0000,0x0000000029cb0000)]
  0x000000001fbb9000 JavaThread "jar transforms Thread 109" [_thread_blocked, id=12532, stack(0x0000000029ab0000,0x0000000029bb0000)]
  0x000000001fbbf000 JavaThread "jar transforms Thread 108" [_thread_blocked, id=976, stack(0x00000000299b0000,0x0000000029ab0000)]
  0x000000001fbbe000 JavaThread "jar transforms Thread 107" [_thread_blocked, id=9768, stack(0x00000000298b0000,0x00000000299b0000)]
  0x000000001fbb7800 JavaThread "jar transforms Thread 106" [_thread_blocked, id=11968, stack(0x00000000297b0000,0x00000000298b0000)]
  0x000000001fbb6800 JavaThread "jar transforms Thread 105" [_thread_blocked, id=10120, stack(0x00000000296b0000,0x00000000297b0000)]
  0x000000001fbb8000 JavaThread "jar transforms Thread 104" [_thread_blocked, id=16820, stack(0x00000000295b0000,0x00000000296b0000)]
  0x000000001fbbc000 JavaThread "jar transforms Thread 103" [_thread_blocked, id=6512, stack(0x00000000294b0000,0x00000000295b0000)]
  0x000000001fbbd800 JavaThread "jar transforms Thread 102" [_thread_blocked, id=16524, stack(0x00000000293b0000,0x00000000294b0000)]
  0x000000001fbbc800 JavaThread "jar transforms Thread 101" [_thread_blocked, id=16756, stack(0x00000000292b0000,0x00000000293b0000)]
  0x000000001fbbb000 JavaThread "jar transforms Thread 100" [_thread_blocked, id=572, stack(0x00000000291b0000,0x00000000292b0000)]
  0x000000001fbb9800 JavaThread "jar transforms Thread 99" [_thread_blocked, id=11912, stack(0x00000000290b0000,0x00000000291b0000)]
  0x000000001fbba800 JavaThread "jar transforms Thread 98" [_thread_blocked, id=5116, stack(0x0000000028fb0000,0x00000000290b0000)]
  0x0000000020a7d000 JavaThread "jar transforms Thread 97" [_thread_blocked, id=3808, stack(0x0000000028eb0000,0x0000000028fb0000)]
  0x0000000020a7c800 JavaThread "jar transforms Thread 96" [_thread_blocked, id=11852, stack(0x0000000028db0000,0x0000000028eb0000)]
  0x0000000020a7b800 JavaThread "jar transforms Thread 95" [_thread_blocked, id=3756, stack(0x0000000028cb0000,0x0000000028db0000)]
  0x0000000020a7b000 JavaThread "jar transforms Thread 94" [_thread_blocked, id=9760, stack(0x0000000028bb0000,0x0000000028cb0000)]
  0x0000000020a7e000 JavaThread "jar transforms Thread 93" [_thread_blocked, id=14972, stack(0x0000000028ab0000,0x0000000028bb0000)]
  0x0000000020a7a000 JavaThread "jar transforms Thread 92" [_thread_blocked, id=8212, stack(0x00000000289b0000,0x0000000028ab0000)]
  0x0000000020a79800 JavaThread "jar transforms Thread 91" [_thread_blocked, id=6080, stack(0x00000000288b0000,0x00000000289b0000)]
  0x0000000020a78800 JavaThread "jar transforms Thread 90" [_thread_blocked, id=6672, stack(0x00000000286b0000,0x00000000287b0000)]
  0x0000000020a71000 JavaThread "jar transforms Thread 89" [_thread_blocked, id=8104, stack(0x00000000285b0000,0x00000000286b0000)]
  0x0000000020a77000 JavaThread "jar transforms Thread 88" [_thread_blocked, id=11908, stack(0x00000000284b0000,0x00000000285b0000)]
  0x0000000020a78000 JavaThread "jar transforms Thread 87" [_thread_blocked, id=2316, stack(0x00000000283b0000,0x00000000284b0000)]
  0x0000000020a70800 JavaThread "jar transforms Thread 86" [_thread_blocked, id=11840, stack(0x00000000282b0000,0x00000000283b0000)]
  0x0000000020a6f800 JavaThread "jar transforms Thread 85" [_thread_blocked, id=6484, stack(0x00000000281b0000,0x00000000282b0000)]
  0x0000000020a75800 JavaThread "jar transforms Thread 84" [_thread_blocked, id=12704, stack(0x00000000280b0000,0x00000000281b0000)]
  0x0000000020a75000 JavaThread "jar transforms Thread 83" [_thread_blocked, id=15416, stack(0x0000000027fb0000,0x00000000280b0000)]
  0x0000000020a74000 JavaThread "jar transforms Thread 82" [_thread_blocked, id=14708, stack(0x0000000027eb0000,0x0000000027fb0000)]
  0x0000000020a73800 JavaThread "jar transforms Thread 81" [_thread_blocked, id=1736, stack(0x0000000027db0000,0x0000000027eb0000)]
  0x0000000020a72000 JavaThread "jar transforms Thread 80" [_thread_blocked, id=2828, stack(0x0000000027cb0000,0x0000000027db0000)]
  0x0000000020a72800 JavaThread "jar transforms Thread 79" [_thread_blocked, id=2776, stack(0x0000000027bb0000,0x0000000027cb0000)]
  0x0000000020a76800 JavaThread "jar transforms Thread 78" [_thread_blocked, id=14612, stack(0x0000000027ab0000,0x0000000027bb0000)]
  0x0000000020a6e800 JavaThread "jar transforms Thread 77" [_thread_blocked, id=8732, stack(0x00000000279b0000,0x0000000027ab0000)]
  0x0000000019744800 JavaThread "jar transforms Thread 76" [_thread_blocked, id=9180, stack(0x00000000278b0000,0x00000000279b0000)]
  0x0000000019744000 JavaThread "jar transforms Thread 75" [_thread_blocked, id=1476, stack(0x00000000277b0000,0x00000000278b0000)]
  0x0000000019746000 JavaThread "jar transforms Thread 74" [_thread_blocked, id=7124, stack(0x00000000276b0000,0x00000000277b0000)]
  0x000000001974a800 JavaThread "jar transforms Thread 73" [_thread_blocked, id=14032, stack(0x00000000275b0000,0x00000000276b0000)]
  0x0000000019747000 JavaThread "jar transforms Thread 72" [_thread_blocked, id=1296, stack(0x00000000274b0000,0x00000000275b0000)]
  0x0000000019745800 JavaThread "jar transforms Thread 71" [_thread_blocked, id=10328, stack(0x00000000273b0000,0x00000000274b0000)]
  0x0000000019743000 JavaThread "jar transforms Thread 70" [_thread_blocked, id=3060, stack(0x00000000272b0000,0x00000000273b0000)]
  0x0000000019748800 JavaThread "jar transforms Thread 69" [_thread_blocked, id=9708, stack(0x00000000271b0000,0x00000000272b0000)]
  0x0000000019749000 JavaThread "jar transforms Thread 68" [_thread_blocked, id=5800, stack(0x00000000270b0000,0x00000000271b0000)]
  0x000000001974a000 JavaThread "jar transforms Thread 67" [_thread_blocked, id=11044, stack(0x0000000026fb0000,0x00000000270b0000)]
  0x0000000019747800 JavaThread "jar transforms Thread 66" [_thread_blocked, id=13380, stack(0x0000000026eb0000,0x0000000026fb0000)]
  0x000000001973b800 JavaThread "jar transforms Thread 65" [_thread_blocked, id=14288, stack(0x0000000026db0000,0x0000000026eb0000)]
  0x0000000019742800 JavaThread "jar transforms Thread 64" [_thread_blocked, id=12520, stack(0x0000000026cb0000,0x0000000026db0000)]
  0x0000000019741800 JavaThread "jar transforms Thread 63" [_thread_blocked, id=2264, stack(0x0000000026bb0000,0x0000000026cb0000)]
  0x0000000019740000 JavaThread "jar transforms Thread 62" [_thread_blocked, id=13728, stack(0x0000000026ab0000,0x0000000026bb0000)]
  0x000000001973f800 JavaThread "jar transforms Thread 61" [_thread_blocked, id=2788, stack(0x00000000269b0000,0x0000000026ab0000)]
  0x000000001973d000 JavaThread "jar transforms Thread 60" [_thread_blocked, id=16228, stack(0x00000000268b0000,0x00000000269b0000)]
  0x000000001973e800 JavaThread "jar transforms Thread 59" [_thread_blocked, id=14240, stack(0x00000000267b0000,0x00000000268b0000)]
  0x0000000019741000 JavaThread "jar transforms Thread 58" [_thread_blocked, id=14420, stack(0x00000000266b0000,0x00000000267b0000)]
  0x000000001973e000 JavaThread "jar transforms Thread 57" [_thread_blocked, id=3040, stack(0x00000000265b0000,0x00000000266b0000)]
  0x000000001973c800 JavaThread "jar transforms Thread 56" [_thread_blocked, id=13888, stack(0x00000000264b0000,0x00000000265b0000)]
  0x0000000021351800 JavaThread "jar transforms Thread 55" [_thread_blocked, id=13496, stack(0x00000000263b0000,0x00000000264b0000)]
  0x0000000021350000 JavaThread "jar transforms Thread 54" [_thread_blocked, id=17116, stack(0x00000000262b0000,0x00000000263b0000)]
  0x000000002134f800 JavaThread "jar transforms Thread 53" [_thread_blocked, id=10144, stack(0x00000000261b0000,0x00000000262b0000)]
  0x0000000021351000 JavaThread "jar transforms Thread 52" [_thread_blocked, id=11580, stack(0x00000000260b0000,0x00000000261b0000)]
  0x000000002134e800 JavaThread "jar transforms Thread 51" [_thread_blocked, id=12164, stack(0x0000000025fb0000,0x00000000260b0000)]
  0x000000002134e000 JavaThread "jar transforms Thread 50" [_thread_blocked, id=12304, stack(0x0000000025eb0000,0x0000000025fb0000)]
  0x000000002134d000 JavaThread "jar transforms Thread 49" [_thread_blocked, id=7064, stack(0x0000000025db0000,0x0000000025eb0000)]
  0x0000000021352800 JavaThread "jar transforms Thread 48" [_thread_blocked, id=13188, stack(0x0000000025cb0000,0x0000000025db0000)]
  0x0000000021345800 JavaThread "jar transforms Thread 47" [_thread_blocked, id=10580, stack(0x0000000025bb0000,0x0000000025cb0000)]
  0x000000002134c800 JavaThread "jar transforms Thread 46" [_thread_blocked, id=5916, stack(0x0000000025ab0000,0x0000000025bb0000)]
  0x000000002134b800 JavaThread "jar transforms Thread 45" [_thread_blocked, id=9248, stack(0x00000000259b0000,0x0000000025ab0000)]
  0x000000002134a800 JavaThread "jar transforms Thread 44" [_thread_blocked, id=2276, stack(0x00000000258b0000,0x00000000259b0000)]
  0x0000000021343000 JavaThread "jar transforms Thread 43" [_thread_blocked, id=10680, stack(0x00000000257b0000,0x00000000258b0000)]
  0x000000002134a000 JavaThread "jar transforms Thread 42" [_thread_blocked, id=13024, stack(0x00000000256b0000,0x00000000257b0000)]
  0x0000000021349000 JavaThread "jar transforms Thread 41" [_thread_blocked, id=11960, stack(0x00000000255b0000,0x00000000256b0000)]
  0x0000000021344800 JavaThread "jar transforms Thread 40" [_thread_blocked, id=12784, stack(0x00000000254b0000,0x00000000255b0000)]
  0x0000000021347000 JavaThread "jar transforms Thread 39" [_thread_blocked, id=15608, stack(0x00000000253b0000,0x00000000254b0000)]
  0x0000000021348800 JavaThread "jar transforms Thread 38" [_thread_blocked, id=16928, stack(0x00000000252b0000,0x00000000253b0000)]
  0x0000000021346000 JavaThread "jar transforms Thread 37" [_thread_blocked, id=5308, stack(0x00000000251b0000,0x00000000252b0000)]
  0x0000000021347800 JavaThread "jar transforms Thread 36" [_thread_blocked, id=14572, stack(0x00000000250b0000,0x00000000251b0000)]
  0x0000000021344000 JavaThread "jar transforms Thread 35" [_thread_blocked, id=440, stack(0x0000000024fb0000,0x00000000250b0000)]
  0x000000001e2c9800 JavaThread "jar transforms Thread 34" [_thread_blocked, id=15632, stack(0x0000000024eb0000,0x0000000024fb0000)]
  0x000000001e2c8000 JavaThread "jar transforms Thread 33" [_thread_blocked, id=2472, stack(0x0000000024db0000,0x0000000024eb0000)]
  0x000000001e2c7000 JavaThread "jar transforms Thread 32" [_thread_blocked, id=13020, stack(0x0000000024cb0000,0x0000000024db0000)]
  0x000000001e2c5000 JavaThread "jar transforms Thread 31" [_thread_blocked, id=12356, stack(0x0000000024bb0000,0x0000000024cb0000)]
  0x000000001e2c6800 JavaThread "jar transforms Thread 30" [_thread_blocked, id=8168, stack(0x0000000024ab0000,0x0000000024bb0000)]
  0x000000001e2c5800 JavaThread "jar transforms Thread 29" [_thread_blocked, id=10072, stack(0x00000000249b0000,0x0000000024ab0000)]
  0x000000001e2c8800 JavaThread "jar transforms Thread 28" [_thread_blocked, id=5504, stack(0x00000000248b0000,0x00000000249b0000)]
  0x000000001e2bd800 JavaThread "jar transforms Thread 27" [_thread_blocked, id=16768, stack(0x00000000247b0000,0x00000000248b0000)]
  0x000000001e2c4000 JavaThread "jar transforms Thread 26" [_thread_blocked, id=3836, stack(0x00000000246b0000,0x00000000247b0000)]
  0x000000001e2c3800 JavaThread "jar transforms Thread 25" [_thread_blocked, id=10080, stack(0x00000000245b0000,0x00000000246b0000)]
  0x000000001e2c2800 JavaThread "jar transforms Thread 24" [_thread_blocked, id=10436, stack(0x00000000244b0000,0x00000000245b0000)]
  0x000000001e2c1000 JavaThread "jar transforms Thread 23" [_thread_blocked, id=14372, stack(0x00000000243b0000,0x00000000244b0000)]
  0x000000001e2c0800 JavaThread "jar transforms Thread 22" [_thread_blocked, id=15588, stack(0x00000000242b0000,0x00000000243b0000)]
  0x000000001e2c2000 JavaThread "jar transforms Thread 21" [_thread_blocked, id=488, stack(0x00000000241b0000,0x00000000242b0000)]
  0x000000001e2bc000 JavaThread "jar transforms Thread 20" [_thread_blocked, id=14340, stack(0x00000000240b0000,0x00000000241b0000)]
  0x000000001e2be000 JavaThread "jar transforms Thread 19" [_thread_blocked, id=5968, stack(0x0000000023fb0000,0x00000000240b0000)]
  0x000000001e2ba800 JavaThread "jar transforms Thread 18" [_thread_blocked, id=1432, stack(0x0000000023eb0000,0x0000000023fb0000)]
  0x000000001e2bf800 JavaThread "jar transforms Thread 17" [_thread_blocked, id=6524, stack(0x0000000023db0000,0x0000000023eb0000)]
  0x000000001e2bf000 JavaThread "jar transforms Thread 16" [_thread_blocked, id=8976, stack(0x0000000023cb0000,0x0000000023db0000)]
  0x000000001e2bb000 JavaThread "jar transforms Thread 15" [_thread_blocked, id=4988, stack(0x0000000023bb0000,0x0000000023cb0000)]
  0x000000001e2bc800 JavaThread "jar transforms Thread 14" [_thread_blocked, id=10564, stack(0x0000000023ab0000,0x0000000023bb0000)]
  0x000000001bfe4800 JavaThread "jar transforms Thread 13" [_thread_blocked, id=8500, stack(0x00000000239b0000,0x0000000023ab0000)]
  0x000000001bfe3000 JavaThread "jar transforms Thread 12" [_thread_blocked, id=14980, stack(0x00000000238b0000,0x00000000239b0000)]
  0x000000001bfe4000 JavaThread "jar transforms Thread 11" [_thread_blocked, id=16960, stack(0x00000000237b0000,0x00000000238b0000)]
  0x000000001bfe2800 JavaThread "jar transforms Thread 10" [_thread_blocked, id=9764, stack(0x00000000236b0000,0x00000000237b0000)]
  0x000000001bfe1800 JavaThread "jar transforms Thread 9" [_thread_blocked, id=8652, stack(0x00000000235b0000,0x00000000236b0000)]
  0x000000001bfe1000 JavaThread "jar transforms Thread 8" [_thread_blocked, id=4968, stack(0x00000000234b0000,0x00000000235b0000)]
  0x000000001bfe0000 JavaThread "jar transforms Thread 7" [_thread_blocked, id=12516, stack(0x00000000233b0000,0x00000000234b0000)]
  0x000000001bfde800 JavaThread "jar transforms Thread 6" [_thread_blocked, id=7104, stack(0x00000000232b0000,0x00000000233b0000)]
  0x000000001bfdf800 JavaThread "jar transforms Thread 5" [_thread_blocked, id=17048, stack(0x00000000231b0000,0x00000000232b0000)]
  0x000000001bfdd000 JavaThread "jar transforms Thread 4" [_thread_blocked, id=8592, stack(0x0000000022a30000,0x0000000022b30000)]
  0x000000001bfde000 JavaThread "jar transforms Thread 3" [_thread_blocked, id=15696, stack(0x0000000022930000,0x0000000022a30000)]
  0x000000001bfd5800 JavaThread "jar transforms Thread 2" [_thread_blocked, id=3448, stack(0x0000000022830000,0x0000000022930000)]
  0x000000001bfdb000 JavaThread "Build operations Thread 4" [_thread_blocked, id=4512, stack(0x00000000230b0000,0x00000000231b0000)]
  0x000000001bfd9800 JavaThread "Build operations Thread 3" [_thread_blocked, id=14628, stack(0x0000000022fb0000,0x00000000230b0000)]
  0x000000001bfdb800 JavaThread "Build operations Thread 2" [_thread_blocked, id=13708, stack(0x0000000022eb0000,0x0000000022fb0000)]
  0x000000001bfd8000 JavaThread "Build operations" [_thread_blocked, id=1956, stack(0x0000000022db0000,0x0000000022eb0000)]
  0x000000001bfdc800 JavaThread "Cache worker for Build Output Cleanup Cache (C:\Users\David Adeyinka\AndroidStudioProjects\ToDoPlanner\.gradle\buildOutputCleanup)" [_thread_blocked, id=7864, stack(0x0000000022730000,0x0000000022830000)]
  0x000000001aa95800 JavaThread "Cache worker for file content cache (C:\Users\David Adeyinka\.gradle\caches\6.6.1\fileContent)" [_thread_blocked, id=6848, stack(0x0000000022030000,0x0000000022130000)]
  0x000000001aa9c000 JavaThread "jar transforms" [_thread_blocked, id=7548, stack(0x0000000020520000,0x0000000020620000)]
  0x000000001aa99000 JavaThread "Cache worker for execution history cache (C:\Users\David Adeyinka\.gradle\caches\6.6.1\executionHistory)" [_thread_blocked, id=8084, stack(0x0000000020420000,0x0000000020520000)]
  0x000000001aa9b800 JavaThread "Cache worker for cache directory md-rule (C:\Users\David Adeyinka\.gradle\caches\6.6.1\md-rule)" [_thread_blocked, id=4568, stack(0x0000000020320000,0x0000000020420000)]
  0x000000001aa9a800 JavaThread "Cache worker for cache directory md-supplier (C:\Users\David Adeyinka\.gradle\caches\6.6.1\md-supplier)" [_thread_blocked, id=10812, stack(0x0000000020220000,0x0000000020320000)]
  0x000000001aa98800 JavaThread "Cache worker for checksums cache (C:\Users\David Adeyinka\AndroidStudioProjects\ToDoPlanner\.gradle\checksums)" [_thread_blocked, id=13416, stack(0x000000001ff20000,0x0000000020020000)]
  0x000000001aa97800 JavaThread "Cache worker for file hash cache (C:\Users\David Adeyinka\AndroidStudioProjects\ToDoPlanner\.gradle\6.6.1\fileHashes)" [_thread_blocked, id=10488, stack(0x0000000020890000,0x0000000020990000)]
  0x000000001aa97000 JavaThread "Cache worker for journal cache (C:\Users\David Adeyinka\.gradle\caches\journal-1)" [_thread_blocked, id=1772, stack(0x000000001dc80000,0x000000001dd80000)]
  0x000000001aa9a000 JavaThread "File lock request listener" [_thread_in_native, id=16792, stack(0x000000001db80000,0x000000001dc80000)]
  0x000000001a128800 JavaThread "Cache worker for file hash cache (C:\Users\David Adeyinka\.gradle\caches\6.6.1\fileHashes)" [_thread_blocked, id=12820, stack(0x000000001d980000,0x000000001da80000)]
  0x00000000196a9000 JavaThread "Thread-9" [_thread_blocked, id=15376, stack(0x000000001d680000,0x000000001d780000)]
  0x00000000196a7800 JavaThread "Stdin handler" [_thread_blocked, id=10576, stack(0x000000001d580000,0x000000001d680000)]
  0x00000000196a3000 JavaThread "Asynchronous log dispatcher for DefaultDaemonConnection: socket connection from /127.0.0.1:33591 to /127.0.0.1:33592" [_thread_blocked, id=10524, stack(0x000000001d480000,0x000000001d580000)]
  0x00000000196b0800 JavaThread "Daemon worker" [_thread_blocked, id=16896, stack(0x000000001d380000,0x000000001d480000)]
  0x000000001a5e4000 JavaThread "Cancel handler" [_thread_blocked, id=15184, stack(0x000000001d280000,0x000000001d380000)]
  0x0000000019693800 JavaThread "Handler for socket connection from /127.0.0.1:33591 to /127.0.0.1:33592" [_thread_in_native, id=13788, stack(0x000000001d180000,0x000000001d280000)]
  0x000000001a496800 JavaThread "Daemon" [_thread_blocked, id=472, stack(0x000000001d080000,0x000000001d180000)]
  0x000000001a49d800 JavaThread "Daemon periodic checks" [_thread_blocked, id=17112, stack(0x000000001cd80000,0x000000001ce80000)]
  0x0000000019c43800 JavaThread "Incoming local TCP Connector on port 33591" [_thread_in_native, id=3796, stack(0x000000001cb40000,0x000000001cc40000)]
  0x000000001b0ca000 JavaThread "Daemon health stats" [_thread_blocked, id=11120, stack(0x000000001c300000,0x000000001c400000)]
  0x0000000017c5d000 JavaThread "Service Thread" daemon [_thread_blocked, id=10304, stack(0x0000000019960000,0x0000000019a60000)]
  0x0000000019468800 JavaThread "C1 CompilerThread2" daemon [_thread_blocked, id=10664, stack(0x0000000019860000,0x0000000019960000)]
=>0x0000000017c0b800 JavaThread "C2 CompilerThread1" daemon [_thread_in_native, id=6284, stack(0x0000000019360000,0x0000000019460000)]
  0x0000000017c07800 JavaThread "C2 CompilerThread0" daemon [_thread_blocked, id=15572, stack(0x0000000019260000,0x0000000019360000)]
  0x0000000017c06800 JavaThread "Attach Listener" daemon [_thread_blocked, id=12480, stack(0x0000000019160000,0x0000000019260000)]
  0x0000000017c03000 JavaThread "Signal Dispatcher" daemon [_thread_blocked, id=12680, stack(0x0000000019060000,0x0000000019160000)]
  0x0000000002f9b000 JavaThread "Finalizer" daemon [_thread_blocked, id=12352, stack(0x0000000018e60000,0x0000000018f60000)]
  0x0000000017be9000 JavaThread "Reference Handler" daemon [_thread_blocked, id=11628, stack(0x0000000018d60000,0x0000000018e60000)]
  0x0000000002fde800 JavaThread "main" [_thread_blocked, id=2096, stack(0x0000000002d90000,0x0000000002e90000)]

Other Threads:
  0x0000000017bc6000 VMThread [stack: 0x0000000018c60000,0x0000000018d60000] [id=9624]
  0x0000000017c5e000 WatcherThread [stack: 0x0000000019a60000,0x0000000019b60000] [id=3656]

VM state:at safepoint (normal execution)

VM Mutex/Monitor currently owned by a thread:  ([mutex/lock_event])
[0x0000000002fdd2a0] Threads_lock - owner thread: 0x0000000017bc6000

heap address: 0x0000000080000000, size: 2048 MB, Compressed Oops mode: 32-bit
Narrow klass base: 0x0000000000000000, Narrow klass shift: 3
Compressed class space size: 1073741824 Address: 0x0000000100000000

Heap:
 PSYoungGen      total 258560K, used 35871K [0x00000000d5580000, 0x00000000e7700000, 0x0000000100000000)
  eden space 235008K, 5% used [0x00000000d5580000,0x00000000d6188278,0x00000000e3b00000)
  from space 23552K, 99% used [0x00000000e5780000,0x00000000e6e7fc30,0x00000000e6e80000)
  to   space 29184K, 0% used [0x00000000e3b00000,0x00000000e3b00000,0x00000000e5780000)
 ParOldGen       total 138752K, used 37410K [0x0000000080000000, 0x0000000088780000, 0x00000000d5580000)
  object space 138752K, 26% used [0x0000000080000000,0x0000000082488a38,0x0000000088780000)
 Metaspace       used 74025K, capacity 77618K, committed 77656K, reserved 1116160K
  class space    used 10149K, capacity 10844K, committed 10880K, reserved 1048576K

Card table byte_map: [0x00000000123a0000,0x00000000127b0000] byte_map_base: 0x0000000011fa0000

Marking Bits: (ParMarkBitMap*) 0x0000000065baf030
 Begin Bits: [0x0000000012e60000, 0x0000000014e60000)
 End Bits:   [0x0000000014e60000, 0x0000000016e60000)

Polling page: 0x0000000000dc0000

CodeCache: size=245760Kb used=25105Kb max_used=25120Kb free=220654Kb
 bounds [0x0000000002fe0000, 0x00000000048a0000, 0x0000000011fe0000]
 total_blobs=8904 nmethods=8060 adapters=754
 compilation: enabled

Compilation events (10 events):
Event: 62.367 Thread 0x0000000019468800 9136       1       com.google.protobuf.GeneratedMessageV3$Builder::getUnknownFields (5 bytes)
Event: 62.367 Thread 0x0000000019468800 nmethod 9136 0x0000000003b2ec90 code [0x0000000003b2ede0, 0x0000000003b2eef0]
Event: 62.369 Thread 0x0000000017c0b800 9137       4       java.io.ObjectOutputStream$HandleTable::lookup (56 bytes)
Event: 62.369 Thread 0x0000000019468800 9138       3       java.io.ObjectOutputStream$BlockDataOutputStream::writeBlockHeader (70 bytes)
Event: 62.370 Thread 0x0000000019468800 nmethod 9138 0x0000000003a97050 code [0x0000000003a971e0, 0x0000000003a975e8]
Event: 62.371 Thread 0x0000000019468800 9139       3       java.io.SerialCallbackContext::getObj (9 bytes)
Event: 62.372 Thread 0x0000000019468800 nmethod 9139 0x0000000003b2dcd0 code [0x0000000003b2de40, 0x0000000003b2e108]
Event: 62.372 Thread 0x0000000019468800 9140       3       java.io.SerialCallbackContext::checkAndSetUsed (26 bytes)
Event: 62.373 Thread 0x0000000019468800 nmethod 9140 0x0000000003a141d0 code [0x0000000003a14340, 0x0000000003a14588]
Event: 62.374 Thread 0x0000000017c07800 9141 %     4       com.esotericsoftware.kryo.io.Output::writeString @ 65 (125 bytes)

GC Heap History (10 events):
Event: 24.186 GC heap before
{Heap before GC invocations=11 (full 2):
 PSYoungGen      total 177664K, used 177314K [0x00000000d5580000, 0x00000000e3000000, 0x0000000100000000)
  eden space 168448K, 100% used [0x00000000d5580000,0x00000000dfa00000,0x00000000dfa00000)
  from space 9216K, 96% used [0x00000000e2700000,0x00000000e2fa8a58,0x00000000e3000000)
  to   space 13312K, 0% used [0x00000000e1600000,0x00000000e1600000,0x00000000e2300000)
 ParOldGen       total 93696K, used 17324K [0x0000000080000000, 0x0000000085b80000, 0x00000000d5580000)
  object space 93696K, 18% used [0x0000000080000000,0x00000000810eb380,0x0000000085b80000)
 Metaspace       used 53556K, capacity 55738K, committed 56064K, reserved 1097728K
  class space    used 7139K, capacity 7590K, committed 7680K, reserved 1048576K
Event: 24.249 GC heap after
Heap after GC invocations=11 (full 2):
 PSYoungGen      total 210432K, used 13300K [0x00000000d5580000, 0x00000000e3f80000, 0x0000000100000000)
  eden space 197120K, 0% used [0x00000000d5580000,0x00000000d5580000,0x00000000e1600000)
  from space 13312K, 99% used [0x00000000e1600000,0x00000000e22fd320,0x00000000e2300000)
  to   space 20480K, 0% used [0x00000000e2b80000,0x00000000e2b80000,0x00000000e3f80000)
 ParOldGen       total 93696K, used 30693K [0x0000000080000000, 0x0000000085b80000, 0x00000000d5580000)
  object space 93696K, 32% used [0x0000000080000000,0x0000000081df9510,0x0000000085b80000)
 Metaspace       used 53556K, capacity 55738K, committed 56064K, reserved 1097728K
  class space    used 7139K, capacity 7590K, committed 7680K, reserved 1048576K
}
Event: 24.828 GC heap before
{Heap before GC invocations=12 (full 2):
 PSYoungGen      total 210432K, used 40416K [0x00000000d5580000, 0x00000000e3f80000, 0x0000000100000000)
  eden space 197120K, 13% used [0x00000000d5580000,0x00000000d6ffae50,0x00000000e1600000)
  from space 13312K, 99% used [0x00000000e1600000,0x00000000e22fd320,0x00000000e2300000)
  to   space 20480K, 0% used [0x00000000e2b80000,0x00000000e2b80000,0x00000000e3f80000)
 ParOldGen       total 93696K, used 30693K [0x0000000080000000, 0x0000000085b80000, 0x00000000d5580000)
  object space 93696K, 32% used [0x0000000080000000,0x0000000081df9510,0x0000000085b80000)
 Metaspace       used 56732K, capacity 59024K, committed 59096K, reserved 1099776K
  class space    used 7698K, capacity 8182K, committed 8192K, reserved 1048576K
Event: 24.862 GC heap after
Heap after GC invocations=12 (full 2):
 PSYoungGen      total 217600K, used 17251K [0x00000000d5580000, 0x00000000e6f80000, 0x0000000100000000)
  eden space 197120K, 0% used [0x00000000d5580000,0x00000000d5580000,0x00000000e1600000)
  from space 20480K, 84% used [0x00000000e2b80000,0x00000000e3c58eb0,0x00000000e3f80000)
  to   space 22016K, 0% used [0x00000000e1600000,0x00000000e1600000,0x00000000e2b80000)
 ParOldGen       total 93696K, used 30701K [0x0000000080000000, 0x0000000085b80000, 0x00000000d5580000)
  object space 93696K, 32% used [0x0000000080000000,0x0000000081dfb510,0x0000000085b80000)
 Metaspace       used 56732K, capacity 59024K, committed 59096K, reserved 1099776K
  class space    used 7698K, capacity 8182K, committed 8192K, reserved 1048576K
}
Event: 24.862 GC heap before
{Heap before GC invocations=13 (full 3):
 PSYoungGen      total 217600K, used 17251K [0x00000000d5580000, 0x00000000e6f80000, 0x0000000100000000)
  eden space 197120K, 0% used [0x00000000d5580000,0x00000000d5580000,0x00000000e1600000)
  from space 20480K, 84% used [0x00000000e2b80000,0x00000000e3c58eb0,0x00000000e3f80000)
  to   space 22016K, 0% used [0x00000000e1600000,0x00000000e1600000,0x00000000e2b80000)
 ParOldGen       total 93696K, used 30701K [0x0000000080000000, 0x0000000085b80000, 0x00000000d5580000)
  object space 93696K, 32% used [0x0000000080000000,0x0000000081dfb510,0x0000000085b80000)
 Metaspace       used 56732K, capacity 59024K, committed 59096K, reserved 1099776K
  class space    used 7698K, capacity 8182K, committed 8192K, reserved 1048576K
Event: 25.184 GC heap after
Heap after GC invocations=13 (full 3):
 PSYoungGen      total 217600K, used 0K [0x00000000d5580000, 0x00000000e6f80000, 0x0000000100000000)
  eden space 197120K, 0% used [0x00000000d5580000,0x00000000d5580000,0x00000000e1600000)
  from space 20480K, 0% used [0x00000000e2b80000,0x00000000e2b80000,0x00000000e3f80000)
  to   space 22016K, 0% used [0x00000000e1600000,0x00000000e1600000,0x00000000e2b80000)
 ParOldGen       total 138752K, used 32115K [0x0000000080000000, 0x0000000088780000, 0x00000000d5580000)
  object space 138752K, 23% used [0x0000000080000000,0x0000000081f5cf48,0x0000000088780000)
 Metaspace       used 56720K, capacity 58982K, committed 59096K, reserved 1099776K
  class space    used 7694K, capacity 8175K, committed 8192K, reserved 1048576K
}
Event: 30.703 GC heap before
{Heap before GC invocations=14 (full 3):
 PSYoungGen      total 217600K, used 197120K [0x00000000d5580000, 0x00000000e6f80000, 0x0000000100000000)
  eden space 197120K, 100% used [0x00000000d5580000,0x00000000e1600000,0x00000000e1600000)
  from space 20480K, 0% used [0x00000000e2b80000,0x00000000e2b80000,0x00000000e3f80000)
  to   space 22016K, 0% used [0x00000000e1600000,0x00000000e1600000,0x00000000e2b80000)
 ParOldGen       total 138752K, used 32115K [0x0000000080000000, 0x0000000088780000, 0x00000000d5580000)
  object space 138752K, 23% used [0x0000000080000000,0x0000000081f5cf48,0x0000000088780000)
 Metaspace       used 66860K, capacity 70066K, committed 70232K, reserved 1110016K
  class space    used 9188K, capacity 9803K, committed 9856K, reserved 1048576K
Event: 30.790 GC heap after
Heap after GC invocations=14 (full 3):
 PSYoungGen      total 219136K, used 18555K [0x00000000d5580000, 0x00000000e6e80000, 0x0000000100000000)
  eden space 197120K, 0% used [0x00000000d5580000,0x00000000d5580000,0x00000000e1600000)
  from space 22016K, 84% used [0x00000000e1600000,0x00000000e281ec78,0x00000000e2b80000)
  to   space 23552K, 0% used [0x00000000e5780000,0x00000000e5780000,0x00000000e6e80000)
 ParOldGen       total 138752K, used 32123K [0x0000000080000000, 0x0000000088780000, 0x00000000d5580000)
  object space 138752K, 23% used [0x0000000080000000,0x0000000081f5ef48,0x0000000088780000)
 Metaspace       used 66860K, capacity 70066K, committed 70232K, reserved 1110016K
  class space    used 9188K, capacity 9803K, committed 9856K, reserved 1048576K
}
Event: 40.316 GC heap before
{Heap before GC invocations=15 (full 3):
 PSYoungGen      total 219136K, used 215675K [0x00000000d5580000, 0x00000000e6e80000, 0x0000000100000000)
  eden space 197120K, 100% used [0x00000000d5580000,0x00000000e1600000,0x00000000e1600000)
  from space 22016K, 84% used [0x00000000e1600000,0x00000000e281ec78,0x00000000e2b80000)
  to   space 23552K, 0% used [0x00000000e5780000,0x00000000e5780000,0x00000000e6e80000)
 ParOldGen       total 138752K, used 32123K [0x0000000080000000, 0x0000000088780000, 0x00000000d5580000)
  object space 138752K, 23% used [0x0000000080000000,0x0000000081f5ef48,0x0000000088780000)
 Metaspace       used 73420K, capacity 76858K, committed 77016K, reserved 1116160K
  class space    used 10049K, capacity 10696K, committed 10752K, reserved 1048576K
Event: 40.447 GC heap after
Heap after GC invocations=15 (full 3):
 PSYoungGen      total 258560K, used 23551K [0x00000000d5580000, 0x00000000e7700000, 0x0000000100000000)
  eden space 235008K, 0% used [0x00000000d5580000,0x00000000d5580000,0x00000000e3b00000)
  from space 23552K, 99% used [0x00000000e5780000,0x00000000e6e7fc30,0x00000000e6e80000)
  to   space 29184K, 0% used [0x00000000e3b00000,0x00000000e3b00000,0x00000000e5780000)
 ParOldGen       total 138752K, used 37410K [0x0000000080000000, 0x0000000088780000, 0x00000000d5580000)
  object space 138752K, 26% used [0x0000000080000000,0x0000000082488a38,0x0000000088780000)
 Metaspace       used 73420K, capacity 76858K, committed 77016K, reserved 1116160K
  class space    used 10049K, capacity 10696K, committed 10752K, reserved 1048576K
}

Deoptimization events (10 events):
Event: 40.591 Thread 0x000000001b62b800 Uncommon trap: reason=class_check action=maybe_recompile pc=0x0000000003749b90 method=java.util.WeakHashMap.eq(Ljava/lang/Object;Ljava/lang/Object;)Z @ 7
Event: 40.641 Thread 0x000000001b62b800 Uncommon trap: reason=class_check action=maybe_recompile pc=0x000000000476f16c method=java.util.Collections$UnmodifiableList.get(I)Ljava/lang/Object; @ 5
Event: 40.643 Thread 0x000000001b62b800 Uncommon trap: reason=class_check action=maybe_recompile pc=0x000000000476f16c method=java.util.Collections$UnmodifiableList.get(I)Ljava/lang/Object; @ 5
Event: 40.646 Thread 0x000000001b62b800 Uncommon trap: reason=class_check action=maybe_recompile pc=0x000000000476f16c method=java.util.Collections$UnmodifiableList.get(I)Ljava/lang/Object; @ 5
Event: 40.647 Thread 0x000000001b62b800 Uncommon trap: reason=class_check action=maybe_recompile pc=0x000000000476f16c method=java.util.Collections$UnmodifiableList.get(I)Ljava/lang/Object; @ 5
Event: 40.662 Thread 0x000000001b62b800 Uncommon trap: reason=bimorphic action=maybe_recompile pc=0x00000000036880b4 method=java.io.DataOutputStream.writeShort(I)V @ 12
Event: 40.984 Thread 0x000000001b62a000 Uncommon trap: reason=class_check action=maybe_recompile pc=0x0000000003eafdf8 method=java.lang.ThreadLocal.set(Ljava/lang/Object;)V @ 26
Event: 40.984 Thread 0x000000001b62a000 Uncommon trap: reason=unstable_if action=reinterpret pc=0x00000000045a02f4 method=java.io.BufferedInputStream.fill()V @ 9
Event: 62.363 Thread 0x000000001b62e000 Uncommon trap: reason=unstable_if action=reinterpret pc=0x000000000457d7d0 method=com.esotericsoftware.kryo.io.Output.writeString(Ljava/lang/CharSequence;)V @ 50
Event: 62.364 Thread 0x000000001b62e000 Uncommon trap: reason=unstable_if action=reinterpret pc=0x00000000034976d4 method=com.esotericsoftware.kryo.io.Output.writeString(Ljava/lang/CharSequence;)V @ 50

Classes redefined (0 events):
No events

Internal exceptions (10 events):
Event: 40.500 Thread 0x000000001b62b800 Exception <a 'java/lang/NoSuchMethodError': <clinit>> (0x00000000d5689088) thrown at [C:\src\AOSP-openjdk-git\hotspot\src\share\vm\prims\jni.cpp, line 1615]
Event: 40.599 Thread 0x000000001b62b800 Exception <a 'java/lang/NoSuchMethodError': <clinit>> (0x00000000d56979a0) thrown at [C:\src\AOSP-openjdk-git\hotspot\src\share\vm\prims\jni.cpp, line 1615]
Event: 40.608 Thread 0x000000001b62b800 Exception <a 'java/lang/NoSuchMethodError': <clinit>> (0x00000000d56f3370) thrown at [C:\src\AOSP-openjdk-git\hotspot\src\share\vm\prims\jni.cpp, line 1615]
Event: 40.650 Thread 0x000000001b62e800 Exception <a 'java/lang/InterruptedException'> (0x00000000d5809f90) thrown at [C:\src\AOSP-openjdk-git\hotspot\src\share\vm\runtime\objectMonitor.cpp, line 1680]
Event: 40.697 Thread 0x000000001b62b800 Exception <a 'java/lang/NoSuchMethodError': <clinit>> (0x00000000d572b130) thrown at [C:\src\AOSP-openjdk-git\hotspot\src\share\vm\prims\jni.cpp, line 1615]
Event: 40.701 Thread 0x000000001b62b800 Exception <a 'java/lang/NoSuchMethodError': <clinit>> (0x00000000d5739040) thrown at [C:\src\AOSP-openjdk-git\hotspot\src\share\vm\prims\jni.cpp, line 1615]
Event: 40.705 Thread 0x000000001b62b800 Exception <a 'java/lang/NoSuchMethodError': <clinit>> (0x00000000d5748bf8) thrown at [C:\src\AOSP-openjdk-git\hotspot\src\share\vm\prims\jni.cpp, line 1615]
Event: 40.726 Thread 0x000000001b62b800 Exception <a 'java/lang/NoSuchMethodError': <clinit>> (0x00000000d576ef40) thrown at [C:\src\AOSP-openjdk-git\hotspot\src\share\vm\prims\jni.cpp, line 1615]
Event: 40.792 Thread 0x000000001b62b800 Exception <a 'java/lang/NoSuchMethodError': <clinit>> (0x00000000d5901270) thrown at [C:\src\AOSP-openjdk-git\hotspot\src\share\vm\prims\jni.cpp, line 1615]
Event: 40.816 Thread 0x000000001b62b800 Exception <a 'java/lang/NoSuchMethodError': <clinit>> (0x00000000d59c0960) thrown at [C:\src\AOSP-openjdk-git\hotspot\src\share\vm\prims\jni.cpp, line 1615]

Events (10 events):
Event: 62.363 Thread 0x000000001b62e000 Uncommon trap: trap_request=0xffffff65 fr.pc=0x000000000457d7d0
Event: 62.363 Thread 0x000000001b62e000 DEOPT PACKING pc=0x000000000457d7d0 sp=0x000000002d0ae590
Event: 62.363 Thread 0x000000001b62e000 DEOPT UNPACKING pc=0x000000000302557b sp=0x000000002d0ae4c8 mode 2
Event: 62.364 Thread 0x000000001b62e000 Uncommon trap: trap_request=0xffffff65 fr.pc=0x00000000034976d4
Event: 62.364 Thread 0x000000001b62e000 DEOPT PACKING pc=0x00000000034976d4 sp=0x000000002d0ae530
Event: 62.364 Thread 0x000000001b62e000 DEOPT UNPACKING pc=0x000000000302557b sp=0x000000002d0ae4c8 mode 2
Event: 62.364 loading class org/gradle/internal/execution/steps/SkipUpToDateStep$2
Event: 62.364 loading class org/gradle/internal/execution/steps/SkipUpToDateStep$2 done
Event: 62.378 loading class com/google/common/collect/ImmutableList$SerializedForm
Event: 62.378 loading class com/google/common/collect/ImmutableList$SerializedForm done


Dynamic libraries:
0x00007ff6cb580000 - 0x00007ff6cb5b1000 	C:\Program Files\Android\Android Studio\jre\bin\java.exe
0x00007ff9c82e0000 - 0x00007ff9c84d0000 	C:\WINDOWS\SYSTEM32\ntdll.dll
0x00007ff9c8080000 - 0x00007ff9c8132000 	C:\WINDOWS\System32\KERNEL32.DLL
0x00007ff9c6090000 - 0x00007ff9c6335000 	C:\WINDOWS\System32\KERNELBASE.dll
0x00007ff9c71d0000 - 0x00007ff9c7273000 	C:\WINDOWS\System32\ADVAPI32.dll
0x00007ff9c6390000 - 0x00007ff9c642e000 	C:\WINDOWS\System32\msvcrt.dll
0x00007ff9c6d20000 - 0x00007ff9c6db7000 	C:\WINDOWS\System32\sechost.dll
0x00007ff9c7280000 - 0x00007ff9c73a0000 	C:\WINDOWS\System32\RPCRT4.dll
0x00007ff9c73a0000 - 0x00007ff9c7535000 	C:\WINDOWS\System32\USER32.dll
0x00007ff9c6340000 - 0x00007ff9c6361000 	C:\WINDOWS\System32\win32u.dll
0x00007ff9c6a80000 - 0x00007ff9c6aa6000 	C:\WINDOWS\System32\GDI32.dll
0x00007ff9c52f0000 - 0x00007ff9c5486000 	C:\WINDOWS\System32\gdi32full.dll
0x00007ff9c5ef0000 - 0x00007ff9c5f8e000 	C:\WINDOWS\System32\msvcp_win.dll
0x00007ff9c5c70000 - 0x00007ff9c5d6a000 	C:\WINDOWS\System32\ucrtbase.dll
0x00007ff9b7d10000 - 0x00007ff9b7f94000 	C:\WINDOWS\WinSxS\amd64_microsoft.windows.common-controls_6595b64144ccf1df_6.0.18362.1082_none_9e8193e1e45b25c1\COMCTL32.dll
0x00007ff9c6dc0000 - 0x00007ff9c70f5000 	C:\WINDOWS\System32\combase.dll
0x00007ff9c5270000 - 0x00007ff9c52f0000 	C:\WINDOWS\System32\bcryptPrimitives.dll
0x00007ff9c8210000 - 0x00007ff9c823e000 	C:\WINDOWS\System32\IMM32.DLL
0x0000000065150000 - 0x0000000065222000 	C:\Program Files\Android\Android Studio\jre\jre\bin\msvcr100.dll
0x00000000653e0000 - 0x0000000065c2b000 	C:\Program Files\Android\Android Studio\jre\jre\bin\server\jvm.dll
0x00007ff9c6430000 - 0x00007ff9c6438000 	C:\WINDOWS\System32\PSAPI.DLL
0x00007ff9c1230000 - 0x00007ff9c1239000 	C:\WINDOWS\SYSTEM32\WSOCK32.dll
0x00007ff9c7100000 - 0x00007ff9c716f000 	C:\WINDOWS\System32\WS2_32.dll
0x00007ff9c2c50000 - 0x00007ff9c2c74000 	C:\WINDOWS\SYSTEM32\WINMM.dll
0x00007ff9b80b0000 - 0x00007ff9b80ba000 	C:\WINDOWS\SYSTEM32\VERSION.dll
0x00007ff9c2c20000 - 0x00007ff9c2c4d000 	C:\WINDOWS\SYSTEM32\WINMMBASE.dll
0x00007ff9c5f90000 - 0x00007ff9c5fda000 	C:\WINDOWS\System32\cfgmgr32.dll
0x00007ff9c11a0000 - 0x00007ff9c11af000 	C:\Program Files\Android\Android Studio\jre\jre\bin\verify.dll
0x00007ff9b55e0000 - 0x00007ff9b5609000 	C:\Program Files\Android\Android Studio\jre\jre\bin\java.dll
0x00007ff9be5f0000 - 0x00007ff9be606000 	C:\Program Files\Android\Android Studio\jre\jre\bin\zip.dll
0x00007ff9c7710000 - 0x00007ff9c7df7000 	C:\WINDOWS\System32\SHELL32.dll
0x00007ff9c6c70000 - 0x00007ff9c6d19000 	C:\WINDOWS\System32\shcore.dll
0x00007ff9c54f0000 - 0x00007ff9c5c70000 	C:\WINDOWS\System32\windows.storage.dll
0x00007ff9c5240000 - 0x00007ff9c5263000 	C:\WINDOWS\System32\profapi.dll
0x00007ff9c51d0000 - 0x00007ff9c521a000 	C:\WINDOWS\System32\powrprof.dll
0x00007ff9c51a0000 - 0x00007ff9c51b0000 	C:\WINDOWS\System32\UMPDC.dll
0x00007ff9c8240000 - 0x00007ff9c8292000 	C:\WINDOWS\System32\shlwapi.dll
0x00007ff9c5220000 - 0x00007ff9c5231000 	C:\WINDOWS\System32\kernel.appcore.dll
0x00007ff9c6370000 - 0x00007ff9c6387000 	C:\WINDOWS\System32\cryptsp.dll
0x00007ff9be7c0000 - 0x00007ff9be7da000 	C:\Program Files\Android\Android Studio\jre\jre\bin\net.dll
0x00007ff9c4990000 - 0x00007ff9c49f7000 	C:\WINDOWS\system32\mswsock.dll
0x00007ff9b6dc0000 - 0x00007ff9b6dd3000 	C:\Program Files\Android\Android Studio\jre\jre\bin\nio.dll
0x00007ff9be620000 - 0x00007ff9be647000 	C:\Users\David Adeyinka\.gradle\native\9f2fa17c089eee584f3420100432f77ec4c098959e4bf121a4d6054c26537dfb\windows-amd64\native-platform.dll
0x00007ff9be6c0000 - 0x00007ff9be6cd000 	C:\Program Files\Android\Android Studio\jre\jre\bin\management.dll
0x00007ff9c4500000 - 0x00007ff9c4533000 	C:\WINDOWS\system32\rsaenh.dll
0x00007ff9c5d70000 - 0x00007ff9c5d96000 	C:\WINDOWS\System32\bcrypt.dll
0x00007ff9c5080000 - 0x00007ff9c50a5000 	C:\WINDOWS\SYSTEM32\USERENV.dll
0x00007ff9c4b60000 - 0x00007ff9c4b6c000 	C:\WINDOWS\SYSTEM32\CRYPTBASE.dll
0x00007ff9c46a0000 - 0x00007ff9c46da000 	C:\WINDOWS\SYSTEM32\IPHLPAPI.DLL
0x00007ff9c6c60000 - 0x00007ff9c6c68000 	C:\WINDOWS\System32\NSI.dll
0x00007ff9ba490000 - 0x00007ff9ba4a6000 	C:\WINDOWS\SYSTEM32\dhcpcsvc6.DLL
0x00007ff9ba530000 - 0x00007ff9ba54c000 	C:\WINDOWS\SYSTEM32\dhcpcsvc.DLL
0x00007ff9c46e0000 - 0x00007ff9c47ab000 	C:\WINDOWS\SYSTEM32\DNSAPI.dll
0x00007ff9ba8d0000 - 0x00007ff9ba8db000 	C:\WINDOWS\SYSTEM32\WINNSI.DLL
0x00007ff994bf0000 - 0x00007ff994d86000 	C:\Users\David Adeyinka\.gradle\native\9f2fa17c089eee584f3420100432f77ec4c098959e4bf121a4d6054c26537dfb\windows-amd64\native-platform-file-events.dll
0x00007ff9bc3f0000 - 0x00007ff9bc40e000 	C:\Users\David Adeyinka\AppData\Local\Temp\native-platform2818811796317014120dir\native-platform.dll

VM Arguments:
jvm_args: -Xmx2048m -Dfile.encoding=UTF-8 -Duser.country=GB -Duser.language=en -Duser.variant 
java_command: org.gradle.launcher.daemon.bootstrap.GradleDaemon 6.6.1
java_class_path (initial): C:\Gradle\gradle-6.6.1\lib\gradle-launcher-6.6.1.jar
Launcher Type: SUN_STANDARD

Environment Variables:
PATH=C:\Program Files (x86)\Common Files\Oracle\Java\javapath;C:\WINDOWS\system32;C:\WINDOWS;C:\WINDOWS\System32\Wbem;C:\WINDOWS\System32\WindowsPowerShell\v1.0\;C:\WINDOWS\System32\OpenSSH\;C:\Program Files (x86)\Git\cmd;C:\Program Files\nodejs\;c:\Program Files (x86)\Microsoft SQL Server\100\Tools\Binn\;c:\Program Files\Microsoft SQL Server\100\Tools\Binn\;c:\Program Files\Microsoft SQL Server\100\DTS\Binn\;C:\Users\David Adeyinka\AppData\Local\Programs\Python\Python37-32\Scripts\;C:\Users\David Adeyinka\AppData\Local\Programs\Python\Python37-32\;C:\Users\David Adeyinka\AppData\Local\Microsoft\WindowsApps;;C:\Program Files\JetBrains\IntelliJ IDEA Community Edition 2019.1.3\bin;;C:\Program Files\Microsoft VS Code\bin;C:\Users\David Adeyinka\AppData\Roaming\npm
USERNAME=David Adeyinka
OS=Windows_NT
PROCESSOR_IDENTIFIER=Intel64 Family 6 Model 61 Stepping 4, GenuineIntel



---------------  S Y S T E M  ---------------

OS: Windows 10.0 , 64 bit Build 18362 (10.0.18362.1082)

CPU:total 4 (initial active 4) (2 cores per cpu, 2 threads per core) family 6 model 61 stepping 4, cmov, cx8, fxsr, mmx, sse, sse2, sse3, ssse3, sse4.1, sse4.2, popcnt, avx, avx2, aes, clmul, erms, 3dnowpref, lzcnt, ht, tsc, tscinvbit, bmi1, bmi2, adx

Memory: 4k page, physical 8277100k(1061224k free), swap 8277100k(5120k free)

vm_info: OpenJDK 64-Bit Server VM (25.242-b01) for windows-amd64 JRE (1.8.0_242-release-1644-b01), built by "builder" with MS VC++ 10.0 (VS2010)

time: Wed Jan 13 08:32:22 2021
timezone: W. Central Africa Standard Time
elapsed time: 62 seconds (0d 0h 1m 2s)

