#
# There is insufficient memory for the Java Runtime Environment to continue.
# Native memory allocation (malloc) failed to allocate 1308624 bytes for Chunk::new
# Possible reasons:
#   The system is out of physical RAM or swap space
#   The process is running with CompressedOops enabled, and the Java Heap may be blocking the growth of the native heap
# Possible solutions:
#   Reduce memory load on the system
#   Increase physical memory or swap space
#   Check if swap backing store is full
#   Decrease Java heap size (-Xmx/-Xms)
#   Decrease number of Java threads
#   Decrease Java thread stack sizes (-Xss)
#   Set larger code cache with -XX:ReservedCodeCacheSize=
#   JVM is running with Unscaled Compressed Oops mode in which the Java heap is
#     placed in the first 4GB address space. The Java Heap base address is the
#     maximum limit for the native heap growth. Please use -XX:HeapBaseMinAddress
#     to set the Java Heap base and to place the Java Heap above 4GB virtual address.
# This output file may be truncated or incomplete.
#
#  Out of Memory Error (allocation.cpp:389), pid=8592, tid=0x0000000000001aec
#
# JRE version: OpenJDK Runtime Environment (8.0_242-b01) (build 1.8.0_242-release-1644-b01)
# Java VM: OpenJDK 64-Bit Server VM (25.242-b01 mixed mode windows-amd64 compressed oops)
# Failed to write core dump. Minidumps are not enabled by default on client versions of Windows
#

---------------  T H R E A D  ---------------

Current thread (0x0000000017546800):  JavaThread "C2 CompilerThread0" daemon [_thread_in_native, id=6892, stack(0x0000000018ba0000,0x0000000018ca0000)]

Stack: [0x0000000018ba0000,0x0000000018ca0000]
[error occurred during error reporting (printing stack bounds), id 0xc0000005]

Native frames: (J=compiled Java code, j=interpreted, Vv=VM code, C=native code)


Current CompileTask:
C2:  18759 2639       4       java.net.URLClassLoader$1::run (5 bytes)


---------------  P R O C E S S  ---------------

Java Threads: ( => current thread )
  0x000000001b790000 JavaThread "Cache worker for file content cache (C:\Users\David Adeyinka\.gradle\caches\6.6.1\fileContent)" [_thread_blocked, id=11420, stack(0x0000000022c20000,0x0000000022d20000)]
  0x000000001b78f800 JavaThread "Cache worker for execution history cache (C:\Users\David Adeyinka\.gradle\caches\6.6.1\executionHistory)" [_thread_blocked, id=8412, stack(0x0000000022520000,0x0000000022620000)]
  0x000000001b78e000 JavaThread "Cache worker for cache directory md-rule (C:\Users\David Adeyinka\.gradle\caches\6.6.1\md-rule)" [_thread_blocked, id=12556, stack(0x0000000022420000,0x0000000022520000)]
  0x000000001b78e800 JavaThread "Cache worker for cache directory md-supplier (C:\Users\David Adeyinka\.gradle\caches\6.6.1\md-supplier)" [_thread_blocked, id=10712, stack(0x0000000022320000,0x0000000022420000)]
  0x000000001b791000 JavaThread "Cache worker for checksums cache (C:\Users\David Adeyinka\AndroidStudioProjects\ToDoPlanner\.gradle\checksums)" [_thread_blocked, id=4376, stack(0x0000000022220000,0x0000000022320000)]
  0x000000001b786800 JavaThread "jar transforms Thread 20" [_thread_blocked, id=1092, stack(0x0000000021f20000,0x0000000022020000)]
  0x000000001b78d000 JavaThread "jar transforms Thread 19" [_thread_blocked, id=1404, stack(0x0000000021e20000,0x0000000021f20000)]
  0x000000001b785800 JavaThread "jar transforms Thread 18" [_thread_blocked, id=3776, stack(0x0000000021d20000,0x0000000021e20000)]
  0x000000001b78c800 JavaThread "jar transforms Thread 17" [_thread_blocked, id=7252, stack(0x0000000021c20000,0x0000000021d20000)]
  0x000000001b784800 JavaThread "jar transforms Thread 16" [_thread_blocked, id=4772, stack(0x0000000021b20000,0x0000000021c20000)]
  0x000000001b78b800 JavaThread "jar transforms Thread 15" [_thread_blocked, id=3908, stack(0x0000000021a20000,0x0000000021b20000)]
  0x000000001b784000 JavaThread "jar transforms Thread 14" [_thread_blocked, id=11936, stack(0x0000000021920000,0x0000000021a20000)]
  0x000000001b788800 JavaThread "jar transforms Thread 13" [_thread_blocked, id=11048, stack(0x0000000021820000,0x0000000021920000)]
  0x000000001b789800 JavaThread "jar transforms Thread 12" [_thread_blocked, id=8840, stack(0x0000000021720000,0x0000000021820000)]
  0x000000001b788000 JavaThread "jar transforms Thread 11" [_thread_blocked, id=12744, stack(0x0000000021620000,0x0000000021720000)]
  0x000000001b78a000 JavaThread "jar transforms Thread 10" [_thread_blocked, id=7568, stack(0x0000000021520000,0x0000000021620000)]
  0x000000001b78b000 JavaThread "jar transforms Thread 9" [_thread_blocked, id=6416, stack(0x0000000021420000,0x0000000021520000)]
  0x000000001b787000 JavaThread "jar transforms Thread 8" [_thread_blocked, id=9332, stack(0x0000000021320000,0x0000000021420000)]
  0x000000001a184000 JavaThread "jar transforms Thread 7" [_thread_blocked, id=12836, stack(0x0000000021220000,0x0000000021320000)]
  0x000000001a183800 JavaThread "jar transforms Thread 6" [_thread_blocked, id=13296, stack(0x0000000021120000,0x0000000021220000)]
  0x000000001a182000 JavaThread "jar transforms Thread 5" [_thread_blocked, id=2712, stack(0x0000000021020000,0x0000000021120000)]
  0x000000001a188800 JavaThread "jar transforms Thread 4" [_thread_blocked, id=12720, stack(0x000000001fcc0000,0x000000001fdc0000)]
  0x000000001a188000 JavaThread "jar transforms Thread 3" [_thread_blocked, id=8140, stack(0x000000001fbc0000,0x000000001fcc0000)]
  0x000000001a185000 JavaThread "jar transforms Thread 2" [_thread_blocked, id=11640, stack(0x000000001fac0000,0x000000001fbc0000)]
  0x000000001a187000 JavaThread "jar transforms" [_thread_blocked, id=11776, stack(0x000000001f9c0000,0x000000001fac0000)]
  0x000000001a185800 JavaThread "Cache worker for file hash cache (C:\Users\David Adeyinka\AndroidStudioProjects\ToDoPlanner\.gradle\6.6.1\fileHashes)" [_thread_blocked, id=9028, stack(0x000000001f8c0000,0x000000001f9c0000)]
  0x000000001a182800 JavaThread "Cache worker for journal cache (C:\Users\David Adeyinka\.gradle\caches\journal-1)" [_thread_blocked, id=3464, stack(0x000000001f5c0000,0x000000001f6c0000)]
  0x000000001a186800 JavaThread "File lock request listener" [_thread_in_native, id=4508, stack(0x000000001d520000,0x000000001d620000)]
  0x0000000019cff000 JavaThread "Cache worker for file hash cache (C:\Users\David Adeyinka\.gradle\caches\6.6.1\fileHashes)" [_thread_blocked, id=7840, stack(0x000000001d320000,0x000000001d420000)]
  0x0000000019f76000 JavaThread "Thread-9" [_thread_blocked, id=2240, stack(0x000000001d020000,0x000000001d120000)]
  0x0000000019f72000 JavaThread "Stdin handler" [_thread_blocked, id=236, stack(0x000000001cf20000,0x000000001d020000)]
  0x0000000019f6f800 JavaThread "Asynchronous log dispatcher for DefaultDaemonConnection: socket connection from /127.0.0.1:35420 to /127.0.0.1:35421" [_thread_blocked, id=1148, stack(0x000000001ce20000,0x000000001cf20000)]
  0x00000000198a7000 JavaThread "Daemon worker" [_thread_in_vm, id=5796, stack(0x000000001cd20000,0x000000001ce20000)]
  0x00000000198a6800 JavaThread "Cancel handler" [_thread_blocked, id=12980, stack(0x000000001cc20000,0x000000001cd20000)]
  0x0000000019156000 JavaThread "Handler for socket connection from /127.0.0.1:35420 to /127.0.0.1:35421" [_thread_in_native, id=9140, stack(0x000000001cb20000,0x000000001cc20000)]
  0x00000000199f1000 JavaThread "Daemon" [_thread_blocked, id=11112, stack(0x000000001ca20000,0x000000001cb20000)]
  0x0000000019723800 JavaThread "Daemon periodic checks" [_thread_blocked, id=1284, stack(0x000000001c720000,0x000000001c820000)]
  0x0000000019947800 JavaThread "Incoming local TCP Connector on port 35420" [_thread_in_native, id=9784, stack(0x000000001c4e0000,0x000000001c5e0000)]
  0x000000001aec8800 JavaThread "Daemon health stats" [_thread_blocked, id=9616, stack(0x000000001bea0000,0x000000001bfa0000)]
  0x000000001759c800 JavaThread "Service Thread" daemon [_thread_blocked, id=6900, stack(0x00000000192a0000,0x00000000193a0000)]
  0x0000000017597000 JavaThread "C1 CompilerThread2" daemon [_thread_blocked, id=4720, stack(0x00000000191a0000,0x00000000192a0000)]
  0x000000001754b000 JavaThread "C2 CompilerThread1" daemon [_thread_in_native, id=12228, stack(0x0000000018ca0000,0x0000000018da0000)]
=>0x0000000017546800 JavaThread "C2 CompilerThread0" daemon [_thread_in_native, id=6892, stack(0x0000000018ba0000,0x0000000018ca0000)]
  0x0000000017545800 JavaThread "Attach Listener" daemon [_thread_blocked, id=11628, stack(0x0000000018aa0000,0x0000000018ba0000)]
  0x0000000017544000 JavaThread "Signal Dispatcher" daemon [_thread_blocked, id=11988, stack(0x00000000189a0000,0x0000000018aa0000)]
  0x000000000291b000 JavaThread "Finalizer" daemon [_thread_blocked, id=1556, stack(0x00000000187a0000,0x00000000188a0000)]
  0x0000000017529000 JavaThread "Reference Handler" daemon [_thread_blocked, id=11372, stack(0x00000000186a0000,0x00000000187a0000)]
  0x000000000092e800 JavaThread "main" [_thread_blocked, id=9336, stack(0x00000000026e0000,0x00000000027e0000)]

Other Threads:
  0x0000000017506800 VMThread [stack: 0x00000000185a0000,0x00000000186a0000] [id=5408]
  0x000000001759d000 WatcherThread [stack: 0x00000000193a0000,0x00000000194a0000] [id=13180]

VM state:not at safepoint (normal execution)

VM Mutex/Monitor currently owned by a thread: None

heap address: 0x0000000080000000, size: 2048 MB, Compressed Oops mode: 32-bit
Narrow klass base: 0x0000000000000000, Narrow klass shift: 3
Compressed class space size: 1073741824 Address: 0x0000000100000000

Heap:
 PSYoungGen      total 76800K, used 48465K [0x00000000d5580000, 0x00000000dda00000, 0x0000000100000000)
  eden space 66560K, 61% used [0x00000000d5580000,0x00000000d7d8b0c0,0x00000000d9680000)
  from space 10240K, 72% used [0x00000000d9680000,0x00000000d9dc93f8,0x00000000da080000)
  to   space 10240K, 0% used [0x00000000dd000000,0x00000000dd000000,0x00000000dda00000)
 ParOldGen       total 55296K, used 8421K [0x0000000080000000, 0x0000000083600000, 0x00000000d5580000)
  object space 55296K, 15% used [0x0000000080000000,0x0000000080839610,0x0000000083600000)
 Metaspace       used 31969K, capacity 33120K, committed 33408K, reserved 1077248K
  class space    used 4367K, capacity 4657K, committed 4736K, reserved 1048576K

Card table byte_map: [0x0000000011ce0000,0x00000000120f0000] byte_map_base: 0x00000000118e0000

Marking Bits: (ParMarkBitMap*) 0x000000007438f030
 Begin Bits: [0x00000000127a0000, 0x00000000147a0000)
 End Bits:   [0x00000000147a0000, 0x00000000167a0000)

Polling page: 0x0000000000e60000

CodeCache: size=245760Kb used=9227Kb max_used=9227Kb free=236532Kb
 bounds [0x0000000002920000, 0x0000000003230000, 0x0000000011920000]
 total_blobs=3113 nmethods=2432 adapters=594
 compilation: enabled

Compilation events (10 events):
Event: 18.557 Thread 0x0000000017597000 2684       3       java.lang.StringBuilder::getChars (10 bytes)
Event: 18.557 Thread 0x0000000017597000 nmethod 2684 0x0000000003226dd0 code [0x0000000003226f40, 0x00000000032270c8]
Event: 18.558 Thread 0x0000000017597000 2685       3       java.lang.StringBuffer::append (6 bytes)
Event: 18.559 Thread 0x0000000017597000 nmethod 2685 0x0000000003227150 code [0x00000000032272c0, 0x00000000032276c8]
Event: 18.563 Thread 0x0000000017597000 2686       3       com.google.common.collect.AbstractMapBasedMultimap$WrappedCollection::refreshIfEmpty (78 bytes)
Event: 18.565 Thread 0x0000000017597000 nmethod 2686 0x00000000032277d0 code [0x0000000003227980, 0x00000000032280b8]
Event: 18.690 Thread 0x0000000017597000 2687       1       java.lang.reflect.WeakCache$CacheKey::hashCode (5 bytes)
Event: 18.690 Thread 0x0000000017597000 nmethod 2687 0x0000000003228310 code [0x0000000003228460, 0x0000000003228570]
Event: 18.749 Thread 0x0000000017597000 2689       3       java.lang.invoke.DirectMethodHandle::maybeCompile (18 bytes)
Event: 18.750 Thread 0x0000000017597000 nmethod 2689 0x00000000032285d0 code [0x0000000003228740, 0x00000000032289d8]

GC Heap History (10 events):
Event: 12.243 GC heap before
{Heap before GC invocations=4 (full 0):
 PSYoungGen      total 38400K, used 38387K [0x00000000d5580000, 0x00000000d8000000, 0x0000000100000000)
  eden space 33280K, 100% used [0x00000000d5580000,0x00000000d7600000,0x00000000d7600000)
  from space 5120K, 99% used [0x00000000d7600000,0x00000000d7afccb0,0x00000000d7b00000)
  to   space 5120K, 0% used [0x00000000d7b00000,0x00000000d7b00000,0x00000000d8000000)
 ParOldGen       total 87552K, used 1772K [0x0000000080000000, 0x0000000085580000, 0x00000000d5580000)
  object space 87552K, 2% used [0x0000000080000000,0x00000000801bb3f0,0x0000000085580000)
 Metaspace       used 16639K, capacity 17236K, committed 17408K, reserved 1064960K
  class space    used 2323K, capacity 2514K, committed 2560K, reserved 1048576K
Event: 12.317 GC heap after
Heap after GC invocations=4 (full 0):
 PSYoungGen      total 38400K, used 5104K [0x00000000d5580000, 0x00000000da080000, 0x0000000100000000)
  eden space 33280K, 0% used [0x00000000d5580000,0x00000000d5580000,0x00000000d7600000)
  from space 5120K, 99% used [0x00000000d7b00000,0x00000000d7ffc050,0x00000000d8000000)
  to   space 5120K, 0% used [0x00000000d7600000,0x00000000d7600000,0x00000000d7b00000)
 ParOldGen       total 87552K, used 4914K [0x0000000080000000, 0x0000000085580000, 0x00000000d5580000)
  object space 87552K, 5% used [0x0000000080000000,0x00000000804cc818,0x0000000085580000)
 Metaspace       used 16639K, capacity 17236K, committed 17408K, reserved 1064960K
  class space    used 2323K, capacity 2514K, committed 2560K, reserved 1048576K
}
Event: 13.442 GC heap before
{Heap before GC invocations=5 (full 0):
 PSYoungGen      total 38400K, used 38384K [0x00000000d5580000, 0x00000000da080000, 0x0000000100000000)
  eden space 33280K, 100% used [0x00000000d5580000,0x00000000d7600000,0x00000000d7600000)
  from space 5120K, 99% used [0x00000000d7b00000,0x00000000d7ffc050,0x00000000d8000000)
  to   space 5120K, 0% used [0x00000000d7600000,0x00000000d7600000,0x00000000d7b00000)
 ParOldGen       total 87552K, used 4914K [0x0000000080000000, 0x0000000085580000, 0x00000000d5580000)
  object space 87552K, 5% used [0x0000000080000000,0x00000000804cc818,0x0000000085580000)
 Metaspace       used 19026K, capacity 19758K, committed 20096K, reserved 1067008K
  class space    used 2688K, capacity 2897K, committed 2944K, reserved 1048576K
Event: 13.463 GC heap after
Heap after GC invocations=5 (full 0):
 PSYoungGen      total 38400K, used 5088K [0x00000000d5580000, 0x00000000daa80000, 0x0000000100000000)
  eden space 33280K, 0% used [0x00000000d5580000,0x00000000d5580000,0x00000000d7600000)
  from space 5120K, 99% used [0x00000000d7600000,0x00000000d7af8030,0x00000000d7b00000)
  to   space 10240K, 0% used [0x00000000da080000,0x00000000da080000,0x00000000daa80000)
 ParOldGen       total 87552K, used 8248K [0x0000000080000000, 0x0000000085580000, 0x00000000d5580000)
  object space 87552K, 9% used [0x0000000080000000,0x000000008080e1e0,0x0000000085580000)
 Metaspace       used 19026K, capacity 19758K, committed 20096K, reserved 1067008K
  class space    used 2688K, capacity 2897K, committed 2944K, reserved 1048576K
}
Event: 14.015 GC heap before
{Heap before GC invocations=6 (full 0):
 PSYoungGen      total 38400K, used 23403K [0x00000000d5580000, 0x00000000daa80000, 0x0000000100000000)
  eden space 33280K, 55% used [0x00000000d5580000,0x00000000d6762d40,0x00000000d7600000)
  from space 5120K, 99% used [0x00000000d7600000,0x00000000d7af8030,0x00000000d7b00000)
  to   space 10240K, 0% used [0x00000000da080000,0x00000000da080000,0x00000000daa80000)
 ParOldGen       total 87552K, used 8248K [0x0000000080000000, 0x0000000085580000, 0x00000000d5580000)
  object space 87552K, 9% used [0x0000000080000000,0x000000008080e1e0,0x0000000085580000)
 Metaspace       used 20369K, capacity 21204K, committed 21296K, reserved 1067008K
  class space    used 2904K, capacity 3126K, committed 3200K, reserved 1048576K
Event: 14.030 GC heap after
Heap after GC invocations=6 (full 0):
 PSYoungGen      total 76800K, used 7457K [0x00000000d5580000, 0x00000000daa80000, 0x0000000100000000)
  eden space 66560K, 0% used [0x00000000d5580000,0x00000000d5580000,0x00000000d9680000)
  from space 10240K, 72% used [0x00000000da080000,0x00000000da7c8448,0x00000000daa80000)
  to   space 10240K, 0% used [0x00000000d9680000,0x00000000d9680000,0x00000000da080000)
 ParOldGen       total 87552K, used 8256K [0x0000000080000000, 0x0000000085580000, 0x00000000d5580000)
  object space 87552K, 9% used [0x0000000080000000,0x00000000808101e0,0x0000000085580000)
 Metaspace       used 20369K, capacity 21204K, committed 21296K, reserved 1067008K
  class space    used 2904K, capacity 3126K, committed 3200K, reserved 1048576K
}
Event: 14.030 GC heap before
{Heap before GC invocations=7 (full 1):
 PSYoungGen      total 76800K, used 7457K [0x00000000d5580000, 0x00000000daa80000, 0x0000000100000000)
  eden space 66560K, 0% used [0x00000000d5580000,0x00000000d5580000,0x00000000d9680000)
  from space 10240K, 72% used [0x00000000da080000,0x00000000da7c8448,0x00000000daa80000)
  to   space 10240K, 0% used [0x00000000d9680000,0x00000000d9680000,0x00000000da080000)
 ParOldGen       total 87552K, used 8256K [0x0000000080000000, 0x0000000085580000, 0x00000000d5580000)
  object space 87552K, 9% used [0x0000000080000000,0x00000000808101e0,0x0000000085580000)
 Metaspace       used 20369K, capacity 21204K, committed 21296K, reserved 1067008K
  class space    used 2904K, capacity 3126K, committed 3200K, reserved 1048576K
Event: 14.108 GC heap after
Heap after GC invocations=7 (full 1):
 PSYoungGen      total 76800K, used 0K [0x00000000d5580000, 0x00000000daa80000, 0x0000000100000000)
  eden space 66560K, 0% used [0x00000000d5580000,0x00000000d5580000,0x00000000d9680000)
  from space 10240K, 0% used [0x00000000da080000,0x00000000da080000,0x00000000daa80000)
  to   space 10240K, 0% used [0x00000000d9680000,0x00000000d9680000,0x00000000da080000)
 ParOldGen       total 55296K, used 8413K [0x0000000080000000, 0x0000000083600000, 0x00000000d5580000)
  object space 55296K, 15% used [0x0000000080000000,0x0000000080837610,0x0000000083600000)
 Metaspace       used 20369K, capacity 21204K, committed 21296K, reserved 1067008K
  class space    used 2904K, capacity 3126K, committed 3200K, reserved 1048576K
}
Event: 15.618 GC heap before
{Heap before GC invocations=8 (full 1):
 PSYoungGen      total 76800K, used 66560K [0x00000000d5580000, 0x00000000daa80000, 0x0000000100000000)
  eden space 66560K, 100% used [0x00000000d5580000,0x00000000d9680000,0x00000000d9680000)
  from space 10240K, 0% used [0x00000000da080000,0x00000000da080000,0x00000000daa80000)
  to   space 10240K, 0% used [0x00000000d9680000,0x00000000d9680000,0x00000000da080000)
 ParOldGen       total 55296K, used 8413K [0x0000000080000000, 0x0000000083600000, 0x00000000d5580000)
  object space 55296K, 15% used [0x0000000080000000,0x0000000080837610,0x0000000083600000)
 Metaspace       used 26372K, capacity 27388K, committed 27648K, reserved 1073152K
  class space    used 3776K, capacity 4059K, committed 4096K, reserved 1048576K
Event: 15.632 GC heap after
Heap after GC invocations=8 (full 1):
 PSYoungGen      total 76800K, used 7460K [0x00000000d5580000, 0x00000000dda00000, 0x0000000100000000)
  eden space 66560K, 0% used [0x00000000d5580000,0x00000000d5580000,0x00000000d9680000)
  from space 10240K, 72% used [0x00000000d9680000,0x00000000d9dc93f8,0x00000000da080000)
  to   space 10240K, 0% used [0x00000000dd000000,0x00000000dd000000,0x00000000dda00000)
 ParOldGen       total 55296K, used 8421K [0x0000000080000000, 0x0000000083600000, 0x00000000d5580000)
  object space 55296K, 15% used [0x0000000080000000,0x0000000080839610,0x0000000083600000)
 Metaspace       used 26372K, capacity 27388K, committed 27648K, reserved 1073152K
  class space    used 3776K, capacity 4059K, committed 4096K, reserved 1048576K
}

Deoptimization events (10 events):
Event: 13.994 Thread 0x00000000198a7000 Uncommon trap: reason=bimorphic action=maybe_recompile pc=0x0000000002f03368 method=java.lang.ClassLoader.getPackage(Ljava/lang/String;)Ljava/lang/Package; @ 47
Event: 13.995 Thread 0x00000000198a7000 Uncommon trap: reason=unstable_if action=reinterpret pc=0x0000000002f02f44 method=java.net.URLClassLoader.getAndVerifyPackage(Ljava/lang/String;Ljava/util/jar/Manifest;Ljava/net/URL;)Ljava/lang/Package; @ 62
Event: 14.436 Thread 0x00000000198a7000 Uncommon trap: reason=unstable_if action=reinterpret pc=0x0000000002f7bbe0 method=java.util.HashMap.hash(Ljava/lang/Object;)I @ 1
Event: 14.665 Thread 0x00000000198a7000 Uncommon trap: reason=unstable_if action=reinterpret pc=0x0000000002c356cc method=java.io.WinNTFileSystem.resolve(Ljava/lang/String;Ljava/lang/String;)Ljava/lang/String; @ 49
Event: 15.363 Thread 0x00000000198a7000 Uncommon trap: reason=unstable_if action=reinterpret pc=0x0000000002ac918c method=java.lang.ClassLoader.getClassLoadingLock(Ljava/lang/String;)Ljava/lang/Object; @ 6
Event: 15.428 Thread 0x00000000198a7000 Uncommon trap: reason=bimorphic action=maybe_recompile pc=0x0000000002a58710 method=java.io.BufferedInputStream.read([BII)I @ 101
Event: 15.429 Thread 0x00000000198a7000 Uncommon trap: reason=bimorphic action=maybe_recompile pc=0x0000000002a58710 method=java.io.BufferedInputStream.read([BII)I @ 101
Event: 15.431 Thread 0x00000000198a7000 Uncommon trap: reason=bimorphic action=maybe_recompile pc=0x0000000002a58710 method=java.io.BufferedInputStream.read([BII)I @ 101
Event: 15.432 Thread 0x00000000198a7000 Uncommon trap: reason=bimorphic action=maybe_recompile pc=0x0000000002a58710 method=java.io.BufferedInputStream.read([BII)I @ 101
Event: 15.637 Thread 0x0000000017529000 Uncommon trap: reason=unstable_if action=reinterpret pc=0x0000000002f718fc method=java.lang.ref.Reference.tryHandlePending(Z)Z @ 104

Classes redefined (0 events):
No events

Internal exceptions (10 events):
Event: 16.069 Thread 0x00000000198a7000 Exception <a 'java/lang/ClassNotFoundException': groovy/lang/Closure$1Customizer> (0x00000000d62d57d8) thrown at [C:\src\AOSP-openjdk-git\hotspot\src\share\vm\classfile\systemDictionary.cpp, line 210]
Event: 16.288 Thread 0x00000000198a7000 Exception <a 'java/lang/ClassNotFoundException': org/gradle/internal/metaobject/ConfigureDelegateBeanInfo> (0x00000000d6991278) thrown at [C:\src\AOSP-openjdk-git\hotspot\src\share\vm\classfile\systemDictionary.cpp, line 210]
Event: 16.292 Thread 0x00000000198a7000 Exception <a 'java/lang/ClassNotFoundException': org/gradle/internal/metaobject/ConfigureDelegateCustomizer> (0x00000000d69bed40) thrown at [C:\src\AOSP-openjdk-git\hotspot\src\share\vm\classfile\systemDictionary.cpp, line 210]
Event: 16.326 Thread 0x00000000198a7000 Exception <a 'java/lang/ClassNotFoundException': org/gradle/api/internal/initialization/DefaultScriptHandlerBeanInfo> (0x00000000d6a40588) thrown at [C:\src\AOSP-openjdk-git\hotspot\src\share\vm\classfile\systemDictionary.cpp, line 210]
Event: 16.328 Thread 0x00000000198a7000 Exception <a 'java/lang/ClassNotFoundException': org/gradle/api/internal/initialization/DefaultScriptHandlerCustomizer> (0x00000000d6a76510) thrown at [C:\src\AOSP-openjdk-git\hotspot\src\share\vm\classfile\systemDictionary.cpp, line 210]
Event: 17.459 Thread 0x00000000198a7000 Exception <a 'java/lang/ClassNotFoundException': org/gradle/api/internal/artifacts/dsl/dependencies/DefaultDependencyHandler_DecoratedBeanInfo> (0x00000000d7420d08) thrown at [C:\src\AOSP-openjdk-git\hotspot\src\share\vm\classfile\systemDictionary.cpp, li
Event: 17.494 Thread 0x00000000198a7000 Exception <a 'java/lang/ClassNotFoundException': org/gradle/api/internal/artifacts/dsl/dependencies/DefaultDependencyHandlerBeanInfo> (0x00000000d7479858) thrown at [C:\src\AOSP-openjdk-git\hotspot\src\share\vm\classfile\systemDictionary.cpp, line 210]
Event: 17.509 Thread 0x00000000198a7000 Exception <a 'java/lang/ClassNotFoundException': org/gradle/api/internal/artifacts/dsl/dependencies/DefaultDependencyHandlerCustomizer> (0x00000000d74d3248) thrown at [C:\src\AOSP-openjdk-git\hotspot\src\share\vm\classfile\systemDictionary.cpp, line 210]
Event: 17.589 Thread 0x00000000198a7000 Exception <a 'java/lang/ClassNotFoundException': org/gradle/api/internal/artifacts/dsl/dependencies/DefaultDependencyHandler_DecoratedCustomizer> (0x00000000d755df48) thrown at [C:\src\AOSP-openjdk-git\hotspot\src\share\vm\classfile\systemDictionary.cpp, 
Event: 18.738 Thread 0x00000000198a7000 Exception <a 'java/lang/NoSuchMethodError': java.lang.Object.lambda$static$0(Lorg/gradle/api/internal/artifacts/configurations/MutationValidator$MutationType;)V> (0x00000000d7cf0b40) thrown at [C:\src\AOSP-openjdk-git\hotspot\src\share\vm\interpreter\link

Events (10 events):
Event: 18.738 loading class org/gradle/api/internal/artifacts/configurations/MutationValidator$MutationType
Event: 18.738 loading class org/gradle/api/internal/artifacts/configurations/MutationValidator$MutationType done
Event: 18.738 loading class org/gradle/api/internal/artifacts/configurations/MutationValidator
Event: 18.738 loading class org/gradle/api/internal/artifacts/configurations/MutationValidator done
Event: 18.740 loading class org/gradle/api/internal/artifacts/cache/DependencyResolutionControl
Event: 18.740 loading class org/gradle/api/internal/artifacts/cache/DependencyResolutionControl done
Event: 18.741 loading class org/gradle/api/internal/artifacts/cache/ResolutionControl
Event: 18.741 loading class org/gradle/api/internal/artifacts/cache/ResolutionControl done
Event: 18.753 loading class org/gradle/api/internal/artifacts/cache/DependencyResolutionControl
Event: 18.753 loading class org/gradle/api/internal/artifacts/cache/DependencyResolutionControl done


Dynamic libraries:
0x00007ff627fd0000 - 0x00007ff628001000 	C:\Program Files\Android\Android Studio\jre\bin\java.exe
0x00007ffb0b060000 - 0x00007ffb0b250000 	C:\WINDOWS\SYSTEM32\ntdll.dll
0x00007ffb09720000 - 0x00007ffb097d2000 	C:\WINDOWS\System32\KERNEL32.DLL
0x00007ffb081f0000 - 0x00007ffb08495000 	C:\WINDOWS\System32\KERNELBASE.dll
0x00007ffb0a110000 - 0x00007ffb0a1b3000 	C:\WINDOWS\System32\ADVAPI32.dll
0x00007ffb0aa60000 - 0x00007ffb0aafe000 	C:\WINDOWS\System32\msvcrt.dll
0x00007ffb09860000 - 0x00007ffb098f7000 	C:\WINDOWS\System32\sechost.dll
0x00007ffb09110000 - 0x00007ffb09230000 	C:\WINDOWS\System32\RPCRT4.dll
0x00007ffb09410000 - 0x00007ffb095a5000 	C:\WINDOWS\System32\USER32.dll
0x00007ffb08e40000 - 0x00007ffb08e61000 	C:\WINDOWS\System32\win32u.dll
0x00007ffb0a960000 - 0x00007ffb0a986000 	C:\WINDOWS\System32\GDI32.dll
0x00007ffb08050000 - 0x00007ffb081e6000 	C:\WINDOWS\System32\gdi32full.dll
0x00007ffb08da0000 - 0x00007ffb08e3e000 	C:\WINDOWS\System32\msvcp_win.dll
0x00007ffb084d0000 - 0x00007ffb085ca000 	C:\WINDOWS\System32\ucrtbase.dll
0x00007ffafa720000 - 0x00007ffafa9a4000 	C:\WINDOWS\WinSxS\amd64_microsoft.windows.common-controls_6595b64144ccf1df_6.0.18362.1082_none_9e8193e1e45b25c1\COMCTL32.dll
0x00007ffb0ab00000 - 0x00007ffb0ae35000 	C:\WINDOWS\System32\combase.dll
0x00007ffb08fc0000 - 0x00007ffb09040000 	C:\WINDOWS\System32\bcryptPrimitives.dll
0x00007ffb096f0000 - 0x00007ffb0971e000 	C:\WINDOWS\System32\IMM32.DLL
0x0000000073850000 - 0x0000000073922000 	C:\Program Files\Android\Android Studio\jre\jre\bin\msvcr100.dll
0x0000000073bc0000 - 0x000000007440b000 	C:\Program Files\Android\Android Studio\jre\jre\bin\server\jvm.dll
0x00007ffb0ae40000 - 0x00007ffb0ae48000 	C:\WINDOWS\System32\PSAPI.DLL
0x00007ffb04290000 - 0x00007ffb04299000 	C:\WINDOWS\SYSTEM32\WSOCK32.dll
0x00007ffb09230000 - 0x00007ffb0929f000 	C:\WINDOWS\System32\WS2_32.dll
0x00007ffb06020000 - 0x00007ffb06044000 	C:\WINDOWS\SYSTEM32\WINMM.dll
0x00007ffaf9c90000 - 0x00007ffaf9c9a000 	C:\WINDOWS\SYSTEM32\VERSION.dll
0x00007ffb05ff0000 - 0x00007ffb0601d000 	C:\WINDOWS\SYSTEM32\WINMMBASE.dll
0x00007ffb08d50000 - 0x00007ffb08d9a000 	C:\WINDOWS\System32\cfgmgr32.dll
0x00007ffb03fb0000 - 0x00007ffb03fbf000 	C:\Program Files\Android\Android Studio\jre\jre\bin\verify.dll
0x00007ffaf4130000 - 0x00007ffaf4159000 	C:\Program Files\Android\Android Studio\jre\jre\bin\java.dll
0x00007ffafdb50000 - 0x00007ffafdb66000 	C:\Program Files\Android\Android Studio\jre\jre\bin\zip.dll
0x00007ffb0a270000 - 0x00007ffb0a957000 	C:\WINDOWS\System32\SHELL32.dll
0x00007ffb0a050000 - 0x00007ffb0a0f9000 	C:\WINDOWS\System32\shcore.dll
0x00007ffb085d0000 - 0x00007ffb08d50000 	C:\WINDOWS\System32\windows.storage.dll
0x00007ffb07f80000 - 0x00007ffb07fa3000 	C:\WINDOWS\System32\profapi.dll
0x00007ffb07f30000 - 0x00007ffb07f7a000 	C:\WINDOWS\System32\powrprof.dll
0x00007ffb07f20000 - 0x00007ffb07f30000 	C:\WINDOWS\System32\UMPDC.dll
0x00007ffb09800000 - 0x00007ffb09852000 	C:\WINDOWS\System32\shlwapi.dll
0x00007ffb07fb0000 - 0x00007ffb07fc1000 	C:\WINDOWS\System32\kernel.appcore.dll
0x00007ffb090f0000 - 0x00007ffb09107000 	C:\WINDOWS\System32\cryptsp.dll
0x00007ffaf4100000 - 0x00007ffaf411a000 	C:\Program Files\Android\Android Studio\jre\jre\bin\net.dll
0x00007ffb07770000 - 0x00007ffb077d7000 	C:\WINDOWS\system32\mswsock.dll
0x00007ffaf3fa0000 - 0x00007ffaf3fb3000 	C:\Program Files\Android\Android Studio\jre\jre\bin\nio.dll
0x00007ffaf3fd0000 - 0x00007ffaf3ff7000 	C:\Users\David Adeyinka\.gradle\native\9f2fa17c089eee584f3420100432f77ec4c098959e4bf121a4d6054c26537dfb\windows-amd64\native-platform.dll
0x00007ffb03f20000 - 0x00007ffb03f2d000 	C:\Program Files\Android\Android Studio\jre\jre\bin\management.dll
0x00007ffb07280000 - 0x00007ffb072b3000 	C:\WINDOWS\system32\rsaenh.dll
0x00007ffb084a0000 - 0x00007ffb084c6000 	C:\WINDOWS\System32\bcrypt.dll
0x00007ffb07e00000 - 0x00007ffb07e25000 	C:\WINDOWS\SYSTEM32\USERENV.dll
0x00007ffb07940000 - 0x00007ffb0794c000 	C:\WINDOWS\SYSTEM32\CRYPTBASE.dll
0x00007ffb07480000 - 0x00007ffb074ba000 	C:\WINDOWS\SYSTEM32\IPHLPAPI.DLL
0x00007ffb0afb0000 - 0x00007ffb0afb8000 	C:\WINDOWS\System32\NSI.dll
0x00007ffafc260000 - 0x00007ffafc276000 	C:\WINDOWS\SYSTEM32\dhcpcsvc6.DLL
0x00007ffafc240000 - 0x00007ffafc25c000 	C:\WINDOWS\SYSTEM32\dhcpcsvc.DLL
0x00007ffb074c0000 - 0x00007ffb0758b000 	C:\WINDOWS\SYSTEM32\DNSAPI.dll
0x00007ffafc2f0000 - 0x00007ffafc2fb000 	C:\WINDOWS\SYSTEM32\WINNSI.DLL
0x00007ffadb240000 - 0x00007ffadb3d6000 	C:\Users\David Adeyinka\.gradle\native\9f2fa17c089eee584f3420100432f77ec4c098959e4bf121a4d6054c26537dfb\windows-amd64\native-platform-file-events.dll

VM Arguments:
jvm_args: -Xmx2048m -Dfile.encoding=UTF-8 -Duser.country=GB -Duser.language=en -Duser.variant 
java_command: org.gradle.launcher.daemon.bootstrap.GradleDaemon 6.6.1
java_class_path (initial): C:\Gradle\gradle-6.6.1\lib\gradle-launcher-6.6.1.jar
Launcher Type: SUN_STANDARD

Environment Variables:
PATH=C:\Program Files (x86)\Common Files\Oracle\Java\javapath;C:\WINDOWS\system32;C:\WINDOWS;C:\WINDOWS\System32\Wbem;C:\WINDOWS\System32\WindowsPowerShell\v1.0\;C:\WINDOWS\System32\OpenSSH\;C:\Program Files (x86)\Git\cmd;C:\Program Files\nodejs\;c:\Program Files (x86)\Microsoft SQL Server\100\Tools\Binn\;c:\Program Files\Microsoft SQL Server\100\Tools\Binn\;c:\Program Files\Microsoft SQL Server\100\DTS\Binn\;C:\Go\bin;C:\Program Files\Microsoft VS Code\bin;C:\Users\David Adeyinka\AppData\Local\Programs\Python\Python37-32\Scripts\;C:\Users\David Adeyinka\AppData\Local\Programs\Python\Python37-32\;C:\Users\David Adeyinka\AppData\Local\Microsoft\WindowsApps;;C:\Program Files\JetBrains\IntelliJ IDEA Community Edition 2019.1.3\bin;;C:\Program Files\Microsoft VS Code\bin;C:\Users\David Adeyinka\AppData\Roaming\npm;C:\Users\David Adeyinka\go\bin
USERNAME=David Adeyinka
OS=Windows_NT
PROCESSOR_IDENTIFIER=Intel64 Family 6 Model 61 Stepping 4, GenuineIntel



---------------  S Y S T E M  ---------------

OS: Windows 10.0 , 64 bit Build 18362 (10.0.18362.1082)

CPU:total 4 (initial active 4) (2 cores per cpu, 2 threads per core) family 6 model 61 stepping 4, cmov, cx8, fxsr, mmx, sse, sse2, sse3, ssse3, sse4.1, sse4.2, popcnt, avx, avx2, aes, clmul, erms, 3dnowpref, lzcnt, ht, tsc, tscinvbit, bmi1, bmi2, adx

Memory: 4k page, physical 8277100k(1594668k free), swap 8277100k(5484k free)

vm_info: OpenJDK 64-Bit Server VM (25.242-b01) for windows-amd64 JRE (1.8.0_242-release-1644-b01), built by "builder" with MS VC++ 10.0 (VS2010)

time: Fri Jan 22 18:41:21 2021
timezone: W. Central Africa Standard Time
elapsed time: 18 seconds (0d 0h 0m 18s)

