#
# There is insufficient memory for the Java Runtime Environment to continue.
# Native memory allocation (malloc) failed to allocate 32744 bytes for ChunkPool::allocate
# Possible reasons:
#   The system is out of physical RAM or swap space
#   The process is running with CompressedOops enabled, and the Java Heap may be blocking the growth of the native heap
# Possible solutions:
#   Reduce memory load on the system
#   Increase physical memory or swap space
#   Check if swap backing store is full
#   Decrease Java heap size (-Xmx/-Xms)
#   Decrease number of Java threads
#   Decrease Java thread stack sizes (-Xss)
#   Set larger code cache with -XX:ReservedCodeCacheSize=
#   JVM is running with Unscaled Compressed Oops mode in which the Java heap is
#     placed in the first 4GB address space. The Java Heap base address is the
#     maximum limit for the native heap growth. Please use -XX:HeapBaseMinAddress
#     to set the Java Heap base and to place the Java Heap above 4GB virtual address.
# This output file may be truncated or incomplete.
#
#  Out of Memory Error (allocation.cpp:272), pid=12340, tid=0x0000000000000f18
#
# JRE version: OpenJDK Runtime Environment (8.0_242-b01) (build 1.8.0_242-release-1644-b01)
# Java VM: OpenJDK 64-Bit Server VM (25.242-b01 mixed mode windows-amd64 compressed oops)
# Failed to write core dump. Minidumps are not enabled by default on client versions of Windows
#

---------------  T H R E A D  ---------------

Current thread (0x000000001ad5d800):  JavaThread "Daemon worker" [_thread_in_vm, id=3864, stack(0x000000001d3a0000,0x000000001d4a0000)]

Stack: [0x000000001d3a0000,0x000000001d4a0000]
[error occurred during error reporting (printing stack bounds), id 0xc0000005]

Native frames: (J=compiled Java code, j=interpreted, Vv=VM code, C=native code)

Java frames: (J=compiled Java code, j=interpreted, Vv=VM code)
J 868  java.lang.ClassLoader.defineClass1(Ljava/lang/String;[BIILjava/security/ProtectionDomain;Ljava/lang/String;)Ljava/lang/Class; (0 bytes) @ 0x00000000032edbdf [0x00000000032edb40+0x9f]
J 4676 C2 java.lang.ClassLoader.defineClass(Ljava/lang/String;[BIILjava/security/ProtectionDomain;)Ljava/lang/Class; (43 bytes) @ 0x0000000003e54920 [0x0000000003e53ea0+0xa80]
J 596 C1 java.net.URLClassLoader.defineClass(Ljava/lang/String;Lsun/misc/Resource;)Ljava/lang/Class; (142 bytes) @ 0x00000000031fda64 [0x00000000031fbf00+0x1b64]
J 4638 C1 java.net.URLClassLoader$1.run()Ljava/lang/Class; (63 bytes) @ 0x0000000003dc4994 [0x0000000003dc46e0+0x2b4]
J 4637 C1 java.net.URLClassLoader$1.run()Ljava/lang/Object; (5 bytes) @ 0x0000000003dc50bc [0x0000000003dc5040+0x7c]
v  ~StubRoutines::call_stub
J 439  java.security.AccessController.doPrivileged(Ljava/security/PrivilegedExceptionAction;Ljava/security/AccessControlContext;)Ljava/lang/Object; (0 bytes) @ 0x0000000003186426 [0x00000000031863c0+0x66]
J 1518 C2 java.net.URLClassLoader.findClass(Ljava/lang/String;)Ljava/lang/Class; (47 bytes) @ 0x00000000032ed670 [0x00000000032ed5e0+0x90]
J 3045 C2 java.lang.ClassLoader.loadClass(Ljava/lang/String;Z)Ljava/lang/Class; (122 bytes) @ 0x0000000003a39ce4 [0x0000000003a39940+0x3a4]
J 2309 C2 java.lang.ClassLoader.loadClass(Ljava/lang/String;)Ljava/lang/Class; (7 bytes) @ 0x00000000031744c0 [0x0000000003174480+0x40]
v  ~StubRoutines::call_stub
j  com.google.wireless.android.sdk.stats.GradleBuildVariant.toBuilder()Lcom/google/wireless/android/sdk/stats/GradleBuildVariant$Builder;+7
j  com.google.wireless.android.sdk.stats.GradleBuildVariant.newBuilder()Lcom/google/wireless/android/sdk/stats/GradleBuildVariant$Builder;+3
j  com.android.builder.profile.ProcessProfileWriter.addVariant(Ljava/lang/String;Ljava/lang/String;)Lcom/google/wireless/android/sdk/stats/GradleBuildVariant$Builder;+34
j  com.android.builder.profile.ProcessProfileWriter.getOrCreateVariant(Ljava/lang/String;Ljava/lang/String;)Lcom/google/wireless/android/sdk/stats/GradleBuildVariant$Builder;+5
j  com.android.build.gradle.internal.VariantManager.createVariantsFromCombination(Lcom/android/build/gradle/internal/variant/DimensionCombination;Lcom/android/build/gradle/internal/BuildTypeData;)V+353
j  com.android.build.gradle.internal.VariantManager.computeVariants()V+74
j  com.android.build.gradle.internal.VariantManager.createVariants()V+27
j  com.android.build.gradle.internal.plugins.BasePlugin.createAndroidTasks()V+333
j  com.android.build.gradle.internal.plugins.BasePlugin$$Lambda$380.call()V+4
j  com.android.builder.profile.ThreadRecorder.record(Lcom/google/wireless/android/sdk/stats/GradleBuildProfileSpan$ExecutionType;Ljava/lang/String;Ljava/lang/String;Lcom/android/builder/profile/Recorder$VoidBlock;)V+17
j  com.android.build.gradle.internal.plugins.BasePlugin.lambda$createTasks$10(Lorg/gradle/api/Project;)V+33
j  com.android.build.gradle.internal.plugins.BasePlugin$$Lambda$357.accept(Ljava/lang/Object;)V+8
j  com.android.build.gradle.internal.crash.CrashReporting$afterEvaluate$1.execute(Lorg/gradle/api/Project;)V+12
j  com.android.build.gradle.internal.crash.CrashReporting$afterEvaluate$1.execute(Ljava/lang/Object;)V+5
J 5195 C1 org.gradle.configuration.internal.DefaultUserCodeApplicationContext$CurrentApplication$1.execute(Ljava/lang/Object;)V (79 bytes) @ 0x00000000040148c4 [0x00000000040142c0+0x604]
j  org.gradle.configuration.internal.DefaultListenerBuildOperationDecorator$BuildOperationEmittingAction$1.run(Lorg/gradle/internal/operations/BuildOperationContext;)V+11
J 4735 C1 org.gradle.internal.operations.DefaultBuildOperationExecutor$RunnableBuildOperationWorker.execute(Lorg/gradle/internal/operations/BuildOperation;Lorg/gradle/internal/operations/BuildOperationContext;)V (10 bytes) @ 0x0000000003e6e324 [0x0000000003e6e0c0+0x264]
J 4930 C1 org.gradle.internal.operations.DefaultBuildOperationExecutor$1.execute(Lorg/gradle/internal/operations/BuildOperationDescriptor;Lorg/gradle/internal/operations/DefaultBuildOperationExecutor$DefaultBuildOperationContext;Lorg/gradle/internal/operations/DefaultBuildOperationExecutor$BuildOperationExecutionListener;)Lorg/gradle/internal/operations/BuildOperation; (82 bytes) @ 0x0000000003f0a404 [0x0000000003f0a280+0x184]
J 4946 C1 org.gradle.internal.operations.DefaultBuildOperationExecutor.execute(Lorg/gradle/internal/operations/BuildOperationDescriptor$Builder;Lorg/gradle/internal/operations/DefaultBuildOperationExecutor$BuildOperationState;Lorg/gradle/internal/operations/DefaultBuildOperationExecutor$BuildOperationExecution;)Lorg/gradle/internal/operations/BuildOperation; (111 bytes) @ 0x0000000003f1eaec [0x0000000003f1db80+0xf6c]
J 5171 C1 org.gradle.internal.operations.DefaultBuildOperationExecutor.run(Lorg/gradle/internal/operations/RunnableBuildOperation;)V (28 bytes) @ 0x0000000003fe8f3c [0x0000000003fe8940+0x5fc]
j  org.gradle.configuration.internal.DefaultListenerBuildOperationDecorator$BuildOperationEmittingAction.execute(Ljava/lang/Object;)V+24
j  org.gradle.internal.event.BroadcastDispatch$ActionInvocationHandler.dispatch(Lorg/gradle/internal/dispatch/MethodInvocation;)V+27
j  org.gradle.internal.event.BroadcastDispatch$ActionInvocationHandler.dispatch(Ljava/lang/Object;)V+5
j  org.gradle.internal.event.AbstractBroadcastDispatch.dispatch(Lorg/gradle/internal/dispatch/MethodInvocation;Lorg/gradle/internal/dispatch/Dispatch;)V+2
J 2777 C1 org.gradle.internal.event.BroadcastDispatch$SingletonDispatch.dispatch(Ljava/lang/Object;)V (9 bytes) @ 0x00000000038e8834 [0x00000000038e8600+0x234]
J 2767 C1 org.gradle.internal.event.AbstractBroadcastDispatch.dispatch(Lorg/gradle/internal/dispatch/MethodInvocation;Ljava/util/Iterator;)V (191 bytes) @ 0x00000000038e3b24 [0x00000000038e3760+0x3c4]
j  org.gradle.internal.event.BroadcastDispatch$CompositeDispatch.dispatch(Lorg/gradle/internal/dispatch/MethodInvocation;)V+11
j  org.gradle.internal.event.BroadcastDispatch$CompositeDispatch.dispatch(Ljava/lang/Object;)V+5
j  org.gradle.internal.event.ListenerBroadcast.dispatch(Lorg/gradle/internal/dispatch/MethodInvocation;)V+5
j  org.gradle.internal.event.ListenerBroadcast.dispatch(Ljava/lang/Object;)V+5
J 4277 C1 org.gradle.internal.dispatch.ProxyDispatchAdapter$DispatchingInvocationHandler.invoke(Ljava/lang/Object;Ljava/lang/reflect/Method;[Ljava/lang/Object;)Ljava/lang/Object; (184 bytes) @ 0x0000000003cb2d14 [0x0000000003cb1a00+0x1314]
j  com.sun.proxy.$Proxy43.afterEvaluate(Lorg/gradle/api/Project;Lorg/gradle/api/ProjectState;)V+20
j  org.gradle.configuration.project.LifecycleProjectEvaluator$NotifyAfterEvaluate$1.execute(Lorg/gradle/api/ProjectEvaluationListener;)V+15
j  org.gradle.configuration.project.LifecycleProjectEvaluator$NotifyAfterEvaluate$1.execute(Ljava/lang/Object;)V+5
j  org.gradle.api.internal.project.DefaultProject.stepEvaluationListener(Lorg/gradle/api/ProjectEvaluationListener;Lorg/gradle/api/Action;)Lorg/gradle/api/ProjectEvaluationListener;+19
j  org.gradle.configuration.project.LifecycleProjectEvaluator$NotifyAfterEvaluate.run(Lorg/gradle/internal/operations/BuildOperationContext;)V+25
J 4735 C1 org.gradle.internal.operations.DefaultBuildOperationExecutor$RunnableBuildOperationWorker.execute(Lorg/gradle/internal/operations/BuildOperation;Lorg/gradle/internal/operations/BuildOperationContext;)V (10 bytes) @ 0x0000000003e6e324 [0x0000000003e6e0c0+0x264]
J 4930 C1 org.gradle.internal.operations.DefaultBuildOperationExecutor$1.execute(Lorg/gradle/internal/operations/BuildOperationDescriptor;Lorg/gradle/internal/operations/DefaultBuildOperationExecutor$DefaultBuildOperationContext;Lorg/gradle/internal/operations/DefaultBuildOperationExecutor$BuildOperationExecutionListener;)Lorg/gradle/internal/operations/BuildOperation; (82 bytes) @ 0x0000000003f0a404 [0x0000000003f0a280+0x184]
J 4946 C1 org.gradle.internal.operations.DefaultBuildOperationExecutor.execute(Lorg/gradle/internal/operations/BuildOperationDescriptor$Builder;Lorg/gradle/internal/operations/DefaultBuildOperationExecutor$BuildOperationState;Lorg/gradle/internal/operations/DefaultBuildOperationExecutor$BuildOperationExecution;)Lorg/gradle/internal/operations/BuildOperation; (111 bytes) @ 0x0000000003f1eaec [0x0000000003f1db80+0xf6c]
J 5171 C1 org.gradle.internal.operations.DefaultBuildOperationExecutor.run(Lorg/gradle/internal/operations/RunnableBuildOperation;)V (28 bytes) @ 0x0000000003fe8f3c [0x0000000003fe8940+0x5fc]
j  org.gradle.internal.operations.DelegatingBuildOperationExecutor.run(Lorg/gradle/internal/operations/RunnableBuildOperation;)V+5
j  org.gradle.configuration.project.LifecycleProjectEvaluator$EvaluateProject$1.run()V+141
j  org.gradle.internal.Factories$1.create()Ljava/lang/Object;+4
j  org.gradle.internal.work.DefaultWorkerLeaseService.withLocks(Ljava/lang/Iterable;Lorg/gradle/internal/Factory;)Ljava/lang/Object;+26
j  org.gradle.internal.work.StopShieldingWorkerLeaseService.withLocks(Ljava/lang/Iterable;Lorg/gradle/internal/Factory;)Ljava/lang/Object;+6
j  org.gradle.api.internal.project.DefaultProjectStateRegistry$ProjectStateImpl.withProjectLock(Lorg/gradle/internal/resources/ResourceLock;Lorg/gradle/internal/Factory;)Ljava/lang/Object;+12
j  org.gradle.api.internal.project.DefaultProjectStateRegistry$ProjectStateImpl.withMutableState(Lorg/gradle/internal/Factory;)Ljava/lang/Object;+134
j  org.gradle.api.internal.project.DefaultProjectStateRegistry$ProjectStateImpl.withMutableState(Ljava/lang/Runnable;)V+5
j  org.gradle.configuration.project.LifecycleProjectEvaluator$EvaluateProject.run(Lorg/gradle/internal/operations/BuildOperationContext;)V+18
j  org.gradle.internal.operations.DefaultBuildOperationExecutor$RunnableBuildOperationWorker.execute(Lorg/gradle/internal/operations/RunnableBuildOperation;Lorg/gradle/internal/operations/BuildOperationContext;)V+2
j  org.gradle.internal.operations.DefaultBuildOperationExecutor$RunnableBuildOperationWorker.execute(Lorg/gradle/internal/operations/BuildOperation;Lorg/gradle/internal/operations/BuildOperationContext;)V+6
j  org.gradle.internal.operations.DefaultBuildOperationExecutor$1.execute(Lorg/gradle/internal/operations/BuildOperationDescriptor;Lorg/gradle/internal/operations/DefaultBuildOperationExecutor$DefaultBuildOperationContext;Lorg/gradle/internal/operations/DefaultBuildOperationExecutor$BuildOperationExecutionListener;)Lorg/gradle/internal/operations/BuildOperation;+18
j  org.gradle.internal.operations.DefaultBuildOperationExecutor.execute(Lorg/gradle/internal/operations/BuildOperationDescriptor$Builder;Lorg/gradle/internal/operations/DefaultBuildOperationExecutor$BuildOperationState;Lorg/gradle/internal/operations/DefaultBuildOperationExecutor$BuildOperationExecution;)Lorg/gradle/internal/operations/BuildOperation;+105
j  org.gradle.internal.operations.DefaultBuildOperationExecutor.execute(Lorg/gradle/internal/operations/BuildOperation;Lorg/gradle/internal/operations/BuildOperationWorker;Lorg/gradle/internal/operations/DefaultBuildOperationExecutor$BuildOperationState;)V+22
j  org.gradle.internal.operations.DefaultBuildOperationExecutor.run(Lorg/gradle/internal/operations/RunnableBuildOperation;)V+10
j  org.gradle.internal.operations.DelegatingBuildOperationExecutor.run(Lorg/gradle/internal/operations/RunnableBuildOperation;)V+5
j  org.gradle.configuration.project.LifecycleProjectEvaluator.evaluate(Lorg/gradle/api/internal/project/ProjectInternal;Lorg/gradle/api/internal/project/ProjectStateInternal;)V+22
j  org.gradle.api.internal.project.DefaultProject.evaluate()Lorg/gradle/api/internal/project/DefaultProject;+9
j  org.gradle.api.internal.project.DefaultProject.evaluate()Lorg/gradle/api/Project;+1
j  org.gradle.execution.TaskPathProjectEvaluator.configure(Lorg/gradle/api/internal/project/ProjectInternal;)V+21
j  org.gradle.execution.TaskPathProjectEvaluator.configureHierarchy(Lorg/gradle/api/internal/project/ProjectInternal;)V+41
j  org.gradle.configuration.DefaultProjectsPreparer.prepareProjects(Lorg/gradle/api/internal/GradleInternal;)V+79
j  org.gradle.configuration.BuildOperatingFiringProjectsPreparer$ConfigureBuild.run(Lorg/gradle/internal/operations/BuildOperationContext;)V+11
j  org.gradle.internal.operations.DefaultBuildOperationExecutor$RunnableBuildOperationWorker.execute(Lorg/gradle/internal/operations/RunnableBuildOperation;Lorg/gradle/internal/operations/BuildOperationContext;)V+2
j  org.gradle.internal.operations.DefaultBuildOperationExecutor$RunnableBuildOperationWorker.execute(Lorg/gradle/internal/operations/BuildOperation;Lorg/gradle/internal/operations/BuildOperationContext;)V+6
j  org.gradle.internal.operations.DefaultBuildOperationExecutor$1.execute(Lorg/gradle/internal/operations/BuildOperationDescriptor;Lorg/gradle/internal/operations/DefaultBuildOperationExecutor$DefaultBuildOperationContext;Lorg/gradle/internal/operations/DefaultBuildOperationExecutor$BuildOperationExecutionListener;)Lorg/gradle/internal/operations/BuildOperation;+18
j  org.gradle.internal.operations.DefaultBuildOperationExecutor.execute(Lorg/gradle/internal/operations/BuildOperationDescriptor$Builder;Lorg/gradle/internal/operations/DefaultBuildOperationExecutor$BuildOperationState;Lorg/gradle/internal/operations/DefaultBuildOperationExecutor$BuildOperationExecution;)Lorg/gradle/internal/operations/BuildOperation;+105
j  org.gradle.internal.operations.DefaultBuildOperationExecutor.execute(Lorg/gradle/internal/operations/BuildOperation;Lorg/gradle/internal/operations/BuildOperationWorker;Lorg/gradle/internal/operations/DefaultBuildOperationExecutor$BuildOperationState;)V+22
j  org.gradle.internal.operations.DefaultBuildOperationExecutor.run(Lorg/gradle/internal/operations/RunnableBuildOperation;)V+10
j  org.gradle.internal.operations.DelegatingBuildOperationExecutor.run(Lorg/gradle/internal/operations/RunnableBuildOperation;)V+5
j  org.gradle.configuration.BuildOperatingFiringProjectsPreparer.prepareProjects(Lorg/gradle/api/internal/GradleInternal;)V+13
j  org.gradle.initialization.DefaultGradleLauncher.prepareProjects()V+40
j  org.gradle.initialization.DefaultGradleLauncher.doClassicBuildStages(Lorg/gradle/initialization/DefaultGradleLauncher$Stage;)V+29
j  org.gradle.initialization.DefaultGradleLauncher.doBuildStages(Lorg/gradle/initialization/DefaultGradleLauncher$Stage;)V+80
j  org.gradle.initialization.DefaultGradleLauncher.executeTasks()Lorg/gradle/api/internal/GradleInternal;+4
j  org.gradle.internal.invocation.GradleBuildController$$Lambda$78.execute(Ljava/lang/Object;)V+4
j  org.gradle.internal.invocation.GradleBuildController$1.create()Lorg/gradle/api/internal/GradleInternal;+21
j  org.gradle.internal.invocation.GradleBuildController$1.create()Ljava/lang/Object;+1
j  org.gradle.internal.work.DefaultWorkerLeaseService.withLocks(Ljava/lang/Iterable;Lorg/gradle/internal/Factory;)Ljava/lang/Object;+26
j  org.gradle.internal.work.StopShieldingWorkerLeaseService.withLocks(Ljava/lang/Iterable;Lorg/gradle/internal/Factory;)Ljava/lang/Object;+6
j  org.gradle.internal.invocation.GradleBuildController.doBuild(Lorg/gradle/api/Action;)Lorg/gradle/api/internal/GradleInternal;+25
j  org.gradle.internal.invocation.GradleBuildController.run()Lorg/gradle/api/internal/GradleInternal;+6
j  org.gradle.tooling.internal.provider.runner.ClientProvidedPhasedActionRunner.run(Lorg/gradle/internal/invocation/BuildAction;Lorg/gradle/internal/invocation/BuildController;)Lorg/gradle/internal/invocation/BuildActionRunner$Result;+92
j  org.gradle.launcher.exec.ChainingBuildActionRunner.run(Lorg/gradle/internal/invocation/BuildAction;Lorg/gradle/internal/invocation/BuildController;)Lorg/gradle/internal/invocation/BuildActionRunner$Result;+34
j  org.gradle.launcher.exec.ChainingBuildActionRunner.run(Lorg/gradle/internal/invocation/BuildAction;Lorg/gradle/internal/invocation/BuildController;)Lorg/gradle/internal/invocation/BuildActionRunner$Result;+34
j  org.gradle.launcher.exec.BuildOutcomeReportingBuildActionRunner.run(Lorg/gradle/internal/invocation/BuildAction;Lorg/gradle/internal/invocation/BuildController;)Lorg/gradle/internal/invocation/BuildActionRunner$Result;+143
j  org.gradle.tooling.internal.provider.ValidatingBuildActionRunner.run(Lorg/gradle/internal/invocation/BuildAction;Lorg/gradle/internal/invocation/BuildController;)Lorg/gradle/internal/invocation/BuildActionRunner$Result;+6
j  org.gradle.tooling.internal.provider.FileSystemWatchingBuildActionRunner.run(Lorg/gradle/internal/invocation/BuildAction;Lorg/gradle/internal/invocation/BuildController;)Lorg/gradle/internal/invocation/BuildActionRunner$Result;+77
j  org.gradle.launcher.exec.BuildCompletionNotifyingBuildActionRunner.run(Lorg/gradle/internal/invocation/BuildAction;Lorg/gradle/internal/invocation/BuildController;)Lorg/gradle/internal/invocation/BuildActionRunner$Result;+28
j  org.gradle.launcher.exec.RunAsBuildOperationBuildActionRunner$3.call(Lorg/gradle/internal/operations/BuildOperationContext;)Lorg/gradle/internal/invocation/BuildActionRunner$Result;+71
j  org.gradle.launcher.exec.RunAsBuildOperationBuildActionRunner$3.call(Lorg/gradle/internal/operations/BuildOperationContext;)Ljava/lang/Object;+2
j  org.gradle.internal.operations.DefaultBuildOperationExecutor$CallableBuildOperationWorker.execute(Lorg/gradle/internal/operations/CallableBuildOperation;Lorg/gradle/internal/operations/BuildOperationContext;)V+3
j  org.gradle.internal.operations.DefaultBuildOperationExecutor$CallableBuildOperationWorker.execute(Lorg/gradle/internal/operations/BuildOperation;Lorg/gradle/internal/operations/BuildOperationContext;)V+6
j  org.gradle.internal.operations.DefaultBuildOperationExecutor$1.execute(Lorg/gradle/internal/operations/BuildOperationDescriptor;Lorg/gradle/internal/operations/DefaultBuildOperationExecutor$DefaultBuildOperationContext;Lorg/gradle/internal/operations/DefaultBuildOperationExecutor$BuildOperationExecutionListener;)Lorg/gradle/internal/operations/BuildOperation;+18
j  org.gradle.internal.operations.DefaultBuildOperationExecutor.execute(Lorg/gradle/internal/operations/BuildOperationDescriptor$Builder;Lorg/gradle/internal/operations/DefaultBuildOperationExecutor$BuildOperationState;Lorg/gradle/internal/operations/DefaultBuildOperationExecutor$BuildOperationExecution;)Lorg/gradle/internal/operations/BuildOperation;+105
j  org.gradle.internal.operations.DefaultBuildOperationExecutor.execute(Lorg/gradle/internal/operations/BuildOperation;Lorg/gradle/internal/operations/BuildOperationWorker;Lorg/gradle/internal/operations/DefaultBuildOperationExecutor$BuildOperationState;)V+22
j  org.gradle.internal.operations.DefaultBuildOperationExecutor.call(Lorg/gradle/internal/operations/CallableBuildOperation;)Ljava/lang/Object;+16
j  org.gradle.internal.operations.DelegatingBuildOperationExecutor.call(Lorg/gradle/internal/operations/CallableBuildOperation;)Ljava/lang/Object;+5
j  org.gradle.launcher.exec.RunAsBuildOperationBuildActionRunner.run(Lorg/gradle/internal/invocation/BuildAction;Lorg/gradle/internal/invocation/BuildController;)Lorg/gradle/internal/invocation/BuildActionRunner$Result;+33
j  org.gradle.launcher.exec.InProcessBuildActionExecuter$1.transform(Lorg/gradle/internal/invocation/BuildController;)Lorg/gradle/launcher/exec/BuildActionResult;+12
j  org.gradle.launcher.exec.InProcessBuildActionExecuter$1.transform(Ljava/lang/Object;)Ljava/lang/Object;+5
j  org.gradle.composite.internal.DefaultRootBuildState.run(Lorg/gradle/api/Transformer;)Ljava/lang/Object;+43
j  org.gradle.launcher.exec.InProcessBuildActionExecuter.execute(Lorg/gradle/internal/invocation/BuildAction;Lorg/gradle/initialization/BuildRequestContext;Lorg/gradle/launcher/exec/BuildActionParameters;Lorg/gradle/internal/service/ServiceRegistry;)Lorg/gradle/launcher/exec/BuildActionResult;+82
j  org.gradle.launcher.exec.InProcessBuildActionExecuter.execute(Lorg/gradle/internal/invocation/BuildAction;Lorg/gradle/initialization/BuildRequestContext;Ljava/lang/Object;Lorg/gradle/internal/service/ServiceRegistry;)Lorg/gradle/launcher/exec/BuildActionResult;+9
j  org.gradle.launcher.exec.BuildTreeScopeBuildActionExecuter.execute(Lorg/gradle/internal/invocation/BuildAction;Lorg/gradle/initialization/BuildRequestContext;Lorg/gradle/launcher/exec/BuildActionParameters;Lorg/gradle/internal/service/ServiceRegistry;)Lorg/gradle/launcher/exec/BuildActionResult;+60
j  org.gradle.launcher.exec.BuildTreeScopeBuildActionExecuter.execute(Lorg/gradle/internal/invocation/BuildAction;Lorg/gradle/initialization/BuildRequestContext;Ljava/lang/Object;Lorg/gradle/internal/service/ServiceRegistry;)Lorg/gradle/launcher/exec/BuildActionResult;+9
j  org.gradle.tooling.internal.provider.ContinuousBuildActionExecuter.execute(Lorg/gradle/internal/invocation/BuildAction;Lorg/gradle/initialization/BuildRequestContext;Lorg/gradle/launcher/exec/BuildActionParameters;Lorg/gradle/internal/service/ServiceRegistry;)Lorg/gradle/launcher/exec/BuildActionResult;+58
j  org.gradle.tooling.internal.provider.ContinuousBuildActionExecuter.execute(Lorg/gradle/internal/invocation/BuildAction;Lorg/gradle/initialization/BuildRequestContext;Ljava/lang/Object;Lorg/gradle/internal/service/ServiceRegistry;)Lorg/gradle/launcher/exec/BuildActionResult;+9
j  org.gradle.tooling.internal.provider.SubscribableBuildActionExecuter.execute(Lorg/gradle/internal/invocation/BuildAction;Lorg/gradle/initialization/BuildRequestContext;Lorg/gradle/launcher/exec/BuildActionParameters;Lorg/gradle/internal/service/ServiceRegistry;)Lorg/gradle/launcher/exec/BuildActionResult;+41
j  org.gradle.tooling.internal.provider.SubscribableBuildActionExecuter.execute(Lorg/gradle/internal/invocation/BuildAction;Lorg/gradle/initialization/BuildRequestContext;Ljava/lang/Object;Lorg/gradle/internal/service/ServiceRegistry;)Lorg/gradle/launcher/exec/BuildActionResult;+9
j  org.gradle.tooling.internal.provider.SessionScopeBuildActionExecuter.execute(Lorg/gradle/internal/invocation/BuildAction;Lorg/gradle/initialization/BuildRequestContext;Lorg/gradle/launcher/exec/BuildActionParameters;Lorg/gradle/internal/service/ServiceRegistry;)Lorg/gradle/launcher/exec/BuildActionResult;+117
j  org.gradle.tooling.internal.provider.SessionScopeBuildActionExecuter.execute(Lorg/gradle/internal/invocation/BuildAction;Lorg/gradle/initialization/BuildRequestContext;Ljava/lang/Object;Lorg/gradle/internal/service/ServiceRegistry;)Lorg/gradle/launcher/exec/BuildActionResult;+9
j  org.gradle.tooling.internal.provider.GradleThreadBuildActionExecuter.execute(Lorg/gradle/internal/invocation/BuildAction;Lorg/gradle/initialization/BuildRequestContext;Lorg/gradle/launcher/exec/BuildActionParameters;Lorg/gradle/internal/service/ServiceRegistry;)Lorg/gradle/launcher/exec/BuildActionResult;+12
j  org.gradle.tooling.internal.provider.GradleThreadBuildActionExecuter.execute(Lorg/gradle/internal/invocation/BuildAction;Lorg/gradle/initialization/BuildRequestContext;Ljava/lang/Object;Lorg/gradle/internal/service/ServiceRegistry;)Lorg/gradle/launcher/exec/BuildActionResult;+9
j  org.gradle.tooling.internal.provider.StartParamsValidatingActionExecuter.execute(Lorg/gradle/internal/invocation/BuildAction;Lorg/gradle/initialization/BuildRequestContext;Lorg/gradle/launcher/exec/BuildActionParameters;Lorg/gradle/internal/service/ServiceRegistry;)Lorg/gradle/launcher/exec/BuildActionResult;+177
j  org.gradle.tooling.internal.provider.StartParamsValidatingActionExecuter.execute(Lorg/gradle/internal/invocation/BuildAction;Lorg/gradle/initialization/BuildRequestContext;Ljava/lang/Object;Lorg/gradle/internal/service/ServiceRegistry;)Lorg/gradle/launcher/exec/BuildActionResult;+9
j  org.gradle.tooling.internal.provider.SessionFailureReportingActionExecuter.execute(Lorg/gradle/internal/invocation/BuildAction;Lorg/gradle/initialization/BuildRequestContext;Lorg/gradle/launcher/exec/BuildActionParameters;Lorg/gradle/internal/service/ServiceRegistry;)Lorg/gradle/launcher/exec/BuildActionResult;+9
j  org.gradle.tooling.internal.provider.SessionFailureReportingActionExecuter.execute(Lorg/gradle/internal/invocation/BuildAction;Lorg/gradle/initialization/BuildRequestContext;Ljava/lang/Object;Lorg/gradle/internal/service/ServiceRegistry;)Lorg/gradle/launcher/exec/BuildActionResult;+9
j  org.gradle.tooling.internal.provider.SetupLoggingActionExecuter.execute(Lorg/gradle/internal/invocation/BuildAction;Lorg/gradle/initialization/BuildRequestContext;Lorg/gradle/launcher/exec/BuildActionParameters;Lorg/gradle/internal/service/ServiceRegistry;)Lorg/gradle/launcher/exec/BuildActionResult;+52
j  org.gradle.tooling.internal.provider.SetupLoggingActionExecuter.execute(Lorg/gradle/internal/invocation/BuildAction;Lorg/gradle/initialization/BuildRequestContext;Ljava/lang/Object;Lorg/gradle/internal/service/ServiceRegistry;)Lorg/gradle/launcher/exec/BuildActionResult;+9
j  org.gradle.launcher.daemon.server.exec.ExecuteBuild.doBuild(Lorg/gradle/launcher/daemon/server/api/DaemonCommandExecution;Lorg/gradle/launcher/daemon/protocol/Build;)V+118
j  org.gradle.launcher.daemon.server.exec.BuildCommandOnly.execute(Lorg/gradle/launcher/daemon/server/api/DaemonCommandExecution;)V+49
j  org.gradle.launcher.daemon.server.api.DaemonCommandExecution.proceed()Z+23
j  org.gradle.launcher.daemon.server.exec.WatchForDisconnection.execute(Lorg/gradle/launcher/daemon/server/api/DaemonCommandExecution;)V+19
j  org.gradle.launcher.daemon.server.api.DaemonCommandExecution.proceed()Z+23
j  org.gradle.launcher.daemon.server.exec.ResetDeprecationLogger.execute(Lorg/gradle/launcher/daemon/server/api/DaemonCommandExecution;)V+7
j  org.gradle.launcher.daemon.server.api.DaemonCommandExecution.proceed()Z+23
j  org.gradle.launcher.daemon.server.exec.RequestStopIfSingleUsedDaemon.execute(Lorg/gradle/launcher/daemon/server/api/DaemonCommandExecution;)V+33
j  org.gradle.launcher.daemon.server.api.DaemonCommandExecution.proceed()Z+23
j  org.gradle.launcher.daemon.server.exec.ForwardClientInput$2.create()Ljava/lang/Void;+4
j  org.gradle.launcher.daemon.server.exec.ForwardClientInput$2.create()Ljava/lang/Object;+1
j  org.gradle.util.Swapper.swap(Ljava/lang/Object;Lorg/gradle/internal/Factory;)Ljava/lang/Object;+21
j  org.gradle.launcher.daemon.server.exec.ForwardClientInput.execute(Lorg/gradle/launcher/daemon/server/api/DaemonCommandExecution;)V+63
j  org.gradle.launcher.daemon.server.api.DaemonCommandExecution.proceed()Z+23
j  org.gradle.launcher.daemon.server.exec.LogAndCheckHealth.execute(Lorg/gradle/launcher/daemon/server/api/DaemonCommandExecution;)V+28
j  org.gradle.launcher.daemon.server.api.DaemonCommandExecution.proceed()Z+23
j  org.gradle.launcher.daemon.server.exec.LogToClient.doBuild(Lorg/gradle/launcher/daemon/server/api/DaemonCommandExecution;Lorg/gradle/launcher/daemon/protocol/Build;)V+87
j  org.gradle.launcher.daemon.server.exec.BuildCommandOnly.execute(Lorg/gradle/launcher/daemon/server/api/DaemonCommandExecution;)V+49
j  org.gradle.launcher.daemon.server.api.DaemonCommandExecution.proceed()Z+23
j  org.gradle.launcher.daemon.server.exec.EstablishBuildEnvironment.doBuild(Lorg/gradle/launcher/daemon/server/api/DaemonCommandExecution;Lorg/gradle/launcher/daemon/protocol/Build;)V+351
j  org.gradle.launcher.daemon.server.exec.BuildCommandOnly.execute(Lorg/gradle/launcher/daemon/server/api/DaemonCommandExecution;)V+49
j  org.gradle.launcher.daemon.server.api.DaemonCommandExecution.proceed()Z+23
j  org.gradle.launcher.daemon.server.exec.StartBuildOrRespondWithBusy$1.run()V+44
j  org.gradle.launcher.daemon.server.DaemonStateCoordinator$1.run()V+4
j  org.gradle.internal.concurrent.ExecutorPolicy$CatchAndRecordFailures.onExecute(Ljava/lang/Runnable;)V+1
j  org.gradle.internal.concurrent.ManagedExecutorImpl$1.run()V+25
j  java.util.concurrent.ThreadPoolExecutor.runWorker(Ljava/util/concurrent/ThreadPoolExecutor$Worker;)V+95
j  java.util.concurrent.ThreadPoolExecutor$Worker.run()V+5
j  org.gradle.internal.concurrent.ThreadFactoryImpl$ManagedThreadRunnable.run()V+7
j  java.lang.Thread.run()V+11
v  ~StubRoutines::call_stub

---------------  P R O C E S S  ---------------

Java Threads: ( => current thread )
  0x000000001f7f2000 JavaThread "pool-1-thread-1" [_thread_blocked, id=12360, stack(0x000000002b4d0000,0x000000002b5d0000)]
  0x000000001f7f0800 JavaThread "jar transforms Thread 114" [_thread_blocked, id=14100, stack(0x000000002b1d0000,0x000000002b2d0000)]
  0x000000001f7ef800 JavaThread "jar transforms Thread 113" [_thread_blocked, id=2168, stack(0x000000002b0d0000,0x000000002b1d0000)]
  0x000000001f7ef000 JavaThread "jar transforms Thread 112" [_thread_blocked, id=6484, stack(0x000000002afd0000,0x000000002b0d0000)]
  0x000000001f7e7800 JavaThread "jar transforms Thread 111" [_thread_blocked, id=8652, stack(0x000000002aed0000,0x000000002afd0000)]
  0x000000001f7ed800 JavaThread "jar transforms Thread 110" [_thread_blocked, id=10548, stack(0x000000002add0000,0x000000002aed0000)]
  0x000000001f7ec800 JavaThread "jar transforms Thread 109" [_thread_blocked, id=872, stack(0x000000002acd0000,0x000000002add0000)]
  0x000000001f7ee000 JavaThread "jar transforms Thread 108" [_thread_blocked, id=6736, stack(0x000000002abd0000,0x000000002acd0000)]
  0x000000001f7e5000 JavaThread "jar transforms Thread 107" [_thread_blocked, id=9084, stack(0x000000002aad0000,0x000000002abd0000)]
  0x000000001f7ec000 JavaThread "jar transforms Thread 106" [_thread_blocked, id=13856, stack(0x000000002a9d0000,0x000000002aad0000)]
  0x000000001f7eb000 JavaThread "jar transforms Thread 105" [_thread_blocked, id=8688, stack(0x000000002a8d0000,0x000000002a9d0000)]
  0x000000001f7e9000 JavaThread "jar transforms Thread 104" [_thread_blocked, id=6236, stack(0x000000002a7d0000,0x000000002a8d0000)]
  0x000000001f7e4800 JavaThread "jar transforms Thread 103" [_thread_blocked, id=1740, stack(0x000000002a6d0000,0x000000002a7d0000)]
  0x000000001f7e6800 JavaThread "jar transforms Thread 102" [_thread_blocked, id=6544, stack(0x000000002a5d0000,0x000000002a6d0000)]
  0x000000001f7e9800 JavaThread "jar transforms Thread 101" [_thread_blocked, id=11428, stack(0x000000002a4d0000,0x000000002a5d0000)]
  0x000000001f7ea800 JavaThread "jar transforms Thread 100" [_thread_blocked, id=7060, stack(0x000000002a3d0000,0x000000002a4d0000)]
  0x000000001f7e8000 JavaThread "jar transforms Thread 99" [_thread_blocked, id=6052, stack(0x000000002a2d0000,0x000000002a3d0000)]
  0x000000001f7e6000 JavaThread "jar transforms Thread 98" [_thread_blocked, id=8968, stack(0x000000002a1d0000,0x000000002a2d0000)]
  0x000000001f7e3800 JavaThread "jar transforms Thread 97" [_thread_blocked, id=7656, stack(0x000000002a0d0000,0x000000002a1d0000)]
  0x000000001f7e3000 JavaThread "jar transforms Thread 96" [_thread_blocked, id=1936, stack(0x0000000029fd0000,0x000000002a0d0000)]
  0x000000001b94c000 JavaThread "jar transforms Thread 95" [_thread_blocked, id=6812, stack(0x0000000029ed0000,0x0000000029fd0000)]
  0x000000001b94b000 JavaThread "jar transforms Thread 94" [_thread_blocked, id=1892, stack(0x0000000029dd0000,0x0000000029ed0000)]
  0x000000001b949000 JavaThread "jar transforms Thread 93" [_thread_blocked, id=2720, stack(0x0000000029cd0000,0x0000000029dd0000)]
  0x000000001b94e000 JavaThread "jar transforms Thread 92" [_thread_blocked, id=7720, stack(0x0000000029bd0000,0x0000000029cd0000)]
  0x000000001b94d800 JavaThread "jar transforms Thread 91" [_thread_blocked, id=8216, stack(0x0000000029ad0000,0x0000000029bd0000)]
  0x000000001b949800 JavaThread "jar transforms Thread 90" [_thread_blocked, id=6664, stack(0x00000000299d0000,0x0000000029ad0000)]
  0x000000001b94f000 JavaThread "jar transforms Thread 89" [_thread_blocked, id=9008, stack(0x00000000298d0000,0x00000000299d0000)]
  0x000000001b94a800 JavaThread "jar transforms Thread 88" [_thread_blocked, id=5484, stack(0x00000000297d0000,0x00000000298d0000)]
  0x000000001b94c800 JavaThread "jar transforms Thread 87" [_thread_blocked, id=13956, stack(0x00000000296d0000,0x00000000297d0000)]
  0x000000001b94f800 JavaThread "jar transforms Thread 86" [_thread_blocked, id=3704, stack(0x00000000295d0000,0x00000000296d0000)]
  0x000000001b941800 JavaThread "jar transforms Thread 85" [_thread_blocked, id=8372, stack(0x00000000294d0000,0x00000000295d0000)]
  0x000000001b948000 JavaThread "jar transforms Thread 84" [_thread_blocked, id=6288, stack(0x00000000293d0000,0x00000000294d0000)]
  0x000000001b940800 JavaThread "jar transforms Thread 83" [_thread_blocked, id=11336, stack(0x00000000292d0000,0x00000000293d0000)]
  0x000000001b945000 JavaThread "jar transforms Thread 82" [_thread_blocked, id=1940, stack(0x00000000290d0000,0x00000000291d0000)]
  0x000000001b947800 JavaThread "jar transforms Thread 81" [_thread_blocked, id=8384, stack(0x0000000028fd0000,0x00000000290d0000)]
  0x000000001b942000 JavaThread "jar transforms Thread 80" [_thread_blocked, id=2360, stack(0x0000000028ed0000,0x0000000028fd0000)]
  0x000000001b946800 JavaThread "jar transforms Thread 79" [_thread_blocked, id=10104, stack(0x0000000028dd0000,0x0000000028ed0000)]
  0x000000001b944800 JavaThread "jar transforms Thread 78" [_thread_blocked, id=6768, stack(0x0000000028cd0000,0x0000000028dd0000)]
  0x000000001b943800 JavaThread "jar transforms Thread 77" [_thread_blocked, id=8840, stack(0x0000000028bd0000,0x0000000028cd0000)]
  0x000000001b946000 JavaThread "jar transforms Thread 76" [_thread_blocked, id=10212, stack(0x0000000028ad0000,0x0000000028bd0000)]
  0x000000001b943000 JavaThread "jar transforms Thread 75" [_thread_blocked, id=11496, stack(0x00000000289d0000,0x0000000028ad0000)]
  0x000000001ee35800 JavaThread "jar transforms Thread 74" [_thread_blocked, id=9528, stack(0x00000000288d0000,0x00000000289d0000)]
  0x000000001ee35000 JavaThread "jar transforms Thread 73" [_thread_blocked, id=8944, stack(0x00000000287d0000,0x00000000288d0000)]
  0x000000001ee33800 JavaThread "jar transforms Thread 72" [_thread_blocked, id=13888, stack(0x00000000286d0000,0x00000000287d0000)]
  0x000000001ee32800 JavaThread "jar transforms Thread 71" [_thread_blocked, id=11984, stack(0x00000000285d0000,0x00000000286d0000)]
  0x000000001ee34000 JavaThread "jar transforms Thread 70" [_thread_blocked, id=9744, stack(0x00000000284d0000,0x00000000285d0000)]
  0x000000001ee31000 JavaThread "jar transforms Thread 69" [_thread_blocked, id=12652, stack(0x00000000283d0000,0x00000000284d0000)]
  0x000000001ee38000 JavaThread "jar transforms Thread 68" [_thread_blocked, id=7824, stack(0x00000000282d0000,0x00000000283d0000)]
  0x000000001ee37000 JavaThread "jar transforms Thread 67" [_thread_blocked, id=11088, stack(0x00000000281d0000,0x00000000282d0000)]
  0x000000001ee36800 JavaThread "jar transforms Thread 66" [_thread_blocked, id=5944, stack(0x00000000280d0000,0x00000000281d0000)]
  0x000000001ee32000 JavaThread "jar transforms Thread 65" [_thread_blocked, id=14144, stack(0x0000000027fd0000,0x00000000280d0000)]
  0x000000001ee29800 JavaThread "jar transforms Thread 64" [_thread_blocked, id=13744, stack(0x0000000027ed0000,0x0000000027fd0000)]
  0x000000001ee30800 JavaThread "jar transforms Thread 63" [_thread_blocked, id=9800, stack(0x0000000027dd0000,0x0000000027ed0000)]
  0x000000001ee2f800 JavaThread "jar transforms Thread 62" [_thread_blocked, id=2424, stack(0x0000000027cd0000,0x0000000027dd0000)]
  0x000000001ee2f000 JavaThread "jar transforms Thread 61" [_thread_blocked, id=9236, stack(0x0000000027bd0000,0x0000000027cd0000)]
  0x000000001ee2e000 JavaThread "jar transforms Thread 60" [_thread_blocked, id=6336, stack(0x0000000027ad0000,0x0000000027bd0000)]
  0x000000001ee2b000 JavaThread "jar transforms Thread 59" [_thread_blocked, id=2560, stack(0x00000000279d0000,0x0000000027ad0000)]
  0x000000001ee2d800 JavaThread "jar transforms Thread 58" [_thread_blocked, id=11700, stack(0x00000000278d0000,0x00000000279d0000)]
  0x000000001ee2c000 JavaThread "jar transforms Thread 57" [_thread_blocked, id=8544, stack(0x00000000277d0000,0x00000000278d0000)]
  0x000000001ee28800 JavaThread "jar transforms Thread 56" [_thread_blocked, id=13380, stack(0x00000000276d0000,0x00000000277d0000)]
  0x000000001ee2a000 JavaThread "jar transforms Thread 55" [_thread_blocked, id=7296, stack(0x00000000275d0000,0x00000000276d0000)]
  0x000000001ee2c800 JavaThread "jar transforms Thread 54" [_thread_blocked, id=4272, stack(0x00000000274d0000,0x00000000275d0000)]
  0x000000001ae98800 JavaThread "jar transforms Thread 53" [_thread_blocked, id=9740, stack(0x00000000273d0000,0x00000000274d0000)]
  0x000000001ae98000 JavaThread "jar transforms Thread 52" [_thread_blocked, id=2440, stack(0x00000000272d0000,0x00000000273d0000)]
  0x000000001ae90800 JavaThread "jar transforms Thread 51" [_thread_blocked, id=9896, stack(0x00000000271d0000,0x00000000272d0000)]
  0x000000001ae96800 JavaThread "jar transforms Thread 50" [_thread_blocked, id=6944, stack(0x00000000270d0000,0x00000000271d0000)]
  0x000000001ae97000 JavaThread "jar transforms Thread 49" [_thread_blocked, id=9824, stack(0x0000000026fd0000,0x00000000270d0000)]
  0x000000001ae95800 JavaThread "jar transforms Thread 48" [_thread_blocked, id=4612, stack(0x0000000026ed0000,0x0000000026fd0000)]
  0x000000001ae94000 JavaThread "jar transforms Thread 47" [_thread_blocked, id=11996, stack(0x0000000026dd0000,0x0000000026ed0000)]
  0x000000001ae91000 JavaThread "jar transforms Thread 46" [_thread_blocked, id=7348, stack(0x0000000026cd0000,0x0000000026dd0000)]
  0x000000001ae93800 JavaThread "jar transforms Thread 45" [_thread_blocked, id=1384, stack(0x0000000026bd0000,0x0000000026cd0000)]
  0x000000001ae92800 JavaThread "jar transforms Thread 44" [_thread_blocked, id=2368, stack(0x0000000026ad0000,0x0000000026bd0000)]
  0x000000001ae92000 JavaThread "jar transforms Thread 43" [_thread_blocked, id=5504, stack(0x00000000269d0000,0x0000000026ad0000)]
  0x000000001ae95000 JavaThread "jar transforms Thread 42" [_thread_blocked, id=10280, stack(0x00000000268d0000,0x00000000269d0000)]
  0x000000001ae89800 JavaThread "jar transforms Thread 41" [_thread_blocked, id=13884, stack(0x00000000267d0000,0x00000000268d0000)]
  0x000000001ae8e000 JavaThread "jar transforms Thread 40" [_thread_blocked, id=6392, stack(0x00000000266d0000,0x00000000267d0000)]
  0x000000001ae8d800 JavaThread "jar transforms Thread 39" [_thread_blocked, id=11840, stack(0x00000000265d0000,0x00000000266d0000)]
  0x000000001ae8b000 JavaThread "jar transforms Thread 38" [_thread_blocked, id=7336, stack(0x00000000264d0000,0x00000000265d0000)]
  0x000000001ae8a800 JavaThread "jar transforms Thread 37" [_thread_blocked, id=11820, stack(0x00000000263d0000,0x00000000264d0000)]
  0x000000001ae8f800 JavaThread "jar transforms Thread 36" [_thread_blocked, id=9804, stack(0x00000000262d0000,0x00000000263d0000)]
  0x000000001ae8c800 JavaThread "jar transforms Thread 35" [_thread_blocked, id=13216, stack(0x00000000261d0000,0x00000000262d0000)]
  0x000000001ae8c000 JavaThread "jar transforms Thread 34" [_thread_blocked, id=9856, stack(0x00000000260d0000,0x00000000261d0000)]
  0x000000001ae8f000 JavaThread "jar transforms Thread 33" [_thread_blocked, id=9368, stack(0x0000000025fd0000,0x00000000260d0000)]
  0x000000001e4c5800 JavaThread "jar transforms Thread 32" [_thread_blocked, id=7412, stack(0x0000000025ed0000,0x0000000025fd0000)]
  0x000000001e4c3800 JavaThread "jar transforms Thread 31" [_thread_blocked, id=13772, stack(0x0000000025dd0000,0x0000000025ed0000)]
  0x000000001e4c5000 JavaThread "jar transforms Thread 30" [_thread_blocked, id=12788, stack(0x0000000025cd0000,0x0000000025dd0000)]
  0x000000001e4c2000 JavaThread "jar transforms Thread 29" [_thread_blocked, id=11356, stack(0x0000000025bd0000,0x0000000025cd0000)]
  0x000000001e4c0800 JavaThread "jar transforms Thread 28" [_thread_blocked, id=13984, stack(0x0000000025ad0000,0x0000000025bd0000)]
  0x000000001e4c1000 JavaThread "jar transforms Thread 27" [_thread_blocked, id=4104, stack(0x00000000259d0000,0x0000000025ad0000)]
  0x000000001e4c6800 JavaThread "jar transforms Thread 26" [_thread_blocked, id=11024, stack(0x00000000258d0000,0x00000000259d0000)]
  0x000000001e4c2800 JavaThread "jar transforms Thread 25" [_thread_blocked, id=11160, stack(0x00000000257d0000,0x00000000258d0000)]
  0x000000001e4c4000 JavaThread "jar transforms Thread 24" [_thread_blocked, id=9832, stack(0x00000000256d0000,0x00000000257d0000)]
  0x000000001e4bf000 JavaThread "jar transforms Thread 23" [_thread_blocked, id=1364, stack(0x00000000254a0000,0x00000000255a0000)]
  0x000000001e4b9000 JavaThread "jar transforms Thread 22" [_thread_blocked, id=6952, stack(0x00000000255d0000,0x00000000256d0000)]
  0x000000001e4bb000 JavaThread "jar transforms Thread 21" [_thread_blocked, id=9928, stack(0x0000000023b50000,0x0000000023c50000)]
  0x000000001e4bf800 JavaThread "Build operations Thread 4" [_thread_blocked, id=10616, stack(0x00000000253a0000,0x00000000254a0000)]
  0x000000001e4bc000 JavaThread "Build operations Thread 3" [_thread_blocked, id=10612, stack(0x0000000024090000,0x0000000024190000)]
  0x000000001e4be000 JavaThread "Build operations Thread 2" [_thread_blocked, id=7960, stack(0x0000000023d60000,0x0000000023e60000)]
  0x000000001e4bd800 JavaThread "Build operations" [_thread_blocked, id=9772, stack(0x0000000023c60000,0x0000000023d60000)]
  0x000000001e4b8000 JavaThread "Cache worker for Build Output Cleanup Cache (C:\Users\David Adeyinka\AndroidStudioProjects\ToDoPlanner\.gradle\buildOutputCleanup)" [_thread_blocked, id=14328, stack(0x0000000023430000,0x0000000023530000)]
  0x000000001a2de000 JavaThread "Cache worker for file content cache (C:\Users\David Adeyinka\.gradle\caches\6.6.1\fileContent)" [_thread_blocked, id=9024, stack(0x0000000023330000,0x0000000023430000)]
  0x000000001a2db000 JavaThread "Cache worker for execution history cache (C:\Users\David Adeyinka\.gradle\caches\6.6.1\executionHistory)" [_thread_blocked, id=12692, stack(0x0000000022c30000,0x0000000022d30000)]
  0x000000001a2e1000 JavaThread "Cache worker for cache directory md-rule (C:\Users\David Adeyinka\.gradle\caches\6.6.1\md-rule)" [_thread_blocked, id=2836, stack(0x0000000022b30000,0x0000000022c30000)]
  0x000000001a2dc800 JavaThread "Cache worker for cache directory md-supplier (C:\Users\David Adeyinka\.gradle\caches\6.6.1\md-supplier)" [_thread_blocked, id=7360, stack(0x0000000022a30000,0x0000000022b30000)]
  0x000000001a2dd000 JavaThread "Cache worker for checksums cache (C:\Users\David Adeyinka\AndroidStudioProjects\ToDoPlanner\.gradle\checksums)" [_thread_blocked, id=1260, stack(0x0000000022930000,0x0000000022a30000)]
  0x000000001a2e0800 JavaThread "jar transforms Thread 20" [_thread_blocked, id=10644, stack(0x0000000022630000,0x0000000022730000)]
  0x000000001a2db800 JavaThread "jar transforms Thread 19" [_thread_blocked, id=7636, stack(0x0000000022530000,0x0000000022630000)]
  0x000000001a2df800 JavaThread "jar transforms Thread 18" [_thread_blocked, id=2856, stack(0x0000000022430000,0x0000000022530000)]
  0x000000001a2d2800 JavaThread "jar transforms Thread 17" [_thread_blocked, id=8668, stack(0x0000000022330000,0x0000000022430000)]
  0x000000001a2d9800 JavaThread "jar transforms Thread 16" [_thread_blocked, id=10172, stack(0x0000000022230000,0x0000000022330000)]
  0x000000001a2d8000 JavaThread "jar transforms Thread 15" [_thread_blocked, id=5844, stack(0x0000000022130000,0x0000000022230000)]
  0x000000001a2d2000 JavaThread "jar transforms Thread 14" [_thread_blocked, id=2488, stack(0x0000000022030000,0x0000000022130000)]
  0x000000001a2d8800 JavaThread "jar transforms Thread 13" [_thread_blocked, id=3768, stack(0x0000000021f30000,0x0000000022030000)]
  0x000000001a2d6800 JavaThread "jar transforms Thread 12" [_thread_blocked, id=8804, stack(0x0000000021e30000,0x0000000021f30000)]
  0x000000001a2d7000 JavaThread "jar transforms Thread 11" [_thread_blocked, id=13428, stack(0x0000000021d30000,0x0000000021e30000)]
  0x000000001a2d5800 JavaThread "jar transforms Thread 10" [_thread_blocked, id=13188, stack(0x0000000021c30000,0x0000000021d30000)]
  0x000000001a2d5000 JavaThread "jar transforms Thread 9" [_thread_blocked, id=4044, stack(0x0000000021b30000,0x0000000021c30000)]
  0x000000001a2d3800 JavaThread "jar transforms Thread 8" [_thread_blocked, id=9028, stack(0x0000000021a30000,0x0000000021b30000)]
  0x000000001a2d4000 JavaThread "jar transforms Thread 7" [_thread_blocked, id=13156, stack(0x0000000021930000,0x0000000021a30000)]
  0x0000000017bca000 JavaThread "jar transforms Thread 6" [_thread_blocked, id=12804, stack(0x0000000021830000,0x0000000021930000)]
  0x0000000017bc9000 JavaThread "jar transforms Thread 5" [_thread_blocked, id=4728, stack(0x0000000021730000,0x0000000021830000)]
  0x0000000017bc4800 JavaThread "jar transforms Thread 4" [_thread_blocked, id=7524, stack(0x0000000021490000,0x0000000021590000)]
  0x0000000017bc7000 JavaThread "jar transforms Thread 3" [_thread_blocked, id=11140, stack(0x0000000021390000,0x0000000021490000)]
  0x0000000017bc5800 JavaThread "jar transforms Thread 2" [_thread_blocked, id=8220, stack(0x0000000020240000,0x0000000020340000)]
  0x0000000017bc3000 JavaThread "jar transforms" [_thread_blocked, id=8832, stack(0x0000000020140000,0x0000000020240000)]
  0x0000000017bc8800 JavaThread "Cache worker for file hash cache (C:\Users\David Adeyinka\AndroidStudioProjects\ToDoPlanner\.gradle\6.6.1\fileHashes)" [_thread_blocked, id=12228, stack(0x0000000021630000,0x0000000021730000)]
  0x0000000017bc4000 JavaThread "Cache worker for journal cache (C:\Users\David Adeyinka\.gradle\caches\journal-1)" [_thread_blocked, id=13308, stack(0x000000001dca0000,0x000000001dda0000)]
  0x0000000017bc6000 JavaThread "File lock request listener" [_thread_in_native, id=9912, stack(0x000000001dba0000,0x000000001dca0000)]
  0x000000001ad6a000 JavaThread "Cache worker for file hash cache (C:\Users\David Adeyinka\.gradle\caches\6.6.1\fileHashes)" [_thread_blocked, id=8136, stack(0x000000001d9a0000,0x000000001daa0000)]
  0x000000001a270000 JavaThread "Thread-9" [_thread_blocked, id=5164, stack(0x000000001d6a0000,0x000000001d7a0000)]
  0x000000001ad5e000 JavaThread "Stdin handler" [_thread_blocked, id=7500, stack(0x000000001d5a0000,0x000000001d6a0000)]
  0x000000001ad6b000 JavaThread "Asynchronous log dispatcher for DefaultDaemonConnection: socket connection from /127.0.0.1:14983 to /127.0.0.1:14984" [_thread_blocked, id=8068, stack(0x000000001d4a0000,0x000000001d5a0000)]
=>0x000000001ad5d800 JavaThread "Daemon worker" [_thread_in_vm, id=3864, stack(0x000000001d3a0000,0x000000001d4a0000)]
  0x000000001ad5c800 JavaThread "Cancel handler" [_thread_blocked, id=10152, stack(0x000000001d2a0000,0x000000001d3a0000)]
  0x0000000019671000 JavaThread "Handler for socket connection from /127.0.0.1:14983 to /127.0.0.1:14984" [_thread_in_native, id=10328, stack(0x000000001d1a0000,0x000000001d2a0000)]
  0x000000001a564000 JavaThread "Daemon" [_thread_blocked, id=8432, stack(0x000000001d0a0000,0x000000001d1a0000)]
  0x000000001a88a000 JavaThread "Daemon periodic checks" [_thread_blocked, id=8640, stack(0x000000001cda0000,0x000000001cea0000)]
  0x000000001a889000 JavaThread "Incoming local TCP Connector on port 14983" [_thread_in_native, id=11048, stack(0x000000001cb60000,0x000000001cc60000)]
  0x00000000198d9800 JavaThread "Daemon health stats" [_thread_blocked, id=11092, stack(0x000000001c520000,0x000000001c620000)]
  0x0000000019548800 JavaThread "Service Thread" daemon [_thread_blocked, id=5440, stack(0x0000000019910000,0x0000000019a10000)]
  0x0000000017bc7800 JavaThread "C1 CompilerThread2" daemon [_thread_blocked, id=10040, stack(0x0000000019410000,0x0000000019510000)]
  0x0000000017bbe800 JavaThread "C2 CompilerThread1" daemon [_thread_in_native, id=10116, stack(0x0000000019310000,0x0000000019410000)]
  0x0000000017bb7000 JavaThread "C2 CompilerThread0" daemon [_thread_in_native, id=9292, stack(0x0000000019210000,0x0000000019310000)]
  0x0000000017bb5800 JavaThread "Attach Listener" daemon [_thread_blocked, id=5584, stack(0x0000000019110000,0x0000000019210000)]
  0x0000000017bb4800 JavaThread "Signal Dispatcher" daemon [_thread_blocked, id=10652, stack(0x0000000019010000,0x0000000019110000)]
  0x0000000002f8b000 JavaThread "Finalizer" daemon [_thread_blocked, id=8908, stack(0x0000000018e10000,0x0000000018f10000)]
  0x0000000017b99000 JavaThread "Reference Handler" daemon [_thread_blocked, id=12444, stack(0x0000000018d10000,0x0000000018e10000)]
  0x0000000002e8e800 JavaThread "main" [_thread_blocked, id=12176, stack(0x0000000002d00000,0x0000000002e00000)]

Other Threads:
  0x0000000017b76800 VMThread [stack: 0x0000000018c10000,0x0000000018d10000] [id=14228]
  0x000000001954a000 WatcherThread [stack: 0x0000000019a10000,0x0000000019b10000] [id=5328]

VM state:not at safepoint (normal execution)

VM Mutex/Monitor currently owned by a thread: None

heap address: 0x0000000080000000, size: 2048 MB, Compressed Oops mode: 32-bit
Narrow klass base: 0x0000000000000000, Narrow klass shift: 3
Compressed class space size: 1073741824 Address: 0x0000000100000000

Heap:
 PSYoungGen      total 162304K, used 93370K [0x00000000d5580000, 0x00000000e3780000, 0x0000000100000000)
  eden space 150528K, 54% used [0x00000000d5580000,0x00000000da534888,0x00000000de880000)
  from space 11776K, 99% used [0x00000000de880000,0x00000000df3f9ff0,0x00000000df400000)
  to   space 15872K, 0% used [0x00000000e2800000,0x00000000e2800000,0x00000000e3780000)
 ParOldGen       total 79872K, used 23055K [0x0000000080000000, 0x0000000084e00000, 0x00000000d5580000)
  object space 79872K, 28% used [0x0000000080000000,0x0000000081683ff0,0x0000000084e00000)
 Metaspace       used 55360K, capacity 57748K, committed 58112K, reserved 1099776K
  class space    used 7370K, capacity 7874K, committed 7936K, reserved 1048576K

Card table byte_map: [0x0000000012350000,0x0000000012760000] byte_map_base: 0x0000000011f50000

Marking Bits: (ParMarkBitMap*) 0x000000005106f030
 Begin Bits: [0x0000000012e10000, 0x0000000014e10000)
 End Bits:   [0x0000000014e10000, 0x0000000016e10000)

Polling page: 0x0000000000df0000

CodeCache: size=245760Kb used=17423Kb max_used=17423Kb free=228336Kb
 bounds [0x0000000002f90000, 0x00000000040a0000, 0x0000000011f90000]
 total_blobs=5785 nmethods=5020 adapters=677
 compilation: enabled

Compilation events (10 events):
Event: 33.579 Thread 0x0000000017bc7800 5341       1       com.android.build.gradle.internal.publishing.OutputSpecImpl::getArtifactType (5 bytes)
Event: 33.579 Thread 0x0000000017bc7800 nmethod 5341 0x000000000409d4d0 code [0x000000000409d620, 0x000000000409d730]
Event: 33.579 Thread 0x0000000017bc7800 5342       1       com.android.build.gradle.internal.publishing.OutputSpecImpl::getPublishedConfigTypes (5 bytes)
Event: 33.579 Thread 0x0000000017bc7800 nmethod 5342 0x000000000409d790 code [0x000000000409d8e0, 0x000000000409d9f0]
Event: 33.591 Thread 0x0000000017bc7800 5343       1       org.gradle.model.internal.asm.AsmClassGenerator::getVisitor (5 bytes)
Event: 33.591 Thread 0x0000000017bc7800 nmethod 5343 0x000000000409dc90 code [0x000000000409dde0, 0x000000000409def0]
Event: 33.591 Thread 0x0000000017bc7800 5344       1       org.gradle.model.internal.asm.AsmClassGenerator::getGeneratedType (5 bytes)
Event: 33.592 Thread 0x0000000017bc7800 nmethod 5344 0x000000000409df50 code [0x000000000409e0a0, 0x000000000409e1b0]
Event: 33.633 Thread 0x0000000017bc7800 5345       3       org.gradle.api.internal.provider.AbstractMinimalProvider::<init> (5 bytes)
Event: 33.634 Thread 0x0000000017bc7800 nmethod 5345 0x000000000409e210 code [0x000000000409e360, 0x000000000409e510]

GC Heap History (10 events):
Event: 22.237 GC heap before
{Heap before GC invocations=9 (full 1):
 PSYoungGen      total 76800K, used 74166K [0x00000000d5580000, 0x00000000dd280000, 0x0000000100000000)
  eden space 66560K, 100% used [0x00000000d5580000,0x00000000d9680000,0x00000000d9680000)
  from space 10240K, 74% used [0x00000000d9680000,0x00000000d9dedbc0,0x00000000da080000)
  to   space 10240K, 0% used [0x00000000dc880000,0x00000000dc880000,0x00000000dd280000)
 ParOldGen       total 58880K, used 8410K [0x0000000080000000, 0x0000000083980000, 0x00000000d5580000)
  object space 58880K, 14% used [0x0000000080000000,0x0000000080836ab0,0x0000000083980000)
 Metaspace       used 33143K, capacity 34388K, committed 34688K, reserved 1079296K
  class space    used 4551K, capacity 4870K, committed 4992K, reserved 1048576K
Event: 22.560 GC heap after
Heap after GC invocations=9 (full 1):
 PSYoungGen      total 116736K, used 9463K [0x00000000d5580000, 0x00000000ddd80000, 0x0000000100000000)
  eden space 106496K, 0% used [0x00000000d5580000,0x00000000d5580000,0x00000000dbd80000)
  from space 10240K, 92% used [0x00000000dc880000,0x00000000dd1bdef8,0x00000000dd280000)
  to   space 11264K, 0% used [0x00000000dbd80000,0x00000000dbd80000,0x00000000dc880000)
 ParOldGen       total 58880K, used 8418K [0x0000000080000000, 0x0000000083980000, 0x00000000d5580000)
  object space 58880K, 14% used [0x0000000080000000,0x0000000080838ab0,0x0000000083980000)
 Metaspace       used 33143K, capacity 34388K, committed 34688K, reserved 1079296K
  class space    used 4551K, capacity 4870K, committed 4992K, reserved 1048576K
}
Event: 24.620 GC heap before
{Heap before GC invocations=10 (full 1):
 PSYoungGen      total 116736K, used 23708K [0x00000000d5580000, 0x00000000ddd80000, 0x0000000100000000)
  eden space 106496K, 13% used [0x00000000d5580000,0x00000000d6369168,0x00000000dbd80000)
  from space 10240K, 92% used [0x00000000dc880000,0x00000000dd1bdef8,0x00000000dd280000)
  to   space 11264K, 0% used [0x00000000dbd80000,0x00000000dbd80000,0x00000000dc880000)
 ParOldGen       total 58880K, used 8418K [0x0000000080000000, 0x0000000083980000, 0x00000000d5580000)
  object space 58880K, 14% used [0x0000000080000000,0x0000000080838ab0,0x0000000083980000)
 Metaspace       used 34045K, capacity 35356K, committed 35456K, reserved 1079296K
  class space    used 4605K, capacity 4951K, committed 4992K, reserved 1048576K
Event: 24.649 GC heap after
Heap after GC invocations=10 (full 1):
 PSYoungGen      total 117760K, used 7616K [0x00000000d5580000, 0x00000000e0000000, 0x0000000100000000)
  eden space 106496K, 0% used [0x00000000d5580000,0x00000000d5580000,0x00000000dbd80000)
  from space 11264K, 67% used [0x00000000dbd80000,0x00000000dc4f0380,0x00000000dc880000)
  to   space 10752K, 0% used [0x00000000df580000,0x00000000df580000,0x00000000e0000000)
 ParOldGen       total 58880K, used 8426K [0x0000000080000000, 0x0000000083980000, 0x00000000d5580000)
  object space 58880K, 14% used [0x0000000080000000,0x000000008083aab0,0x0000000083980000)
 Metaspace       used 34045K, capacity 35356K, committed 35456K, reserved 1079296K
  class space    used 4605K, capacity 4951K, committed 4992K, reserved 1048576K
}
Event: 24.649 GC heap before
{Heap before GC invocations=11 (full 2):
 PSYoungGen      total 117760K, used 7616K [0x00000000d5580000, 0x00000000e0000000, 0x0000000100000000)
  eden space 106496K, 0% used [0x00000000d5580000,0x00000000d5580000,0x00000000dbd80000)
  from space 11264K, 67% used [0x00000000dbd80000,0x00000000dc4f0380,0x00000000dc880000)
  to   space 10752K, 0% used [0x00000000df580000,0x00000000df580000,0x00000000e0000000)
 ParOldGen       total 58880K, used 8426K [0x0000000080000000, 0x0000000083980000, 0x00000000d5580000)
  object space 58880K, 14% used [0x0000000080000000,0x000000008083aab0,0x0000000083980000)
 Metaspace       used 34045K, capacity 35356K, committed 35456K, reserved 1079296K
  class space    used 4605K, capacity 4951K, committed 4992K, reserved 1048576K
Event: 24.831 GC heap after
Heap after GC invocations=11 (full 2):
 PSYoungGen      total 117760K, used 0K [0x00000000d5580000, 0x00000000e0000000, 0x0000000100000000)
  eden space 106496K, 0% used [0x00000000d5580000,0x00000000d5580000,0x00000000dbd80000)
  from space 11264K, 0% used [0x00000000dbd80000,0x00000000dbd80000,0x00000000dc880000)
  to   space 10752K, 0% used [0x00000000df580000,0x00000000df580000,0x00000000e0000000)
 ParOldGen       total 79872K, used 14828K [0x0000000080000000, 0x0000000084e00000, 0x00000000d5580000)
  object space 79872K, 18% used [0x0000000080000000,0x0000000080e7b350,0x0000000084e00000)
 Metaspace       used 34045K, capacity 35356K, committed 35456K, reserved 1079296K
  class space    used 4605K, capacity 4951K, committed 4992K, reserved 1048576K
}
Event: 27.620 GC heap before
{Heap before GC invocations=12 (full 2):
 PSYoungGen      total 117760K, used 106496K [0x00000000d5580000, 0x00000000e0000000, 0x0000000100000000)
  eden space 106496K, 100% used [0x00000000d5580000,0x00000000dbd80000,0x00000000dbd80000)
  from space 11264K, 0% used [0x00000000dbd80000,0x00000000dbd80000,0x00000000dc880000)
  to   space 10752K, 0% used [0x00000000df580000,0x00000000df580000,0x00000000e0000000)
 ParOldGen       total 79872K, used 14828K [0x0000000080000000, 0x0000000084e00000, 0x00000000d5580000)
  object space 79872K, 18% used [0x0000000080000000,0x0000000080e7b350,0x0000000084e00000)
 Metaspace       used 39040K, capacity 40836K, committed 41088K, reserved 1085440K
  class space    used 5355K, capacity 5735K, committed 5760K, reserved 1048576K
Event: 27.644 GC heap after
Heap after GC invocations=12 (full 2):
 PSYoungGen      total 157184K, used 9741K [0x00000000d5580000, 0x00000000dff80000, 0x0000000100000000)
  eden space 146944K, 0% used [0x00000000d5580000,0x00000000d5580000,0x00000000de500000)
  from space 10240K, 95% used [0x00000000df580000,0x00000000dff03700,0x00000000dff80000)
  to   space 11776K, 0% used [0x00000000de880000,0x00000000de880000,0x00000000df400000)
 ParOldGen       total 79872K, used 14836K [0x0000000080000000, 0x0000000084e00000, 0x00000000d5580000)
  object space 79872K, 18% used [0x0000000080000000,0x0000000080e7d350,0x0000000084e00000)
 Metaspace       used 39040K, capacity 40836K, committed 41088K, reserved 1085440K
  class space    used 5355K, capacity 5735K, committed 5760K, reserved 1048576K
}
Event: 31.526 GC heap before
{Heap before GC invocations=13 (full 2):
 PSYoungGen      total 157184K, used 156685K [0x00000000d5580000, 0x00000000dff80000, 0x0000000100000000)
  eden space 146944K, 100% used [0x00000000d5580000,0x00000000de500000,0x00000000de500000)
  from space 10240K, 95% used [0x00000000df580000,0x00000000dff03700,0x00000000dff80000)
  to   space 11776K, 0% used [0x00000000de880000,0x00000000de880000,0x00000000df400000)
 ParOldGen       total 79872K, used 14836K [0x0000000080000000, 0x0000000084e00000, 0x00000000d5580000)
  object space 79872K, 18% used [0x0000000080000000,0x0000000080e7d350,0x0000000084e00000)
 Metaspace       used 49498K, capacity 51686K, committed 51968K, reserved 1093632K
  class space    used 6689K, capacity 7101K, committed 7168K, reserved 1048576K
Event: 31.575 GC heap after
Heap after GC invocations=13 (full 2):
 PSYoungGen      total 162304K, used 11751K [0x00000000d5580000, 0x00000000e3780000, 0x0000000100000000)
  eden space 150528K, 0% used [0x00000000d5580000,0x00000000d5580000,0x00000000de880000)
  from space 11776K, 99% used [0x00000000de880000,0x00000000df3f9ff0,0x00000000df400000)
  to   space 15872K, 0% used [0x00000000e2800000,0x00000000e2800000,0x00000000e3780000)
 ParOldGen       total 79872K, used 23055K [0x0000000080000000, 0x0000000084e00000, 0x00000000d5580000)
  object space 79872K, 28% used [0x0000000080000000,0x0000000081683ff0,0x0000000084e00000)
 Metaspace       used 49498K, capacity 51686K, committed 51968K, reserved 1093632K
  class space    used 6689K, capacity 7101K, committed 7168K, reserved 1048576K
}

Deoptimization events (10 events):
Event: 32.307 Thread 0x000000001ad5d800 Uncommon trap: reason=unstable_if action=reinterpret pc=0x0000000003f65208 method=com.sun.org.apache.xerces.internal.util.SymbolTable.addSymbol([CII)Ljava/lang/String; @ 38
Event: 32.307 Thread 0x000000001ad5d800 Uncommon trap: reason=unstable_if action=reinterpret pc=0x0000000003f5a608 method=com.sun.org.apache.xerces.internal.impl.XMLEntityScanner.skipSpaces()Z @ 72
Event: 32.490 Thread 0x000000001ad5d800 Uncommon trap: reason=unstable_if action=reinterpret pc=0x0000000003d58c70 method=org.gradle.internal.instantiation.generator.AbstractClassGenerator$InjectionAnnotationValidator.validateMethod(Ljava/lang/reflect/Method;Lorg/gradle/internal/reflect/Propert
Event: 32.491 Thread 0x000000001ad5d800 Uncommon trap: reason=unstable_if action=reinterpret pc=0x0000000003d87d80 method=org.gradle.internal.instantiation.generator.AbstractClassGenerator$InjectionAnnotationValidator.validateMethod(Ljava/lang/reflect/Method;Lorg/gradle/internal/reflect/Propert
Event: 32.657 Thread 0x000000001ad5d800 Uncommon trap: reason=unstable_if action=reinterpret pc=0x000000000316a924 method=java.lang.String.replace(CC)Ljava/lang/String; @ 2
Event: 32.664 Thread 0x000000001ad5d800 Uncommon trap: reason=unstable_if action=reinterpret pc=0x0000000003cd1328 method=org.codehaus.groovy.runtime.metaclass.MetaMethodIndex.copyNonPrivateNonNewMetaMethods(Lorg/codehaus/groovy/runtime/metaclass/MetaMethodIndex$Entry;Lorg/codehaus/groovy/runti
Event: 32.664 Thread 0x000000001ad5d800 Uncommon trap: reason=unstable_if action=reinterpret pc=0x0000000003bedd00 method=groovy.lang.MetaClassImpl$1MOPIter.methodNameAction(Ljava/lang/Class;Lorg/codehaus/groovy/runtime/metaclass/MetaMethodIndex$Entry;)V @ 182
Event: 32.840 Thread 0x000000001ad5d800 Uncommon trap: reason=unstable_if action=reinterpret pc=0x0000000003365064 method=java.lang.String.lastIndexOf([CII[CIII)I @ 17
Event: 33.130 Thread 0x000000001ad5d800 Uncommon trap: reason=null_check action=make_not_entrant pc=0x000000000370735c method=java.lang.Class.searchMethods([Ljava/lang/reflect/Method;Ljava/lang/String;[Ljava/lang/Class;)Ljava/lang/reflect/Method; @ 59
Event: 33.281 Thread 0x000000001ad5d800 Uncommon trap: reason=unstable_if action=reinterpret pc=0x00000000040430ac method=groovy.lang.MetaClassImpl.filterPropertyMethod(Ljava/lang/Object;ZZ)Ljava/lang/Object; @ 72

Classes redefined (0 events):
No events

Internal exceptions (10 events):
Event: 33.304 Thread 0x000000001ad5d800 Exception <a 'java/lang/ClassNotFoundException': java/lang/EnumCustomizer> (0x00000000d973a320) thrown at [C:\src\AOSP-openjdk-git\hotspot\src\share\vm\classfile\systemDictionary.cpp, line 210]
Event: 33.306 Thread 0x000000001ad5d800 Exception <a 'java/lang/ClassNotFoundException': org/gradle/api/JavaVersionCustomizer> (0x00000000d9770e28) thrown at [C:\src\AOSP-openjdk-git\hotspot\src\share\vm\classfile\systemDictionary.cpp, line 210]
Event: 33.313 Thread 0x000000001ad5d800 Exception <a 'java/lang/ClassNotFoundException': com/android/build/gradle/internal/CompileOptions_DecoratedBeanInfo> (0x00000000d97d5f10) thrown at [C:\src\AOSP-openjdk-git\hotspot\src\share\vm\classfile\systemDictionary.cpp, line 210]
Event: 33.314 Thread 0x000000001ad5d800 Exception <a 'java/lang/ClassNotFoundException': com/android/build/gradle/internal/CompileOptionsBeanInfo> (0x00000000d97f5b90) thrown at [C:\src\AOSP-openjdk-git\hotspot\src\share\vm\classfile\systemDictionary.cpp, line 210]
Event: 33.315 Thread 0x000000001ad5d800 Exception <a 'java/lang/ClassNotFoundException': com/android/build/gradle/internal/CompileOptionsCustomizer> (0x00000000d9815a08) thrown at [C:\src\AOSP-openjdk-git\hotspot\src\share\vm\classfile\systemDictionary.cpp, line 210]
Event: 33.317 Thread 0x000000001ad5d800 Exception <a 'java/lang/ClassNotFoundException': com/android/build/gradle/internal/CompileOptions_DecoratedCustomizer> (0x00000000d984bd58) thrown at [C:\src\AOSP-openjdk-git\hotspot\src\share\vm\classfile\systemDictionary.cpp, line 210]
Event: 33.350 Thread 0x000000001ad5d800 Exception <a 'java/lang/ClassNotFoundException': org/jetbrains/kotlin/gradle/dsl/KotlinJvmOptionsImplBeanInfo> (0x00000000d99b4810) thrown at [C:\src\AOSP-openjdk-git\hotspot\src\share\vm\classfile\systemDictionary.cpp, line 210]
Event: 33.351 Thread 0x000000001ad5d800 Exception <a 'java/lang/ClassNotFoundException': org/jetbrains/kotlin/gradle/dsl/KotlinJvmOptionsBaseBeanInfo> (0x00000000d99d4fd0) thrown at [C:\src\AOSP-openjdk-git\hotspot\src\share\vm\classfile\systemDictionary.cpp, line 210]
Event: 33.352 Thread 0x000000001ad5d800 Exception <a 'java/lang/ClassNotFoundException': org/jetbrains/kotlin/gradle/dsl/KotlinJvmOptionsBaseCustomizer> (0x00000000d99f5e50) thrown at [C:\src\AOSP-openjdk-git\hotspot\src\share\vm\classfile\systemDictionary.cpp, line 210]
Event: 33.355 Thread 0x000000001ad5d800 Exception <a 'java/lang/ClassNotFoundException': org/jetbrains/kotlin/gradle/dsl/KotlinJvmOptionsImplCustomizer> (0x00000000d9a378b8) thrown at [C:\src\AOSP-openjdk-git\hotspot\src\share\vm\classfile\systemDictionary.cpp, line 210]

Events (10 events):
Event: 33.644 loading class com/google/wireless/android/sdk/stats/ApiVersionOrBuilder
Event: 33.644 loading class com/google/wireless/android/sdk/stats/ApiVersionOrBuilder done
Event: 33.645 loading class com/google/wireless/android/sdk/stats/GradleBuildVariant$1
Event: 33.645 loading class com/google/wireless/android/sdk/stats/GradleBuildVariant$1 done
Event: 33.646 loading class com/google/wireless/android/sdk/stats/GradleBuildVariant$Builder
Event: 33.646 loading class com/google/wireless/android/sdk/stats/GradleBuildVariant$Builder done
Event: 33.648 loading class com/google/wireless/android/sdk/stats/ApiVersion
Event: 33.648 loading class com/google/wireless/android/sdk/stats/ApiVersion done
Event: 33.649 loading class com/google/wireless/android/sdk/stats/AnnotationProcessorInfo
Event: 33.650 loading class com/google/wireless/android/sdk/stats/AnnotationProcessorInfo done


Dynamic libraries:
0x00007ff6e3640000 - 0x00007ff6e3671000 	C:\Program Files\Android\Android Studio\jre\bin\java.exe
0x00007ffb7c7c0000 - 0x00007ffb7c9b0000 	C:\WINDOWS\SYSTEM32\ntdll.dll
0x00007ffb7b0a0000 - 0x00007ffb7b152000 	C:\WINDOWS\System32\KERNEL32.DLL
0x00007ffb7a510000 - 0x00007ffb7a7b5000 	C:\WINDOWS\System32\KERNELBASE.dll
0x00007ffb7b160000 - 0x00007ffb7b203000 	C:\WINDOWS\System32\ADVAPI32.dll
0x00007ffb7b600000 - 0x00007ffb7b69e000 	C:\WINDOWS\System32\msvcrt.dll
0x00007ffb7bf00000 - 0x00007ffb7bf97000 	C:\WINDOWS\System32\sechost.dll
0x00007ffb7ad60000 - 0x00007ffb7ae80000 	C:\WINDOWS\System32\RPCRT4.dll
0x00007ffb7b7c0000 - 0x00007ffb7b955000 	C:\WINDOWS\System32\USER32.dll
0x00007ffb79b90000 - 0x00007ffb79bb1000 	C:\WINDOWS\System32\win32u.dll
0x00007ffb7bd90000 - 0x00007ffb7bdb6000 	C:\WINDOWS\System32\GDI32.dll
0x00007ffb798a0000 - 0x00007ffb79a36000 	C:\WINDOWS\System32\gdi32full.dll
0x00007ffb7a340000 - 0x00007ffb7a3de000 	C:\WINDOWS\System32\msvcp_win.dll
0x00007ffb7a3e0000 - 0x00007ffb7a4da000 	C:\WINDOWS\System32\ucrtbase.dll
0x00007ffb6be90000 - 0x00007ffb6c114000 	C:\WINDOWS\WinSxS\amd64_microsoft.windows.common-controls_6595b64144ccf1df_6.0.18362.1082_none_9e8193e1e45b25c1\COMCTL32.dll
0x00007ffb7b2c0000 - 0x00007ffb7b5f5000 	C:\WINDOWS\System32\combase.dll
0x00007ffb79750000 - 0x00007ffb797d0000 	C:\WINDOWS\System32\bcryptPrimitives.dll
0x00007ffb7c6f0000 - 0x00007ffb7c71e000 	C:\WINDOWS\System32\IMM32.DLL
0x0000000050560000 - 0x0000000050632000 	C:\Program Files\Android\Android Studio\jre\jre\bin\msvcr100.dll
0x00000000508a0000 - 0x00000000510eb000 	C:\Program Files\Android\Android Studio\jre\jre\bin\server\jvm.dll
0x00007ffb7b290000 - 0x00007ffb7b298000 	C:\WINDOWS\System32\PSAPI.DLL
0x00007ffb73fd0000 - 0x00007ffb73fd9000 	C:\WINDOWS\SYSTEM32\WSOCK32.dll
0x00007ffb7bac0000 - 0x00007ffb7bb2f000 	C:\WINDOWS\System32\WS2_32.dll
0x00007ffb77780000 - 0x00007ffb777a4000 	C:\WINDOWS\SYSTEM32\WINMM.dll
0x00007ffb6c440000 - 0x00007ffb6c44a000 	C:\WINDOWS\SYSTEM32\VERSION.dll
0x00007ffb77750000 - 0x00007ffb7777d000 	C:\WINDOWS\SYSTEM32\winmmbase.dll
0x00007ffb797d0000 - 0x00007ffb7981a000 	C:\WINDOWS\System32\cfgmgr32.dll
0x00007ffb73580000 - 0x00007ffb7358f000 	C:\Program Files\Android\Android Studio\jre\jre\bin\verify.dll
0x00007ffb6eff0000 - 0x00007ffb6f019000 	C:\Program Files\Android\Android Studio\jre\jre\bin\java.dll
0x00007ffb6ee00000 - 0x00007ffb6ee16000 	C:\Program Files\Android\Android Studio\jre\jre\bin\zip.dll
0x00007ffb7c000000 - 0x00007ffb7c6e7000 	C:\WINDOWS\System32\SHELL32.dll
0x00007ffb7b710000 - 0x00007ffb7b7b9000 	C:\WINDOWS\System32\shcore.dll
0x00007ffb79bc0000 - 0x00007ffb7a340000 	C:\WINDOWS\System32\windows.storage.dll
0x00007ffb79700000 - 0x00007ffb79723000 	C:\WINDOWS\System32\profapi.dll
0x00007ffb796b0000 - 0x00007ffb796fa000 	C:\WINDOWS\System32\powrprof.dll
0x00007ffb79680000 - 0x00007ffb79690000 	C:\WINDOWS\System32\UMPDC.dll
0x00007ffb7bfa0000 - 0x00007ffb7bff2000 	C:\WINDOWS\System32\shlwapi.dll
0x00007ffb79690000 - 0x00007ffb796a1000 	C:\WINDOWS\System32\kernel.appcore.dll
0x00007ffb79880000 - 0x00007ffb79897000 	C:\WINDOWS\System32\cryptsp.dll
0x00007ffb6b470000 - 0x00007ffb6b48a000 	C:\Program Files\Android\Android Studio\jre\jre\bin\net.dll
0x00007ffb78ed0000 - 0x00007ffb78f37000 	C:\WINDOWS\system32\mswsock.dll
0x00007ffb6b0e0000 - 0x00007ffb6b0f3000 	C:\Program Files\Android\Android Studio\jre\jre\bin\nio.dll
0x00007ffb72730000 - 0x00007ffb72757000 	C:\Users\David Adeyinka\.gradle\native\9f2fa17c089eee584f3420100432f77ec4c098959e4bf121a4d6054c26537dfb\windows-amd64\native-platform.dll
0x00007ffb72690000 - 0x00007ffb7269d000 	C:\Program Files\Android\Android Studio\jre\jre\bin\management.dll
0x00007ffb789e0000 - 0x00007ffb78a13000 	C:\WINDOWS\system32\rsaenh.dll
0x00007ffb7a4e0000 - 0x00007ffb7a506000 	C:\WINDOWS\System32\bcrypt.dll
0x00007ffb79560000 - 0x00007ffb79585000 	C:\WINDOWS\SYSTEM32\USERENV.dll
0x00007ffb790a0000 - 0x00007ffb790ac000 	C:\WINDOWS\SYSTEM32\CRYPTBASE.dll
0x00007ffb78b80000 - 0x00007ffb78bba000 	C:\WINDOWS\SYSTEM32\IPHLPAPI.DLL
0x00007ffb7b280000 - 0x00007ffb7b288000 	C:\WINDOWS\System32\NSI.dll
0x00007ffb6e540000 - 0x00007ffb6e556000 	C:\WINDOWS\SYSTEM32\dhcpcsvc6.DLL
0x00007ffb6e380000 - 0x00007ffb6e39c000 	C:\WINDOWS\SYSTEM32\dhcpcsvc.DLL
0x00007ffb78c70000 - 0x00007ffb78d3b000 	C:\WINDOWS\SYSTEM32\DNSAPI.dll
0x00007ffb6e680000 - 0x00007ffb6e68b000 	C:\WINDOWS\SYSTEM32\WINNSI.DLL
0x00007ffb50b00000 - 0x00007ffb50c96000 	C:\Users\David Adeyinka\.gradle\native\9f2fa17c089eee584f3420100432f77ec4c098959e4bf121a4d6054c26537dfb\windows-amd64\native-platform-file-events.dll

VM Arguments:
jvm_args: -Xmx2048m -Dfile.encoding=UTF-8 -Duser.country=GB -Duser.language=en -Duser.variant 
java_command: org.gradle.launcher.daemon.bootstrap.GradleDaemon 6.6.1
java_class_path (initial): C:\Gradle\gradle-6.6.1\lib\gradle-launcher-6.6.1.jar
Launcher Type: SUN_STANDARD

Environment Variables:
PATH=C:\Program Files (x86)\Common Files\Oracle\Java\javapath;C:\WINDOWS\system32;C:\WINDOWS;C:\WINDOWS\System32\Wbem;C:\WINDOWS\System32\WindowsPowerShell\v1.0\;C:\WINDOWS\System32\OpenSSH\;C:\Program Files (x86)\Git\cmd;C:\Program Files\nodejs\;c:\Program Files (x86)\Microsoft SQL Server\100\Tools\Binn\;c:\Program Files\Microsoft SQL Server\100\Tools\Binn\;c:\Program Files\Microsoft SQL Server\100\DTS\Binn\;C:\Go\bin;C:\Program Files\Microsoft VS Code\bin;C:\Users\David Adeyinka\AppData\Local\Programs\Python\Python37-32\Scripts\;C:\Users\David Adeyinka\AppData\Local\Programs\Python\Python37-32\;C:\Users\David Adeyinka\AppData\Local\Microsoft\WindowsApps;;C:\Program Files\JetBrains\IntelliJ IDEA Community Edition 2019.1.3\bin;;C:\Program Files\Microsoft VS Code\bin;C:\Users\David Adeyinka\AppData\Roaming\npm;C:\Users\David Adeyinka\go\bin
USERNAME=David Adeyinka
OS=Windows_NT
PROCESSOR_IDENTIFIER=Intel64 Family 6 Model 61 Stepping 4, GenuineIntel



---------------  S Y S T E M  ---------------

OS: Windows 10.0 , 64 bit Build 18362 (10.0.18362.1082)

CPU:total 4 (initial active 4) (2 cores per cpu, 2 threads per core) family 6 model 61 stepping 4, cmov, cx8, fxsr, mmx, sse, sse2, sse3, ssse3, sse4.1, sse4.2, popcnt, avx, avx2, aes, clmul, erms, 3dnowpref, lzcnt, ht, tsc, tscinvbit, bmi1, bmi2, adx

Memory: 4k page, physical 8277100k(919828k free), swap 8277100k(5120k free)

vm_info: OpenJDK 64-Bit Server VM (25.242-b01) for windows-amd64 JRE (1.8.0_242-release-1644-b01), built by "builder" with MS VC++ 10.0 (VS2010)

time: Mon Jan 25 13:15:54 2021
timezone: W. Central Africa Standard Time
elapsed time: 33 seconds (0d 0h 0m 33s)

