#
# There is insufficient memory for the Java Runtime Environment to continue.
# Native memory allocation (malloc) failed to allocate 700976 bytes for Chunk::new
# Possible reasons:
#   The system is out of physical RAM or swap space
#   The process is running with CompressedOops enabled, and the Java Heap may be blocking the growth of the native heap
# Possible solutions:
#   Reduce memory load on the system
#   Increase physical memory or swap space
#   Check if swap backing store is full
#   Decrease Java heap size (-Xmx/-Xms)
#   Decrease number of Java threads
#   Decrease Java thread stack sizes (-Xss)
#   Set larger code cache with -XX:ReservedCodeCacheSize=
#   JVM is running with Unscaled Compressed Oops mode in which the Java heap is
#     placed in the first 4GB address space. The Java Heap base address is the
#     maximum limit for the native heap growth. Please use -XX:HeapBaseMinAddress
#     to set the Java Heap base and to place the Java Heap above 4GB virtual address.
# This output file may be truncated or incomplete.
#
#  Out of Memory Error (allocation.cpp:389), pid=2244, tid=0x0000000000002a38
#
# JRE version: OpenJDK Runtime Environment (8.0_242-b01) (build 1.8.0_242-release-1644-b01)
# Java VM: OpenJDK 64-Bit Server VM (25.242-b01 mixed mode windows-amd64 compressed oops)
# Failed to write core dump. Minidumps are not enabled by default on client versions of Windows
#

---------------  T H R E A D  ---------------

Current thread (0x0000000017d18000):  JavaThread "C2 CompilerThread0" daemon [_thread_in_native, id=10808, stack(0x0000000019370000,0x0000000019470000)]

Stack: [0x0000000019370000,0x0000000019470000]
[error occurred during error reporting (printing stack bounds), id 0xc0000005]

Native frames: (J=compiled Java code, j=interpreted, Vv=VM code, C=native code)


Current CompileTask:
C2:  20264 2650       4       groovy.lang.MetaClassImpl$1MOPIter::methodNameAction (325 bytes)


---------------  P R O C E S S  ---------------

Java Threads: ( => current thread )
  0x000000001fa78800 JavaThread "Cache worker for file content cache (C:\Users\David Adeyinka\.gradle\caches\6.6.1\fileContent)" [_thread_blocked, id=10084, stack(0x0000000021230000,0x0000000021330000)]
  0x000000001fa75000 JavaThread "jar transforms" [_thread_blocked, id=10556, stack(0x0000000021130000,0x0000000021230000)]
  0x000000001fa75800 JavaThread "Cache worker for execution history cache (C:\Users\David Adeyinka\.gradle\caches\6.6.1\executionHistory)" [_thread_blocked, id=12892, stack(0x0000000020a30000,0x0000000020b30000)]
  0x000000001fa78000 JavaThread "Cache worker for cache directory md-rule (C:\Users\David Adeyinka\.gradle\caches\6.6.1\md-rule)" [_thread_blocked, id=9912, stack(0x0000000020930000,0x0000000020a30000)]
  0x0000000019ff2800 JavaThread "Cache worker for cache directory md-supplier (C:\Users\David Adeyinka\.gradle\caches\6.6.1\md-supplier)" [_thread_blocked, id=3508, stack(0x0000000020830000,0x0000000020930000)]
  0x0000000019ff2000 JavaThread "Cache worker for checksums cache (C:\Users\David Adeyinka\AndroidStudioProjects\ToDoPlanner\.gradle\checksums)" [_thread_blocked, id=12152, stack(0x000000001f480000,0x000000001f580000)]
  0x0000000019ff5000 JavaThread "Cache worker for file hash cache (C:\Users\David Adeyinka\AndroidStudioProjects\ToDoPlanner\.gradle\6.6.1\fileHashes)" [_thread_blocked, id=11120, stack(0x000000001f0d0000,0x000000001f1d0000)]
  0x0000000019ff4000 JavaThread "Cache worker for journal cache (C:\Users\David Adeyinka\.gradle\caches\journal-1)" [_thread_blocked, id=7224, stack(0x000000001edd0000,0x000000001eed0000)]
  0x0000000019ff3800 JavaThread "File lock request listener" [_thread_in_native, id=11680, stack(0x000000001dd00000,0x000000001de00000)]
  0x000000001ad10000 JavaThread "Cache worker for file hash cache (C:\Users\David Adeyinka\.gradle\caches\6.6.1\fileHashes)" [_thread_blocked, id=11528, stack(0x000000001db00000,0x000000001dc00000)]
  0x000000001b928800 JavaThread "Thread-9" [_thread_blocked, id=11424, stack(0x000000001d800000,0x000000001d900000)]
  0x000000001b927800 JavaThread "Stdin handler" [_thread_blocked, id=12600, stack(0x000000001d700000,0x000000001d800000)]
  0x000000001b923000 JavaThread "Asynchronous log dispatcher for DefaultDaemonConnection: socket connection from /127.0.0.1:30797 to /127.0.0.1:30820" [_thread_blocked, id=11308, stack(0x000000001d600000,0x000000001d700000)]
  0x000000001b91a000 JavaThread "Daemon worker" [_thread_in_vm, id=10424, stack(0x000000001d500000,0x000000001d600000)]
  0x000000001b1af000 JavaThread "Cancel handler" [_thread_blocked, id=12444, stack(0x000000001d400000,0x000000001d500000)]
  0x000000001a7d7800 JavaThread "Handler for socket connection from /127.0.0.1:30797 to /127.0.0.1:30820" [_thread_in_native, id=2664, stack(0x000000001d300000,0x000000001d400000)]
  0x000000001a7c5000 JavaThread "Daemon" [_thread_blocked, id=6776, stack(0x000000001d200000,0x000000001d300000)]
  0x000000001aa8b000 JavaThread "Daemon periodic checks" [_thread_blocked, id=10076, stack(0x000000001cf00000,0x000000001d000000)]
  0x000000001aa82000 JavaThread "Incoming local TCP Connector on port 30797" [_thread_in_native, id=12036, stack(0x000000001ccc0000,0x000000001cdc0000)]
  0x0000000019a2e000 JavaThread "Daemon health stats" [_thread_blocked, id=12668, stack(0x000000001c680000,0x000000001c780000)]
  0x000000001969f800 JavaThread "Service Thread" daemon [_thread_blocked, id=9508, stack(0x0000000019a70000,0x0000000019b70000)]
  0x0000000017d61800 JavaThread "C1 CompilerThread2" daemon [_thread_blocked, id=3864, stack(0x0000000019570000,0x0000000019670000)]
  0x0000000017d21000 JavaThread "C2 CompilerThread1" daemon [_thread_blocked, id=7996, stack(0x0000000019470000,0x0000000019570000)]
=>0x0000000017d18000 JavaThread "C2 CompilerThread0" daemon [_thread_in_native, id=10808, stack(0x0000000019370000,0x0000000019470000)]
  0x0000000017d16800 JavaThread "Attach Listener" daemon [_thread_blocked, id=6132, stack(0x0000000019270000,0x0000000019370000)]
  0x0000000017d15000 JavaThread "Signal Dispatcher" daemon [_thread_blocked, id=7232, stack(0x0000000019170000,0x0000000019270000)]
  0x00000000030eb000 JavaThread "Finalizer" daemon [_thread_blocked, id=13052, stack(0x0000000018f70000,0x0000000019070000)]
  0x0000000017cf9000 JavaThread "Reference Handler" daemon [_thread_blocked, id=11584, stack(0x0000000018e70000,0x0000000018f70000)]
  0x0000000002fae800 JavaThread "main" [_thread_blocked, id=9592, stack(0x0000000002e70000,0x0000000002f70000)]

Other Threads:
  0x0000000017cd6800 VMThread [stack: 0x0000000018d70000,0x0000000018e70000] [id=8476]
  0x00000000196a0000 WatcherThread [stack: 0x0000000019b70000,0x0000000019c70000] [id=10484]

VM state:not at safepoint (normal execution)

VM Mutex/Monitor currently owned by a thread: None

heap address: 0x0000000080000000, size: 2048 MB, Compressed Oops mode: 32-bit
Narrow klass base: 0x0000000000000000, Narrow klass shift: 3
Compressed class space size: 1073741824 Address: 0x0000000100000000

Heap:
 PSYoungGen      total 66048K, used 59207K [0x00000000d5580000, 0x00000000da200000, 0x0000000100000000)
  eden space 55808K, 94% used [0x00000000d5580000,0x00000000d88e0090,0x00000000d8c00000)
  from space 10240K, 64% used [0x00000000d9600000,0x00000000d9c71ec0,0x00000000da000000)
  to   space 10240K, 0% used [0x00000000d8c00000,0x00000000d8c00000,0x00000000d9600000)
 ParOldGen       total 55296K, used 8077K [0x0000000080000000, 0x0000000083600000, 0x00000000d5580000)
  object space 55296K, 14% used [0x0000000080000000,0x00000000807e35d8,0x0000000083600000)
 Metaspace       used 33101K, capacity 34094K, committed 34304K, reserved 1079296K
  class space    used 4494K, capacity 4758K, committed 4864K, reserved 1048576K

Card table byte_map: [0x00000000124b0000,0x00000000128c0000] byte_map_base: 0x00000000120b0000

Marking Bits: (ParMarkBitMap*) 0x000000007438f030
 Begin Bits: [0x0000000012f70000, 0x0000000014f70000)
 End Bits:   [0x0000000014f70000, 0x0000000016f70000)

Polling page: 0x0000000001260000

CodeCache: size=245760Kb used=9629Kb max_used=9639Kb free=236130Kb
 bounds [0x00000000030f0000, 0x0000000003a70000, 0x00000000120f0000]
 total_blobs=3196 nmethods=2510 adapters=598
 compilation: enabled

Compilation events (10 events):
Event: 20.234 Thread 0x0000000017d21000 nmethod 2660 0x0000000003a537d0 code [0x0000000003a53940, 0x0000000003a545d8]
Event: 20.234 Thread 0x0000000017d21000 2666       4       java.lang.ref.Reference::<init> (25 bytes)
Event: 20.235 Thread 0x0000000017d21000 nmethod 2666 0x0000000003a3bb50 code [0x0000000003a3bc80, 0x0000000003a3bd18]
Event: 20.235 Thread 0x0000000017d61800 2671   !   3       sun.reflect.annotation.AnnotationParser::parseAnnotation2 (284 bytes)
Event: 20.238 Thread 0x0000000017d61800 nmethod 2671 0x0000000003a50490 code [0x0000000003a50840, 0x0000000003a52578]
Event: 20.238 Thread 0x0000000017d61800 2673  s    3       java.beans.PropertyDescriptor::setWriteMethod (61 bytes)
Event: 20.241 Thread 0x0000000017d61800 nmethod 2673 0x0000000003a54b10 code [0x0000000003a54ec0, 0x0000000003a57318]
Event: 20.241 Thread 0x0000000017d61800 2674       3       java.lang.StringBuffer::<init> (18 bytes)
Event: 20.241 Thread 0x0000000017d61800 nmethod 2674 0x0000000003a583d0 code [0x0000000003a58560, 0x0000000003a58ba8]
Event: 20.241 Thread 0x0000000017d61800 2672  s    3       java.beans.PropertyDescriptor::setReadMethod (64 bytes)

GC Heap History (10 events):
Event: 14.584 GC heap before
{Heap before GC invocations=5 (full 0):
 PSYoungGen      total 38400K, used 38368K [0x00000000d5580000, 0x00000000d8000000, 0x0000000100000000)
  eden space 33280K, 100% used [0x00000000d5580000,0x00000000d7600000,0x00000000d7600000)
  from space 5120K, 99% used [0x00000000d7b00000,0x00000000d7ff8040,0x00000000d8000000)
  to   space 5120K, 0% used [0x00000000d7600000,0x00000000d7600000,0x00000000d7b00000)
 ParOldGen       total 87552K, used 4950K [0x0000000080000000, 0x0000000085580000, 0x00000000d5580000)
  object space 87552K, 5% used [0x0000000080000000,0x00000000804d58a8,0x0000000085580000)
 Metaspace       used 18960K, capacity 19622K, committed 19840K, reserved 1067008K
  class space    used 2681K, capacity 2885K, committed 2944K, reserved 1048576K
Event: 14.597 GC heap after
Heap after GC invocations=5 (full 0):
 PSYoungGen      total 37888K, used 5088K [0x00000000d5580000, 0x00000000d8980000, 0x0000000100000000)
  eden space 32768K, 0% used [0x00000000d5580000,0x00000000d5580000,0x00000000d7580000)
  from space 5120K, 99% used [0x00000000d7600000,0x00000000d7af8298,0x00000000d7b00000)
  to   space 10240K, 0% used [0x00000000d7f80000,0x00000000d7f80000,0x00000000d8980000)
 ParOldGen       total 87552K, used 8332K [0x0000000080000000, 0x0000000085580000, 0x00000000d5580000)
  object space 87552K, 9% used [0x0000000080000000,0x0000000080823370,0x0000000085580000)
 Metaspace       used 18960K, capacity 19622K, committed 19840K, reserved 1067008K
  class space    used 2681K, capacity 2885K, committed 2944K, reserved 1048576K
}
Event: 15.046 GC heap before
{Heap before GC invocations=6 (full 0):
 PSYoungGen      total 37888K, used 25071K [0x00000000d5580000, 0x00000000d8980000, 0x0000000100000000)
  eden space 32768K, 60% used [0x00000000d5580000,0x00000000d6903bc8,0x00000000d7580000)
  from space 5120K, 99% used [0x00000000d7600000,0x00000000d7af8298,0x00000000d7b00000)
  to   space 10240K, 0% used [0x00000000d7f80000,0x00000000d7f80000,0x00000000d8980000)
 ParOldGen       total 87552K, used 8332K [0x0000000080000000, 0x0000000085580000, 0x00000000d5580000)
  object space 87552K, 9% used [0x0000000080000000,0x0000000080823370,0x0000000085580000)
 Metaspace       used 20544K, capacity 21182K, committed 21296K, reserved 1067008K
  class space    used 2933K, capacity 3123K, committed 3200K, reserved 1048576K
Event: 15.059 GC heap after
Heap after GC invocations=6 (full 0):
 PSYoungGen      total 43008K, used 7049K [0x00000000d5580000, 0x00000000d8980000, 0x0000000100000000)
  eden space 32768K, 0% used [0x00000000d5580000,0x00000000d5580000,0x00000000d7580000)
  from space 10240K, 68% used [0x00000000d7f80000,0x00000000d86627e0,0x00000000d8980000)
  to   space 5120K, 0% used [0x00000000d7600000,0x00000000d7600000,0x00000000d7b00000)
 ParOldGen       total 87552K, used 8340K [0x0000000080000000, 0x0000000085580000, 0x00000000d5580000)
  object space 87552K, 9% used [0x0000000080000000,0x0000000080825370,0x0000000085580000)
 Metaspace       used 20544K, capacity 21182K, committed 21296K, reserved 1067008K
  class space    used 2933K, capacity 3123K, committed 3200K, reserved 1048576K
}
Event: 15.059 GC heap before
{Heap before GC invocations=7 (full 1):
 PSYoungGen      total 43008K, used 7049K [0x00000000d5580000, 0x00000000d8980000, 0x0000000100000000)
  eden space 32768K, 0% used [0x00000000d5580000,0x00000000d5580000,0x00000000d7580000)
  from space 10240K, 68% used [0x00000000d7f80000,0x00000000d86627e0,0x00000000d8980000)
  to   space 5120K, 0% used [0x00000000d7600000,0x00000000d7600000,0x00000000d7b00000)
 ParOldGen       total 87552K, used 8340K [0x0000000080000000, 0x0000000085580000, 0x00000000d5580000)
  object space 87552K, 9% used [0x0000000080000000,0x0000000080825370,0x0000000085580000)
 Metaspace       used 20544K, capacity 21182K, committed 21296K, reserved 1067008K
  class space    used 2933K, capacity 3123K, committed 3200K, reserved 1048576K
Event: 15.128 GC heap after
Heap after GC invocations=7 (full 1):
 PSYoungGen      total 43008K, used 0K [0x00000000d5580000, 0x00000000d8980000, 0x0000000100000000)
  eden space 32768K, 0% used [0x00000000d5580000,0x00000000d5580000,0x00000000d7580000)
  from space 10240K, 0% used [0x00000000d7f80000,0x00000000d7f80000,0x00000000d8980000)
  to   space 5120K, 0% used [0x00000000d7600000,0x00000000d7600000,0x00000000d7b00000)
 ParOldGen       total 55296K, used 8061K [0x0000000080000000, 0x0000000083600000, 0x00000000d5580000)
  object space 55296K, 14% used [0x0000000080000000,0x00000000807df5d8,0x0000000083600000)
 Metaspace       used 20544K, capacity 21182K, committed 21296K, reserved 1067008K
  class space    used 2933K, capacity 3123K, committed 3200K, reserved 1048576K
}
Event: 16.181 GC heap before
{Heap before GC invocations=8 (full 1):
 PSYoungGen      total 43008K, used 32768K [0x00000000d5580000, 0x00000000d8980000, 0x0000000100000000)
  eden space 32768K, 100% used [0x00000000d5580000,0x00000000d7580000,0x00000000d7580000)
  from space 10240K, 0% used [0x00000000d7f80000,0x00000000d7f80000,0x00000000d8980000)
  to   space 5120K, 0% used [0x00000000d7600000,0x00000000d7600000,0x00000000d7b00000)
 ParOldGen       total 55296K, used 8061K [0x0000000080000000, 0x0000000083600000, 0x00000000d5580000)
  object space 55296K, 14% used [0x0000000080000000,0x00000000807df5d8,0x0000000083600000)
 Metaspace       used 22710K, capacity 23514K, committed 23808K, reserved 1069056K
  class space    used 3291K, capacity 3519K, committed 3584K, reserved 1048576K
Event: 16.188 GC heap after
Heap after GC invocations=8 (full 1):
 PSYoungGen      total 38400K, used 2876K [0x00000000d5580000, 0x00000000da000000, 0x0000000100000000)
  eden space 33280K, 0% used [0x00000000d5580000,0x00000000d5580000,0x00000000d7600000)
  from space 5120K, 56% used [0x00000000d7600000,0x00000000d78cf148,0x00000000d7b00000)
  to   space 10240K, 0% used [0x00000000d9600000,0x00000000d9600000,0x00000000da000000)
 ParOldGen       total 55296K, used 8069K [0x0000000080000000, 0x0000000083600000, 0x00000000d5580000)
  object space 55296K, 14% used [0x0000000080000000,0x00000000807e15d8,0x0000000083600000)
 Metaspace       used 22710K, capacity 23514K, committed 23808K, reserved 1069056K
  class space    used 3291K, capacity 3519K, committed 3584K, reserved 1048576K
}
Event: 17.910 GC heap before
{Heap before GC invocations=9 (full 1):
 PSYoungGen      total 38400K, used 36156K [0x00000000d5580000, 0x00000000da000000, 0x0000000100000000)
  eden space 33280K, 100% used [0x00000000d5580000,0x00000000d7600000,0x00000000d7600000)
  from space 5120K, 56% used [0x00000000d7600000,0x00000000d78cf148,0x00000000d7b00000)
  to   space 10240K, 0% used [0x00000000d9600000,0x00000000d9600000,0x00000000da000000)
 ParOldGen       total 55296K, used 8069K [0x0000000080000000, 0x0000000083600000, 0x00000000d5580000)
  object space 55296K, 14% used [0x0000000080000000,0x00000000807e15d8,0x0000000083600000)
 Metaspace       used 28724K, capacity 29684K, committed 29952K, reserved 1075200K
  class space    used 4046K, capacity 4303K, committed 4352K, reserved 1048576K
Event: 17.938 GC heap after
Heap after GC invocations=9 (full 1):
 PSYoungGen      total 66048K, used 6599K [0x00000000d5580000, 0x00000000da200000, 0x0000000100000000)
  eden space 55808K, 0% used [0x00000000d5580000,0x00000000d5580000,0x00000000d8c00000)
  from space 10240K, 64% used [0x00000000d9600000,0x00000000d9c71ec0,0x00000000da000000)
  to   space 10240K, 0% used [0x00000000d8c00000,0x00000000d8c00000,0x00000000d9600000)
 ParOldGen       total 55296K, used 8077K [0x0000000080000000, 0x0000000083600000, 0x00000000d5580000)
  object space 55296K, 14% used [0x0000000080000000,0x00000000807e35d8,0x0000000083600000)
 Metaspace       used 28724K, capacity 29684K, committed 29952K, reserved 1075200K
  class space    used 4046K, capacity 4303K, committed 4352K, reserved 1048576K
}

Deoptimization events (10 events):
Event: 19.877 Thread 0x000000001ad10000 Uncommon trap: reason=bimorphic action=maybe_recompile pc=0x0000000003301464 method=java.io.BufferedInputStream.read([BII)I @ 101
Event: 19.883 Thread 0x000000001b91a000 Uncommon trap: reason=unstable_if action=reinterpret pc=0x00000000036e8240 method=java.net.URLClassLoader.defineClass(Ljava/lang/String;Lsun/misc/Resource;)Ljava/lang/Class; @ 21
Event: 19.985 Thread 0x000000001b91a000 Uncommon trap: reason=bimorphic action=maybe_recompile pc=0x0000000003a39dc0 method=org.codehaus.groovy.runtime.metaclass.MetaMethodIndex.addMethodToList(Ljava/lang/Object;Lgroovy/lang/MetaMethod;)Ljava/lang/Object; @ 130
Event: 19.985 Thread 0x000000001b91a000 Uncommon trap: reason=bimorphic action=maybe_recompile pc=0x0000000003a39dc0 method=org.codehaus.groovy.runtime.metaclass.MetaMethodIndex.addMethodToList(Ljava/lang/Object;Lgroovy/lang/MetaMethod;)Ljava/lang/Object; @ 130
Event: 19.986 Thread 0x000000001b91a000 Uncommon trap: reason=bimorphic action=maybe_recompile pc=0x0000000003a39dc0 method=org.codehaus.groovy.runtime.metaclass.MetaMethodIndex.addMethodToList(Ljava/lang/Object;Lgroovy/lang/MetaMethod;)Ljava/lang/Object; @ 130
Event: 19.986 Thread 0x000000001b91a000 Uncommon trap: reason=class_check action=maybe_recompile pc=0x0000000003a39ddc method=org.codehaus.groovy.runtime.metaclass.MetaMethodIndex.addMethodToList(Ljava/lang/Object;Lgroovy/lang/MetaMethod;)Ljava/lang/Object; @ 240
Event: 19.986 Thread 0x000000001b91a000 Uncommon trap: reason=class_check action=maybe_recompile pc=0x0000000003a39ddc method=org.codehaus.groovy.runtime.metaclass.MetaMethodIndex.addMethodToList(Ljava/lang/Object;Lgroovy/lang/MetaMethod;)Ljava/lang/Object; @ 240
Event: 19.986 Thread 0x000000001b91a000 Uncommon trap: reason=class_check action=maybe_recompile pc=0x0000000003a39ddc method=org.codehaus.groovy.runtime.metaclass.MetaMethodIndex.addMethodToList(Ljava/lang/Object;Lgroovy/lang/MetaMethod;)Ljava/lang/Object; @ 240
Event: 19.986 Thread 0x000000001b91a000 Uncommon trap: reason=class_check action=maybe_recompile pc=0x0000000003a39ddc method=org.codehaus.groovy.runtime.metaclass.MetaMethodIndex.addMethodToList(Ljava/lang/Object;Lgroovy/lang/MetaMethod;)Ljava/lang/Object; @ 240
Event: 20.180 Thread 0x000000001b91a000 Uncommon trap: reason=unstable_if action=reinterpret pc=0x0000000003a431a4 method=org.codehaus.groovy.runtime.metaclass.MetaMethodIndex.addMethodToList(Ljava/lang/Object;Lgroovy/lang/MetaMethod;)Ljava/lang/Object; @ 226

Classes redefined (0 events):
No events

Internal exceptions (10 events):
Event: 19.939 Thread 0x000000001b91a000 Exception <a 'java/lang/ClassNotFoundException': groovy/lang/ClosureCustomizer> (0x00000000d824dd98) thrown at [C:\src\AOSP-openjdk-git\hotspot\src\share\vm\classfile\systemDictionary.cpp, line 210]
Event: 19.954 Thread 0x000000001b91a000 Exception <a 'java/lang/ClassNotFoundException': groovy/lang/Closure$1Customizer> (0x00000000d8293df8) thrown at [C:\src\AOSP-openjdk-git\hotspot\src\share\vm\classfile\systemDictionary.cpp, line 210]
Event: 20.149 Thread 0x000000001b91a000 Exception <a 'java/lang/ClassNotFoundException': org/gradle/internal/metaobject/ConfigureDelegateBeanInfo> (0x00000000d84b1e88) thrown at [C:\src\AOSP-openjdk-git\hotspot\src\share\vm\classfile\systemDictionary.cpp, line 210]
Event: 20.160 Thread 0x000000001b91a000 Exception <a 'java/lang/ClassNotFoundException': org/gradle/internal/metaobject/ConfigureDelegateCustomizer> (0x00000000d84e04c0) thrown at [C:\src\AOSP-openjdk-git\hotspot\src\share\vm\classfile\systemDictionary.cpp, line 210]
Event: 20.170 Thread 0x000000001b91a000 Exception <a 'java/lang/ClassNotFoundException': org/gradle/api/internal/initialization/DefaultScriptHandlerBeanInfo> (0x00000000d853ff50) thrown at [C:\src\AOSP-openjdk-git\hotspot\src\share\vm\classfile\systemDictionary.cpp, line 210]
Event: 20.171 Thread 0x000000001b91a000 Exception <a 'java/lang/ClassNotFoundException': org/gradle/api/internal/initialization/DefaultScriptHandlerCustomizer> (0x00000000d8576080) thrown at [C:\src\AOSP-openjdk-git\hotspot\src\share\vm\classfile\systemDictionary.cpp, line 210]
Event: 20.195 Thread 0x000000001b91a000 Exception <a 'java/lang/ClassNotFoundException': org/gradle/api/internal/project/DefaultProject_DecoratedBeanInfo> (0x00000000d8664a00) thrown at [C:\src\AOSP-openjdk-git\hotspot\src\share\vm\classfile\systemDictionary.cpp, line 210]
Event: 20.198 Thread 0x000000001b91a000 Exception <a 'java/lang/ClassNotFoundException': org/gradle/api/internal/project/DefaultProjectBeanInfo> (0x00000000d8692338) thrown at [C:\src\AOSP-openjdk-git\hotspot\src\share\vm\classfile\systemDictionary.cpp, line 210]
Event: 20.202 Thread 0x000000001b91a000 Exception <a 'java/lang/ClassNotFoundException': org/gradle/api/internal/project/DefaultProjectCustomizer> (0x00000000d86c1250) thrown at [C:\src\AOSP-openjdk-git\hotspot\src\share\vm\classfile\systemDictionary.cpp, line 210]
Event: 20.240 Thread 0x000000001b91a000 Exception <a 'java/lang/ClassNotFoundException': org/gradle/api/internal/project/DefaultProject_DecoratedCustomizer> (0x00000000d87c6a08) thrown at [C:\src\AOSP-openjdk-git\hotspot\src\share\vm\classfile\systemDictionary.cpp, line 210]

Events (10 events):
Event: 20.211 loading class sun/reflect/generics/tree/BooleanSignature
Event: 20.211 loading class sun/reflect/generics/tree/BooleanSignature done
Event: 20.238 loading class org/gradle/api/internal/project/DefaultProject_DecoratedCustomizer
Event: 20.238 loading class org/gradle/api/internal/project/DefaultProject_DecoratedCustomizer done
Event: 20.239 loading class org/gradle/api/internal/project/DefaultProject_DecoratedCustomizer
Event: 20.239 loading class org/gradle/api/internal/project/DefaultProject_DecoratedCustomizer done
Event: 20.239 loading class org/gradle/api/internal/project/DefaultProject_DecoratedCustomizer
Event: 20.239 loading class org/gradle/api/internal/project/DefaultProject_DecoratedCustomizer done
Event: 20.240 loading class org/gradle/api/internal/project/DefaultProject_DecoratedCustomizer
Event: 20.240 loading class org/gradle/api/internal/project/DefaultProject_DecoratedCustomizer done


Dynamic libraries:
0x00007ff627fd0000 - 0x00007ff628001000 	C:\Program Files\Android\Android Studio\jre\bin\java.exe
0x00007ffb0b060000 - 0x00007ffb0b250000 	C:\WINDOWS\SYSTEM32\ntdll.dll
0x00007ffb09720000 - 0x00007ffb097d2000 	C:\WINDOWS\System32\KERNEL32.DLL
0x00007ffb081f0000 - 0x00007ffb08495000 	C:\WINDOWS\System32\KERNELBASE.dll
0x00007ffb0a110000 - 0x00007ffb0a1b3000 	C:\WINDOWS\System32\ADVAPI32.dll
0x00007ffb0aa60000 - 0x00007ffb0aafe000 	C:\WINDOWS\System32\msvcrt.dll
0x00007ffb09860000 - 0x00007ffb098f7000 	C:\WINDOWS\System32\sechost.dll
0x00007ffb09110000 - 0x00007ffb09230000 	C:\WINDOWS\System32\RPCRT4.dll
0x00007ffb09410000 - 0x00007ffb095a5000 	C:\WINDOWS\System32\USER32.dll
0x00007ffb08e40000 - 0x00007ffb08e61000 	C:\WINDOWS\System32\win32u.dll
0x00007ffb0a960000 - 0x00007ffb0a986000 	C:\WINDOWS\System32\GDI32.dll
0x00007ffb08050000 - 0x00007ffb081e6000 	C:\WINDOWS\System32\gdi32full.dll
0x00007ffb08da0000 - 0x00007ffb08e3e000 	C:\WINDOWS\System32\msvcp_win.dll
0x00007ffb084d0000 - 0x00007ffb085ca000 	C:\WINDOWS\System32\ucrtbase.dll
0x00007ffafa720000 - 0x00007ffafa9a4000 	C:\WINDOWS\WinSxS\amd64_microsoft.windows.common-controls_6595b64144ccf1df_6.0.18362.1082_none_9e8193e1e45b25c1\COMCTL32.dll
0x00007ffb0ab00000 - 0x00007ffb0ae35000 	C:\WINDOWS\System32\combase.dll
0x00007ffb08fc0000 - 0x00007ffb09040000 	C:\WINDOWS\System32\bcryptPrimitives.dll
0x00007ffb096f0000 - 0x00007ffb0971e000 	C:\WINDOWS\System32\IMM32.DLL
0x0000000073850000 - 0x0000000073922000 	C:\Program Files\Android\Android Studio\jre\jre\bin\msvcr100.dll
0x0000000073bc0000 - 0x000000007440b000 	C:\Program Files\Android\Android Studio\jre\jre\bin\server\jvm.dll
0x00007ffb0ae40000 - 0x00007ffb0ae48000 	C:\WINDOWS\System32\PSAPI.DLL
0x00007ffaf4110000 - 0x00007ffaf4119000 	C:\WINDOWS\SYSTEM32\WSOCK32.dll
0x00007ffb09230000 - 0x00007ffb0929f000 	C:\WINDOWS\System32\WS2_32.dll
0x00007ffb06020000 - 0x00007ffb06044000 	C:\WINDOWS\SYSTEM32\WINMM.dll
0x00007ffaf9c90000 - 0x00007ffaf9c9a000 	C:\WINDOWS\SYSTEM32\VERSION.dll
0x00007ffb05ff0000 - 0x00007ffb0601d000 	C:\WINDOWS\SYSTEM32\WINMMBASE.dll
0x00007ffb08d50000 - 0x00007ffb08d9a000 	C:\WINDOWS\System32\cfgmgr32.dll
0x00007ffaf4100000 - 0x00007ffaf410f000 	C:\Program Files\Android\Android Studio\jre\jre\bin\verify.dll
0x00007ffaf3f90000 - 0x00007ffaf3fb9000 	C:\Program Files\Android\Android Studio\jre\jre\bin\java.dll
0x00007ffaf3f70000 - 0x00007ffaf3f86000 	C:\Program Files\Android\Android Studio\jre\jre\bin\zip.dll
0x00007ffb0a270000 - 0x00007ffb0a957000 	C:\WINDOWS\System32\SHELL32.dll
0x00007ffb0a050000 - 0x00007ffb0a0f9000 	C:\WINDOWS\System32\shcore.dll
0x00007ffb085d0000 - 0x00007ffb08d50000 	C:\WINDOWS\System32\windows.storage.dll
0x00007ffb07f80000 - 0x00007ffb07fa3000 	C:\WINDOWS\System32\profapi.dll
0x00007ffb07f30000 - 0x00007ffb07f7a000 	C:\WINDOWS\System32\powrprof.dll
0x00007ffb07f20000 - 0x00007ffb07f30000 	C:\WINDOWS\System32\UMPDC.dll
0x00007ffb09800000 - 0x00007ffb09852000 	C:\WINDOWS\System32\shlwapi.dll
0x00007ffb07fb0000 - 0x00007ffb07fc1000 	C:\WINDOWS\System32\kernel.appcore.dll
0x00007ffb090f0000 - 0x00007ffb09107000 	C:\WINDOWS\System32\cryptsp.dll
0x00007ffae4080000 - 0x00007ffae409a000 	C:\Program Files\Android\Android Studio\jre\jre\bin\net.dll
0x00007ffb07770000 - 0x00007ffb077d7000 	C:\WINDOWS\system32\mswsock.dll
0x00007ffadb080000 - 0x00007ffadb093000 	C:\Program Files\Android\Android Studio\jre\jre\bin\nio.dll
0x00007ffae4600000 - 0x00007ffae4627000 	C:\Users\David Adeyinka\.gradle\native\9f2fa17c089eee584f3420100432f77ec4c098959e4bf121a4d6054c26537dfb\windows-amd64\native-platform.dll
0x00007ffaf1c50000 - 0x00007ffaf1c5d000 	C:\Program Files\Android\Android Studio\jre\jre\bin\management.dll
0x00007ffb07280000 - 0x00007ffb072b3000 	C:\WINDOWS\system32\rsaenh.dll
0x00007ffb084a0000 - 0x00007ffb084c6000 	C:\WINDOWS\System32\bcrypt.dll
0x00007ffb07e00000 - 0x00007ffb07e25000 	C:\WINDOWS\SYSTEM32\USERENV.dll
0x00007ffb07940000 - 0x00007ffb0794c000 	C:\WINDOWS\SYSTEM32\CRYPTBASE.dll
0x00007ffb07480000 - 0x00007ffb074ba000 	C:\WINDOWS\SYSTEM32\IPHLPAPI.DLL
0x00007ffb0afb0000 - 0x00007ffb0afb8000 	C:\WINDOWS\System32\NSI.dll
0x00007ffafc260000 - 0x00007ffafc276000 	C:\WINDOWS\SYSTEM32\dhcpcsvc6.DLL
0x00007ffafc240000 - 0x00007ffafc25c000 	C:\WINDOWS\SYSTEM32\dhcpcsvc.DLL
0x00007ffb074c0000 - 0x00007ffb0758b000 	C:\WINDOWS\SYSTEM32\DNSAPI.dll
0x00007ffafc2f0000 - 0x00007ffafc2fb000 	C:\WINDOWS\SYSTEM32\WINNSI.DLL
0x00007ffadac20000 - 0x00007ffadadb6000 	C:\Users\David Adeyinka\.gradle\native\9f2fa17c089eee584f3420100432f77ec4c098959e4bf121a4d6054c26537dfb\windows-amd64\native-platform-file-events.dll

VM Arguments:
jvm_args: -Xmx2048m -Dfile.encoding=UTF-8 -Duser.country=GB -Duser.language=en -Duser.variant 
java_command: org.gradle.launcher.daemon.bootstrap.GradleDaemon 6.6.1
java_class_path (initial): C:\Gradle\gradle-6.6.1\lib\gradle-launcher-6.6.1.jar
Launcher Type: SUN_STANDARD

Environment Variables:
PATH=C:\Program Files (x86)\Common Files\Oracle\Java\javapath;C:\WINDOWS\system32;C:\WINDOWS;C:\WINDOWS\System32\Wbem;C:\WINDOWS\System32\WindowsPowerShell\v1.0\;C:\WINDOWS\System32\OpenSSH\;C:\Program Files (x86)\Git\cmd;C:\Program Files\nodejs\;c:\Program Files (x86)\Microsoft SQL Server\100\Tools\Binn\;c:\Program Files\Microsoft SQL Server\100\Tools\Binn\;c:\Program Files\Microsoft SQL Server\100\DTS\Binn\;C:\Go\bin;C:\Program Files\Microsoft VS Code\bin;C:\Users\David Adeyinka\AppData\Local\Programs\Python\Python37-32\Scripts\;C:\Users\David Adeyinka\AppData\Local\Programs\Python\Python37-32\;C:\Users\David Adeyinka\AppData\Local\Microsoft\WindowsApps;;C:\Program Files\JetBrains\IntelliJ IDEA Community Edition 2019.1.3\bin;;C:\Program Files\Microsoft VS Code\bin;C:\Users\David Adeyinka\AppData\Roaming\npm;C:\Users\David Adeyinka\go\bin
USERNAME=David Adeyinka
OS=Windows_NT
PROCESSOR_IDENTIFIER=Intel64 Family 6 Model 61 Stepping 4, GenuineIntel



---------------  S Y S T E M  ---------------

OS: Windows 10.0 , 64 bit Build 18362 (10.0.18362.1082)

CPU:total 4 (initial active 4) (2 cores per cpu, 2 threads per core) family 6 model 61 stepping 4, cmov, cx8, fxsr, mmx, sse, sse2, sse3, ssse3, sse4.1, sse4.2, popcnt, avx, avx2, aes, clmul, erms, 3dnowpref, lzcnt, ht, tsc, tscinvbit, bmi1, bmi2, adx

Memory: 4k page, physical 8277100k(1801912k free), swap 8277100k(5360k free)

vm_info: OpenJDK 64-Bit Server VM (25.242-b01) for windows-amd64 JRE (1.8.0_242-release-1644-b01), built by "builder" with MS VC++ 10.0 (VS2010)

time: Fri Jan 22 18:28:20 2021
timezone: W. Central Africa Standard Time
elapsed time: 20 seconds (0d 0h 0m 20s)

