#
# There is insufficient memory for the Java Runtime Environment to continue.
# Native memory allocation (malloc) failed to allocate 32744 bytes for ChunkPool::allocate
# Possible reasons:
#   The system is out of physical RAM or swap space
#   The process is running with CompressedOops enabled, and the Java Heap may be blocking the growth of the native heap
# Possible solutions:
#   Reduce memory load on the system
#   Increase physical memory or swap space
#   Check if swap backing store is full
#   Decrease Java heap size (-Xmx/-Xms)
#   Decrease number of Java threads
#   Decrease Java thread stack sizes (-Xss)
#   Set larger code cache with -XX:ReservedCodeCacheSize=
#   JVM is running with Unscaled Compressed Oops mode in which the Java heap is
#     placed in the first 4GB address space. The Java Heap base address is the
#     maximum limit for the native heap growth. Please use -XX:HeapBaseMinAddress
#     to set the Java Heap base and to place the Java Heap above 4GB virtual address.
# This output file may be truncated or incomplete.
#
#  Out of Memory Error (allocation.cpp:272), pid=12728, tid=0x0000000000003530
#
# JRE version: OpenJDK Runtime Environment (8.0_242-b01) (build 1.8.0_242-release-1644-b01)
# Java VM: OpenJDK 64-Bit Server VM (25.242-b01 mixed mode windows-amd64 compressed oops)
# Failed to write core dump. Minidumps are not enabled by default on client versions of Windows
#

---------------  T H R E A D  ---------------

Current thread (0x0000000002ae2800):  JavaThread "main" [_thread_in_vm, id=13616, stack(0x0000000002920000,0x0000000002a20000)]

Stack: [0x0000000002920000,0x0000000002a20000]
[error occurred during error reporting (printing stack bounds), id 0xc0000005]

Native frames: (J=compiled Java code, j=interpreted, Vv=VM code, C=native code)

Java frames: (J=compiled Java code, j=interpreted, Vv=VM code)
j  org.jetbrains.kotlin.cli.common.messages.AnalyzerWithCompilerReport$Companion.reportDiagnostic(Lorg/jetbrains/kotlin/diagnostics/Diagnostic;Lorg/jetbrains/kotlin/cli/common/messages/DiagnosticMessageReporter;)Z+54
j  org.jetbrains.kotlin.cli.common.messages.AnalyzerWithCompilerReport$Companion.reportDiagnostics(Lorg/jetbrains/kotlin/resolve/diagnostics/Diagnostics;Lorg/jetbrains/kotlin/cli/common/messages/DiagnosticMessageReporter;)Z+70
j  org.jetbrains.kotlin.cli.common.messages.AnalyzerWithCompilerReport$Companion.reportDiagnostics(Lorg/jetbrains/kotlin/resolve/diagnostics/Diagnostics;Lorg/jetbrains/kotlin/cli/common/messages/MessageCollector;)Z+28
j  org.jetbrains.kotlin.cli.common.messages.AnalyzerWithCompilerReport.analyzeAndReport(Ljava/util/Collection;Lkotlin/jvm/functions/Function0;)V+97
j  org.jetbrains.kotlin.cli.jvm.compiler.KotlinToJVMBytecodeCompiler.analyze(Lorg/jetbrains/kotlin/cli/jvm/compiler/KotlinCoreEnvironment;Ljava/lang/String;)Lorg/jetbrains/kotlin/analyzer/AnalysisResult;+157
j  org.jetbrains.kotlin.cli.jvm.compiler.KotlinToJVMBytecodeCompiler.compileModules$cli(Lorg/jetbrains/kotlin/cli/jvm/compiler/KotlinCoreEnvironment;Ljava/io/File;Ljava/util/List;)Z+208
j  org.jetbrains.kotlin.cli.jvm.K2JVMCompiler.doExecute(Lorg/jetbrains/kotlin/cli/common/arguments/K2JVMCompilerArguments;Lorg/jetbrains/kotlin/config/CompilerConfiguration;Lorg/jetbrains/kotlin/com/intellij/openapi/Disposable;Lorg/jetbrains/kotlin/utils/KotlinPaths;)Lorg/jetbrains/kotlin/cli/common/ExitCode;+1028
j  org.jetbrains.kotlin.cli.jvm.K2JVMCompiler.doExecute(Lorg/jetbrains/kotlin/cli/common/arguments/CommonCompilerArguments;Lorg/jetbrains/kotlin/config/CompilerConfiguration;Lorg/jetbrains/kotlin/com/intellij/openapi/Disposable;Lorg/jetbrains/kotlin/utils/KotlinPaths;)Lorg/jetbrains/kotlin/cli/common/ExitCode;+9
j  org.jetbrains.kotlin.cli.common.CLICompiler.execImpl(Lorg/jetbrains/kotlin/cli/common/messages/MessageCollector;Lorg/jetbrains/kotlin/config/Services;Lorg/jetbrains/kotlin/cli/common/arguments/CommonCompilerArguments;)Lorg/jetbrains/kotlin/cli/common/ExitCode;+191
j  org.jetbrains.kotlin.cli.common.CLICompiler.execImpl(Lorg/jetbrains/kotlin/cli/common/messages/MessageCollector;Lorg/jetbrains/kotlin/config/Services;Lorg/jetbrains/kotlin/cli/common/arguments/CommonToolArguments;)Lorg/jetbrains/kotlin/cli/common/ExitCode;+7
j  org.jetbrains.kotlin.cli.common.CLITool.exec(Lorg/jetbrains/kotlin/cli/common/messages/MessageCollector;Lorg/jetbrains/kotlin/config/Services;Lorg/jetbrains/kotlin/cli/common/arguments/CommonToolArguments;)Lorg/jetbrains/kotlin/cli/common/ExitCode;+76
j  org.jetbrains.kotlin.cli.common.CLITool.exec(Ljava/io/PrintStream;Lorg/jetbrains/kotlin/config/Services;Lorg/jetbrains/kotlin/cli/common/messages/MessageRenderer;[Ljava/lang/String;)Lorg/jetbrains/kotlin/cli/common/ExitCode;+209
j  org.jetbrains.kotlin.cli.common.CLITool.exec(Ljava/io/PrintStream;Lorg/jetbrains/kotlin/cli/common/messages/MessageRenderer;[Ljava/lang/String;)Lorg/jetbrains/kotlin/cli/common/ExitCode;+25
j  org.jetbrains.kotlin.cli.common.CLITool$Companion.doMainNoExit(Lorg/jetbrains/kotlin/cli/common/CLITool;[Ljava/lang/String;Lorg/jetbrains/kotlin/cli/common/messages/MessageRenderer;)Lorg/jetbrains/kotlin/cli/common/ExitCode;+39
j  org.jetbrains.kotlin.cli.common.CLITool$Companion.doMainNoExit$default(Lorg/jetbrains/kotlin/cli/common/CLITool$Companion;Lorg/jetbrains/kotlin/cli/common/CLITool;[Ljava/lang/String;Lorg/jetbrains/kotlin/cli/common/messages/MessageRenderer;ILjava/lang/Object;)Lorg/jetbrains/kotlin/cli/common/ExitCode;+16
j  org.jetbrains.kotlin.cli.common.CLITool$Companion.doMain(Lorg/jetbrains/kotlin/cli/common/CLITool;[Ljava/lang/String;)V+56
j  org.jetbrains.kotlin.cli.jvm.K2JVMCompiler$Companion.main([Ljava/lang/String;)V+20
j  org.jetbrains.kotlin.cli.jvm.K2JVMCompiler.main([Ljava/lang/String;)V+4
v  ~StubRoutines::call_stub

---------------  P R O C E S S  ---------------

Java Threads: ( => current thread )
  0x00000000190a2000 JavaThread "Service Thread" daemon [_thread_blocked, id=16328, stack(0x0000000019470000,0x0000000019570000)]
  0x0000000017735000 JavaThread "C1 CompilerThread2" daemon [_thread_blocked, id=12412, stack(0x0000000018f70000,0x0000000019070000)]
  0x000000001772d800 JavaThread "C2 CompilerThread1" daemon [_thread_in_native, id=11824, stack(0x0000000018e70000,0x0000000018f70000)]
  0x0000000017729800 JavaThread "C2 CompilerThread0" daemon [_thread_in_native, id=14596, stack(0x0000000018d70000,0x0000000018e70000)]
  0x0000000017728000 JavaThread "Attach Listener" daemon [_thread_blocked, id=200, stack(0x0000000018c70000,0x0000000018d70000)]
  0x0000000017725000 JavaThread "Signal Dispatcher" daemon [_thread_blocked, id=5760, stack(0x0000000018b70000,0x0000000018c70000)]
  0x0000000002bdc000 JavaThread "Finalizer" daemon [_thread_blocked, id=7540, stack(0x0000000018970000,0x0000000018a70000)]
  0x0000000017708800 JavaThread "Reference Handler" daemon [_thread_blocked, id=13768, stack(0x0000000018870000,0x0000000018970000)]
=>0x0000000002ae2800 JavaThread "main" [_thread_in_vm, id=13616, stack(0x0000000002920000,0x0000000002a20000)]

Other Threads:
  0x00000000176e6000 VMThread [stack: 0x0000000018770000,0x0000000018870000] [id=12228]
  0x00000000190a2800 WatcherThread [stack: 0x0000000019570000,0x0000000019670000] [id=13404]

VM state:not at safepoint (normal execution)

VM Mutex/Monitor currently owned by a thread: None

heap address: 0x0000000081a00000, size: 2022 MB, Compressed Oops mode: 32-bit
Narrow klass base: 0x0000000000000000, Narrow klass shift: 3
Compressed class space size: 1073741824 Address: 0x0000000100000000

Heap:
 PSYoungGen      total 99328K, used 79983K [0x00000000d5e00000, 0x00000000dd780000, 0x0000000100000000)
  eden space 83456K, 76% used [0x00000000d5e00000,0x00000000d9ca38c8,0x00000000daf80000)
  from space 15872K, 99% used [0x00000000dc280000,0x00000000dd1f8680,0x00000000dd200000)
  to   space 19456K, 0% used [0x00000000daf80000,0x00000000daf80000,0x00000000dc280000)
 ParOldGen       total 69120K, used 29014K [0x0000000081a00000, 0x0000000085d80000, 0x00000000d5e00000)
  object space 69120K, 41% used [0x0000000081a00000,0x0000000083655948,0x0000000085d80000)
 Metaspace       used 52519K, capacity 53502K, committed 53672K, reserved 1095680K
  class space    used 6476K, capacity 6760K, committed 6832K, reserved 1048576K

Card table byte_map: [0x0000000011fa0000,0x00000000123a0000] byte_map_base: 0x0000000011b93000

Marking Bits: (ParMarkBitMap*) 0x0000000065baf030
 Begin Bits: [0x0000000012a50000, 0x00000000149e8000)
 End Bits:   [0x00000000149e8000, 0x0000000016980000)

Polling page: 0x00000000007f0000

CodeCache: size=245760Kb used=22797Kb max_used=22797Kb free=222962Kb
 bounds [0x0000000002be0000, 0x0000000004240000, 0x0000000011be0000]
 total_blobs=6687 nmethods=6198 adapters=401
 compilation: enabled

Compilation events (10 events):
Event: 26.739 Thread 0x0000000017735000 6828   !   2       java.util.AbstractSet::equals (48 bytes)
Event: 26.740 Thread 0x0000000017735000 nmethod 6828 0x0000000004235e90 code [0x0000000004236020, 0x0000000004236348]
Event: 26.748 Thread 0x0000000017735000 6829       2       org.jetbrains.kotlin.psi.KtVisitorVoid::visitDotQualifiedExpression (10 bytes)
Event: 26.749 Thread 0x0000000017735000 nmethod 6829 0x0000000004236490 code [0x0000000004236620, 0x00000000042368a8]
Event: 26.749 Thread 0x0000000017735000 6830       2       org.jetbrains.kotlin.psi.KtVisitor::visitQualifiedExpression (16 bytes)
Event: 26.750 Thread 0x0000000017735000 nmethod 6830 0x0000000004236ad0 code [0x0000000004236c40, 0x0000000004236df8]
Event: 26.750 Thread 0x0000000017735000 6831       2       org.jetbrains.kotlin.psi.KtVisitorVoid::visitQualifiedExpression (17 bytes)
Event: 26.751 Thread 0x0000000017735000 nmethod 6831 0x0000000004236ed0 code [0x0000000004237060, 0x0000000004237278]
Event: 26.767 Thread 0x0000000017735000 6832       2       org.jetbrains.kotlin.com.intellij.util.CachedValueBase::getTimeStamp (157 bytes)
Event: 26.769 Thread 0x0000000017735000 nmethod 6832 0x00000000042373d0 code [0x0000000004237620, 0x0000000004237f68]

GC Heap History (10 events):
Event: 10.930 GC heap before
{Heap before GC invocations=6 (full 1):
 PSYoungGen      total 51200K, used 51190K [0x00000000d5e00000, 0x00000000da900000, 0x0000000100000000)
  eden space 46080K, 100% used [0x00000000d5e00000,0x00000000d8b00000,0x00000000d8b00000)
  from space 5120K, 99% used [0x00000000da400000,0x00000000da8fd970,0x00000000da900000)
  to   space 5120K, 0% used [0x00000000d9f00000,0x00000000d9f00000,0x00000000da400000)
 ParOldGen       total 69120K, used 11439K [0x0000000081a00000, 0x0000000085d80000, 0x00000000d5e00000)
  object space 69120K, 16% used [0x0000000081a00000,0x000000008252bf18,0x0000000085d80000)
 Metaspace       used 31487K, capacity 32011K, committed 32304K, reserved 1077248K
  class space    used 3971K, capacity 4117K, committed 4144K, reserved 1048576K
Event: 11.001 GC heap after
Heap after GC invocations=6 (full 1):
 PSYoungGen      total 71168K, used 5091K [0x00000000d5e00000, 0x00000000dbd80000, 0x0000000100000000)
  eden space 66048K, 0% used [0x00000000d5e00000,0x00000000d5e00000,0x00000000d9e80000)
  from space 5120K, 99% used [0x00000000d9f00000,0x00000000da3f8c70,0x00000000da400000)
  to   space 15872K, 0% used [0x00000000dae00000,0x00000000dae00000,0x00000000dbd80000)
 ParOldGen       total 69120K, used 22590K [0x0000000081a00000, 0x0000000085d80000, 0x00000000d5e00000)
  object space 69120K, 32% used [0x0000000081a00000,0x000000008300fb68,0x0000000085d80000)
 Metaspace       used 31487K, capacity 32011K, committed 32304K, reserved 1077248K
  class space    used 3971K, capacity 4117K, committed 4144K, reserved 1048576K
}
Event: 12.540 GC heap before
{Heap before GC invocations=7 (full 1):
 PSYoungGen      total 71168K, used 19487K [0x00000000d5e00000, 0x00000000dbd80000, 0x0000000100000000)
  eden space 66048K, 21% used [0x00000000d5e00000,0x00000000d6c0f298,0x00000000d9e80000)
  from space 5120K, 99% used [0x00000000d9f00000,0x00000000da3f8c70,0x00000000da400000)
  to   space 15872K, 0% used [0x00000000dae00000,0x00000000dae00000,0x00000000dbd80000)
 ParOldGen       total 69120K, used 22590K [0x0000000081a00000, 0x0000000085d80000, 0x00000000d5e00000)
  object space 69120K, 32% used [0x0000000081a00000,0x000000008300fb68,0x0000000085d80000)
 Metaspace       used 34732K, capacity 35280K, committed 35496K, reserved 1081344K
  class space    used 4373K, capacity 4515K, committed 4528K, reserved 1048576K
Event: 12.585 GC heap after
Heap after GC invocations=7 (full 1):
 PSYoungGen      total 82432K, used 9425K [0x00000000d5e00000, 0x00000000dd980000, 0x0000000100000000)
  eden space 66560K, 0% used [0x00000000d5e00000,0x00000000d5e00000,0x00000000d9f00000)
  from space 15872K, 59% used [0x00000000dae00000,0x00000000db7346f0,0x00000000dbd80000)
  to   space 15360K, 0% used [0x00000000d9f00000,0x00000000d9f00000,0x00000000dae00000)
 ParOldGen       total 69120K, used 22598K [0x0000000081a00000, 0x0000000085d80000, 0x00000000d5e00000)
  object space 69120K, 32% used [0x0000000081a00000,0x0000000083011b68,0x0000000085d80000)
 Metaspace       used 34732K, capacity 35280K, committed 35496K, reserved 1081344K
  class space    used 4373K, capacity 4515K, committed 4528K, reserved 1048576K
}
Event: 12.586 GC heap before
{Heap before GC invocations=8 (full 2):
 PSYoungGen      total 82432K, used 9425K [0x00000000d5e00000, 0x00000000dd980000, 0x0000000100000000)
  eden space 66560K, 0% used [0x00000000d5e00000,0x00000000d5e00000,0x00000000d9f00000)
  from space 15872K, 59% used [0x00000000dae00000,0x00000000db7346f0,0x00000000dbd80000)
  to   space 15360K, 0% used [0x00000000d9f00000,0x00000000d9f00000,0x00000000dae00000)
 ParOldGen       total 69120K, used 22598K [0x0000000081a00000, 0x0000000085d80000, 0x00000000d5e00000)
  object space 69120K, 32% used [0x0000000081a00000,0x0000000083011b68,0x0000000085d80000)
 Metaspace       used 34732K, capacity 35280K, committed 35496K, reserved 1081344K
  class space    used 4373K, capacity 4515K, committed 4528K, reserved 1048576K
Event: 12.973 GC heap after
Heap after GC invocations=8 (full 2):
 PSYoungGen      total 82432K, used 0K [0x00000000d5e00000, 0x00000000dd980000, 0x0000000100000000)
  eden space 66560K, 0% used [0x00000000d5e00000,0x00000000d5e00000,0x00000000d9f00000)
  from space 15872K, 0% used [0x00000000dae00000,0x00000000dae00000,0x00000000dbd80000)
  to   space 15360K, 0% used [0x00000000d9f00000,0x00000000d9f00000,0x00000000dae00000)
 ParOldGen       total 69120K, used 24854K [0x0000000081a00000, 0x0000000085d80000, 0x00000000d5e00000)
  object space 69120K, 35% used [0x0000000081a00000,0x0000000083245ad8,0x0000000085d80000)
 Metaspace       used 34732K, capacity 35280K, committed 35496K, reserved 1081344K
  class space    used 4373K, capacity 4515K, committed 4528K, reserved 1048576K
}
Event: 16.452 GC heap before
{Heap before GC invocations=9 (full 2):
 PSYoungGen      total 82432K, used 66560K [0x00000000d5e00000, 0x00000000dd980000, 0x0000000100000000)
  eden space 66560K, 100% used [0x00000000d5e00000,0x00000000d9f00000,0x00000000d9f00000)
  from space 15872K, 0% used [0x00000000dae00000,0x00000000dae00000,0x00000000dbd80000)
  to   space 15360K, 0% used [0x00000000d9f00000,0x00000000d9f00000,0x00000000dae00000)
 ParOldGen       total 69120K, used 24854K [0x0000000081a00000, 0x0000000085d80000, 0x00000000d5e00000)
  object space 69120K, 35% used [0x0000000081a00000,0x0000000083245ad8,0x0000000085d80000)
 Metaspace       used 39998K, capacity 40662K, committed 41128K, reserved 1085440K
  class space    used 4992K, capacity 5198K, committed 5296K, reserved 1048576K
Event: 16.486 GC heap after
Heap after GC invocations=9 (full 2):
 PSYoungGen      total 81920K, used 13230K [0x00000000d5e00000, 0x00000000dd200000, 0x0000000100000000)
  eden space 66560K, 0% used [0x00000000d5e00000,0x00000000d5e00000,0x00000000d9f00000)
  from space 15360K, 86% used [0x00000000d9f00000,0x00000000dabeb8c8,0x00000000dae00000)
  to   space 15872K, 0% used [0x00000000dc280000,0x00000000dc280000,0x00000000dd200000)
 ParOldGen       total 69120K, used 24862K [0x0000000081a00000, 0x0000000085d80000, 0x00000000d5e00000)
  object space 69120K, 35% used [0x0000000081a00000,0x0000000083247ad8,0x0000000085d80000)
 Metaspace       used 39998K, capacity 40662K, committed 41128K, reserved 1085440K
  class space    used 4992K, capacity 5198K, committed 5296K, reserved 1048576K
}
Event: 21.387 GC heap before
{Heap before GC invocations=10 (full 2):
 PSYoungGen      total 81920K, used 79790K [0x00000000d5e00000, 0x00000000dd200000, 0x0000000100000000)
  eden space 66560K, 100% used [0x00000000d5e00000,0x00000000d9f00000,0x00000000d9f00000)
  from space 15360K, 86% used [0x00000000d9f00000,0x00000000dabeb8c8,0x00000000dae00000)
  to   space 15872K, 0% used [0x00000000dc280000,0x00000000dc280000,0x00000000dd200000)
 ParOldGen       total 69120K, used 24862K [0x0000000081a00000, 0x0000000085d80000, 0x00000000d5e00000)
  object space 69120K, 35% used [0x0000000081a00000,0x0000000083247ad8,0x0000000085d80000)
 Metaspace       used 45667K, capacity 46416K, committed 46632K, reserved 1089536K
  class space    used 5607K, capacity 5869K, committed 5936K, reserved 1048576K
Event: 21.451 GC heap after
Heap after GC invocations=10 (full 2):
 PSYoungGen      total 99328K, used 15841K [0x00000000d5e00000, 0x00000000dd780000, 0x0000000100000000)
  eden space 83456K, 0% used [0x00000000d5e00000,0x00000000d5e00000,0x00000000daf80000)
  from space 15872K, 99% used [0x00000000dc280000,0x00000000dd1f8680,0x00000000dd200000)
  to   space 19456K, 0% used [0x00000000daf80000,0x00000000daf80000,0x00000000dc280000)
 ParOldGen       total 69120K, used 29014K [0x0000000081a00000, 0x0000000085d80000, 0x00000000d5e00000)
  object space 69120K, 41% used [0x0000000081a00000,0x0000000083655948,0x0000000085d80000)
 Metaspace       used 45667K, capacity 46416K, committed 46632K, reserved 1089536K
  class space    used 5607K, capacity 5869K, committed 5936K, reserved 1048576K
}

Deoptimization events (10 events):
Event: 25.472 Thread 0x0000000002ae2800 Uncommon trap: reason=class_check action=maybe_recompile pc=0x0000000003bd0c54 method=org.jetbrains.kotlin.types.checker.ClassicTypeSystemContext$DefaultImpls.asFlexibleType(Lorg/jetbrains/kotlin/types/checker/ClassicTypeSystemContext;Lorg/jetbrains/kotli
Event: 25.472 Thread 0x0000000002ae2800 Uncommon trap: reason=class_check action=maybe_recompile pc=0x0000000003b76304 method=org.jetbrains.kotlin.types.checker.ClassicTypeSystemContext$DefaultImpls.asFlexibleType(Lorg/jetbrains/kotlin/types/checker/ClassicTypeSystemContext;Lorg/jetbrains/kotli
Event: 25.677 Thread 0x0000000002ae2800 Uncommon trap: reason=class_check action=maybe_recompile pc=0x0000000003091ea0 method=org.jetbrains.kotlin.serialization.deserialization.descriptors.DeserializedMemberScope.getContributedClassifier(Lorg/jetbrains/kotlin/name/Name;Lorg/jetbrains/kotlin/inc
Event: 26.237 Thread 0x0000000002ae2800 Uncommon trap: reason=unstable_if action=reinterpret pc=0x0000000002e45550 method=java.util.HashMap.hash(Ljava/lang/Object;)I @ 1
Event: 26.237 Thread 0x0000000002ae2800 Uncommon trap: reason=unstable_if action=reinterpret pc=0x0000000002ed88a8 method=java.util.HashMap.hash(Ljava/lang/Object;)I @ 1
Event: 26.269 Thread 0x0000000002ae2800 Uncommon trap: reason=unstable_if action=reinterpret pc=0x000000000321cbf4 method=gnu.trove.TObjectHash.computeHashCode(Ljava/lang/Object;)I @ 1
Event: 26.295 Thread 0x0000000002ae2800 Uncommon trap: reason=unstable_if action=reinterpret pc=0x0000000003f13430 method=kotlin.collections.CollectionsKt__MutableCollectionsKt.addAll(Ljava/util/Collection;Ljava/lang/Iterable;)Z @ 18
Event: 26.349 Thread 0x0000000002ae2800 Uncommon trap: reason=bimorphic action=maybe_recompile pc=0x00000000038bda20 method=kotlin.collections.CollectionsKt___CollectionsKt.toList(Ljava/lang/Iterable;)Ljava/util/List; @ 71
Event: 26.349 Thread 0x0000000002ae2800 Uncommon trap: reason=bimorphic action=maybe_recompile pc=0x00000000038bda20 method=kotlin.collections.CollectionsKt___CollectionsKt.toList(Ljava/lang/Iterable;)Ljava/util/List; @ 71
Event: 26.350 Thread 0x0000000002ae2800 Uncommon trap: reason=bimorphic action=maybe_recompile pc=0x00000000038bda20 method=kotlin.collections.CollectionsKt___CollectionsKt.toList(Ljava/lang/Iterable;)Ljava/util/List; @ 71

Classes redefined (0 events):
No events

Internal exceptions (10 events):
Event: 23.238 Thread 0x0000000002ae2800 Exception <a 'java/lang/NoSuchMethodError': java.lang.Object.lambda$static$0()Lorg/jetbrains/kotlin/com/intellij/psi/PsiSubstitutor;> (0x00000000d7a6f8d8) thrown at [C:\src\AOSP-openjdk-git\hotspot\src\share\vm\interpreter\linkResolver.cpp, line 620]
Event: 23.315 Thread 0x0000000002ae2800 Exception <a 'java/lang/NoSuchMethodError': java.lang.Object.lambda$static$0(I)[Lorg/jetbrains/kotlin/com/intellij/psi/PsiImportStatementBase;> (0x00000000d7b76310) thrown at [C:\src\AOSP-openjdk-git\hotspot\src\share\vm\interpreter\linkResolver.cpp, line
Event: 23.347 Thread 0x0000000002ae2800 Exception <a 'java/lang/NoSuchMethodError': java.lang.Object.lambda$static$0(I)I> (0x00000000d7bc8690) thrown at [C:\src\AOSP-openjdk-git\hotspot\src\share\vm\interpreter\linkResolver.cpp, line 620]
Event: 23.367 Thread 0x0000000002ae2800 Exception <a 'java/lang/NoSuchMethodError': java.lang.Object.lambda$static$0(I)[Lorg/jetbrains/kotlin/com/intellij/psi/PsiParameter;> (0x00000000d7bfb470) thrown at [C:\src\AOSP-openjdk-git\hotspot\src\share\vm\interpreter\linkResolver.cpp, line 620]
Event: 23.528 Thread 0x0000000002ae2800 Exception <a 'java/lang/NoSuchMethodError': java.lang.Object.lambda$static$0(I)[Lorg/jetbrains/kotlin/com/intellij/psi/PsiNameValuePair;> (0x00000000d7d9f620) thrown at [C:\src\AOSP-openjdk-git\hotspot\src\share\vm\interpreter\linkResolver.cpp, line 620]
Event: 23.543 Thread 0x0000000002ae2800 Exception <a 'java/lang/NoSuchMethodError': java.lang.Object.lambda$static$0(I)[Lorg/jetbrains/kotlin/com/intellij/psi/PsiAnnotationMemberValue;> (0x00000000d7dbb370) thrown at [C:\src\AOSP-openjdk-git\hotspot\src\share\vm\interpreter\linkResolver.cpp, li
Event: 23.760 Thread 0x0000000002ae2800 Exception <a 'java/lang/IncompatibleClassChangeError': Found class java.lang.Object, but interface was expected> (0x00000000d7ebced8) thrown at [C:\src\AOSP-openjdk-git\hotspot\src\share\vm\interpreter\linkResolver.cpp, line 653]
Event: 26.237 Thread 0x0000000002ae2800 Implicit null exception at 0x0000000002e45355 to 0x0000000002e45541
Event: 26.237 Thread 0x0000000002ae2800 Implicit null exception at 0x0000000002ed882f to 0x0000000002ed8899
Event: 26.269 Thread 0x0000000002ae2800 Implicit null exception at 0x000000000321cb8c to 0x000000000321cbe6

Events (10 events):
Event: 26.777 loading class java/lang/StringIndexOutOfBoundsException
Event: 26.778 loading class java/lang/StringIndexOutOfBoundsException done
Event: 26.779 loading class org/jetbrains/kotlin/cli/common/messages/AnalyzerWithCompilerReport$MyDiagnostic
Event: 26.779 loading class org/jetbrains/kotlin/cli/common/messages/AnalyzerWithCompilerReport$MyDiagnostic done
Event: 26.780 loading class org/jetbrains/kotlin/diagnostics/SimpleDiagnostic
Event: 26.780 loading class org/jetbrains/kotlin/diagnostics/SimpleDiagnostic done
Event: 26.780 loading class org/jetbrains/kotlin/diagnostics/rendering/DefaultErrorMessages
Event: 26.780 loading class org/jetbrains/kotlin/diagnostics/rendering/DefaultErrorMessages done
Event: 26.786 loading class org/jetbrains/kotlin/diagnostics/rendering/DiagnosticParameterRenderer
Event: 26.786 loading class org/jetbrains/kotlin/diagnostics/rendering/DiagnosticParameterRenderer done


Dynamic libraries:
0x00007ff67fe70000 - 0x00007ff67fea1000 	C:\Program Files\Android\Android Studio\jre\jre\bin\java.exe
0x00007ff9c82e0000 - 0x00007ff9c84d0000 	C:\WINDOWS\SYSTEM32\ntdll.dll
0x00007ff9c8080000 - 0x00007ff9c8132000 	C:\WINDOWS\System32\KERNEL32.DLL
0x00007ff9c6090000 - 0x00007ff9c6335000 	C:\WINDOWS\System32\KERNELBASE.dll
0x00007ff9c71d0000 - 0x00007ff9c7273000 	C:\WINDOWS\System32\ADVAPI32.dll
0x00007ff9c6390000 - 0x00007ff9c642e000 	C:\WINDOWS\System32\msvcrt.dll
0x00007ff9c6d20000 - 0x00007ff9c6db7000 	C:\WINDOWS\System32\sechost.dll
0x00007ff9c7280000 - 0x00007ff9c73a0000 	C:\WINDOWS\System32\RPCRT4.dll
0x00007ff9c73a0000 - 0x00007ff9c7535000 	C:\WINDOWS\System32\USER32.dll
0x00007ff9c6340000 - 0x00007ff9c6361000 	C:\WINDOWS\System32\win32u.dll
0x00007ff9c6a80000 - 0x00007ff9c6aa6000 	C:\WINDOWS\System32\GDI32.dll
0x00007ff9c52f0000 - 0x00007ff9c5486000 	C:\WINDOWS\System32\gdi32full.dll
0x00007ff9c5ef0000 - 0x00007ff9c5f8e000 	C:\WINDOWS\System32\msvcp_win.dll
0x00007ff9c5c70000 - 0x00007ff9c5d6a000 	C:\WINDOWS\System32\ucrtbase.dll
0x00007ff9b7d10000 - 0x00007ff9b7f94000 	C:\WINDOWS\WinSxS\amd64_microsoft.windows.common-controls_6595b64144ccf1df_6.0.18362.1082_none_9e8193e1e45b25c1\COMCTL32.dll
0x00007ff9c6dc0000 - 0x00007ff9c70f5000 	C:\WINDOWS\System32\combase.dll
0x00007ff9c5270000 - 0x00007ff9c52f0000 	C:\WINDOWS\System32\bcryptPrimitives.dll
0x00007ff9c8210000 - 0x00007ff9c823e000 	C:\WINDOWS\System32\IMM32.DLL
0x0000000065150000 - 0x0000000065222000 	C:\Program Files\Android\Android Studio\jre\jre\bin\msvcr100.dll
0x00000000653e0000 - 0x0000000065c2b000 	C:\Program Files\Android\Android Studio\jre\jre\bin\server\jvm.dll
0x00007ff9c6430000 - 0x00007ff9c6438000 	C:\WINDOWS\System32\PSAPI.DLL
0x00007ff9c2d20000 - 0x00007ff9c2d29000 	C:\WINDOWS\SYSTEM32\WSOCK32.dll
0x00007ff9c2c50000 - 0x00007ff9c2c74000 	C:\WINDOWS\SYSTEM32\WINMM.dll
0x00007ff9b80b0000 - 0x00007ff9b80ba000 	C:\WINDOWS\SYSTEM32\VERSION.dll
0x00007ff9c7100000 - 0x00007ff9c716f000 	C:\WINDOWS\System32\WS2_32.dll
0x00007ff9c2c20000 - 0x00007ff9c2c4d000 	C:\WINDOWS\SYSTEM32\winmmbase.dll
0x00007ff9c5f90000 - 0x00007ff9c5fda000 	C:\WINDOWS\System32\cfgmgr32.dll
0x00007ff9c2cb0000 - 0x00007ff9c2cbf000 	C:\Program Files\Android\Android Studio\jre\jre\bin\verify.dll
0x00007ff9c11d0000 - 0x00007ff9c11f9000 	C:\Program Files\Android\Android Studio\jre\jre\bin\java.dll
0x00007ff9bef00000 - 0x00007ff9bef16000 	C:\Program Files\Android\Android Studio\jre\jre\bin\zip.dll
0x00007ff9c7710000 - 0x00007ff9c7df7000 	C:\WINDOWS\System32\SHELL32.dll
0x00007ff9c6c70000 - 0x00007ff9c6d19000 	C:\WINDOWS\System32\shcore.dll
0x00007ff9c54f0000 - 0x00007ff9c5c70000 	C:\WINDOWS\System32\windows.storage.dll
0x00007ff9c5240000 - 0x00007ff9c5263000 	C:\WINDOWS\System32\profapi.dll
0x00007ff9c51d0000 - 0x00007ff9c521a000 	C:\WINDOWS\System32\powrprof.dll
0x00007ff9c51a0000 - 0x00007ff9c51b0000 	C:\WINDOWS\System32\UMPDC.dll
0x00007ff9c8240000 - 0x00007ff9c8292000 	C:\WINDOWS\System32\shlwapi.dll
0x00007ff9c5220000 - 0x00007ff9c5231000 	C:\WINDOWS\System32\kernel.appcore.dll
0x00007ff9c6370000 - 0x00007ff9c6387000 	C:\WINDOWS\System32\cryptsp.dll
0x00007ff9beee0000 - 0x00007ff9beefa000 	C:\Program Files\Android\Android Studio\jre\jre\bin\net.dll
0x00007ff9c4990000 - 0x00007ff9c49f7000 	C:\WINDOWS\system32\mswsock.dll
0x00007ff9bebd0000 - 0x00007ff9bebe3000 	C:\Program Files\Android\Android Studio\jre\jre\bin\nio.dll

VM Arguments:
java_command: org.jetbrains.kotlin.cli.jvm.K2JVMCompiler @C:\Users\David Adeyinka\AndroidStudioProjects\ToDoPlanner\app\build\20210112_6966571592476470368.compiler.options
java_class_path (initial): C:\Users\David Adeyinka\.gradle\caches\modules-2\files-2.1\org.jetbrains.kotlin\kotlin-compiler-embeddable\1.4.10\38c4b99d5d5362debdd9302a866730379aa2328a\kotlin-compiler-embeddable-1.4.10.jar;C:\Users\David Adeyinka\.gradle\caches\modules-2\files-2.1\org.jetbrains.kotlin\kotlin-reflect\1.4.10\e2b3c6695eee6085e606d96d685396dce23a3a06\kotlin-reflect-1.4.10.jar;C:\Users\David Adeyinka\.gradle\caches\modules-2\files-2.1\org.jetbrains.kotlin\kotlin-stdlib\1.4.10\ea29e063d2bbe695be13e9d044dcfb0c7add398e\kotlin-stdlib-1.4.10.jar;C:\Users\David Adeyinka\.gradle\caches\modules-2\files-2.1\org.jetbrains.kotlin\kotlin-script-runtime\1.4.10\7c19d9c2001e016cd7664cebe9eea66fc04a7f4f\kotlin-script-runtime-1.4.10.jar;C:\Users\David Adeyinka\.gradle\caches\modules-2\files-2.1\org.jetbrains.kotlin\kotlin-daemon-embeddable\1.4.10\dbd67f42bed28043d17d7c860b06110a00a45970\kotlin-daemon-embeddable-1.4.10.jar;C:\Users\David Adeyinka\.gradle\caches\modules-2\files-2.1\org.jetbrains.intellij.deps\trove4j\1.0.20181211\216c2e14b070f334479d800987affe4054cd563f\trove4j-1.0.20181211.jar;C:\Users\David Adeyinka\.gradle\caches\modules-2\files-2.1\org.jetbrains.kotlin\kotlin-stdlib-common\1.4.10\6229be3465805c99db1142ad75e6c6ddeac0b04c\kotlin-stdlib-common-1.4.10.jar;C:\Users\David Adeyinka\.gradle\caches\modules-2\files-2.1\org.jetbrains\annotations\13.0\919f0dfe192fb4e063e7dacadee7f8bb9a2672a9\annotations-13.0.jar;C:\Program Files\Android\Android Studio\jre\lib\tools.jar
Launcher Type: SUN_STANDARD

Environment Variables:
PATH=C:\Program Files (x86)\Common Files\Oracle\Java\javapath;C:\WINDOWS\system32;C:\WINDOWS;C:\WINDOWS\System32\Wbem;C:\WINDOWS\System32\WindowsPowerShell\v1.0\;C:\WINDOWS\System32\OpenSSH\;C:\Program Files (x86)\Git\cmd;C:\Program Files\nodejs\;c:\Program Files (x86)\Microsoft SQL Server\100\Tools\Binn\;c:\Program Files\Microsoft SQL Server\100\Tools\Binn\;c:\Program Files\Microsoft SQL Server\100\DTS\Binn\;C:\Users\David Adeyinka\AppData\Local\Programs\Python\Python37-32\Scripts\;C:\Users\David Adeyinka\AppData\Local\Programs\Python\Python37-32\;C:\Users\David Adeyinka\AppData\Local\Microsoft\WindowsApps;;C:\Program Files\JetBrains\IntelliJ IDEA Community Edition 2019.1.3\bin;;C:\Program Files\Microsoft VS Code\bin;C:\Users\David Adeyinka\AppData\Roaming\npm
USERNAME=David Adeyinka
OS=Windows_NT
PROCESSOR_IDENTIFIER=Intel64 Family 6 Model 61 Stepping 4, GenuineIntel



---------------  S Y S T E M  ---------------

OS: Windows 10.0 , 64 bit Build 18362 (10.0.18362.1082)

CPU:total 4 (initial active 4) (2 cores per cpu, 2 threads per core) family 6 model 61 stepping 4, cmov, cx8, fxsr, mmx, sse, sse2, sse3, ssse3, sse4.1, sse4.2, popcnt, avx, avx2, aes, clmul, erms, 3dnowpref, lzcnt, ht, tsc, tscinvbit, bmi1, bmi2, adx

Memory: 4k page, physical 8277100k(900212k free), swap 8277100k(6384k free)

vm_info: OpenJDK 64-Bit Server VM (25.242-b01) for windows-amd64 JRE (1.8.0_242-release-1644-b01), built by "builder" with MS VC++ 10.0 (VS2010)

time: Tue Jan 12 22:05:12 2021
timezone: W. Central Africa Standard Time
elapsed time: 26 seconds (0d 0h 0m 26s)

