#
# There is insufficient memory for the Java Runtime Environment to continue.
# Native memory allocation (malloc) failed to allocate 1103536 bytes for Chunk::new
# Possible reasons:
#   The system is out of physical RAM or swap space
#   The process is running with CompressedOops enabled, and the Java Heap may be blocking the growth of the native heap
# Possible solutions:
#   Reduce memory load on the system
#   Increase physical memory or swap space
#   Check if swap backing store is full
#   Decrease Java heap size (-Xmx/-Xms)
#   Decrease number of Java threads
#   Decrease Java thread stack sizes (-Xss)
#   Set larger code cache with -XX:ReservedCodeCacheSize=
#   JVM is running with Unscaled Compressed Oops mode in which the Java heap is
#     placed in the first 4GB address space. The Java Heap base address is the
#     maximum limit for the native heap growth. Please use -XX:HeapBaseMinAddress
#     to set the Java Heap base and to place the Java Heap above 4GB virtual address.
# This output file may be truncated or incomplete.
#
#  Out of Memory Error (allocation.cpp:389), pid=8940, tid=0x0000000000002288
#
# JRE version: OpenJDK Runtime Environment (8.0_242-b01) (build 1.8.0_242-release-1644-b01)
# Java VM: OpenJDK 64-Bit Server VM (25.242-b01 mixed mode windows-amd64 compressed oops)
# Failed to write core dump. Minidumps are not enabled by default on client versions of Windows
#

---------------  T H R E A D  ---------------

Current thread (0x000000001759c000):  JavaThread "C2 CompilerThread1" daemon [_thread_in_native, id=8840, stack(0x0000000018ce0000,0x0000000018de0000)]

Stack: [0x0000000018ce0000,0x0000000018de0000]
[error occurred during error reporting (printing stack bounds), id 0xc0000005]

Native frames: (J=compiled Java code, j=interpreted, Vv=VM code, C=native code)


Current CompileTask:
C2: 127334 14861       4       com.android.tools.r8.p.n.B::a (548 bytes)


---------------  P R O C E S S  ---------------

Java Threads: ( => current thread )
  0x000000001bbc7800 JavaThread "WorkerExecutor Queue" [_thread_blocked, id=4140, stack(0x000000002beb0000,0x000000002bfb0000)]
  0x000000001bbc5000 JavaThread "Cache worker for execution history cache (C:\Users\David Adeyinka\AndroidStudioProjects\ToDoPlanner\.gradle\6.6.1\executionHistory)" [_thread_blocked, id=15472, stack(0x000000002b9b0000,0x000000002bab0000)]
  0x000000001bbc4800 JavaThread "Execution worker for ':' Thread 3" [_thread_blocked, id=5836, stack(0x000000002b8b0000,0x000000002b9b0000)]
  0x000000001bbc3800 JavaThread "Execution worker for ':' Thread 2" [_thread_blocked, id=9880, stack(0x000000002b7b0000,0x000000002b8b0000)]
  0x0000000019179800 JavaThread "Execution worker for ':'" [_thread_blocked, id=11620, stack(0x000000002b250000,0x000000002b350000)]
  0x0000000019178800 JavaThread "Cache worker for file content cache (C:\Users\David Adeyinka\AndroidStudioProjects\ToDoPlanner\.gradle\6.6.1\fileContent)" [_thread_blocked, id=11176, stack(0x000000002af50000,0x000000002b050000)]
  0x000000001917e000 JavaThread "Memory manager" [_thread_blocked, id=5820, stack(0x000000002ab90000,0x000000002ac90000)]
  0x000000001917b800 JavaThread "pool-1-thread-1" [_thread_blocked, id=15168, stack(0x0000000028730000,0x0000000028830000)]
  0x000000001a715000 JavaThread "Build operations Thread 4" [_thread_in_native, id=16712, stack(0x0000000022600000,0x0000000022700000)]
  0x000000001a716000 JavaThread "Build operations Thread 3" [_thread_blocked, id=6560, stack(0x0000000022500000,0x0000000022600000)]
  0x000000001a711800 JavaThread "Build operations Thread 2" [_thread_blocked, id=15048, stack(0x0000000022400000,0x0000000022500000)]
  0x000000001a70d800 JavaThread "Build operations" [_thread_in_native, id=11084, stack(0x0000000022300000,0x0000000022400000)]
  0x000000001a70e800 JavaThread "Cache worker for Build Output Cleanup Cache (C:\Users\David Adeyinka\AndroidStudioProjects\ToDoPlanner\.gradle\buildOutputCleanup)" [_thread_blocked, id=6188, stack(0x0000000022000000,0x0000000022100000)]
  0x0000000019ba1800 JavaThread "Cache worker for file content cache (C:\Users\David Adeyinka\.gradle\caches\6.6.1\fileContent)" [_thread_blocked, id=14432, stack(0x0000000021900000,0x0000000021a00000)]
  0x0000000019ba3000 JavaThread "Cache worker for execution history cache (C:\Users\David Adeyinka\.gradle\caches\6.6.1\executionHistory)" [_thread_blocked, id=2920, stack(0x0000000021100000,0x0000000021200000)]
  0x0000000019b9f800 JavaThread "Cache worker for cache directory md-rule (C:\Users\David Adeyinka\.gradle\caches\6.6.1\md-rule)" [_thread_blocked, id=12800, stack(0x0000000021000000,0x0000000021100000)]
  0x0000000019ba6000 JavaThread "Cache worker for cache directory md-supplier (C:\Users\David Adeyinka\.gradle\caches\6.6.1\md-supplier)" [_thread_blocked, id=17352, stack(0x000000001fb10000,0x000000001fc10000)]
  0x0000000019ba4800 JavaThread "Cache worker for checksums cache (C:\Users\David Adeyinka\AndroidStudioProjects\ToDoPlanner\.gradle\checksums)" [_thread_blocked, id=4488, stack(0x000000001fa10000,0x000000001fb10000)]
  0x0000000019ba5800 JavaThread "Cache worker for file hash cache (C:\Users\David Adeyinka\AndroidStudioProjects\ToDoPlanner\.gradle\6.6.1\fileHashes)" [_thread_blocked, id=17080, stack(0x0000000020f00000,0x0000000021000000)]
  0x0000000019ba4000 JavaThread "Cache worker for journal cache (C:\Users\David Adeyinka\.gradle\caches\journal-1)" [_thread_blocked, id=7368, stack(0x000000001d570000,0x000000001d670000)]
  0x0000000019ba1000 JavaThread "File lock request listener" [_thread_in_native, id=10588, stack(0x000000001d470000,0x000000001d570000)]
  0x0000000019cae000 JavaThread "Cache worker for file hash cache (C:\Users\David Adeyinka\.gradle\caches\6.6.1\fileHashes)" [_thread_blocked, id=10168, stack(0x000000001d370000,0x000000001d470000)]
  0x000000001a339000 JavaThread "Thread-9" [_thread_blocked, id=9232, stack(0x000000001d070000,0x000000001d170000)]
  0x000000001a258800 JavaThread "Asynchronous log dispatcher for DefaultDaemonConnection: socket connection from /127.0.0.1:18586 to /127.0.0.1:18587" [_thread_blocked, id=17224, stack(0x000000001ce70000,0x000000001cf70000)]
  0x000000001a257800 JavaThread "Daemon worker" [_thread_blocked, id=12072, stack(0x000000001cd70000,0x000000001ce70000)]
  0x000000001a34d000 JavaThread "Cancel handler" [_thread_blocked, id=11260, stack(0x000000001cc70000,0x000000001cd70000)]
  0x000000001a2e8800 JavaThread "Handler for socket connection from /127.0.0.1:18586 to /127.0.0.1:18587" [_thread_in_native, id=3380, stack(0x000000001cb70000,0x000000001cc70000)]
  0x000000001b14e000 JavaThread "Daemon" [_thread_blocked, id=9824, stack(0x000000001ca70000,0x000000001cb70000)]
  0x00000000197f2800 JavaThread "Daemon periodic checks" [_thread_blocked, id=14396, stack(0x000000001c770000,0x000000001c870000)]
  0x0000000018fb3800 JavaThread "Incoming local TCP Connector on port 18586" [_thread_in_native, id=5300, stack(0x000000001c530000,0x000000001c630000)]
  0x000000001b138000 JavaThread "Daemon health stats" [_thread_blocked, id=13588, stack(0x00000000194e0000,0x00000000195e0000)]
  0x0000000018f18800 JavaThread "Service Thread" daemon [_thread_blocked, id=13516, stack(0x00000000192e0000,0x00000000193e0000)]
  0x00000000175aa000 JavaThread "C1 CompilerThread2" daemon [_thread_blocked, id=9028, stack(0x0000000018de0000,0x0000000018ee0000)]
=>0x000000001759c000 JavaThread "C2 CompilerThread1" daemon [_thread_in_native, id=8840, stack(0x0000000018ce0000,0x0000000018de0000)]
  0x0000000017596000 JavaThread "C2 CompilerThread0" daemon [_thread_blocked, id=5060, stack(0x0000000018be0000,0x0000000018ce0000)]
  0x0000000017594800 JavaThread "Attach Listener" daemon [_thread_blocked, id=11092, stack(0x0000000018ae0000,0x0000000018be0000)]
  0x0000000017593000 JavaThread "Signal Dispatcher" daemon [_thread_blocked, id=11420, stack(0x00000000189e0000,0x0000000018ae0000)]
  0x000000000288b000 JavaThread "Finalizer" daemon [_thread_blocked, id=3636, stack(0x00000000187e0000,0x00000000188e0000)]
  0x0000000017579000 JavaThread "Reference Handler" daemon [_thread_blocked, id=14588, stack(0x00000000186e0000,0x00000000187e0000)]
  0x0000000000a6e800 JavaThread "main" [_thread_blocked, id=13184, stack(0x0000000000ed0000,0x0000000000fd0000)]

Other Threads:
  0x0000000017556000 VMThread [stack: 0x00000000185e0000,0x00000000186e0000] [id=16852]
  0x00000000175ed800 WatcherThread [stack: 0x00000000193e0000,0x00000000194e0000] [id=16632]

VM state:not at safepoint (normal execution)

VM Mutex/Monitor currently owned by a thread: None

OutOfMemory and StackOverflow Exception counts:
OutOfMemoryError java_heap_errors=1

heap address: 0x0000000080000000, size: 2048 MB, Compressed Oops mode: 32-bit
Narrow klass base: 0x0000000000000000, Narrow klass shift: 3
Compressed class space size: 1073741824 Address: 0x0000000100000000

Heap:
 PSYoungGen      total 361472K, used 121012K [0x00000000d5580000, 0x00000000eee00000, 0x0000000100000000)
  eden space 317440K, 28% used [0x00000000d5580000,0x00000000dae35e38,0x00000000e8b80000)
  from space 44032K, 68% used [0x00000000e8b80000,0x00000000ea8f7410,0x00000000eb680000)
  to   space 45568K, 0% used [0x00000000ec180000,0x00000000ec180000,0x00000000eee00000)
 ParOldGen       total 130048K, used 94403K [0x0000000080000000, 0x0000000087f00000, 0x00000000d5580000)
  object space 130048K, 72% used [0x0000000080000000,0x0000000085c30e08,0x0000000087f00000)
 Metaspace       used 82201K, capacity 86494K, committed 87040K, reserved 1124352K
  class space    used 11094K, capacity 11887K, committed 12032K, reserved 1048576K

Card table byte_map: [0x0000000011d30000,0x0000000012140000] byte_map_base: 0x0000000011930000

Marking Bits: (ParMarkBitMap*) 0x0000000065baf030
 Begin Bits: [0x00000000127f0000, 0x00000000147f0000)
 End Bits:   [0x00000000147f0000, 0x00000000167f0000)

Polling page: 0x0000000000a70000

CodeCache: size=245760Kb used=44992Kb max_used=45046Kb free=200767Kb
 bounds [0x0000000002970000, 0x00000000055a0000, 0x0000000011970000]
 total_blobs=13102 nmethods=12284 adapters=727
 compilation: disabled (not enough contiguous free space left)

Compilation events (10 events):
Event: 126.482 Thread 0x00000000175aa000 nmethod 14880 0x000000000557db10 code [0x000000000557dc60, 0x000000000557dd70]
Event: 126.503 Thread 0x00000000175aa000 14882       1       org.gradle.internal.fingerprint.impl.DefaultCurrentFileCollectionFingerprint::getFingerprints (5 bytes)
Event: 126.503 Thread 0x00000000175aa000 nmethod 14882 0x000000000557d850 code [0x000000000557d9a0, 0x000000000557dab0]
Event: 126.504 Thread 0x00000000175aa000 14883       1       org.gradle.internal.fingerprint.impl.DefaultFileSystemLocationFingerprint::getNormalizedPath (5 bytes)
Event: 126.504 Thread 0x00000000175aa000 nmethod 14883 0x000000000557d590 code [0x000000000557d6e0, 0x000000000557d7f0]
Event: 126.504 Thread 0x00000000175aa000 14884       1       org.gradle.internal.execution.history.impl.DefaultOutputFilesRepository::access$000 (5 bytes)
Event: 126.504 Thread 0x00000000175aa000 nmethod 14884 0x00000000055906d0 code [0x0000000005590820, 0x0000000005590910]
Event: 126.516 Thread 0x00000000175aa000 14885       1       com.android.tools.r8.s.b.Z0::I2 (3 bytes)
Event: 126.516 Thread 0x00000000175aa000 nmethod 14885 0x0000000005590410 code [0x0000000005590560, 0x0000000005590670]
Event: 126.758 Thread 0x0000000017596000 


GC Heap History (10 events):
Event: 106.785 GC heap before
{Heap before GC invocations=37 (full 18):
 PSYoungGen      total 335872K, used 309629K [0x00000000d5580000, 0x00000000ec580000, 0x0000000100000000)
  eden space 299008K, 100% used [0x00000000d5580000,0x00000000e7980000,0x00000000e7980000)
  from space 36864K, 28% used [0x00000000ea180000,0x00000000eabdf788,0x00000000ec580000)
  to   space 38912K, 0% used [0x00000000e7980000,0x00000000e7980000,0x00000000e9f80000)
 ParOldGen       total 130048K, used 94387K [0x0000000080000000, 0x0000000087f00000, 0x00000000d5580000)
  object space 130048K, 72% used [0x0000000080000000,0x0000000085c2ce08,0x0000000087f00000)
 Metaspace       used 82093K, capacity 86342K, committed 86784K, reserved 1124352K
  class space    used 11093K, capacity 11885K, committed 12032K, reserved 1048576K
Event: 106.827 GC heap after
Heap after GC invocations=37 (full 18):
 PSYoungGen      total 337920K, used 20449K [0x00000000d5580000, 0x00000000ed080000, 0x0000000100000000)
  eden space 299008K, 0% used [0x00000000d5580000,0x00000000d5580000,0x00000000e7980000)
  from space 38912K, 52% used [0x00000000e7980000,0x00000000e8d78730,0x00000000e9f80000)
  to   space 38912K, 0% used [0x00000000eaa80000,0x00000000eaa80000,0x00000000ed080000)
 ParOldGen       total 130048K, used 94387K [0x0000000080000000, 0x0000000087f00000, 0x00000000d5580000)
  object space 130048K, 72% used [0x0000000080000000,0x0000000085c2ce08,0x0000000087f00000)
 Metaspace       used 82093K, capacity 86342K, committed 86784K, reserved 1124352K
  class space    used 11093K, capacity 11885K, committed 12032K, reserved 1048576K
}
Event: 108.304 GC heap before
{Heap before GC invocations=38 (full 18):
 PSYoungGen      total 337920K, used 319457K [0x00000000d5580000, 0x00000000ed080000, 0x0000000100000000)
  eden space 299008K, 100% used [0x00000000d5580000,0x00000000e7980000,0x00000000e7980000)
  from space 38912K, 52% used [0x00000000e7980000,0x00000000e8d78730,0x00000000e9f80000)
  to   space 38912K, 0% used [0x00000000eaa80000,0x00000000eaa80000,0x00000000ed080000)
 ParOldGen       total 130048K, used 94387K [0x0000000080000000, 0x0000000087f00000, 0x00000000d5580000)
  object space 130048K, 72% used [0x0000000080000000,0x0000000085c2ce08,0x0000000087f00000)
 Metaspace       used 82147K, capacity 86352K, committed 86784K, reserved 1124352K
  class space    used 11094K, capacity 11886K, committed 12032K, reserved 1048576K
Event: 108.386 GC heap after
Heap after GC invocations=38 (full 18):
 PSYoungGen      total 345600K, used 32012K [0x00000000d5580000, 0x00000000eda00000, 0x0000000100000000)
  eden space 306688K, 0% used [0x00000000d5580000,0x00000000d5580000,0x00000000e8100000)
  from space 38912K, 82% used [0x00000000eaa80000,0x00000000ec9c30c0,0x00000000ed080000)
  to   space 42496K, 0% used [0x00000000e8100000,0x00000000e8100000,0x00000000eaa80000)
 ParOldGen       total 130048K, used 94387K [0x0000000080000000, 0x0000000087f00000, 0x00000000d5580000)
  object space 130048K, 72% used [0x0000000080000000,0x0000000085c2ce08,0x0000000087f00000)
 Metaspace       used 82147K, capacity 86352K, committed 86784K, reserved 1124352K
  class space    used 11094K, capacity 11886K, committed 12032K, reserved 1048576K
}
Event: 112.021 GC heap before
{Heap before GC invocations=39 (full 18):
 PSYoungGen      total 345600K, used 338700K [0x00000000d5580000, 0x00000000eda00000, 0x0000000100000000)
  eden space 306688K, 100% used [0x00000000d5580000,0x00000000e8100000,0x00000000e8100000)
  from space 38912K, 82% used [0x00000000eaa80000,0x00000000ec9c30c0,0x00000000ed080000)
  to   space 42496K, 0% used [0x00000000e8100000,0x00000000e8100000,0x00000000eaa80000)
 ParOldGen       total 130048K, used 94387K [0x0000000080000000, 0x0000000087f00000, 0x00000000d5580000)
  object space 130048K, 72% used [0x0000000080000000,0x0000000085c2ce08,0x0000000087f00000)
 Metaspace       used 82155K, capacity 86356K, committed 86784K, reserved 1124352K
  class space    used 11094K, capacity 11886K, committed 12032K, reserved 1048576K
Event: 112.104 GC heap after
Heap after GC invocations=39 (full 18):
 PSYoungGen      total 349184K, used 27390K [0x00000000d5580000, 0x00000000ee300000, 0x0000000100000000)
  eden space 306688K, 0% used [0x00000000d5580000,0x00000000d5580000,0x00000000e8100000)
  from space 42496K, 64% used [0x00000000e8100000,0x00000000e9bbfaa8,0x00000000eaa80000)
  to   space 43520K, 0% used [0x00000000eb880000,0x00000000eb880000,0x00000000ee300000)
 ParOldGen       total 130048K, used 94387K [0x0000000080000000, 0x0000000087f00000, 0x00000000d5580000)
  object space 130048K, 72% used [0x0000000080000000,0x0000000085c2ce08,0x0000000087f00000)
 Metaspace       used 82155K, capacity 86356K, committed 86784K, reserved 1124352K
  class space    used 11094K, capacity 11886K, committed 12032K, reserved 1048576K
}
Event: 118.953 GC heap before
{Heap before GC invocations=40 (full 18):
 PSYoungGen      total 349184K, used 334078K [0x00000000d5580000, 0x00000000ee300000, 0x0000000100000000)
  eden space 306688K, 100% used [0x00000000d5580000,0x00000000e8100000,0x00000000e8100000)
  from space 42496K, 64% used [0x00000000e8100000,0x00000000e9bbfaa8,0x00000000eaa80000)
  to   space 43520K, 0% used [0x00000000eb880000,0x00000000eb880000,0x00000000ee300000)
 ParOldGen       total 130048K, used 94387K [0x0000000080000000, 0x0000000087f00000, 0x00000000d5580000)
  object space 130048K, 72% used [0x0000000080000000,0x0000000085c2ce08,0x0000000087f00000)
 Metaspace       used 82165K, capacity 86420K, committed 86784K, reserved 1124352K
  class space    used 11094K, capacity 11886K, committed 12032K, reserved 1048576K
Event: 118.991 GC heap after
Heap after GC invocations=40 (full 18):
 PSYoungGen      total 359424K, used 25567K [0x00000000d5580000, 0x00000000ee180000, 0x0000000100000000)
  eden space 317440K, 0% used [0x00000000d5580000,0x00000000d5580000,0x00000000e8b80000)
  from space 41984K, 60% used [0x00000000eb880000,0x00000000ed177dd0,0x00000000ee180000)
  to   space 44032K, 0% used [0x00000000e8b80000,0x00000000e8b80000,0x00000000eb680000)
 ParOldGen       total 130048K, used 94395K [0x0000000080000000, 0x0000000087f00000, 0x00000000d5580000)
  object space 130048K, 72% used [0x0000000080000000,0x0000000085c2ee08,0x0000000087f00000)
 Metaspace       used 82165K, capacity 86420K, committed 86784K, reserved 1124352K
  class space    used 11094K, capacity 11886K, committed 12032K, reserved 1048576K
}
Event: 125.710 GC heap before
{Heap before GC invocations=41 (full 18):
 PSYoungGen      total 359424K, used 343007K [0x00000000d5580000, 0x00000000ee180000, 0x0000000100000000)
  eden space 317440K, 100% used [0x00000000d5580000,0x00000000e8b80000,0x00000000e8b80000)
  from space 41984K, 60% used [0x00000000eb880000,0x00000000ed177dd0,0x00000000ee180000)
  to   space 44032K, 0% used [0x00000000e8b80000,0x00000000e8b80000,0x00000000eb680000)
 ParOldGen       total 130048K, used 94395K [0x0000000080000000, 0x0000000087f00000, 0x00000000d5580000)
  object space 130048K, 72% used [0x0000000080000000,0x0000000085c2ee08,0x0000000087f00000)
 Metaspace       used 82194K, capacity 86488K, committed 87040K, reserved 1124352K
  class space    used 11094K, capacity 11886K, committed 12032K, reserved 1048576K
Event: 125.778 GC heap after
Heap after GC invocations=41 (full 18):
 PSYoungGen      total 361472K, used 30173K [0x00000000d5580000, 0x00000000eee00000, 0x0000000100000000)
  eden space 317440K, 0% used [0x00000000d5580000,0x00000000d5580000,0x00000000e8b80000)
  from space 44032K, 68% used [0x00000000e8b80000,0x00000000ea8f7410,0x00000000eb680000)
  to   space 45568K, 0% used [0x00000000ec180000,0x00000000ec180000,0x00000000eee00000)
 ParOldGen       total 130048K, used 94403K [0x0000000080000000, 0x0000000087f00000, 0x00000000d5580000)
  object space 130048K, 72% used [0x0000000080000000,0x0000000085c30e08,0x0000000087f00000)
 Metaspace       used 82194K, capacity 86488K, committed 87040K, reserved 1124352K
  class space    used 11094K, capacity 11886K, committed 12032K, reserved 1048576K
}

Deoptimization events (10 events):
Event: 105.841 Thread 0x000000001a715000 Uncommon trap: reason=unstable_if action=reinterpret pc=0x000000000509c728 method=com.android.tools.r8.ir.regalloc.a.a(Lcom/android/tools/r8/ir/regalloc/a$a;Z)Lcom/android/tools/r8/ir/regalloc/a$a; @ 2282
Event: 107.472 Thread 0x000000001a70d800 Uncommon trap: reason=unstable_if action=reinterpret pc=0x00000000032e1910 method=java.util.HashMap.getNode(ILjava/lang/Object;)Ljava/util/HashMap$Node; @ 84
Event: 108.940 Thread 0x000000001a715000 Uncommon trap: reason=unstable_if action=reinterpret pc=0x0000000004fd1dec method=com.android.tools.r8.t.a.a.a.f.X$e.contains(Ljava/lang/Object;)Z @ 176
Event: 124.548 Thread 0x000000001a711800 Uncommon trap: reason=unstable_if action=reinterpret pc=0x00000000042aa344 method=com.android.tools.r8.ir.conversion.o.a(ILcom/android/tools/r8/graph/Z;)Lcom/android/tools/r8/ir/conversion/n; @ 254
Event: 125.523 Thread 0x000000001a716000 Uncommon trap: reason=unstable_if action=reinterpret pc=0x00000000043d2dfc method=com.android.tools.r8.z.a.a.B.a()Ljava/lang/String; @ 34
Event: 125.987 Thread 0x000000001a711800 Uncommon trap: reason=class_check action=maybe_recompile pc=0x0000000005031554 method=com.android.tools.r8.ir.optimize.l.p(Lcom/android/tools/r8/s/b/X;)V @ 117
Event: 126.069 Thread 0x000000001a711800 Uncommon trap: reason=class_check action=maybe_recompile pc=0x0000000005031554 method=com.android.tools.r8.ir.optimize.l.p(Lcom/android/tools/r8/s/b/X;)V @ 117
Event: 126.311 Thread 0x000000001a711800 Uncommon trap: reason=unstable_if action=reinterpret pc=0x0000000004617a44 method=com.android.tools.r8.graph.K.a(IILcom/android/tools/r8/s/b/k0;)V @ 921
Event: 126.325 Thread 0x000000001a711800 Uncommon trap: reason=unstable_if action=reinterpret pc=0x000000000554c4e0 method=com.android.tools.r8.ir.optimize.E.doHash(Ljava/lang/Object;)I @ 21
Event: 127.320 Thread 0x000000001a70d800 Uncommon trap: reason=class_check action=maybe_recompile pc=0x0000000003608640 method=java.lang.Throwable.<init>(Ljava/lang/String;Ljava/lang/Throwable;)V @ 24

Classes redefined (0 events):
No events

Internal exceptions (10 events):
Event: 125.333 Thread 0x000000001a716000 Exception <a 'sun/nio/fs/WindowsException'> (0x00000000e50711c0) thrown at [C:\src\AOSP-openjdk-git\hotspot\src\share\vm\prims\jni.cpp, line 710]
Event: 125.518 Thread 0x000000001a716000 Exception <a 'sun/nio/fs/WindowsException'> (0x00000000e659daf8) thrown at [C:\src\AOSP-openjdk-git\hotspot\src\share\vm\prims\jni.cpp, line 710]
Event: 125.570 Thread 0x000000001a70d800 Exception <a 'sun/nio/fs/WindowsException'> (0x00000000e6fef420) thrown at [C:\src\AOSP-openjdk-git\hotspot\src\share\vm\prims\jni.cpp, line 710]
Event: 125.589 Thread 0x000000001a711800 Exception <a 'sun/nio/fs/WindowsException'> (0x00000000e69bc3d8) thrown at [C:\src\AOSP-openjdk-git\hotspot\src\share\vm\prims\jni.cpp, line 710]
Event: 125.831 Thread 0x000000001a70d800 Exception <a 'sun/nio/fs/WindowsException'> (0x00000000d59eed10) thrown at [C:\src\AOSP-openjdk-git\hotspot\src\share\vm\prims\jni.cpp, line 710]
Event: 126.274 Thread 0x000000001a716000 Exception <a 'sun/nio/fs/WindowsException'> (0x00000000d7e97d18) thrown at [C:\src\AOSP-openjdk-git\hotspot\src\share\vm\prims\jni.cpp, line 710]
Event: 127.095 Thread 0x000000001a715000 Exception <a 'sun/nio/fs/WindowsException'> (0x00000000d9e92380) thrown at [C:\src\AOSP-openjdk-git\hotspot\src\share\vm\prims\jni.cpp, line 710]
Event: 127.127 Thread 0x000000001a711800 Exception <a 'sun/nio/fs/WindowsException'> (0x00000000da089328) thrown at [C:\src\AOSP-openjdk-git\hotspot\src\share\vm\prims\jni.cpp, line 710]
Event: 127.190 Thread 0x000000001a715000 Exception <a 'sun/nio/fs/WindowsException'> (0x00000000dab2ea60) thrown at [C:\src\AOSP-openjdk-git\hotspot\src\share\vm\prims\jni.cpp, line 710]
Event: 127.316 Thread 0x000000001a70d800 Exception <a 'java/lang/OutOfMemoryError'> (0x00000000dab764e8) thrown at [C:\src\AOSP-openjdk-git\hotspot\src\share\vm\prims\jni.cpp, line 737]

Events (10 events):
Event: 126.360 Thread 0x00000000175aa000 flushing nmethod 0x0000000004db5610
Event: 127.316 loading class org/gradle/internal/Try
Event: 127.316 loading class org/gradle/internal/Try done
Event: 127.316 loading class org/gradle/internal/Try
Event: 127.316 loading class org/gradle/internal/Try done
Event: 127.316 loading class org/gradle/internal/execution/Result
Event: 127.316 loading class org/gradle/internal/execution/Result done
Event: 127.320 Thread 0x000000001a70d800 Uncommon trap: trap_request=0xffffffde fr.pc=0x0000000003608640
Event: 127.320 Thread 0x000000001a70d800 DEOPT PACKING pc=0x0000000003608640 sp=0x00000000223fd480
Event: 127.320 Thread 0x000000001a70d800 DEOPT UNPACKING pc=0x00000000029b557b sp=0x00000000223fd450 mode 2


Dynamic libraries:
0x00007ff6ebd00000 - 0x00007ff6ebd31000 	C:\Program Files\Android\Android Studio\jre\bin\java.exe
0x00007ff9c82e0000 - 0x00007ff9c84d0000 	C:\WINDOWS\SYSTEM32\ntdll.dll
0x00007ff9c8080000 - 0x00007ff9c8132000 	C:\WINDOWS\System32\KERNEL32.DLL
0x00007ff9c6090000 - 0x00007ff9c6335000 	C:\WINDOWS\System32\KERNELBASE.dll
0x00007ff9c71d0000 - 0x00007ff9c7273000 	C:\WINDOWS\System32\ADVAPI32.dll
0x00007ff9c6390000 - 0x00007ff9c642e000 	C:\WINDOWS\System32\msvcrt.dll
0x00007ff9c6d20000 - 0x00007ff9c6db7000 	C:\WINDOWS\System32\sechost.dll
0x00007ff9c7280000 - 0x00007ff9c73a0000 	C:\WINDOWS\System32\RPCRT4.dll
0x00007ff9c73a0000 - 0x00007ff9c7535000 	C:\WINDOWS\System32\USER32.dll
0x00007ff9c6340000 - 0x00007ff9c6361000 	C:\WINDOWS\System32\win32u.dll
0x00007ff9c6a80000 - 0x00007ff9c6aa6000 	C:\WINDOWS\System32\GDI32.dll
0x00007ff9c52f0000 - 0x00007ff9c5486000 	C:\WINDOWS\System32\gdi32full.dll
0x00007ff9c5ef0000 - 0x00007ff9c5f8e000 	C:\WINDOWS\System32\msvcp_win.dll
0x00007ff9c5c70000 - 0x00007ff9c5d6a000 	C:\WINDOWS\System32\ucrtbase.dll
0x00007ff9b7d10000 - 0x00007ff9b7f94000 	C:\WINDOWS\WinSxS\amd64_microsoft.windows.common-controls_6595b64144ccf1df_6.0.18362.1082_none_9e8193e1e45b25c1\COMCTL32.dll
0x00007ff9c6dc0000 - 0x00007ff9c70f5000 	C:\WINDOWS\System32\combase.dll
0x00007ff9c5270000 - 0x00007ff9c52f0000 	C:\WINDOWS\System32\bcryptPrimitives.dll
0x00007ff9c8210000 - 0x00007ff9c823e000 	C:\WINDOWS\System32\IMM32.DLL
0x0000000065150000 - 0x0000000065222000 	C:\Program Files\Android\Android Studio\jre\jre\bin\msvcr100.dll
0x00000000653e0000 - 0x0000000065c2b000 	C:\Program Files\Android\Android Studio\jre\jre\bin\server\jvm.dll
0x00007ff9c6430000 - 0x00007ff9c6438000 	C:\WINDOWS\System32\PSAPI.DLL
0x00007ff9c2d20000 - 0x00007ff9c2d29000 	C:\WINDOWS\SYSTEM32\WSOCK32.dll
0x00007ff9c2c50000 - 0x00007ff9c2c74000 	C:\WINDOWS\SYSTEM32\WINMM.dll
0x00007ff9c7100000 - 0x00007ff9c716f000 	C:\WINDOWS\System32\WS2_32.dll
0x00007ff9b80b0000 - 0x00007ff9b80ba000 	C:\WINDOWS\SYSTEM32\VERSION.dll
0x00007ff9c2c20000 - 0x00007ff9c2c4d000 	C:\WINDOWS\SYSTEM32\WINMMBASE.dll
0x00007ff9c5f90000 - 0x00007ff9c5fda000 	C:\WINDOWS\System32\cfgmgr32.dll
0x00007ff9c1420000 - 0x00007ff9c142f000 	C:\Program Files\Android\Android Studio\jre\jre\bin\verify.dll
0x00007ff9c1210000 - 0x00007ff9c1239000 	C:\Program Files\Android\Android Studio\jre\jre\bin\java.dll
0x00007ff9beec0000 - 0x00007ff9beed6000 	C:\Program Files\Android\Android Studio\jre\jre\bin\zip.dll
0x00007ff9c7710000 - 0x00007ff9c7df7000 	C:\WINDOWS\System32\SHELL32.dll
0x00007ff9c6c70000 - 0x00007ff9c6d19000 	C:\WINDOWS\System32\shcore.dll
0x00007ff9c54f0000 - 0x00007ff9c5c70000 	C:\WINDOWS\System32\windows.storage.dll
0x00007ff9c5240000 - 0x00007ff9c5263000 	C:\WINDOWS\System32\profapi.dll
0x00007ff9c51d0000 - 0x00007ff9c521a000 	C:\WINDOWS\System32\powrprof.dll
0x00007ff9c51a0000 - 0x00007ff9c51b0000 	C:\WINDOWS\System32\UMPDC.dll
0x00007ff9c8240000 - 0x00007ff9c8292000 	C:\WINDOWS\System32\shlwapi.dll
0x00007ff9c5220000 - 0x00007ff9c5231000 	C:\WINDOWS\System32\kernel.appcore.dll
0x00007ff9c6370000 - 0x00007ff9c6387000 	C:\WINDOWS\System32\cryptsp.dll
0x00007ff9bc630000 - 0x00007ff9bc64a000 	C:\Program Files\Android\Android Studio\jre\jre\bin\net.dll
0x00007ff9c4990000 - 0x00007ff9c49f7000 	C:\WINDOWS\system32\mswsock.dll
0x00007ff9bc610000 - 0x00007ff9bc623000 	C:\Program Files\Android\Android Studio\jre\jre\bin\nio.dll
0x00007ff9b6ee0000 - 0x00007ff9b6f07000 	C:\Users\David Adeyinka\.gradle\native\9f2fa17c089eee584f3420100432f77ec4c098959e4bf121a4d6054c26537dfb\windows-amd64\native-platform.dll
0x00007ff9c1410000 - 0x00007ff9c141d000 	C:\Program Files\Android\Android Studio\jre\jre\bin\management.dll
0x00007ff9c4500000 - 0x00007ff9c4533000 	C:\WINDOWS\system32\rsaenh.dll
0x00007ff9c5d70000 - 0x00007ff9c5d96000 	C:\WINDOWS\System32\bcrypt.dll
0x00007ff9c5080000 - 0x00007ff9c50a5000 	C:\WINDOWS\SYSTEM32\USERENV.dll
0x00007ff9c4b60000 - 0x00007ff9c4b6c000 	C:\WINDOWS\SYSTEM32\CRYPTBASE.dll
0x00007ff9c46a0000 - 0x00007ff9c46da000 	C:\WINDOWS\SYSTEM32\IPHLPAPI.DLL
0x00007ff9c6c60000 - 0x00007ff9c6c68000 	C:\WINDOWS\System32\NSI.dll
0x00007ff9ba490000 - 0x00007ff9ba4a6000 	C:\WINDOWS\SYSTEM32\dhcpcsvc6.DLL
0x00007ff9ba530000 - 0x00007ff9ba54c000 	C:\WINDOWS\SYSTEM32\dhcpcsvc.DLL
0x00007ff9c46e0000 - 0x00007ff9c47ab000 	C:\WINDOWS\SYSTEM32\DNSAPI.dll
0x00007ff9ba8d0000 - 0x00007ff9ba8db000 	C:\WINDOWS\SYSTEM32\WINNSI.DLL
0x00007ff996ad0000 - 0x00007ff996c66000 	C:\Users\David Adeyinka\.gradle\native\9f2fa17c089eee584f3420100432f77ec4c098959e4bf121a4d6054c26537dfb\windows-amd64\native-platform-file-events.dll

VM Arguments:
jvm_args: -Xmx2048m -Dfile.encoding=UTF-8 -Duser.country=GB -Duser.language=en -Duser.variant 
java_command: org.gradle.launcher.daemon.bootstrap.GradleDaemon 6.6.1
java_class_path (initial): C:\Gradle\gradle-6.6.1\lib\gradle-launcher-6.6.1.jar
Launcher Type: SUN_STANDARD

Environment Variables:
PATH=C:\Program Files (x86)\Common Files\Oracle\Java\javapath;C:\WINDOWS\system32;C:\WINDOWS;C:\WINDOWS\System32\Wbem;C:\WINDOWS\System32\WindowsPowerShell\v1.0\;C:\WINDOWS\System32\OpenSSH\;C:\Program Files (x86)\Git\cmd;C:\Program Files\nodejs\;c:\Program Files (x86)\Microsoft SQL Server\100\Tools\Binn\;c:\Program Files\Microsoft SQL Server\100\Tools\Binn\;c:\Program Files\Microsoft SQL Server\100\DTS\Binn\;C:\Users\David Adeyinka\AppData\Local\Programs\Python\Python37-32\Scripts\;C:\Users\David Adeyinka\AppData\Local\Programs\Python\Python37-32\;C:\Users\David Adeyinka\AppData\Local\Microsoft\WindowsApps;;C:\Program Files\JetBrains\IntelliJ IDEA Community Edition 2019.1.3\bin;;C:\Program Files\Microsoft VS Code\bin;C:\Users\David Adeyinka\AppData\Roaming\npm
USERNAME=David Adeyinka
OS=Windows_NT
PROCESSOR_IDENTIFIER=Intel64 Family 6 Model 61 Stepping 4, GenuineIntel



---------------  S Y S T E M  ---------------

OS: Windows 10.0 , 64 bit Build 18362 (10.0.18362.1082)

CPU:total 4 (initial active 4) (2 cores per cpu, 2 threads per core) family 6 model 61 stepping 4, cmov, cx8, fxsr, mmx, sse, sse2, sse3, ssse3, sse4.1, sse4.2, popcnt, avx, avx2, aes, clmul, erms, 3dnowpref, lzcnt, ht, tsc, tscinvbit, bmi1, bmi2, adx

Memory: 4k page, physical 8277100k(557048k free), swap 8277100k(5264k free)

vm_info: OpenJDK 64-Bit Server VM (25.242-b01) for windows-amd64 JRE (1.8.0_242-release-1644-b01), built by "builder" with MS VC++ 10.0 (VS2010)

time: Tue Jan 12 17:57:52 2021
timezone: W. Central Africa Standard Time
elapsed time: 127 seconds (0d 0h 2m 7s)

