#
# There is insufficient memory for the Java Runtime Environment to continue.
# Native memory allocation (malloc) failed to allocate 1495216 bytes for Chunk::new
# Possible reasons:
#   The system is out of physical RAM or swap space
#   The process is running with CompressedOops enabled, and the Java Heap may be blocking the growth of the native heap
# Possible solutions:
#   Reduce memory load on the system
#   Increase physical memory or swap space
#   Check if swap backing store is full
#   Decrease Java heap size (-Xmx/-Xms)
#   Decrease number of Java threads
#   Decrease Java thread stack sizes (-Xss)
#   Set larger code cache with -XX:ReservedCodeCacheSize=
#   JVM is running with Unscaled Compressed Oops mode in which the Java heap is
#     placed in the first 4GB address space. The Java Heap base address is the
#     maximum limit for the native heap growth. Please use -XX:HeapBaseMinAddress
#     to set the Java Heap base and to place the Java Heap above 4GB virtual address.
# This output file may be truncated or incomplete.
#
#  Out of Memory Error (allocation.cpp:389), pid=8424, tid=0x000000000000124c
#
# JRE version: OpenJDK Runtime Environment (8.0_242-b01) (build 1.8.0_242-release-1644-b01)
# Java VM: OpenJDK 64-Bit Server VM (25.242-b01 mixed mode windows-amd64 compressed oops)
# Failed to write core dump. Minidumps are not enabled by default on client versions of Windows
#

---------------  T H R E A D  ---------------

Current thread (0x0000000017a86000):  JavaThread "C2 CompilerThread0" daemon [_thread_in_native, id=4684, stack(0x00000000190e0000,0x00000000191e0000)]

Stack: [0x00000000190e0000,0x00000000191e0000]
[error occurred during error reporting (printing stack bounds), id 0xc0000005]

Native frames: (J=compiled Java code, j=interpreted, Vv=VM code, C=native code)


Current CompileTask:
C2:  16582 2676   !   4       java.net.URLClassLoader$1::run (63 bytes)


---------------  P R O C E S S  ---------------

Java Threads: ( => current thread )
  0x000000001b7f1000 JavaThread "Cache worker for file content cache (C:\Users\David Adeyinka\.gradle\caches\6.6.1\fileContent)" [_thread_blocked, id=10028, stack(0x0000000023120000,0x0000000023220000)]
  0x000000001b7f6800 JavaThread "Cache worker for execution history cache (C:\Users\David Adeyinka\.gradle\caches\6.6.1\executionHistory)" [_thread_blocked, id=200, stack(0x0000000022a20000,0x0000000022b20000)]
  0x000000001b7f4000 JavaThread "Cache worker for cache directory md-rule (C:\Users\David Adeyinka\.gradle\caches\6.6.1\md-rule)" [_thread_blocked, id=11932, stack(0x0000000022920000,0x0000000022a20000)]
  0x000000001b7f5800 JavaThread "Cache worker for cache directory md-supplier (C:\Users\David Adeyinka\.gradle\caches\6.6.1\md-supplier)" [_thread_blocked, id=11032, stack(0x0000000022820000,0x0000000022920000)]
  0x000000001b7f5000 JavaThread "Cache worker for checksums cache (C:\Users\David Adeyinka\AndroidStudioProjects\ToDoPlanner\.gradle\checksums)" [_thread_blocked, id=7428, stack(0x0000000022720000,0x0000000022820000)]
  0x000000001b7f2800 JavaThread "jar transforms Thread 20" [_thread_blocked, id=892, stack(0x0000000022420000,0x0000000022520000)]
  0x000000001b7f3800 JavaThread "jar transforms Thread 19" [_thread_blocked, id=8688, stack(0x0000000022320000,0x0000000022420000)]
  0x000000001b7f7000 JavaThread "jar transforms Thread 18" [_thread_blocked, id=12028, stack(0x0000000022220000,0x0000000022320000)]
  0x000000001f514000 JavaThread "jar transforms Thread 17" [_thread_blocked, id=4328, stack(0x0000000022120000,0x0000000022220000)]
  0x000000001f512800 JavaThread "jar transforms Thread 16" [_thread_blocked, id=5888, stack(0x0000000022020000,0x0000000022120000)]
  0x000000001f519800 JavaThread "jar transforms Thread 15" [_thread_blocked, id=10344, stack(0x0000000021f20000,0x0000000022020000)]
  0x000000001f518800 JavaThread "jar transforms Thread 14" [_thread_blocked, id=9180, stack(0x0000000021e20000,0x0000000021f20000)]
  0x000000001f516800 JavaThread "jar transforms Thread 13" [_thread_blocked, id=3916, stack(0x0000000021d20000,0x0000000021e20000)]
  0x000000001f518000 JavaThread "jar transforms Thread 12" [_thread_blocked, id=1564, stack(0x0000000021c20000,0x0000000021d20000)]
  0x000000001f513800 JavaThread "jar transforms Thread 11" [_thread_blocked, id=4784, stack(0x0000000021b20000,0x0000000021c20000)]
  0x000000001f515800 JavaThread "jar transforms Thread 10" [_thread_blocked, id=7644, stack(0x0000000021a20000,0x0000000021b20000)]
  0x000000001f515000 JavaThread "jar transforms Thread 9" [_thread_blocked, id=9564, stack(0x0000000021920000,0x0000000021a20000)]
  0x000000001f517000 JavaThread "jar transforms Thread 8" [_thread_blocked, id=10996, stack(0x0000000021820000,0x0000000021920000)]
  0x000000001a402000 JavaThread "jar transforms Thread 7" [_thread_blocked, id=9680, stack(0x0000000021720000,0x0000000021820000)]
  0x000000001a400800 JavaThread "jar transforms Thread 6" [_thread_blocked, id=6636, stack(0x0000000021620000,0x0000000021720000)]
  0x000000001a403800 JavaThread "jar transforms Thread 5" [_thread_blocked, id=9684, stack(0x0000000021520000,0x0000000021620000)]
  0x000000001a407000 JavaThread "jar transforms Thread 4" [_thread_blocked, id=2960, stack(0x0000000021420000,0x0000000021520000)]
  0x000000001a405000 JavaThread "jar transforms Thread 3" [_thread_blocked, id=7904, stack(0x0000000021320000,0x0000000021420000)]
  0x000000001a406800 JavaThread "jar transforms Thread 2" [_thread_blocked, id=10980, stack(0x0000000021220000,0x0000000021320000)]
  0x000000001a401000 JavaThread "jar transforms" [_thread_blocked, id=8588, stack(0x00000000200a0000,0x00000000201a0000)]
  0x000000001a402800 JavaThread "Cache worker for file hash cache (C:\Users\David Adeyinka\AndroidStudioProjects\ToDoPlanner\.gradle\6.6.1\fileHashes)" [_thread_blocked, id=9156, stack(0x000000001ffa0000,0x00000000200a0000)]
  0x000000001a404000 JavaThread "Cache worker for journal cache (C:\Users\David Adeyinka\.gradle\caches\journal-1)" [_thread_blocked, id=10992, stack(0x000000001db00000,0x000000001dc00000)]
  0x000000001a405800 JavaThread "File lock request listener" [_thread_in_native, id=5900, stack(0x000000001da00000,0x000000001db00000)]
  0x00000000197cc000 JavaThread "Cache worker for file hash cache (C:\Users\David Adeyinka\.gradle\caches\6.6.1\fileHashes)" [_thread_blocked, id=12160, stack(0x000000001d800000,0x000000001d900000)]
  0x0000000019ffb000 JavaThread "Thread-9" [_thread_blocked, id=5584, stack(0x000000001d500000,0x000000001d600000)]
  0x0000000019419000 JavaThread "Stdin handler" [_thread_blocked, id=2116, stack(0x000000001d400000,0x000000001d500000)]
  0x0000000019418800 JavaThread "Asynchronous log dispatcher for DefaultDaemonConnection: socket connection from /127.0.0.1:34798 to /127.0.0.1:34799" [_thread_blocked, id=8168, stack(0x000000001d300000,0x000000001d400000)]
  0x0000000019413800 JavaThread "Daemon worker" [_thread_in_native, id=9704, stack(0x000000001d200000,0x000000001d300000)]
  0x0000000019412800 JavaThread "Cancel handler" [_thread_blocked, id=4940, stack(0x000000001d100000,0x000000001d200000)]
  0x0000000019722800 JavaThread "Handler for socket connection from /127.0.0.1:34798 to /127.0.0.1:34799" [_thread_in_native, id=9864, stack(0x000000001d000000,0x000000001d100000)]
  0x0000000019bd5000 JavaThread "Daemon" [_thread_blocked, id=12644, stack(0x000000001cf00000,0x000000001d000000)]
  0x0000000019725000 JavaThread "Daemon periodic checks" [_thread_blocked, id=3804, stack(0x000000001ce00000,0x000000001cf00000)]
  0x0000000019bf9000 JavaThread "Incoming local TCP Connector on port 34798" [_thread_in_native, id=12300, stack(0x000000001c9c0000,0x000000001cac0000)]
  0x000000001a16b800 JavaThread "Daemon health stats" [_thread_blocked, id=1724, stack(0x000000001c380000,0x000000001c480000)]
  0x0000000019400800 JavaThread "Service Thread" daemon [_thread_blocked, id=6732, stack(0x00000000197e0000,0x00000000198e0000)]
  0x0000000017a92000 JavaThread "C1 CompilerThread2" daemon [_thread_blocked, id=5516, stack(0x00000000192e0000,0x00000000193e0000)]
  0x0000000017a8a800 JavaThread "C2 CompilerThread1" daemon [_thread_in_native, id=9968, stack(0x00000000191e0000,0x00000000192e0000)]
=>0x0000000017a86000 JavaThread "C2 CompilerThread0" daemon [_thread_in_native, id=4684, stack(0x00000000190e0000,0x00000000191e0000)]
  0x0000000017a84800 JavaThread "Attach Listener" daemon [_thread_blocked, id=5092, stack(0x0000000018fe0000,0x00000000190e0000)]
  0x0000000017a83800 JavaThread "Signal Dispatcher" daemon [_thread_blocked, id=5844, stack(0x0000000018ee0000,0x0000000018fe0000)]
  0x0000000002e5b000 JavaThread "Finalizer" daemon [_thread_blocked, id=8548, stack(0x0000000018ce0000,0x0000000018de0000)]
  0x0000000017a69000 JavaThread "Reference Handler" daemon [_thread_blocked, id=2992, stack(0x0000000018be0000,0x0000000018ce0000)]
  0x0000000002afe800 JavaThread "main" [_thread_blocked, id=12540, stack(0x0000000002c60000,0x0000000002d60000)]

Other Threads:
  0x0000000017a46800 VMThread [stack: 0x0000000018ae0000,0x0000000018be0000] [id=980]
  0x0000000019401000 WatcherThread [stack: 0x00000000198e0000,0x00000000199e0000] [id=12480]

VM state:not at safepoint (normal execution)

VM Mutex/Monitor currently owned by a thread: None

heap address: 0x0000000080000000, size: 2048 MB, Compressed Oops mode: 32-bit
Narrow klass base: 0x0000000000000000, Narrow klass shift: 3
Compressed class space size: 1073741824 Address: 0x0000000100000000

Heap:
 PSYoungGen      total 76800K, used 67473K [0x00000000d5580000, 0x00000000ddb80000, 0x0000000100000000)
  eden space 66560K, 90% used [0x00000000d5580000,0x00000000d901d7a8,0x00000000d9680000)
  from space 10240K, 72% used [0x00000000d9680000,0x00000000d9dc6df0,0x00000000da080000)
  to   space 10240K, 0% used [0x00000000dd180000,0x00000000dd180000,0x00000000ddb80000)
 ParOldGen       total 54784K, used 8379K [0x0000000080000000, 0x0000000083580000, 0x00000000d5580000)
  object space 54784K, 15% used [0x0000000080000000,0x000000008082ed08,0x0000000083580000)
 Metaspace       used 32610K, capacity 33856K, committed 34048K, reserved 1079296K
  class space    used 4495K, capacity 4825K, committed 4864K, reserved 1048576K

Card table byte_map: [0x0000000012220000,0x0000000012630000] byte_map_base: 0x0000000011e20000

Marking Bits: (ParMarkBitMap*) 0x000000007438f030
 Begin Bits: [0x0000000012ce0000, 0x0000000014ce0000)
 End Bits:   [0x0000000014ce0000, 0x0000000016ce0000)

Polling page: 0x0000000000be0000

CodeCache: size=245760Kb used=9528Kb max_used=9528Kb free=236231Kb
 bounds [0x0000000002e60000, 0x00000000037c0000, 0x0000000011e60000]
 total_blobs=3195 nmethods=2511 adapters=596
 compilation: enabled

Compilation events (10 events):
Event: 16.462 Thread 0x0000000017a92000 2707       3       com.google.common.cache.LocalCache::segmentFor (17 bytes)
Event: 16.462 Thread 0x0000000017a92000 nmethod 2707 0x00000000037b2350 code [0x00000000037b24a0, 0x00000000037b2630]
Event: 16.535 Thread 0x0000000017a92000 2709       3       java.nio.HeapByteBuffer::_put (8 bytes)
Event: 16.535 Thread 0x0000000017a92000 nmethod 2709 0x00000000037b2710 code [0x00000000037b2860, 0x00000000037b29d0]
Event: 16.569 Thread 0x0000000017a92000 2710       3       jdk.internal.org.objectweb.asm.ClassWriter::visitField (16 bytes)
Event: 16.569 Thread 0x0000000017a92000 nmethod 2710 0x00000000037b2ad0 code [0x00000000037b2c40, 0x00000000037b2e68]
Event: 16.570 Thread 0x0000000017a92000 2711       3       jdk.internal.org.objectweb.asm.FieldVisitor::<init> (7 bytes)
Event: 16.570 Thread 0x0000000017a92000 nmethod 2711 0x00000000037b2f50 code [0x00000000037b30e0, 0x00000000037b3448]
Event: 16.571 Thread 0x0000000017a92000 2712       3       jdk.internal.org.objectweb.asm.FieldWriter::visitEnd (1 bytes)
Event: 16.571 Thread 0x0000000017a92000 nmethod 2712 0x00000000037b35d0 code [0x00000000037b3720, 0x00000000037b3870]

GC Heap History (10 events):
Event: 10.509 GC heap before
{Heap before GC invocations=4 (full 0):
 PSYoungGen      total 38400K, used 38381K [0x00000000d5580000, 0x00000000d8000000, 0x0000000100000000)
  eden space 33280K, 100% used [0x00000000d5580000,0x00000000d7600000,0x00000000d7600000)
  from space 5120K, 99% used [0x00000000d7600000,0x00000000d7afb648,0x00000000d7b00000)
  to   space 5120K, 0% used [0x00000000d7b00000,0x00000000d7b00000,0x00000000d8000000)
 ParOldGen       total 87552K, used 1819K [0x0000000080000000, 0x0000000085580000, 0x00000000d5580000)
  object space 87552K, 2% used [0x0000000080000000,0x00000000801c6fb0,0x0000000085580000)
 Metaspace       used 16620K, capacity 17236K, committed 17408K, reserved 1064960K
  class space    used 2327K, capacity 2514K, committed 2560K, reserved 1048576K
Event: 10.530 GC heap after
Heap after GC invocations=4 (full 0):
 PSYoungGen      total 38400K, used 5104K [0x00000000d5580000, 0x00000000da080000, 0x0000000100000000)
  eden space 33280K, 0% used [0x00000000d5580000,0x00000000d5580000,0x00000000d7600000)
  from space 5120K, 99% used [0x00000000d7b00000,0x00000000d7ffc050,0x00000000d8000000)
  to   space 5120K, 0% used [0x00000000d7600000,0x00000000d7600000,0x00000000d7b00000)
 ParOldGen       total 87552K, used 5034K [0x0000000080000000, 0x0000000085580000, 0x00000000d5580000)
  object space 87552K, 5% used [0x0000000080000000,0x00000000804eab98,0x0000000085580000)
 Metaspace       used 16620K, capacity 17236K, committed 17408K, reserved 1064960K
  class space    used 2327K, capacity 2514K, committed 2560K, reserved 1048576K
}
Event: 12.086 GC heap before
{Heap before GC invocations=5 (full 0):
 PSYoungGen      total 38400K, used 38384K [0x00000000d5580000, 0x00000000da080000, 0x0000000100000000)
  eden space 33280K, 100% used [0x00000000d5580000,0x00000000d7600000,0x00000000d7600000)
  from space 5120K, 99% used [0x00000000d7b00000,0x00000000d7ffc050,0x00000000d8000000)
  to   space 5120K, 0% used [0x00000000d7600000,0x00000000d7600000,0x00000000d7b00000)
 ParOldGen       total 87552K, used 5034K [0x0000000080000000, 0x0000000085580000, 0x00000000d5580000)
  object space 87552K, 5% used [0x0000000080000000,0x00000000804eab98,0x0000000085580000)
 Metaspace       used 19016K, capacity 19694K, committed 19840K, reserved 1067008K
  class space    used 2689K, capacity 2897K, committed 2944K, reserved 1048576K
Event: 12.118 GC heap after
Heap after GC invocations=5 (full 0):
 PSYoungGen      total 38400K, used 5089K [0x00000000d5580000, 0x00000000daa80000, 0x0000000100000000)
  eden space 33280K, 0% used [0x00000000d5580000,0x00000000d5580000,0x00000000d7600000)
  from space 5120K, 99% used [0x00000000d7600000,0x00000000d7af8688,0x00000000d7b00000)
  to   space 10240K, 0% used [0x00000000da080000,0x00000000da080000,0x00000000daa80000)
 ParOldGen       total 87552K, used 8398K [0x0000000080000000, 0x0000000085580000, 0x00000000d5580000)
  object space 87552K, 9% used [0x0000000080000000,0x0000000080833878,0x0000000085580000)
 Metaspace       used 19016K, capacity 19694K, committed 19840K, reserved 1067008K
  class space    used 2689K, capacity 2897K, committed 2944K, reserved 1048576K
}
Event: 12.843 GC heap before
{Heap before GC invocations=6 (full 0):
 PSYoungGen      total 38400K, used 23861K [0x00000000d5580000, 0x00000000daa80000, 0x0000000100000000)
  eden space 33280K, 56% used [0x00000000d5580000,0x00000000d67d4f58,0x00000000d7600000)
  from space 5120K, 99% used [0x00000000d7600000,0x00000000d7af8688,0x00000000d7b00000)
  to   space 10240K, 0% used [0x00000000da080000,0x00000000da080000,0x00000000daa80000)
 ParOldGen       total 87552K, used 8398K [0x0000000080000000, 0x0000000085580000, 0x00000000d5580000)
  object space 87552K, 9% used [0x0000000080000000,0x0000000080833878,0x0000000085580000)
 Metaspace       used 20364K, capacity 21204K, committed 21296K, reserved 1067008K
  class space    used 2904K, capacity 3126K, committed 3200K, reserved 1048576K
Event: 12.874 GC heap after
Heap after GC invocations=6 (full 0):
 PSYoungGen      total 76800K, used 7325K [0x00000000d5580000, 0x00000000daa80000, 0x0000000100000000)
  eden space 66560K, 0% used [0x00000000d5580000,0x00000000d5580000,0x00000000d9680000)
  from space 10240K, 71% used [0x00000000da080000,0x00000000da7a7658,0x00000000daa80000)
  to   space 10240K, 0% used [0x00000000d9680000,0x00000000d9680000,0x00000000da080000)
 ParOldGen       total 87552K, used 8406K [0x0000000080000000, 0x0000000085580000, 0x00000000d5580000)
  object space 87552K, 9% used [0x0000000080000000,0x0000000080835878,0x0000000085580000)
 Metaspace       used 20364K, capacity 21204K, committed 21296K, reserved 1067008K
  class space    used 2904K, capacity 3126K, committed 3200K, reserved 1048576K
}
Event: 12.874 GC heap before
{Heap before GC invocations=7 (full 1):
 PSYoungGen      total 76800K, used 7325K [0x00000000d5580000, 0x00000000daa80000, 0x0000000100000000)
  eden space 66560K, 0% used [0x00000000d5580000,0x00000000d5580000,0x00000000d9680000)
  from space 10240K, 71% used [0x00000000da080000,0x00000000da7a7658,0x00000000daa80000)
  to   space 10240K, 0% used [0x00000000d9680000,0x00000000d9680000,0x00000000da080000)
 ParOldGen       total 87552K, used 8406K [0x0000000080000000, 0x0000000085580000, 0x00000000d5580000)
  object space 87552K, 9% used [0x0000000080000000,0x0000000080835878,0x0000000085580000)
 Metaspace       used 20364K, capacity 21204K, committed 21296K, reserved 1067008K
  class space    used 2904K, capacity 3126K, committed 3200K, reserved 1048576K
Event: 12.958 GC heap after
Heap after GC invocations=7 (full 1):
 PSYoungGen      total 76800K, used 0K [0x00000000d5580000, 0x00000000daa80000, 0x0000000100000000)
  eden space 66560K, 0% used [0x00000000d5580000,0x00000000d5580000,0x00000000d9680000)
  from space 10240K, 0% used [0x00000000da080000,0x00000000da080000,0x00000000daa80000)
  to   space 10240K, 0% used [0x00000000d9680000,0x00000000d9680000,0x00000000da080000)
 ParOldGen       total 54784K, used 8371K [0x0000000080000000, 0x0000000083580000, 0x00000000d5580000)
  object space 54784K, 15% used [0x0000000080000000,0x000000008082cd08,0x0000000083580000)
 Metaspace       used 20364K, capacity 21204K, committed 21296K, reserved 1067008K
  class space    used 2904K, capacity 3126K, committed 3200K, reserved 1048576K
}
Event: 14.523 GC heap before
{Heap before GC invocations=8 (full 1):
 PSYoungGen      total 76800K, used 66560K [0x00000000d5580000, 0x00000000daa80000, 0x0000000100000000)
  eden space 66560K, 100% used [0x00000000d5580000,0x00000000d9680000,0x00000000d9680000)
  from space 10240K, 0% used [0x00000000da080000,0x00000000da080000,0x00000000daa80000)
  to   space 10240K, 0% used [0x00000000d9680000,0x00000000d9680000,0x00000000da080000)
 ParOldGen       total 54784K, used 8371K [0x0000000080000000, 0x0000000083580000, 0x00000000d5580000)
  object space 54784K, 15% used [0x0000000080000000,0x000000008082cd08,0x0000000083580000)
 Metaspace       used 26810K, capacity 27932K, committed 28160K, reserved 1073152K
  class space    used 3787K, capacity 4089K, committed 4096K, reserved 1048576K
Event: 14.548 GC heap after
Heap after GC invocations=8 (full 1):
 PSYoungGen      total 76800K, used 7451K [0x00000000d5580000, 0x00000000ddb80000, 0x0000000100000000)
  eden space 66560K, 0% used [0x00000000d5580000,0x00000000d5580000,0x00000000d9680000)
  from space 10240K, 72% used [0x00000000d9680000,0x00000000d9dc6df0,0x00000000da080000)
  to   space 10240K, 0% used [0x00000000dd180000,0x00000000dd180000,0x00000000ddb80000)
 ParOldGen       total 54784K, used 8379K [0x0000000080000000, 0x0000000083580000, 0x00000000d5580000)
  object space 54784K, 15% used [0x0000000080000000,0x000000008082ed08,0x0000000083580000)
 Metaspace       used 26810K, capacity 27932K, committed 28160K, reserved 1073152K
  class space    used 3787K, capacity 4089K, committed 4096K, reserved 1048576K
}

Deoptimization events (10 events):
Event: 12.815 Thread 0x0000000019413800 Uncommon trap: reason=bimorphic action=maybe_recompile pc=0x00000000033bc62c method=java.lang.ClassLoader.getPackage(Ljava/lang/String;)Ljava/lang/Package; @ 47
Event: 12.816 Thread 0x0000000019413800 Uncommon trap: reason=unstable_if action=reinterpret pc=0x00000000033bc160 method=java.net.URLClassLoader.getAndVerifyPackage(Ljava/lang/String;Ljava/util/jar/Manifest;Ljava/net/URL;)Ljava/lang/Package; @ 62
Event: 13.370 Thread 0x0000000019413800 Uncommon trap: reason=unstable_if action=reinterpret pc=0x00000000033fcca0 method=java.util.HashMap.hash(Ljava/lang/Object;)I @ 1
Event: 13.617 Thread 0x0000000019413800 Uncommon trap: reason=unstable_if action=reinterpret pc=0x00000000031708cc method=java.io.WinNTFileSystem.resolve(Ljava/lang/String;Ljava/lang/String;)Ljava/lang/String; @ 49
Event: 14.198 Thread 0x0000000019413800 Uncommon trap: reason=unstable_if action=reinterpret pc=0x000000000346f66c method=java.lang.ClassLoader.getClassLoadingLock(Ljava/lang/String;)Ljava/lang/Object; @ 6
Event: 14.241 Thread 0x0000000019413800 Uncommon trap: reason=bimorphic action=maybe_recompile pc=0x000000000343d338 method=java.io.BufferedInputStream.read([BII)I @ 101
Event: 14.241 Thread 0x0000000019413800 Uncommon trap: reason=bimorphic action=maybe_recompile pc=0x000000000343d338 method=java.io.BufferedInputStream.read([BII)I @ 101
Event: 14.242 Thread 0x0000000019413800 Uncommon trap: reason=bimorphic action=maybe_recompile pc=0x000000000343d338 method=java.io.BufferedInputStream.read([BII)I @ 101
Event: 14.244 Thread 0x0000000019413800 Uncommon trap: reason=bimorphic action=maybe_recompile pc=0x000000000343d338 method=java.io.BufferedInputStream.read([BII)I @ 101
Event: 14.555 Thread 0x0000000017a69000 Uncommon trap: reason=unstable_if action=reinterpret pc=0x00000000034005bc method=java.lang.ref.Reference.tryHandlePending(Z)Z @ 104

Classes redefined (0 events):
No events

Internal exceptions (10 events):
Event: 15.420 Thread 0x0000000019413800 Exception <a 'java/lang/ClassNotFoundException': org/gradle/api/internal/artifacts/dsl/dependencies/DefaultDependencyHandler_DecoratedBeanInfo> (0x00000000d7282ea8) thrown at [C:\src\AOSP-openjdk-git\hotspot\src\share\vm\classfile\systemDictionary.cpp, li
Event: 15.422 Thread 0x0000000019413800 Exception <a 'java/lang/ClassNotFoundException': org/gradle/api/internal/artifacts/dsl/dependencies/DefaultDependencyHandlerBeanInfo> (0x00000000d72db9f8) thrown at [C:\src\AOSP-openjdk-git\hotspot\src\share\vm\classfile\systemDictionary.cpp, line 210]
Event: 15.424 Thread 0x0000000019413800 Exception <a 'java/lang/ClassNotFoundException': org/gradle/api/internal/artifacts/dsl/dependencies/DefaultDependencyHandlerCustomizer> (0x00000000d7335418) thrown at [C:\src\AOSP-openjdk-git\hotspot\src\share\vm\classfile\systemDictionary.cpp, line 210]
Event: 15.433 Thread 0x0000000019413800 Exception <a 'java/lang/ClassNotFoundException': org/gradle/api/internal/artifacts/dsl/dependencies/DefaultDependencyHandler_DecoratedCustomizer> (0x00000000d73c0190) thrown at [C:\src\AOSP-openjdk-git\hotspot\src\share\vm\classfile\systemDictionary.cpp, 
Event: 15.671 Thread 0x0000000019413800 Exception <a 'java/lang/NoSuchMethodError': java.lang.Object.lambda$static$0(Lorg/gradle/api/internal/artifacts/configurations/MutationValidator$MutationType;)V> (0x00000000d7b03a88) thrown at [C:\src\AOSP-openjdk-git\hotspot\src\share\vm\interpreter\link
Event: 15.832 Thread 0x0000000019413800 Exception <a 'java/lang/NoSuchMethodError': java.lang.Object.lambda$static$0(Lorg/gradle/internal/component/model/DependencyMetadata;)Lorg/gradle/api/internal/artifacts/ivyservice/dependencysubstitution/DependencySubstitutionApplicator$SubstitutionResult;
Event: 16.117 Thread 0x0000000019413800 Exception <a 'java/lang/IncompatibleClassChangeError': Found class java.lang.Object, but interface was expected> (0x00000000d8570880) thrown at [C:\src\AOSP-openjdk-git\hotspot\src\share\vm\interpreter\linkResolver.cpp, line 653]
Event: 16.144 Thread 0x0000000019413800 Exception <a 'java/lang/NoSuchMethodError': java.lang.Object.lambda$thenComparing$36697e65$1(Ljava/util/Comparator;Ljava/lang/Object;Ljava/lang/Object;)I> (0x00000000d857c148) thrown at [C:\src\AOSP-openjdk-git\hotspot\src\share\vm\interpreter\linkResolve
Event: 16.410 Thread 0x0000000019413800 Exception <a 'java/lang/NoSuchMethodError': java.lang.Object.lambda$static$0(Lorg/gradle/api/internal/artifacts/ivyservice/resolveengine/artifact/ArtifactVisitor;)V> (0x00000000d8b64ab8) thrown at [C:\src\AOSP-openjdk-git\hotspot\src\share\vm\interpreter\
Event: 16.440 Thread 0x0000000019413800 Exception <a 'java/lang/NoSuchMethodError': java.lang.Object.lambda$static$0()Z> (0x00000000d8d7a9e8) thrown at [C:\src\AOSP-openjdk-git\hotspot\src\share\vm\interpreter\linkResolver.cpp, line 620]

Events (10 events):
Event: 16.527 loading class org/gradle/internal/fingerprint/FingerprintHashingStrategy$2
Event: 16.527 loading class org/gradle/internal/fingerprint/FingerprintHashingStrategy$2 done
Event: 16.527 loading class org/gradle/internal/fingerprint/impl/DefaultCurrentFileCollectionFingerprint$1
Event: 16.527 loading class org/gradle/internal/fingerprint/impl/DefaultCurrentFileCollectionFingerprint$1 done
Event: 16.568 loading class org/gradle/groovy/scripts/internal/BuildScriptData
Event: 16.568 loading class org/gradle/groovy/scripts/internal/BuildScriptData done
Event: 16.569 loading class org/gradle/groovy/scripts/ScriptRunner
Event: 16.569 loading class org/gradle/groovy/scripts/ScriptRunner done
Event: 16.569 loading class org/gradle/groovy/scripts/ScriptRunner
Event: 16.569 loading class org/gradle/groovy/scripts/ScriptRunner done


Dynamic libraries:
0x00007ff627fd0000 - 0x00007ff628001000 	C:\Program Files\Android\Android Studio\jre\bin\java.exe
0x00007ffb0b060000 - 0x00007ffb0b250000 	C:\WINDOWS\SYSTEM32\ntdll.dll
0x00007ffb09720000 - 0x00007ffb097d2000 	C:\WINDOWS\System32\KERNEL32.DLL
0x00007ffb081f0000 - 0x00007ffb08495000 	C:\WINDOWS\System32\KERNELBASE.dll
0x00007ffb0a110000 - 0x00007ffb0a1b3000 	C:\WINDOWS\System32\ADVAPI32.dll
0x00007ffb0aa60000 - 0x00007ffb0aafe000 	C:\WINDOWS\System32\msvcrt.dll
0x00007ffb09860000 - 0x00007ffb098f7000 	C:\WINDOWS\System32\sechost.dll
0x00007ffb09110000 - 0x00007ffb09230000 	C:\WINDOWS\System32\RPCRT4.dll
0x00007ffb09410000 - 0x00007ffb095a5000 	C:\WINDOWS\System32\USER32.dll
0x00007ffb08e40000 - 0x00007ffb08e61000 	C:\WINDOWS\System32\win32u.dll
0x00007ffb0a960000 - 0x00007ffb0a986000 	C:\WINDOWS\System32\GDI32.dll
0x00007ffb08050000 - 0x00007ffb081e6000 	C:\WINDOWS\System32\gdi32full.dll
0x00007ffb08da0000 - 0x00007ffb08e3e000 	C:\WINDOWS\System32\msvcp_win.dll
0x00007ffb084d0000 - 0x00007ffb085ca000 	C:\WINDOWS\System32\ucrtbase.dll
0x00007ffafa720000 - 0x00007ffafa9a4000 	C:\WINDOWS\WinSxS\amd64_microsoft.windows.common-controls_6595b64144ccf1df_6.0.18362.1082_none_9e8193e1e45b25c1\COMCTL32.dll
0x00007ffb0ab00000 - 0x00007ffb0ae35000 	C:\WINDOWS\System32\combase.dll
0x00007ffb08fc0000 - 0x00007ffb09040000 	C:\WINDOWS\System32\bcryptPrimitives.dll
0x00007ffb096f0000 - 0x00007ffb0971e000 	C:\WINDOWS\System32\IMM32.DLL
0x0000000073850000 - 0x0000000073922000 	C:\Program Files\Android\Android Studio\jre\jre\bin\msvcr100.dll
0x0000000073bc0000 - 0x000000007440b000 	C:\Program Files\Android\Android Studio\jre\jre\bin\server\jvm.dll
0x00007ffb0ae40000 - 0x00007ffb0ae48000 	C:\WINDOWS\System32\PSAPI.DLL
0x00007ffb04290000 - 0x00007ffb04299000 	C:\WINDOWS\SYSTEM32\WSOCK32.dll
0x00007ffb09230000 - 0x00007ffb0929f000 	C:\WINDOWS\System32\WS2_32.dll
0x00007ffaf9c90000 - 0x00007ffaf9c9a000 	C:\WINDOWS\SYSTEM32\VERSION.dll
0x00007ffb06020000 - 0x00007ffb06044000 	C:\WINDOWS\SYSTEM32\WINMM.dll
0x00007ffb05ff0000 - 0x00007ffb0601d000 	C:\WINDOWS\SYSTEM32\winmmbase.dll
0x00007ffb08d50000 - 0x00007ffb08d9a000 	C:\WINDOWS\System32\cfgmgr32.dll
0x00007ffb03fb0000 - 0x00007ffb03fbf000 	C:\Program Files\Android\Android Studio\jre\jre\bin\verify.dll
0x00007ffaf4130000 - 0x00007ffaf4159000 	C:\Program Files\Android\Android Studio\jre\jre\bin\java.dll
0x00007ffafdb50000 - 0x00007ffafdb66000 	C:\Program Files\Android\Android Studio\jre\jre\bin\zip.dll
0x00007ffb0a270000 - 0x00007ffb0a957000 	C:\WINDOWS\System32\SHELL32.dll
0x00007ffb0a050000 - 0x00007ffb0a0f9000 	C:\WINDOWS\System32\shcore.dll
0x00007ffb085d0000 - 0x00007ffb08d50000 	C:\WINDOWS\System32\windows.storage.dll
0x00007ffb07f80000 - 0x00007ffb07fa3000 	C:\WINDOWS\System32\profapi.dll
0x00007ffb07f30000 - 0x00007ffb07f7a000 	C:\WINDOWS\System32\powrprof.dll
0x00007ffb07f20000 - 0x00007ffb07f30000 	C:\WINDOWS\System32\UMPDC.dll
0x00007ffb09800000 - 0x00007ffb09852000 	C:\WINDOWS\System32\shlwapi.dll
0x00007ffb07fb0000 - 0x00007ffb07fc1000 	C:\WINDOWS\System32\kernel.appcore.dll
0x00007ffb090f0000 - 0x00007ffb09107000 	C:\WINDOWS\System32\cryptsp.dll
0x00007ffaf4100000 - 0x00007ffaf411a000 	C:\Program Files\Android\Android Studio\jre\jre\bin\net.dll
0x00007ffb07770000 - 0x00007ffb077d7000 	C:\WINDOWS\system32\mswsock.dll
0x00007ffaf3fa0000 - 0x00007ffaf3fb3000 	C:\Program Files\Android\Android Studio\jre\jre\bin\nio.dll
0x00007ffaf3fd0000 - 0x00007ffaf3ff7000 	C:\Users\David Adeyinka\.gradle\native\9f2fa17c089eee584f3420100432f77ec4c098959e4bf121a4d6054c26537dfb\windows-amd64\native-platform.dll
0x00007ffb03f20000 - 0x00007ffb03f2d000 	C:\Program Files\Android\Android Studio\jre\jre\bin\management.dll
0x00007ffb07280000 - 0x00007ffb072b3000 	C:\WINDOWS\system32\rsaenh.dll
0x00007ffb084a0000 - 0x00007ffb084c6000 	C:\WINDOWS\System32\bcrypt.dll
0x00007ffb07e00000 - 0x00007ffb07e25000 	C:\WINDOWS\SYSTEM32\USERENV.dll
0x00007ffb07940000 - 0x00007ffb0794c000 	C:\WINDOWS\SYSTEM32\CRYPTBASE.dll
0x00007ffb07480000 - 0x00007ffb074ba000 	C:\WINDOWS\SYSTEM32\IPHLPAPI.DLL
0x00007ffb0afb0000 - 0x00007ffb0afb8000 	C:\WINDOWS\System32\NSI.dll
0x00007ffafc260000 - 0x00007ffafc276000 	C:\WINDOWS\SYSTEM32\dhcpcsvc6.DLL
0x00007ffafc240000 - 0x00007ffafc25c000 	C:\WINDOWS\SYSTEM32\dhcpcsvc.DLL
0x00007ffb074c0000 - 0x00007ffb0758b000 	C:\WINDOWS\SYSTEM32\DNSAPI.dll
0x00007ffafc2f0000 - 0x00007ffafc2fb000 	C:\WINDOWS\SYSTEM32\WINNSI.DLL
0x00007ffadb240000 - 0x00007ffadb3d6000 	C:\Users\David Adeyinka\.gradle\native\9f2fa17c089eee584f3420100432f77ec4c098959e4bf121a4d6054c26537dfb\windows-amd64\native-platform-file-events.dll

VM Arguments:
jvm_args: -Xmx2048m -Dfile.encoding=UTF-8 -Duser.country=GB -Duser.language=en -Duser.variant 
java_command: org.gradle.launcher.daemon.bootstrap.GradleDaemon 6.6.1
java_class_path (initial): C:\Gradle\gradle-6.6.1\lib\gradle-launcher-6.6.1.jar
Launcher Type: SUN_STANDARD

Environment Variables:
PATH=C:\Program Files (x86)\Common Files\Oracle\Java\javapath;C:\WINDOWS\system32;C:\WINDOWS;C:\WINDOWS\System32\Wbem;C:\WINDOWS\System32\WindowsPowerShell\v1.0\;C:\WINDOWS\System32\OpenSSH\;C:\Program Files (x86)\Git\cmd;C:\Program Files\nodejs\;c:\Program Files (x86)\Microsoft SQL Server\100\Tools\Binn\;c:\Program Files\Microsoft SQL Server\100\Tools\Binn\;c:\Program Files\Microsoft SQL Server\100\DTS\Binn\;C:\Go\bin;C:\Program Files\Microsoft VS Code\bin;C:\Users\David Adeyinka\AppData\Local\Programs\Python\Python37-32\Scripts\;C:\Users\David Adeyinka\AppData\Local\Programs\Python\Python37-32\;C:\Users\David Adeyinka\AppData\Local\Microsoft\WindowsApps;;C:\Program Files\JetBrains\IntelliJ IDEA Community Edition 2019.1.3\bin;;C:\Program Files\Microsoft VS Code\bin;C:\Users\David Adeyinka\AppData\Roaming\npm;C:\Users\David Adeyinka\go\bin
USERNAME=David Adeyinka
OS=Windows_NT
PROCESSOR_IDENTIFIER=Intel64 Family 6 Model 61 Stepping 4, GenuineIntel



---------------  S Y S T E M  ---------------

OS: Windows 10.0 , 64 bit Build 18362 (10.0.18362.1082)

CPU:total 4 (initial active 4) (2 cores per cpu, 2 threads per core) family 6 model 61 stepping 4, cmov, cx8, fxsr, mmx, sse, sse2, sse3, ssse3, sse4.1, sse4.2, popcnt, avx, avx2, aes, clmul, erms, 3dnowpref, lzcnt, ht, tsc, tscinvbit, bmi1, bmi2, adx

Memory: 4k page, physical 8277100k(1600812k free), swap 8277100k(5296k free)

vm_info: OpenJDK 64-Bit Server VM (25.242-b01) for windows-amd64 JRE (1.8.0_242-release-1644-b01), built by "builder" with MS VC++ 10.0 (VS2010)

time: Fri Jan 22 18:39:34 2021
timezone: W. Central Africa Standard Time
elapsed time: 16 seconds (0d 0h 0m 16s)

