JvmtiExport can_access_local_variables 0
JvmtiExport can_hotswap_or_post_breakpoint 0
JvmtiExport can_post_on_exceptions 0
# 325 ciObject found
ciMethod java/lang/Object <init> ()V 4097 1 1289015 0 0
ciMethod java/lang/Object getClass ()Ljava/lang/Class; 2049 1 256 0 -1
ciMethod java/lang/String length ()I 4097 1 177484 0 0
ciMethod java/lang/String isEmpty ()Z 2233 1 39183 0 0
ciMethod java/lang/String charAt (I)C 4097 1 669384 0 128
ciMethod java/lang/String startsWith (Ljava/lang/String;I)Z 3801 5825 13910 0 416
ciMethod java/lang/String startsWith (Ljava/lang/String;)Z 2073 1 62092 0 352
ciMethod java/lang/Class isArray ()Z 2049 1 256 0 -1
ciMethod java/lang/Character <init> (C)V 1025 1 128 0 -1
ciMethod java/lang/Character valueOf (C)Ljava/lang/Character; 4097 1 12700 0 0
ciMethod java/lang/Float valueOf (F)Ljava/lang/Float; 17 1 14 0 0
ciMethod java/lang/Float <init> (F)V 17 1 14 0 0
ciMethod java/lang/Float intBitsToFloat (I)F 161 1 20 0 -1
ciMethod java/lang/Number <init> ()V 3185 1 5734 0 0
ciMethod java/lang/Double valueOf (D)Ljava/lang/Double; 17 1 3 0 0
ciMethod java/lang/Double <init> (D)V 17 1 3 0 -1
ciMethod java/lang/Double longBitsToDouble (J)D 177 1 22 0 -1
ciMethod java/lang/Byte valueOf (B)Ljava/lang/Byte; 73 1 529 0 0
ciMethod java/lang/Short valueOf (S)Ljava/lang/Short; 9 1 1 0 0
ciMethod java/lang/Short <init> (S)V 2049 1 2941 0 -1
ciMethod java/lang/Integer valueOf (I)Ljava/lang/Integer; 4097 1 28298 0 192
ciMethod java/lang/Integer <init> (I)V 2065 1 1797 0 0
ciMethod java/lang/Long valueOf (J)Ljava/lang/Long; 17 1 24 0 0
ciMethod java/lang/Long <init> (J)V 2049 1 264 0 0
ciMethod java/lang/Iterable iterator ()Ljava/util/Iterator; 0 0 1 0 -1
ciMethod java/util/Collection add (Ljava/lang/Object;)Z 0 0 1 0 -1
ciMethod java/util/List add (Ljava/lang/Object;)Z 0 0 1 0 -1
ciMethod java/util/ArrayList <init> ()V 553 1 72393 0 -1
ciMethod java/util/ArrayList calculateCapacity ([Ljava/lang/Object;I)I 401 1 59014 0 0
ciMethod java/util/ArrayList ensureCapacityInternal (I)V 401 1 59014 0 576
ciMethod java/util/ArrayList ensureExplicitCapacity (I)V 401 1 58991 0 544
ciMethod java/util/ArrayList grow (I)V 65 1 5128 0 544
ciMethod java/util/ArrayList hugeCapacity (I)I 0 0 1 0 -1
ciMethod java/util/ArrayList add (Ljava/lang/Object;)Z 401 1 48283 0 736
ciMethod java/lang/Math max (II)I 369 1 60770 0 -1
ciMethod java/util/Iterator hasNext ()Z 0 0 1 0 -1
ciMethod java/util/Arrays copyOf ([Ljava/lang/Object;I)[Ljava/lang/Object; 2057 1 15097 0 0
ciMethod java/util/Arrays copyOf ([Ljava/lang/Object;ILjava/lang/Class;)[Ljava/lang/Object; 2129 1 5563 0 -1
ciMethodData java/lang/Object <init> ()V 2 1289015 orig 264 88 29 153 101 0 0 0 0 128 4 130 22 0 0 0 0 32 1 0 0 0 0 0 0 0 0 0 0 0 0 0 0 0 0 0 0 0 0 0 0 0 0 0 0 0 0 0 0 0 0 0 0 0 0 0 0 0 0 0 0 0 0 0 0 0 0 0 0 0 0 0 0 0 0 0 0 0 0 0 0 77 68 79 32 101 120 116 114 97 32 100 97 116 97 32 108 111 99 107 0 0 0 0 0 0 0 0 0 0 0 0 0 0 0 0 0 0 0 0 0 0 0 0 0 0 0 0 0 0 0 0 0 0 0 0 0 0 0 0 0 0 0 0 0 0 0 0 0 0 0 0 0 0 0 0 0 0 0 0 0 0 0 0 0 0 0 0 0 0 0 0 0 0 0 0 0 0 0 0 0 0 0 0 0 1 0 0 0 0 0 0 0 1 0 0 0 0 0 0 0 1 0 0 0 0 0 0 0 0 0 0 0 0 0 0 0 0 2 0 0 185 73 157 0 1 0 0 0 0 0 0 0 0 0 0 0 2 0 0 0 0 0 3 0 1 0 0 0 0 0 0 0 255 255 255 255 0 0 0 0 0 0 0 0 data 0 oops 0
ciMethodData java/lang/String charAt (I)C 2 669384 orig 264 88 29 153 101 0 0 0 0 176 61 130 22 0 0 0 0 120 1 0 0 32 0 0 0 0 0 0 0 0 0 0 0 0 0 0 0 0 0 0 0 0 0 0 0 0 0 0 0 0 0 0 0 0 0 0 0 0 0 0 0 0 0 0 0 0 0 0 0 0 0 0 0 0 0 0 0 0 0 0 0 77 68 79 32 101 120 116 114 97 32 100 97 116 97 32 108 111 99 107 0 0 0 0 0 0 0 0 0 0 0 0 0 0 0 0 0 0 0 0 0 0 0 0 0 0 0 0 0 0 0 0 0 0 0 0 0 0 0 0 0 0 0 0 0 0 0 0 0 0 0 0 0 0 0 0 0 0 0 0 0 0 0 0 0 0 0 0 0 0 0 0 0 0 0 0 0 0 0 0 0 0 0 0 0 25 0 0 0 0 0 0 0 0 0 0 0 0 0 0 0 1 0 0 0 0 0 0 0 0 0 0 0 0 0 0 0 0 2 0 0 65 166 81 0 1 0 0 0 0 0 0 0 0 0 0 0 2 0 0 0 0 0 8 0 2 0 0 0 80 0 0 0 255 255 255 255 7 0 1 0 0 0 0 0 data 10 0x10007 0x0 0x40 0xa34c8 0xa0007 0xa34c8 0x30 0x0 0x120002 0x0 oops 0
ciMethod java/lang/reflect/Array getLength (Ljava/lang/Object;)I 577 1 72 0 -1
ciMethod java/lang/reflect/Array get (Ljava/lang/Object;I)Ljava/lang/Object; 0 0 1 0 -1
ciMethodData java/lang/String length ()I 2 177489 orig 264 88 29 153 101 0 0 0 0 96 60 130 22 0 0 0 0 32 1 0 0 0 0 0 0 0 0 0 0 0 0 0 0 0 0 0 0 0 0 0 0 0 0 0 0 0 0 0 0 0 0 0 0 0 0 0 0 0 0 0 0 0 0 0 0 0 0 0 0 0 0 0 0 0 0 0 0 0 0 0 0 77 68 79 32 101 120 116 114 97 32 100 97 116 97 32 108 111 99 107 0 0 0 0 0 0 0 0 0 0 0 0 0 0 0 0 0 0 0 0 0 0 0 0 0 0 0 0 0 0 0 0 0 0 0 0 0 0 0 0 0 0 0 0 0 0 0 0 0 0 0 0 0 0 0 0 0 0 0 0 0 0 0 0 0 0 0 0 0 0 0 0 0 0 0 0 0 0 0 0 0 0 0 0 0 1 0 0 0 0 0 0 0 0 0 0 0 0 0 0 0 1 0 0 0 0 0 0 0 0 0 0 0 0 0 0 0 0 2 0 0 137 154 21 0 1 0 0 0 0 0 0 0 0 0 0 0 2 0 0 0 0 0 3 0 1 0 0 0 0 0 0 0 255 255 255 255 0 0 0 0 0 0 0 0 data 0 oops 0
ciMethodData java/lang/String startsWith (Ljava/lang/String;I)Z 2 28321 orig 264 88 29 153 101 0 0 0 0 248 77 130 22 0 0 0 0 176 1 0 0 0 0 0 0 0 0 0 0 0 0 0 0 0 0 0 0 0 0 0 0 0 0 0 0 0 0 0 0 0 0 0 0 0 0 0 0 0 0 0 0 0 0 0 0 0 0 0 0 0 0 0 0 0 0 0 0 0 0 0 0 77 68 79 32 101 120 116 114 97 32 100 97 116 97 32 108 111 99 107 0 0 0 0 0 0 0 0 0 0 0 0 0 0 0 0 0 0 0 0 0 0 0 0 0 0 0 0 0 0 0 0 0 0 0 0 0 0 0 0 0 0 0 0 0 1 0 0 0 0 0 0 0 0 0 0 0 0 0 0 0 0 0 0 0 0 0 0 0 0 0 0 0 0 0 0 0 0 0 0 1 0 0 0 0 1 0 0 0 0 0 0 0 0 0 0 0 0 0 0 0 3 0 0 0 0 0 0 0 0 0 0 0 0 0 0 0 216 2 0 0 217 163 1 0 73 94 3 0 5 21 0 0 90 55 0 0 2 0 0 0 1 0 13 0 2 0 0 0 128 0 0 0 255 255 255 255 7 224 25 0 0 0 0 0 data 16 0x19e007 0xc 0x40 0x3470 0x250007 0x3364 0x20 0x10c 0x2f0007 0x8c6 0x40 0x6bfa 0x410007 0x415c 0xffffffffffffffe0 0x2a9e oops 0
ciMethodData java/lang/String startsWith (Ljava/lang/String;)Z 2 62092 orig 264 88 29 153 101 0 0 0 0 144 78 130 22 0 0 0 0 128 1 0 0 0 0 0 0 0 0 0 0 0 0 0 0 0 0 0 0 0 0 0 0 0 0 0 0 0 0 0 0 0 0 0 0 0 0 0 0 0 0 0 0 0 0 0 0 0 0 0 0 0 0 0 0 0 0 0 0 0 0 0 0 77 68 79 32 101 120 116 114 97 32 100 97 116 97 32 108 111 99 107 0 0 0 0 0 0 0 0 0 0 0 0 0 0 0 0 0 0 0 0 0 0 0 0 0 0 0 0 0 0 0 0 0 0 0 0 0 0 0 0 0 0 0 0 0 0 0 0 0 0 0 0 0 0 0 0 0 0 0 0 0 0 0 0 0 0 0 0 0 0 0 0 0 0 0 0 0 0 0 0 0 0 0 0 0 1 0 0 0 0 0 0 0 0 0 0 0 0 0 0 0 3 0 0 0 0 0 0 0 0 0 0 0 0 0 0 0 3 1 0 0 73 140 7 0 1 0 0 0 0 0 0 0 0 0 0 0 2 0 0 0 0 0 3 0 2 0 0 0 48 0 0 0 255 255 255 255 5 0 3 0 0 0 0 0 data 6 0x30005 0x3 0x254acc0 0xf186 0x0 0x0 oops 1 2 java/lang/String
ciMethodData java/util/ArrayList add (Ljava/lang/Object;)Z 2 48283 orig 264 88 29 153 101 0 0 0 0 56 34 143 22 0 0 0 0 144 1 0 0 0 0 0 0 0 0 0 0 0 0 0 0 0 0 0 0 0 0 0 0 0 0 0 0 0 0 0 0 0 0 0 0 0 0 0 0 0 0 0 0 0 0 0 0 0 0 0 0 0 0 0 0 0 0 0 0 0 0 0 0 77 68 79 32 101 120 116 114 97 32 100 97 116 97 32 108 111 99 107 0 0 0 0 0 0 0 0 0 0 0 0 0 0 0 0 0 0 0 0 0 0 0 0 0 0 0 0 0 0 0 0 0 0 0 0 0 0 0 0 0 0 0 0 0 0 0 0 0 0 0 0 0 0 0 0 0 0 0 0 0 0 0 0 0 0 0 0 0 0 0 0 0 0 0 0 0 0 0 0 0 0 0 0 0 17 0 0 0 0 0 0 0 0 0 0 0 0 0 0 0 1 0 0 0 0 0 0 0 0 0 0 0 0 0 0 0 50 0 0 0 73 227 5 0 1 0 0 0 0 0 0 0 0 0 0 0 2 0 0 0 0 0 15 0 2 0 0 0 64 0 0 0 255 255 255 255 2 0 7 0 0 0 0 0 data 8 0x70002 0xbc69 0x1a0104 0x0 0x1a360120 0x2 0x1a3601d0 0x2 oops 2 4 sun/misc/URLClassPath$JarLoader 6 java/io/FilePermission
ciMethodData java/util/ArrayList ensureCapacityInternal (I)V 2 59014 orig 264 88 29 153 101 0 0 0 0 176 23 143 22 0 0 0 0 112 1 0 0 0 0 0 0 0 0 0 0 0 0 0 0 0 0 0 0 0 0 0 0 0 0 0 0 0 0 0 0 0 0 0 0 0 0 0 0 0 0 0 0 0 0 0 0 0 0 0 0 0 0 0 0 0 0 0 0 0 0 0 0 77 68 79 32 101 120 116 114 97 32 100 97 116 97 32 108 111 99 107 0 0 0 0 0 0 0 0 0 0 0 0 0 0 0 0 0 0 0 0 0 0 0 0 0 0 0 0 0 0 0 0 0 0 0 0 0 0 0 0 0 0 0 0 0 0 0 0 0 0 0 0 0 0 0 0 0 0 0 0 0 0 0 0 0 0 0 0 0 0 0 0 0 0 0 0 0 0 0 0 0 0 0 0 0 17 0 0 0 0 0 0 0 0 0 0 0 0 0 0 0 1 0 0 0 0 0 0 0 0 0 0 0 0 0 0 0 50 0 0 0 161 50 7 0 1 0 0 0 0 0 0 0 0 0 0 0 2 0 0 0 0 0 14 0 2 0 0 0 32 0 0 0 255 255 255 255 2 0 6 0 0 0 0 0 data 4 0x60002 0xe654 0x90002 0xe654 oops 0
ciMethodData java/util/ArrayList calculateCapacity ([Ljava/lang/Object;I)I 2 59014 orig 264 88 29 153 101 0 0 0 0 16 23 143 22 0 0 0 0 128 1 0 0 0 0 0 0 0 0 0 0 0 0 0 0 0 0 0 0 0 0 0 0 0 0 0 0 0 0 0 0 0 0 0 0 0 0 0 0 0 0 0 0 0 0 0 0 0 0 0 0 0 0 0 0 0 0 0 0 0 0 0 0 77 68 79 32 101 120 116 114 97 32 100 97 116 97 32 108 111 99 107 0 0 0 0 0 0 0 0 0 0 0 0 0 0 0 0 0 0 0 0 0 0 0 0 0 0 0 0 0 0 0 0 0 0 0 0 0 0 0 0 0 0 0 0 0 0 0 0 0 0 0 0 0 0 0 0 0 0 0 0 0 0 0 0 0 0 0 0 0 0 0 0 0 0 0 0 0 0 0 0 0 0 0 0 0 0 0 0 0 0 0 0 0 0 0 0 0 0 0 0 0 0 0 0 0 0 0 0 0 0 0 0 0 0 0 0 0 50 0 0 0 161 50 7 0 1 0 0 0 0 0 0 0 0 0 0 0 2 0 0 0 0 0 9 0 2 0 0 0 48 0 0 0 255 255 255 255 7 0 4 0 0 0 0 0 data 6 0x40007 0xb73b 0x30 0x2f19 0xa0002 0x2f19 oops 0
ciMethodData java/util/ArrayList ensureExplicitCapacity (I)V 2 58991 orig 264 88 29 153 101 0 0 0 0 96 24 143 22 0 0 0 0 88 1 0 0 0 0 0 0 0 0 0 0 0 0 0 0 0 0 0 0 0 0 0 0 0 0 0 0 0 0 0 0 0 0 0 0 0 0 0 0 0 0 0 0 0 0 0 0 0 0 0 0 0 0 0 0 0 0 0 0 0 0 0 0 77 68 79 32 101 120 116 114 97 32 100 97 116 97 32 108 111 99 107 0 0 0 0 0 0 0 0 0 0 0 0 0 0 0 0 0 0 0 0 0 0 0 0 0 0 0 0 0 0 0 0 0 0 0 0 0 0 0 0 0 0 0 0 0 0 0 0 0 0 0 0 0 0 0 0 0 0 0 0 0 0 0 0 0 0 0 0 0 0 0 0 0 0 0 0 0 0 0 0 0 0 0 0 0 17 0 0 0 0 0 0 0 0 0 0 0 0 0 0 0 1 0 0 0 0 0 0 0 0 0 0 0 0 0 0 0 50 0 0 0 233 49 7 0 1 0 0 0 0 0 0 0 0 0 0 0 2 0 0 0 0 0 6 0 2 0 0 0 48 0 0 0 255 255 255 255 7 0 17 0 0 0 0 0 data 6 0x110007 0xb5e1 0x30 0x305c 0x160002 0x305c oops 0
ciMethodData java/util/ArrayList grow (I)V 2 5128 orig 264 88 29 153 101 0 0 0 0 40 25 143 22 0 0 0 0 176 1 0 0 64 0 0 0 0 0 0 0 0 0 0 0 0 0 0 0 0 0 0 0 0 0 0 0 0 0 0 0 0 0 0 0 0 0 0 0 0 0 0 0 0 0 0 0 0 0 0 0 0 0 0 0 0 0 0 0 0 0 0 0 77 68 79 32 101 120 116 114 97 32 100 97 116 97 32 108 111 99 107 0 0 0 0 0 0 0 0 0 0 0 0 0 0 0 0 0 0 0 0 0 0 0 0 0 0 0 0 0 0 0 0 0 0 0 0 0 0 0 0 0 0 0 0 0 0 0 0 0 0 0 0 0 0 0 0 0 0 0 0 0 0 0 0 0 0 0 0 0 0 0 0 0 0 0 0 0 0 0 0 0 0 0 0 0 17 0 0 0 0 0 0 0 0 0 0 0 0 0 0 0 1 0 0 0 0 0 0 0 0 0 0 0 0 0 0 0 8 0 0 0 1 160 0 0 1 0 0 0 0 0 0 0 0 0 0 0 2 0 0 0 0 0 15 0 2 0 0 0 96 0 0 0 255 255 255 255 7 0 15 0 0 0 0 0 data 12 0xf0007 0x144 0x20 0x12bc 0x180007 0x1400 0x30 0x0 0x1c0002 0x0 0x260002 0x1400 oops 0
ciMethodData java/lang/Number <init> ()V 2 5734 orig 264 88 29 153 101 0 0 0 0 232 254 139 22 0 0 0 0 48 1 0 0 0 0 0 0 0 0 0 0 0 0 0 0 0 0 0 0 0 0 0 0 0 0 0 0 0 0 0 0 0 0 0 0 0 0 0 0 0 0 0 0 0 0 0 0 0 0 0 0 0 0 0 0 0 0 0 0 0 0 0 0 77 68 79 32 101 120 116 114 97 32 100 97 116 97 32 108 111 99 107 0 0 0 0 0 0 0 0 0 0 0 0 0 0 0 0 0 0 0 0 0 0 0 0 0 0 0 0 0 0 0 0 0 0 0 0 0 0 0 0 0 0 0 0 0 0 0 0 0 0 0 0 0 0 0 0 0 0 0 0 0 0 0 0 0 0 0 0 0 0 0 0 0 0 0 0 0 0 0 0 0 0 0 0 0 0 0 0 0 0 0 0 0 0 0 0 0 0 0 0 0 0 0 0 0 0 0 0 0 0 0 0 0 0 0 0 0 142 1 0 0 193 166 0 0 1 0 0 0 0 0 0 0 0 0 0 0 2 0 0 0 0 0 3 0 2 0 0 0 16 0 0 0 255 255 255 255 2 0 1 0 0 0 0 0 data 2 0x10002 0x14d8 oops 0
ciMethodData java/lang/Long <init> (J)V 1 264 orig 264 88 29 153 101 0 0 0 0 144 172 140 22 0 0 0 0 64 1 0 0 0 0 0 0 0 0 0 0 0 0 0 0 0 0 0 0 0 0 0 0 0 0 0 0 0 0 0 0 0 0 0 0 0 0 0 0 0 0 0 0 0 0 0 0 0 0 0 0 0 0 0 0 0 0 0 0 0 0 0 0 77 68 79 32 101 120 116 114 97 32 100 97 116 97 32 108 111 99 107 0 0 0 0 0 0 0 0 0 0 0 0 0 0 0 0 0 0 0 0 0 0 0 0 0 0 0 0 0 0 0 0 0 0 0 0 0 0 0 0 0 0 0 0 0 0 0 0 0 0 0 0 0 0 0 0 0 0 0 0 0 0 0 0 0 0 0 0 0 0 0 0 0 0 0 0 0 0 0 0 0 0 0 0 0 0 0 0 0 0 0 0 0 0 0 0 0 0 0 0 0 0 0 0 0 0 0 0 0 0 0 0 0 0 0 0 0 0 1 0 0 65 0 0 0 1 0 0 0 0 0 0 0 0 0 0 0 2 0 0 0 0 0 3 0 2 0 0 0 16 0 0 0 255 255 255 255 2 0 1 0 0 0 0 0 data 2 0x10002 0x8 oops 0
ciMethodData java/lang/Integer valueOf (I)Ljava/lang/Integer; 2 28298 orig 264 88 29 153 101 0 0 0 0 168 107 140 22 0 0 0 0 112 1 0 0 0 0 0 0 0 0 0 0 0 0 0 0 0 0 0 0 0 0 0 0 0 0 0 0 0 0 0 0 0 0 0 0 0 0 0 0 0 0 0 0 0 0 0 0 0 0 0 0 0 0 0 0 0 0 0 0 0 0 0 0 77 68 79 32 101 120 116 114 97 32 100 97 116 97 32 108 111 99 107 0 0 0 0 0 0 0 0 0 0 0 0 0 0 0 0 0 0 0 0 0 0 0 0 0 0 0 0 0 0 0 0 0 0 0 0 0 0 0 0 0 0 0 0 0 1 0 0 0 0 0 0 0 0 0 0 0 0 0 0 0 0 0 0 0 0 0 0 0 0 0 0 0 0 0 0 0 0 0 0 1 0 0 0 0 0 0 0 0 0 0 0 0 0 0 0 0 0 0 0 0 0 0 0 0 0 0 0 0 0 0 0 0 0 0 0 0 0 2 0 0 81 100 3 0 1 0 0 0 104 53 0 0 0 0 0 0 2 0 0 0 0 0 8 0 2 0 0 0 80 0 0 0 255 255 255 255 7 224 3 0 0 0 0 0 data 10 0x3e007 0x19 0x40 0x6c72 0xa0007 0x5e5 0x20 0x668d 0x1c0002 0x5fe oops 0
ciMethodData java/lang/Integer <init> (I)V 2 1797 orig 264 88 29 153 101 0 0 0 0 72 108 140 22 0 0 0 0 56 1 0 0 0 0 0 0 0 0 0 0 0 0 0 0 0 0 0 0 0 0 0 0 0 0 0 0 0 0 0 0 0 0 0 0 0 0 0 0 0 0 0 0 0 0 0 0 0 0 0 0 0 0 0 0 0 0 0 0 0 0 0 0 77 68 79 32 101 120 116 114 97 32 100 97 116 97 32 108 111 99 107 0 0 0 0 0 0 0 0 0 0 0 0 0 0 0 0 0 0 0 0 0 0 0 0 0 0 0 0 0 0 0 0 0 0 0 0 0 0 0 0 0 0 0 0 0 0 0 0 0 0 0 0 0 0 0 0 0 0 0 0 0 0 0 0 0 0 0 0 0 0 0 0 0 0 0 0 0 0 0 0 0 0 0 0 0 0 0 0 0 0 0 0 0 0 0 0 0 0 0 0 0 0 0 0 0 0 0 0 0 0 0 0 0 0 0 0 0 2 1 0 0 25 48 0 0 1 0 0 0 0 0 0 0 0 0 0 0 2 0 0 0 0 0 0 0 0 0 0 0 16 0 0 0 255 255 255 255 2 0 1 0 0 0 0 0 data 2 0x10002 0x603 oops 0
ciMethodData java/lang/String isEmpty ()Z 2 39183 orig 264 88 29 153 101 0 0 0 0 0 61 130 22 0 0 0 0 88 1 0 0 0 0 0 0 0 0 0 0 0 0 0 0 0 0 0 0 0 0 0 0 0 0 0 0 0 0 0 0 0 0 0 0 0 0 0 0 0 0 0 0 0 0 0 0 0 0 0 0 0 0 0 0 0 0 0 0 0 0 0 0 77 68 79 32 101 120 116 114 97 32 100 97 116 97 32 108 111 99 107 0 0 0 0 0 0 0 0 0 0 0 0 0 0 0 0 0 0 0 0 0 0 0 0 0 0 0 0 0 0 0 0 0 0 0 0 0 0 0 0 0 0 0 0 0 0 0 0 0 0 0 0 0 0 0 0 0 0 0 0 0 0 0 0 0 0 0 0 0 0 0 0 0 0 0 0 0 0 0 0 0 0 0 0 0 1 0 0 0 0 0 0 0 0 0 0 0 0 0 0 0 1 0 0 0 0 0 0 0 0 0 0 0 0 0 0 0 23 1 0 0 193 191 4 0 1 0 0 0 0 0 0 0 0 0 0 0 2 0 0 0 0 0 6 0 2 0 0 0 56 0 0 0 255 255 255 255 7 0 5 0 0 0 0 0 data 7 0x50007 0x941a 0x38 0x3de 0x90003 0x3de 0x18 oops 0
ciMethodData java/util/Arrays copyOf ([Ljava/lang/Object;I)[Ljava/lang/Object; 2 15097 orig 264 88 29 153 101 0 0 0 0 48 55 148 22 0 0 0 0 192 1 0 0 0 0 0 0 0 0 0 0 0 0 0 0 0 0 0 0 0 0 0 0 0 0 0 0 0 0 0 0 0 0 0 0 0 0 0 0 0 0 0 0 0 0 0 0 0 0 0 0 0 0 0 0 0 0 0 0 0 0 0 0 77 68 79 32 101 120 116 114 97 32 100 97 116 97 32 108 111 99 107 0 0 0 0 0 0 0 0 0 0 0 0 0 0 0 0 0 0 0 0 0 0 0 0 0 0 0 0 0 0 0 0 0 0 0 0 0 0 0 0 0 0 0 0 0 0 0 0 0 0 0 0 0 0 0 0 0 0 0 0 0 0 0 0 0 0 0 0 0 0 0 0 0 0 0 0 0 0 0 0 0 0 0 0 0 0 0 0 0 0 0 0 0 0 0 0 0 0 0 0 0 0 0 0 0 0 0 0 0 0 0 0 0 0 0 0 0 1 1 0 0 193 207 1 0 1 0 0 0 0 0 0 0 0 0 0 0 2 0 0 0 0 0 3 0 2 0 0 0 112 0 0 0 255 255 255 255 5 0 3 0 0 0 0 0 data 14 0x30005 0xdb 0x1a35fdf0 0x3734 0x1c38aec0 0x1e9 0x60002 0x39f8 0x90004 0x0 0x1a35fdf0 0x2 0x0 0x0 oops 3 2 [Ljava/lang/Object; 4 [Ljava/lang/reflect/Method; 10 [Ljava/lang/Object;
ciMethod kotlin/jvm/internal/Intrinsics checkNotNullExpressionValue (Ljava/lang/Object;Ljava/lang/String;)V 2049 1 5436 0 -1
ciMethod kotlin/jvm/internal/Intrinsics checkNotNullParameter (Ljava/lang/Object;Ljava/lang/String;)V 2385 1 1556298 0 64
ciMethod kotlin/jvm/internal/Intrinsics throwParameterIsNullNPE (Ljava/lang/String;)V 0 0 1 0 -1
ciMethod kotlin/jvm/functions/Function1 invoke (Ljava/lang/Object;)Ljava/lang/Object; 0 0 1 0 -1
ciMethodData kotlin/jvm/internal/Intrinsics checkNotNullParameter (Ljava/lang/Object;Ljava/lang/String;)V 2 1556298 orig 264 88 29 153 101 0 0 0 0 96 56 197 22 0 0 0 0 128 1 0 0 0 0 0 0 0 0 0 0 0 0 0 0 0 0 0 0 0 0 0 0 0 0 0 0 0 0 0 0 0 0 0 0 0 0 0 0 0 0 0 0 0 0 0 0 0 0 0 0 0 0 0 0 0 0 0 0 0 0 0 0 77 68 79 32 101 120 116 114 97 32 100 97 116 97 32 108 111 99 107 0 0 0 0 0 0 0 0 0 0 0 0 0 0 0 0 0 0 0 0 0 0 0 0 0 0 0 0 0 0 0 0 0 0 0 0 0 0 0 0 0 0 0 0 0 0 0 0 0 0 0 0 0 0 0 0 0 0 0 0 0 0 0 0 0 0 0 0 0 0 0 0 0 0 0 0 0 0 0 0 0 0 0 0 0 17 0 0 0 0 0 0 0 0 0 0 0 0 0 0 0 3 0 0 0 0 0 0 0 0 0 0 0 0 0 0 0 39 1 0 0 1 241 189 0 1 0 0 0 0 0 0 0 0 0 0 0 2 0 0 0 0 0 10 0 2 0 0 0 48 0 0 0 255 255 255 255 7 0 1 0 0 0 0 0 data 6 0x10007 0x17be20 0x30 0x0 0x50002 0x0 oops 0
ciMethod kotlin/TuplesKt to (Ljava/lang/Object;Ljava/lang/Object;)Lkotlin/Pair; 2049 1 12904 0 -1
ciMethod kotlin/Pair component1 ()Ljava/lang/Object; 1177 1 147 0 0
ciMethod kotlin/Pair component2 ()Ljava/lang/Object; 1457 1 182 0 0
ciMethod kotlin/ranges/RangesKt___RangesKt until (II)Lkotlin/ranges/IntRange; 0 0 1 0 -1
ciMethod kotlin/collections/IntIterator nextInt ()I 0 0 1 0 -1
ciMethodData java/lang/Float valueOf (F)Ljava/lang/Float; 1 14 orig 264 88 29 153 101 0 0 0 0 112 234 139 22 0 0 0 0 48 1 0 0 0 0 0 0 0 0 0 0 0 0 0 0 0 0 0 0 0 0 0 0 0 0 0 0 0 0 0 0 0 0 0 0 0 0 0 0 0 0 0 0 0 0 0 0 0 0 0 0 0 0 0 0 0 0 0 0 0 0 0 0 77 68 79 32 101 120 116 114 97 32 100 97 116 97 32 108 111 99 107 0 0 0 0 0 0 0 0 0 0 0 0 0 0 0 0 0 0 0 0 0 0 0 0 0 0 0 0 0 0 0 0 0 0 0 0 0 0 0 0 0 0 0 0 0 0 0 0 0 0 0 0 0 0 0 0 0 0 0 0 0 0 0 0 0 0 0 0 0 0 0 0 0 0 0 0 0 0 0 0 0 0 0 0 0 0 0 0 0 0 0 0 0 0 0 0 0 0 0 0 0 0 0 0 0 0 0 0 0 0 0 0 0 0 0 0 0 2 0 0 0 97 0 0 0 1 0 0 0 0 0 0 0 0 0 0 0 2 0 0 0 0 0 0 0 0 0 0 0 16 0 0 0 255 255 255 255 2 0 5 0 0 0 0 0 data 2 0x50002 0xc oops 0
ciMethodData java/lang/Float <init> (F)V 1 14 orig 264 88 29 153 101 0 0 0 0 144 237 139 22 0 0 0 0 56 1 0 0 0 0 0 0 0 0 0 0 0 0 0 0 0 0 0 0 0 0 0 0 0 0 0 0 0 0 0 0 0 0 0 0 0 0 0 0 0 0 0 0 0 0 0 0 0 0 0 0 0 0 0 0 0 0 0 0 0 0 0 0 77 68 79 32 101 120 116 114 97 32 100 97 116 97 32 108 111 99 107 0 0 0 0 0 0 0 0 0 0 0 0 0 0 0 0 0 0 0 0 0 0 0 0 0 0 0 0 0 0 0 0 0 0 0 0 0 0 0 0 0 0 0 0 0 0 0 0 0 0 0 0 0 0 0 0 0 0 0 0 0 0 0 0 0 0 0 0 0 0 0 0 0 0 0 0 0 0 0 0 0 0 0 0 0 0 0 0 0 0 0 0 0 0 0 0 0 0 0 0 0 0 0 0 0 0 0 0 0 0 0 0 0 0 0 0 0 2 0 0 0 97 0 0 0 1 0 0 0 0 0 0 0 0 0 0 0 2 0 0 0 0 0 0 0 0 0 0 0 16 0 0 0 255 255 255 255 2 0 1 0 0 0 0 0 data 2 0x10002 0xc oops 0
ciMethodData java/lang/Long valueOf (J)Ljava/lang/Long; 1 24 orig 264 88 29 153 101 0 0 0 0 56 170 140 22 0 0 0 0 120 1 0 0 32 0 0 0 0 0 0 0 0 0 0 0 0 0 0 0 0 0 0 0 0 0 0 0 0 0 0 0 0 0 0 0 0 0 0 0 0 0 0 0 0 0 0 0 0 0 0 0 0 0 0 0 0 0 0 0 0 0 0 0 77 68 79 32 101 120 116 114 97 32 100 97 116 97 32 108 111 99 107 0 0 0 0 0 0 0 0 0 0 0 0 0 0 0 0 0 0 0 0 0 0 0 0 0 0 0 0 0 0 0 0 0 0 0 0 0 0 0 0 0 0 0 0 0 0 0 0 0 0 0 0 0 0 0 0 0 0 0 0 0 0 0 0 0 0 0 0 0 0 0 0 0 0 0 0 0 0 0 0 0 0 0 0 0 0 0 0 0 0 0 0 0 0 0 0 0 0 0 0 0 0 0 0 0 0 0 0 0 0 0 0 0 0 0 0 0 2 0 0 0 177 0 0 0 1 0 0 0 0 0 0 0 0 0 0 0 2 0 0 0 0 0 0 0 0 0 0 0 80 0 0 0 255 255 255 255 7 0 5 0 0 0 0 0 data 10 0x50007 0x1 0x40 0x15 0xd0007 0x7 0x20 0xe 0x200002 0x8 oops 0
ciMethod java/lang/invoke/LambdaForm$MH linkToTargetMethod (Ljava/lang/Object;Ljava/lang/Object;)Ljava/lang/Object; 2049 1 2414 0 -1
ciMethod org/jetbrains/kotlin/name/Name <init> (Ljava/lang/String;Z)V 2065 1 25867 0 0
ciMethod org/jetbrains/kotlin/name/Name identifier (Ljava/lang/String;)Lorg/jetbrains/kotlin/name/Name; 2145 1 25788 0 192
ciMethod org/jetbrains/kotlin/name/Name isValidIdentifier (Ljava/lang/String;)Z 1969 16569 1960 0 704
ciMethod org/jetbrains/kotlin/name/Name $$$reportNull$$$0 (I)V 0 0 1 0 -1
ciMethodData org/jetbrains/kotlin/name/Name <init> (Ljava/lang/String;Z)V 2 25867 orig 264 88 29 153 101 0 0 0 0 120 125 212 26 0 0 0 0 152 1 0 0 32 0 0 0 0 0 0 0 0 0 0 0 0 0 0 0 0 0 0 0 0 0 0 0 0 0 0 0 0 0 0 0 0 0 0 0 0 0 0 0 0 0 0 0 0 0 0 0 0 0 0 0 0 0 0 0 0 0 0 0 77 68 79 32 101 120 116 114 97 32 100 97 116 97 32 108 111 99 107 0 0 0 0 0 0 0 0 0 0 0 0 0 0 0 0 0 0 0 0 0 0 0 0 0 0 0 0 0 0 0 0 0 0 0 0 0 0 0 0 0 0 0 0 0 0 0 0 0 0 0 0 0 0 0 0 0 0 0 0 0 0 0 0 0 0 0 0 0 0 0 0 0 0 0 0 0 0 0 0 0 0 0 0 0 17 0 0 0 0 0 0 0 0 0 0 0 0 0 0 0 1 0 0 0 0 0 0 0 0 0 0 0 0 0 0 0 2 1 0 0 73 32 3 0 1 0 0 0 0 0 0 0 0 0 0 0 2 0 0 0 0 0 6 0 2 0 0 0 64 0 0 0 255 255 255 255 7 0 1 0 0 0 0 0 data 8 0x10007 0x6409 0x30 0x0 0x50002 0x0 0x90002 0x6409 oops 0
ciMethodData org/jetbrains/kotlin/name/Name identifier (Ljava/lang/String;)Lorg/jetbrains/kotlin/name/Name; 2 25788 orig 264 88 29 153 101 0 0 0 0 64 129 212 26 0 0 0 0 136 1 0 0 32 0 0 0 0 0 0 0 0 0 0 0 0 0 0 0 0 0 0 0 0 0 0 0 0 0 0 0 0 0 0 0 0 0 0 0 0 0 0 0 0 0 0 0 0 0 0 0 0 0 0 0 0 0 0 0 0 0 0 0 77 68 79 32 101 120 116 114 97 32 100 97 116 97 32 108 111 99 107 0 0 0 0 0 0 0 0 0 0 0 0 0 0 0 0 0 0 0 0 0 0 0 0 0 0 0 0 0 0 0 0 0 0 0 0 0 0 0 0 0 0 0 0 0 0 0 0 0 0 0 0 0 0 0 0 0 0 0 0 0 0 0 0 0 0 0 0 0 0 0 0 0 0 0 0 0 0 0 0 0 0 0 0 0 29 0 0 0 0 0 0 0 0 0 0 0 0 0 0 0 0 0 0 0 0 0 0 0 0 0 0 0 0 0 0 0 12 1 0 0 129 29 3 0 1 0 0 0 0 0 0 0 0 0 0 0 2 0 0 0 0 0 10 0 2 0 0 0 64 0 0 0 255 255 255 255 7 0 1 0 0 0 0 0 data 8 0x10007 0x63b0 0x30 0x0 0x50002 0x0 0xe0002 0x63b0 oops 0
ciMethod org/jetbrains/kotlin/load/kotlin/KotlinJvmBinaryClass$AnnotationArgumentVisitor visit (Lorg/jetbrains/kotlin/name/Name;Ljava/lang/Object;)V 0 0 1 0 -1
ciMethod org/jetbrains/kotlin/load/kotlin/KotlinJvmBinaryClass$AnnotationArgumentVisitor visitClassLiteral (Lorg/jetbrains/kotlin/name/Name;Lorg/jetbrains/kotlin/resolve/constants/ClassLiteralValue;)V 0 0 1 0 -1
ciMethod org/jetbrains/kotlin/load/kotlin/FileBasedKotlinClass access$200 (Lorg/jetbrains/org/objectweb/asm/Type;Lorg/jetbrains/kotlin/load/kotlin/FileBasedKotlinClass$InnerClassesInfo;)Lorg/jetbrains/kotlin/resolve/constants/ClassLiteralValue; 0 0 1 0 -1
ciMethod org/jetbrains/kotlin/load/kotlin/FileBasedKotlinClass access$300 (Ljava/lang/String;Lorg/jetbrains/kotlin/load/kotlin/FileBasedKotlinClass$InnerClassesInfo;)Lorg/jetbrains/kotlin/name/ClassId; 65 1 8 0 -1
ciMethod org/jetbrains/org/objectweb/asm/AnnotationVisitor visit (Ljava/lang/String;Ljava/lang/Object;)V 0 0 1 0 -1
ciMethod org/jetbrains/org/objectweb/asm/AnnotationVisitor visitEnum (Ljava/lang/String;Ljava/lang/String;Ljava/lang/String;)V 0 0 1 0 -1
ciMethod org/jetbrains/org/objectweb/asm/AnnotationVisitor visitAnnotation (Ljava/lang/String;Ljava/lang/String;)Lorg/jetbrains/org/objectweb/asm/AnnotationVisitor; 0 0 1 0 -1
ciMethod org/jetbrains/org/objectweb/asm/AnnotationVisitor visitArray (Ljava/lang/String;)Lorg/jetbrains/org/objectweb/asm/AnnotationVisitor; 0 0 1 0 -1
ciMethod org/jetbrains/org/objectweb/asm/AnnotationVisitor visitEnd ()V 4097 1 4233 0 0
ciMethod org/jetbrains/kotlin/load/kotlin/FileBasedKotlinClass$3 visit (Ljava/lang/String;Ljava/lang/Object;)V 2057 1 305 0 0
ciMethod org/jetbrains/kotlin/load/kotlin/FileBasedKotlinClass$3 $$$reportNull$$$0 (I)V 0 0 1 0 -1
ciMethod org/jetbrains/org/objectweb/asm/ClassReader readElementValues (Lorg/jetbrains/org/objectweb/asm/AnnotationVisitor;IZ[C)I 1225 9 4629 0 0
ciMethod org/jetbrains/org/objectweb/asm/ClassReader readElementValue (Lorg/jetbrains/org/objectweb/asm/AnnotationVisitor;ILjava/lang/String;[C)I 9 1 5377 0 -1
ciMethod org/jetbrains/org/objectweb/asm/ClassReader readByte (I)I 0 0 1 0 0
ciMethod org/jetbrains/org/objectweb/asm/ClassReader readUnsignedShort (I)I 2937 1 236986 0 160
ciMethod org/jetbrains/org/objectweb/asm/ClassReader readInt (I)I 2417 1 1341 0 192
ciMethod org/jetbrains/org/objectweb/asm/ClassReader readLong (I)J 0 0 13 0 0
ciMethod org/jetbrains/org/objectweb/asm/ClassReader readUTF8 (I[C)Ljava/lang/String; 2089 1 99653 0 2048
ciMethod org/jetbrains/org/objectweb/asm/ClassReader readUtf (I[C)Ljava/lang/String; 2137 1 8686 0 -1
ciMethod org/jetbrains/org/objectweb/asm/ClassReader readUtf (II[C)Ljava/lang/String; 1025 19169 2506 0 -1
ciMethod org/jetbrains/org/objectweb/asm/ClassReader readStringish (I[C)Ljava/lang/String; 577 1 4891 0 -1
ciMethod org/jetbrains/org/objectweb/asm/ClassReader readClass (I[C)Ljava/lang/String; 577 1 4891 0 0
ciMethod org/jetbrains/org/objectweb/asm/ClassReader readConstantDynamic (I[C)Lorg/jetbrains/org/objectweb/asm/ConstantDynamic; 0 0 1 0 0
ciMethod org/jetbrains/org/objectweb/asm/ClassReader readConst (I[C)Ljava/lang/Object; 1961 1 4325 0 0
ciMethodData org/jetbrains/org/objectweb/asm/ClassReader readUnsignedShort (I)I 2 237259 orig 264 88 29 153 101 0 0 0 0 168 221 50 30 0 0 0 0 40 1 0 0 0 0 0 0 0 0 0 0 0 0 0 0 0 0 0 0 0 0 0 0 0 0 0 0 0 0 0 0 0 0 0 0 0 0 0 0 0 0 0 0 0 0 0 0 0 0 0 0 0 0 0 0 0 0 0 0 0 0 0 0 77 68 79 32 101 120 116 114 97 32 100 97 116 97 32 108 111 99 107 0 0 0 0 0 0 0 0 0 0 0 0 0 0 0 0 0 0 0 0 0 0 0 0 0 0 0 0 0 0 0 0 0 0 0 0 0 0 0 0 0 0 0 0 0 0 0 0 0 0 0 0 0 0 0 0 0 0 0 0 0 0 0 0 0 0 0 0 0 0 0 0 0 0 0 0 0 0 0 0 0 0 0 0 0 1 0 0 0 0 0 0 0 0 0 0 0 0 0 0 0 1 0 0 0 0 0 0 0 0 0 0 0 0 0 0 0 111 1 0 0 225 234 28 0 1 0 0 0 0 0 0 0 0 0 0 0 2 0 0 0 0 0 3 0 1 0 0 0 0 0 0 0 255 255 255 255 0 0 0 0 0 0 0 0 data 0 oops 0
ciMethod org/jetbrains/kotlin/load/java/structure/impl/classFiles/ClassifierResolutionContext mapInternalNameToClassId$frontend_java (Ljava/lang/String;)Lorg/jetbrains/kotlin/name/ClassId; 2057 1 2682 0 -1
ciMethod org/jetbrains/org/objectweb/asm/Type <init> (ILjava/lang/String;II)V 1489 1 2755 0 -1
ciMethod org/jetbrains/org/objectweb/asm/Type getType (Ljava/lang/String;)Lorg/jetbrains/org/objectweb/asm/Type; 1 1 1036 0 0
ciMethod org/jetbrains/org/objectweb/asm/Type getObjectType (Ljava/lang/String;)Lorg/jetbrains/org/objectweb/asm/Type; 0 0 181 0 0
ciMethod org/jetbrains/org/objectweb/asm/Type getMethodType (Ljava/lang/String;)Lorg/jetbrains/org/objectweb/asm/Type; 0 0 1 0 0
ciMethod org/jetbrains/org/objectweb/asm/Type getTypeInternal (Ljava/lang/String;II)Lorg/jetbrains/org/objectweb/asm/Type; 2089 1 5427 0 -1
ciMethod org/jetbrains/org/objectweb/asm/Type getInternalName ()Ljava/lang/String; 3073 1 1044 0 -1
ciMethod org/jetbrains/kotlin/load/java/structure/impl/classFiles/BinaryJavaAnnotation <init> (Ljava/lang/String;Lorg/jetbrains/kotlin/load/java/structure/impl/classFiles/ClassifierResolutionContext;Ljava/util/Collection;Lkotlin/jvm/internal/DefaultConstructorMarker;)V 3945 1 4368 0 -1
ciMethod org/jetbrains/kotlin/load/java/structure/impl/classFiles/BinaryJavaAnnotation$Companion createAnnotationAndVisitor (Ljava/lang/String;Lorg/jetbrains/kotlin/load/java/structure/impl/classFiles/ClassifierResolutionContext;Lorg/jetbrains/kotlin/load/java/structure/impl/classFiles/BinaryClassSignatureParser;)Lkotlin/Pair; 2601 1 4368 0 0
ciMethod org/jetbrains/kotlin/load/java/structure/impl/classFiles/BinaryJavaAnnotationVisitor addArgument (Lorg/jetbrains/kotlin/load/java/structure/JavaAnnotationArgument;)V 2049 1 1054 0 0
ciMethod org/jetbrains/kotlin/load/java/structure/impl/classFiles/BinaryJavaAnnotationVisitor visitAnnotation (Ljava/lang/String;Ljava/lang/String;)Lorg/jetbrains/org/objectweb/asm/AnnotationVisitor; 2201 1 275 0 0
ciMethod org/jetbrains/kotlin/load/java/structure/impl/classFiles/BinaryJavaAnnotationVisitor visitEnum (Ljava/lang/String;Ljava/lang/String;Ljava/lang/String;)V 1169 1 146 0 0
ciMethod org/jetbrains/kotlin/load/java/structure/impl/classFiles/BinaryJavaAnnotationVisitor visit (Ljava/lang/String;Ljava/lang/Object;)V 4033 1 776 0 0
ciMethod org/jetbrains/kotlin/load/java/structure/impl/classFiles/BinaryJavaAnnotationVisitor convertConstValue (Ljava/lang/String;Ljava/lang/Object;)Lorg/jetbrains/kotlin/load/java/structure/JavaAnnotationArgument; 4097 1 797 0 0
ciMethod org/jetbrains/kotlin/load/java/structure/impl/classFiles/BinaryJavaAnnotationVisitor visitArray (Ljava/lang/String;)Lorg/jetbrains/org/objectweb/asm/AnnotationVisitor; 1057 1 132 0 0
ciMethod org/jetbrains/kotlin/load/java/structure/impl/classFiles/BinaryJavaAnnotationVisitor <init> (Lorg/jetbrains/kotlin/load/java/structure/impl/classFiles/ClassifierResolutionContext;Lorg/jetbrains/kotlin/load/java/structure/impl/classFiles/BinaryClassSignatureParser;Ljava/util/Collection;)V 3281 1 4500 0 -1
ciMethodData org/jetbrains/org/objectweb/asm/ClassReader readInt (I)I 2 1341 orig 264 88 29 153 101 0 0 0 0 96 223 50 30 0 0 0 0 40 1 0 0 0 0 0 0 0 0 0 0 0 0 0 0 0 0 0 0 0 0 0 0 0 0 0 0 0 0 0 0 0 0 0 0 0 0 0 0 0 0 0 0 0 0 0 0 0 0 0 0 0 0 0 0 0 0 0 0 0 0 0 0 77 68 79 32 101 120 116 114 97 32 100 97 116 97 32 108 111 99 107 0 0 0 0 0 0 0 0 0 0 0 0 0 0 0 0 0 0 0 0 0 0 0 0 0 0 0 0 0 0 0 0 0 0 0 0 0 0 0 0 0 0 0 0 0 0 0 0 0 0 0 0 0 0 0 0 0 0 0 0 0 0 0 0 0 0 0 0 0 0 0 0 0 0 0 0 0 0 0 0 0 0 0 0 0 1 0 0 0 0 0 0 0 0 0 0 0 0 0 0 0 1 0 0 0 0 0 0 0 0 0 0 0 0 0 0 0 42 1 0 0 121 32 0 0 1 0 0 0 0 0 0 0 0 0 0 0 2 0 0 0 0 0 3 0 1 0 0 0 0 0 0 0 255 255 255 255 0 0 0 0 0 0 0 0 data 0 oops 0
ciMethodData org/jetbrains/org/objectweb/asm/ClassReader readUtf (II[C)Ljava/lang/String; 2 63611 orig 264 88 29 153 101 0 0 0 0 208 227 50 30 0 0 0 0 248 1 0 0 32 0 0 0 0 0 0 0 0 0 0 0 0 0 0 0 0 0 0 0 0 0 0 0 0 0 0 0 0 0 0 0 0 0 0 0 0 0 0 0 0 0 0 0 0 0 0 0 0 0 0 0 0 0 0 0 0 0 0 0 77 68 79 32 101 120 116 114 97 32 100 97 116 97 32 108 111 99 107 0 0 0 0 0 0 0 0 0 0 0 0 0 0 0 0 0 0 0 0 0 0 0 0 0 0 0 0 0 0 0 0 0 0 0 0 0 0 0 0 0 0 0 0 0 1 0 0 0 0 0 0 0 0 0 0 0 0 0 0 0 0 0 0 0 0 0 0 0 0 0 0 0 0 0 0 0 0 0 0 1 0 0 0 0 0 0 0 0 0 0 0 0 0 0 0 0 0 0 0 0 0 0 0 0 0 0 0 0 0 0 0 0 0 0 0 0 92 9 0 0 81 74 0 0 249 120 7 0 11 5 0 0 252 134 0 0 2 0 0 0 1 0 11 0 2 0 0 0 184 0 0 0 255 255 255 255 7 0 22 0 0 0 0 0 data 23 0x160007 0x94b 0xa8 0xef11 0x29e007 0x341 0x38 0xebd1 0x390003 0xebd1 0x50 0x450007 0x0 0x38 0x341 0x640003 0x341 0x18 0x920003 0xef12 0xffffffffffffff70 0x9d0002 0x94b oops 0
ciMethodData org/jetbrains/org/objectweb/asm/ClassReader readUTF8 (I[C)Ljava/lang/String; 2 99852 orig 264 88 29 153 101 0 0 0 0 32 225 50 30 0 0 0 0 248 1 0 0 80 0 0 0 0 0 0 0 0 0 0 0 0 0 0 0 0 0 0 0 0 0 0 0 0 0 0 0 0 0 0 0 0 0 0 0 0 0 0 0 0 0 0 0 0 0 0 0 0 0 0 0 0 0 0 0 0 0 0 0 77 68 79 32 101 120 116 114 97 32 100 97 116 97 32 108 111 99 107 0 0 0 0 0 0 0 0 0 0 0 0 0 0 0 0 0 0 0 0 0 0 0 0 0 0 0 0 0 0 0 0 0 0 0 0 0 0 0 0 0 0 0 0 0 1 0 0 0 0 0 0 0 0 0 0 0 0 0 0 0 0 0 0 0 0 0 0 0 0 0 0 0 0 0 0 0 0 0 0 1 0 0 0 0 0 0 0 0 0 0 0 0 0 0 0 0 0 0 0 0 0 0 0 0 0 0 0 0 0 0 0 0 0 0 0 0 5 1 0 0 57 40 12 0 1 0 0 0 43 33 0 0 0 0 0 0 2 0 0 0 0 0 8 0 2 0 0 0 160 0 0 0 255 255 255 255 5 0 2 0 0 0 0 0 data 20 0x20005 0x0 0x198caa70 0x18507 0x0 0x0 0x70007 0xbe 0x40 0x18449 0xbe007 0x1838f 0x20 0xbb 0x130005 0x2f 0x198caa70 0x18360 0x0 0x0 oops 2 2 org/jetbrains/org/objectweb/asm/ClassReader 16 org/jetbrains/org/objectweb/asm/ClassReader
ciMethodData org/jetbrains/org/objectweb/asm/ClassReader readUtf (I[C)Ljava/lang/String; 2 8686 orig 264 88 29 153 101 0 0 0 0 32 226 50 30 0 0 0 0 232 1 0 0 0 0 0 0 0 0 0 0 0 0 0 0 0 0 0 0 0 0 0 0 0 0 0 0 0 0 0 0 0 0 0 0 0 0 0 0 0 0 0 0 0 0 0 0 0 0 0 0 0 0 0 0 0 0 0 0 0 0 0 0 77 68 79 32 101 120 116 114 97 32 100 97 116 97 32 108 111 99 107 0 0 0 0 0 0 0 0 0 0 0 0 0 0 0 0 0 0 0 0 0 0 0 0 0 0 0 0 0 0 0 0 0 0 0 0 0 0 0 0 0 0 0 0 0 0 0 0 0 0 0 0 0 0 0 0 0 0 0 0 0 0 0 0 0 0 0 0 0 0 0 0 0 0 0 0 0 0 0 0 0 0 0 0 0 0 0 0 0 0 0 0 0 0 0 0 0 0 0 0 0 0 0 0 0 0 0 0 0 0 0 0 0 0 0 0 0 11 1 0 0 25 7 1 0 1 0 0 0 0 0 0 0 0 0 0 0 2 0 0 0 0 0 5 0 2 0 0 0 144 0 0 0 255 255 255 255 7 0 8 0 0 0 0 0 data 18 0x80007 0xf8d 0x20 0x1156 0x220005 0x0 0x198caa70 0xf8d 0x0 0x0 0x260002 0xf8d 0x2a0004 0x0 0x254acc0 0xf8d 0x0 0x0 oops 2 6 org/jetbrains/org/objectweb/asm/ClassReader 14 java/lang/String
ciMethod org/jetbrains/kotlin/load/java/structure/impl/classFiles/PlainJavaLiteralAnnotationArgument <init> (Ljava/lang/String;Ljava/lang/Object;)V 4097 1 797 0 -1
ciMethod org/jetbrains/kotlin/load/java/structure/impl/classFiles/PlainJavaAnnotationArgument <init> (Ljava/lang/String;)V 2065 1 1350 0 0
ciMethodData org/jetbrains/org/objectweb/asm/ClassReader readClass (I[C)Ljava/lang/String; 2 4891 orig 264 88 29 153 101 0 0 0 0 88 229 50 30 0 0 0 0 64 1 0 0 0 0 0 0 0 0 0 0 0 0 0 0 0 0 0 0 0 0 0 0 0 0 0 0 0 0 0 0 0 0 0 0 0 0 0 0 0 0 0 0 0 0 0 0 0 0 0 0 0 0 0 0 0 0 0 0 0 0 0 0 77 68 79 32 101 120 116 114 97 32 100 97 116 97 32 108 111 99 107 0 0 0 0 0 0 0 0 0 0 0 0 0 0 0 0 0 0 0 0 0 0 0 0 0 0 0 0 0 0 0 0 0 0 0 0 0 0 0 0 0 0 0 0 0 0 0 0 0 0 0 0 0 0 0 0 0 0 0 0 0 0 0 0 0 0 0 0 0 0 0 0 0 0 0 0 0 0 0 0 0 0 0 0 0 17 0 0 0 0 0 0 0 0 0 0 0 0 0 0 0 0 0 0 0 0 0 0 0 0 0 0 0 0 0 0 0 72 0 0 0 153 150 0 0 1 0 0 0 0 0 0 0 0 0 0 0 2 0 0 0 0 0 10 0 2 0 0 0 16 0 0 0 255 255 255 255 2 0 3 0 0 0 0 0 data 2 0x30002 0x12d3 oops 0
ciMethodData org/jetbrains/org/objectweb/asm/ClassReader readByte (I)I 1 0 orig 264 88 29 153 101 0 0 0 0 216 220 50 30 0 0 0 0 40 1 0 0 0 0 0 0 0 0 0 0 0 0 0 0 0 0 0 0 0 0 0 0 0 0 0 0 0 0 0 0 0 0 0 0 0 0 0 0 0 0 0 0 0 0 0 0 0 0 0 0 0 0 0 0 0 0 0 0 0 0 0 0 77 68 79 32 101 120 116 114 97 32 100 97 116 97 32 108 111 99 107 0 0 0 0 0 0 0 0 0 0 0 0 0 0 0 0 0 0 0 0 0 0 0 0 0 0 0 0 0 0 0 0 0 0 0 0 0 0 0 0 0 0 0 0 0 0 0 0 0 0 0 0 0 0 0 0 0 0 0 0 0 0 0 0 0 0 0 0 0 0 0 0 0 0 0 0 0 0 0 0 0 0 0 0 0 1 0 0 0 0 0 0 0 0 0 0 0 0 0 0 0 1 0 0 0 0 0 0 0 0 0 0 0 0 0 0 0 0 0 0 0 1 0 0 0 1 0 0 0 0 0 0 0 0 0 0 0 2 0 0 0 0 0 0 0 0 0 0 0 0 0 0 0 255 255 255 255 0 0 0 0 0 0 0 0 data 0 oops 0
ciMethodData org/jetbrains/org/objectweb/asm/ClassReader readElementValue (Lorg/jetbrains/org/objectweb/asm/AnnotationVisitor;ILjava/lang/String;[C)I 2 5377 orig 264 88 29 153 101 0 0 0 0 160 205 50 30 0 0 0 0 80 21 0 0 192 5 0 0 0 0 0 0 0 0 0 0 0 0 0 0 0 0 0 0 0 0 0 0 0 0 0 0 0 0 0 0 0 0 0 0 0 0 0 0 0 0 0 0 0 0 0 0 0 0 0 0 0 0 0 0 0 0 0 0 77 68 79 32 101 120 116 114 97 32 100 97 116 97 32 108 111 99 107 0 0 0 0 0 0 0 0 0 0 0 0 0 0 0 0 0 0 0 0 0 0 0 0 0 0 0 0 0 0 0 0 0 0 0 0 0 0 0 0 0 0 0 0 0 1 0 0 0 0 0 0 0 0 0 0 0 0 0 0 0 0 0 0 0 2 0 0 4 0 0 0 0 0 0 0 0 0 0 0 0 0 0 0 0 0 0 0 0 0 0 0 0 0 0 0 0 0 0 0 0 0 0 0 0 0 0 0 0 0 0 0 0 0 0 0 0 1 0 0 0 1 168 0 0 97 12 0 0 0 0 0 0 0 0 0 0 2 0 0 0 8 0 98 0 2 0 0 0 208 19 0 0 255 255 255 255 7 0 4 0 0 0 0 0 data 634 0x40007 0x147b 0x90 0x85 0x120008 0x8 0x1 0x70 0x0 0x50 0x0 0x60 0x0 0x50 0x420002 0x0 0x4f0002 0x19 0x660008 0x6a 0x0 0x1330 0x5 0x8b8 0x0 0x1330 0x0 0x360 0x0 0x418 0x0 0x4d0 0x0 0x1330 0x0 0x4d0 0x0 0x1330 0x0 0x1330 0x21 0x4d0 0x0 0x4d0 0x0 0x1330 0x0 0x1330 0x0 0x1330 0x0 0x1330 0x0 0x1330 0x0 0x1330 0x0 0x1330 0x0 0x1330 0x0 0x578 0x0 0x1330 0x0 0x1330 0x0 0x1330 0x0 0x1330 0x0 0x1330 0x0 0x1330 0x0 0x630 0x46 0x940 0x0 0x1330 0x0 0x1330 0x0 0x1330 0x0 0x1330 0x0 0x1330 0x0 0x1330 0x0 0x1330 0x0 0x830 0x0 0x1330 0x0 0x788 0x0 0x1330 0x0 0x1330 0x0 0x1330 0x0 0x1330 0x0 0x1330 0x0 0x1330 0x0 0x1330 0x0 0x1330 0x0 0x1330 0x0 0x1330 0x0 0x1330 0x0 0x1330 0x0 0x1330 0x138 0x710 0x14e0005 0x0 0x0 0x0 0x0 0x0 0x1520005 0x0 0x0 0x0 0x0 0x0 0x1560002 0x0 0x1590005 0x0 0x0 0x0 0x0 0x0 0x15f0003 0x0 0xf40 0x16c0005 0x0 0x0 0x0 0x0 0x0 0x1700005 0x0 0x0 0x0 0x0 0x0 0x1740002 0x0 0x1770005 0x0 0x0 0x0 0x0 0x0 0x17d0003 0x0 0xe88 0x1860005 0x0 0x198caa70 0x1e2 0x0 0x0 0x18b0005 0x0 0x198caa70 0x1e2 0x0 0x0 0x18ef005 0x7 0x198cc310 0x67 0x198cc3c0 0x176 0x1940003 0x1e4 0xde0 0x1a10005 0x0 0x0 0x0 0x0 0x0 0x1a50005 0x0 0x0 0x0 0x0 0x0 0x1a90002 0x0 0x1ac0005 0x0 0x0 0x0 0x0 0x0 0x1b20003 0x0 0xd28 0x1bf0005 0x0 0x198caa70 0xc 0x0 0x0 0x1c30005 0x0 0x198caa70 0xc 0x0 0x0 0x1c60007 0x4 0x38 0x8 0x1cc0003 0x8 0x18 0x1d20005 0x0 0x198cc3c0 0xc 0x0 0x0 0x1d80003 0xc 0xc48 0x1e20005 0x0 0x198caa70 0xfb4 0x0 0x0 0x1e50005 0x166 0x198cc470 0xe27 0x198cc310 0x27 0x1eb0003 0xfb4 0xbd0 0x1f50005 0x0 0x198caa70 0x67 0x0 0x0 0x1ff0005 0x0 0x198caa70 0x67 0x0 0x0 0x2020005 0x0 0x198cc3c0 0x5f 0x198cc470 0x8 0x2080003 0x67 0xb28 0x2120005 0x0 0x0 0x0 0x0 0x0 0x2150002 0x0 0x2180005 0x0 0x0 0x0 0x0 0x0 0x21e0003 0x0 0xaa0 0x2290005 0x0 0x198caa70 0x118 0x0 0x0 0x22c4005 0x0 0x198cc3c0 0x113 0x198cc520 0x7 0x2360002 0x11a 0x23b0003 0x11a 0xa18 0x2410005 0x0 0x198caa70 0x15a 0x0 0x0 0x24b0007 0x154 0x60 0x6 0x2510005 0x0 0x198cc3c0 0x6 0x0 0x0 0x25b0002 0x6 0x26a0008 0x34 0x24 0x908 0x0 0x1b0 0x0 0x488 0x0 0x818 0x0 0x908 0x0 0x728 0x0 0x908 0x0 0x908 0x22 0x568 0x0 0x648 0x0 0x908 0x0 0x908 0x0 0x908 0x0 0x908 0x0 0x908 0x0 0x908 0x0 0x908 0x0 0x908 0x0 0x3a8 0x0 0x908 0x0 0x908 0x0 0x908 0x0 0x908 0x0 0x908 0x0 0x908 0x0 0x290 0x2e90007 0x0 0x98 0x0 0x2fa0005 0x0 0x0 0x0 0x0 0x0 0x2fe0005 0x0 0x0 0x0 0x0 0x0 0x3090003 0x0 0xffffffffffffff80 0x3100005 0x0 0x0 0x0 0x0 0x0 0x3130003 0x0 0x6f8 0x3230007 0x0 0xd0 0x0 0x3340005 0x0 0x0 0x0 0x0 0x0 0x3380005 0x0 0x0 0x0 0x0 0x0 0x33b0007 0x0 0x38 0x0 0x33f0003 0x0 0x18 0x34a0003 0x0 0xffffffffffffff48 0x3510005 0x0 0x0 0x0 0x0 0x0 0x3540003 0x0 0x5e0 0x3640007 0x0 0x98 0x0 0x3750005 0x0 0x0 0x0 0x0 0x0 0x3790005 0x0 0x0 0x0 0x0 0x0 0x3840003 0x0 0xffffffffffffff80 0x38b0005 0x0 0x0 0x0 0x0 0x0 0x38e0003 0x0 0x500 0x39e0007 0x0 0x98 0x0 0x3af0005 0x0 0x0 0x0 0x0 0x0 0x3b30005 0x0 0x0 0x0 0x0 0x0 0x3be0003 0x0 0xffffffffffffff80 0x3c50005 0x0 0x0 0x0 0x0 0x0 0x3c80003 0x0 0x420 0x3d80007 0x84 0x98 0x18c 0x3e90005 0x0 0x198caa70 0x18c 0x0 0x0 0x3ed0005 0x0 0x198caa70 0x18c 0x0 0x0 0x3f70003 0x18c 0xffffffffffffff80 0x3fe0005 0x0 0x198cc310 0x84 0x0 0x0 0x4010003 0x84 0x340 0x4110007 0x0 0x98 0x0 0x4220005 0x0 0x0 0x0 0x0 0x0 0x4260005 0x0 0x0 0x0 0x0 0x0 0x4300003 0x0 0xffffffffffffff80 0x4370005 0x0 0x0 0x0 0x0 0x0 0x43a0003 0x0 0x260 0x44a0007 0x0 0xa8 0x0 0x45b0005 0x0 0x0 0x0 0x0 0x0 0x45f0005 0x0 0x0 0x0 0x0 0x0 0x4620002 0x0 0x46c0003 0x0 0xffffffffffffff70 0x4730005 0x0 0x0 0x0 0x0 0x0 0x4760003 0x0 0x170 0x4860007 0x0 0xa8 0x0 0x4970005 0x0 0x0 0x0 0x0 0x0 0x49b0005 0x0 0x0 0x0 0x0 0x0 0x49e0002 0x0 0x4a80003 0x0 0xffffffffffffff70 0x4af0005 0x0 0x0 0x0 0x0 0x0 0x4b20003 0x0 0x80 0x4b87005 0x4 0x198cc310 0x85 0x198cc3c0 0x49 0x4c20002 0xd2 0x4c70003 0xd2 0x28 0x4ce0002 0x0 oops 24 174 org/jetbrains/org/objectweb/asm/ClassReader 180 org/jetbrains/org/objectweb/asm/ClassReader 186 org/jetbrains/kotlin/load/kotlin/FileBasedKotlinClass$3 188 org/jetbrains/kotlin/load/java/structure/impl/classFiles/BinaryJavaAnnotationVisitor 218 org/jetbrains/org/objectweb/asm/ClassReader 224 org/jetbrains/org/objectweb/asm/ClassReader 237 org/jetbrains/kotlin/load/java/structure/impl/classFiles/BinaryJavaAnnotationVisitor 246 org/jetbrains/org/objectweb/asm/ClassReader 252 org/jetbrains/kotlin/load/kotlin/FileBasedKotlinClass$3$1 254 org/jetbrains/kotlin/load/kotlin/FileBasedKotlinClass$3 261 org/jetbrains/org/objectweb/asm/ClassReader 267 org/jetbrains/org/objectweb/asm/ClassReader 273 org/jetbrains/kotlin/load/java/structure/impl/classFiles/BinaryJavaAnnotationVisitor 275 org/jetbrains/kotlin/load/kotlin/FileBasedKotlinClass$3$1 299 org/jetbrains/org/objectweb/asm/ClassReader 305 org/jetbrains/kotlin/load/java/structure/impl/classFiles/BinaryJavaAnnotationVisitor 307 org/jetbrains/kotlin/com/intellij/psi/impl/compiled/StubBuildingVisitor$AnnotationTextCollector 316 org/jetbrains/org/objectweb/asm/ClassReader 326 org/jetbrains/kotlin/load/java/structure/impl/classFiles/BinaryJavaAnnotationVisitor 511 org/jetbrains/org/objectweb/asm/ClassReader 517 org/jetbrains/org/objectweb/asm/ClassReader 526 org/jetbrains/kotlin/load/kotlin/FileBasedKotlinClass$3 623 org/jetbrains/kotlin/load/kotlin/FileBasedKotlinClass$3 625 org/jetbrains/kotlin/load/java/structure/impl/classFiles/BinaryJavaAnnotationVisitor
ciMethodData org/jetbrains/org/objectweb/asm/ClassReader readElementValues (Lorg/jetbrains/org/objectweb/asm/AnnotationVisitor;IZ[C)I 2 5770 orig 264 88 29 153 101 0 0 0 0 128 198 50 30 0 0 0 0 200 2 0 0 176 0 0 0 0 0 0 0 0 0 0 0 0 0 0 0 0 0 0 0 0 0 0 0 0 0 0 0 0 0 0 0 0 0 0 0 0 0 0 0 0 0 0 0 0 0 0 0 0 0 0 0 0 0 0 0 0 0 0 0 77 68 79 32 101 120 116 114 97 32 100 97 116 97 32 108 111 99 107 0 0 0 0 0 0 0 0 0 0 0 0 0 0 0 0 0 0 0 0 0 0 0 0 0 0 0 0 0 0 0 0 0 0 0 0 0 0 0 0 0 0 0 0 0 0 0 0 0 0 0 0 0 0 0 0 0 0 0 0 0 0 0 0 0 0 0 0 0 0 0 0 0 0 0 0 0 0 0 0 0 0 0 0 0 0 0 0 0 0 0 0 0 0 0 0 0 0 0 0 0 0 0 0 0 0 0 0 0 0 0 0 0 0 0 0 0 153 0 0 0 233 139 0 0 73 180 0 0 0 0 0 0 0 0 0 0 2 0 0 0 2 0 21 0 2 0 0 0 96 1 0 0 255 255 255 255 5 0 6 0 0 0 0 0 data 44 0x60005 0x0 0x198caa70 0x117d 0x0 0x0 0xf0007 0xf8 0x98 0x1085 0x170007 0x1085 0xc0 0x66b 0x1f0005 0x0 0x198caa70 0x66b 0x0 0x0 0x2e0002 0x66b 0x330003 0x66b 0xffffffffffffffa0 0x3b0007 0xf8 0x48 0x101e 0x450002 0x101e 0x4a0003 0x101e 0xffffffffffffffd0 0x4e0007 0x74 0x50 0x1109 0x520005 0xa6 0x198cc3c0 0xfde 0x198cc470 0x85 oops 4 2 org/jetbrains/org/objectweb/asm/ClassReader 16 org/jetbrains/org/objectweb/asm/ClassReader 40 org/jetbrains/kotlin/load/java/structure/impl/classFiles/BinaryJavaAnnotationVisitor 42 org/jetbrains/kotlin/load/kotlin/FileBasedKotlinClass$3$1
ciMethod org/jetbrains/kotlin/load/kotlin/KotlinJvmBinaryClass$AnnotationArrayArgumentVisitor visit (Ljava/lang/Object;)V 0 0 1 0 -1
ciMethod org/jetbrains/kotlin/load/kotlin/KotlinJvmBinaryClass$AnnotationArrayArgumentVisitor visitEnum (Lorg/jetbrains/kotlin/name/ClassId;Lorg/jetbrains/kotlin/name/Name;)V 0 0 1 0 -1
ciMethod org/jetbrains/kotlin/load/kotlin/KotlinJvmBinaryClass$AnnotationArrayArgumentVisitor visitClassLiteral (Lorg/jetbrains/kotlin/resolve/constants/ClassLiteralValue;)V 0 0 1 0 -1
ciMethod org/jetbrains/kotlin/load/kotlin/FileBasedKotlinClass$3$1 visit (Ljava/lang/String;Ljava/lang/Object;)V 3073 1 3623 0 0
ciMethod org/jetbrains/kotlin/load/kotlin/FileBasedKotlinClass$3$1 visitEnum (Ljava/lang/String;Ljava/lang/String;Ljava/lang/String;)V 65 1 8 0 0
ciMethod org/jetbrains/kotlin/load/kotlin/FileBasedKotlinClass$3$1 $$$reportNull$$$0 (I)V 0 0 1 0 -1
ciMethod org/jetbrains/kotlin/load/kotlin/header/ReadKotlinClassHeaderAnnotationVisitor$CollectStringArrayAnnotationVisitor visit (Ljava/lang/Object;)V 3073 1 3623 0 0
ciMethodData org/jetbrains/org/objectweb/asm/ClassReader readConst (I[C)Ljava/lang/Object; 2 4356 orig 264 88 29 153 101 0 0 0 0 232 234 50 30 0 0 0 0 192 5 0 0 32 4 0 0 0 0 0 0 0 0 0 0 0 0 0 0 0 0 0 0 0 0 0 0 0 0 0 0 0 0 0 0 0 0 0 0 0 0 0 0 0 0 0 0 0 0 0 0 0 0 0 0 0 0 0 0 0 0 0 0 77 68 79 32 101 120 116 114 97 32 100 97 116 97 32 108 111 99 107 0 0 0 0 0 0 0 0 0 0 0 0 0 0 0 0 0 0 0 0 0 0 0 0 0 0 0 0 0 0 0 0 0 0 0 0 0 0 0 0 0 0 0 0 0 0 0 0 0 0 0 0 0 0 0 0 0 0 0 0 0 0 0 0 0 0 0 0 0 0 0 0 0 0 0 0 0 0 0 0 0 0 0 0 0 0 0 0 0 0 0 0 0 0 0 0 0 0 0 0 0 0 0 0 0 0 0 0 0 0 0 0 0 0 0 0 0 245 0 0 0 121 128 0 0 1 0 0 0 0 0 0 0 0 0 0 0 2 0 0 0 0 0 69 0 2 0 0 0 104 4 0 0 255 255 255 255 8 0 15 0 0 0 0 0 data 141 0xf0008 0x20 0x0 0x458 0x80 0x110 0x0 0x150 0x0 0x1a0 0x0 0x1e0 0x0 0x230 0x1f0 0x270 0x0 0x458 0x0 0x458 0x0 0x458 0x0 0x458 0x0 0x458 0x0 0x458 0x0 0x2e0 0x0 0x2a0 0x0 0x448 0x5a0005 0x0 0x198caa70 0xbb5 0x0 0x0 0x5d0002 0xbb5 0x630005 0x0 0x198caa70 0xb 0x0 0x0 0x660002 0xb 0x690002 0xb 0x6f0005 0x0 0x198caa70 0xd 0x0 0x0 0x720002 0xd 0x780005 0x0 0x0 0x0 0x0 0x0 0x7b0002 0x0 0x7e0002 0x0 0x850005 0x0 0x0 0x0 0x0 0x0 0x880002 0x0 0x8f0005 0x0 0x198caa70 0x442 0x0 0x0 0x960005 0x0 0x0 0x0 0x0 0x0 0x990002 0x0 0x9f0005 0x0 0x0 0x0 0x0 0x0 0xac0005 0x0 0x0 0x0 0x0 0x0 0xbb0005 0x0 0x0 0x0 0x0 0x0 0xc50005 0x0 0x0 0x0 0x0 0x0 0xce0005 0x0 0x0 0x0 0x0 0x0 0xd90005 0x0 0x0 0x0 0x0 0x0 0xe90007 0x0 0x38 0x0 0xed0003 0x0 0x18 0x1010002 0x0 0x1080002 0x0 0x1100002 0x0 oops 4 36 org/jetbrains/org/objectweb/asm/ClassReader 44 org/jetbrains/org/objectweb/asm/ClassReader 54 org/jetbrains/org/objectweb/asm/ClassReader 80 org/jetbrains/org/objectweb/asm/ClassReader
ciMethodData org/jetbrains/org/objectweb/asm/ClassReader readLong (I)J 1 13 orig 264 88 29 153 101 0 0 0 0 64 224 50 30 0 0 0 0 176 1 0 0 0 0 0 0 0 0 0 0 0 0 0 0 0 0 0 0 0 0 0 0 0 0 0 0 0 0 0 0 0 0 0 0 0 0 0 0 0 0 0 0 0 0 0 0 0 0 0 0 0 0 0 0 0 0 0 0 0 0 0 0 77 68 79 32 101 120 116 114 97 32 100 97 116 97 32 108 111 99 107 0 0 0 0 0 0 0 0 0 0 0 0 0 0 0 0 0 0 0 0 0 0 0 0 0 0 0 0 0 0 0 0 0 0 0 0 0 0 0 0 0 0 0 0 0 0 0 0 0 0 0 0 0 0 0 0 0 0 0 0 0 0 0 0 0 0 0 0 0 0 0 0 0 0 0 0 0 0 0 0 0 0 0 0 0 0 0 0 0 0 0 0 0 0 0 0 0 0 0 0 0 0 0 0 0 0 0 0 0 0 0 0 0 0 0 0 0 0 0 0 0 105 0 0 0 1 0 0 0 0 0 0 0 0 0 0 0 2 0 0 0 0 0 0 0 0 0 0 0 96 0 0 0 255 255 255 255 5 0 2 0 0 0 0 0 data 12 0x20005 0x0 0x198caa70 0xd 0x0 0x0 0xb0005 0x0 0x198caa70 0xd 0x0 0x0 oops 2 2 org/jetbrains/org/objectweb/asm/ClassReader 8 org/jetbrains/org/objectweb/asm/ClassReader
ciMethodData org/jetbrains/org/objectweb/asm/Type getType (Ljava/lang/String;)Lorg/jetbrains/org/objectweb/asm/Type; 2 1038 orig 264 88 29 153 101 0 0 0 0 200 131 52 30 0 0 0 0 136 1 0 0 0 0 0 0 0 0 0 0 0 0 0 0 0 0 0 0 0 0 0 0 0 0 0 0 0 0 0 0 0 0 0 0 0 0 0 0 0 0 0 0 0 0 0 0 0 0 0 0 0 0 0 0 0 0 0 0 0 0 0 0 77 68 79 32 101 120 116 114 97 32 100 97 116 97 32 108 111 99 107 0 0 0 0 0 0 0 0 0 0 0 0 0 0 0 0 0 0 0 0 0 0 0 0 0 0 0 0 0 0 0 0 0 0 0 0 0 0 0 0 0 0 0 0 0 0 0 0 0 0 0 0 0 0 0 0 0 0 0 0 0 0 0 0 0 0 0 0 0 0 0 0 0 0 0 0 0 0 0 0 0 0 0 0 0 17 0 0 0 0 0 0 0 0 0 0 0 0 0 0 0 0 0 0 0 0 0 0 0 0 0 0 0 0 0 0 0 0 0 0 0 113 32 0 0 1 0 0 0 0 0 0 0 0 0 0 0 2 0 0 0 0 0 3 0 2 0 0 0 64 0 0 0 255 255 255 255 5 0 3 0 0 0 0 0 data 8 0x30005 0x182 0x254acc0 0x28c 0x0 0x0 0x60002 0x40e oops 1 2 java/lang/String
ciMethodData org/jetbrains/kotlin/load/kotlin/FileBasedKotlinClass$3$1 visit (Ljava/lang/String;Ljava/lang/Object;)V 2 3623 orig 264 88 29 153 101 0 0 0 0 152 217 60 30 0 0 0 0 144 2 0 0 240 0 0 0 0 0 0 0 0 0 0 0 0 0 0 0 0 0 0 0 0 0 0 0 0 0 0 0 0 0 0 0 0 0 0 0 0 0 0 0 0 0 0 0 0 0 0 0 0 0 0 0 0 0 0 0 0 0 0 0 77 68 79 32 101 120 116 114 97 32 100 97 116 97 32 108 111 99 107 0 0 0 0 0 0 0 0 0 0 0 0 0 0 0 0 0 0 0 0 0 0 0 0 0 0 0 0 0 0 0 0 0 0 0 0 0 0 0 0 0 0 0 0 0 0 0 0 0 0 0 0 0 0 0 0 0 0 0 0 0 0 0 0 0 0 0 0 0 0 0 0 0 0 0 0 0 0 0 0 0 0 0 0 0 0 0 0 0 0 0 0 0 0 0 0 0 0 0 0 0 0 0 0 0 0 0 0 0 0 0 0 0 0 0 0 0 128 1 0 0 57 101 0 0 1 0 0 0 0 0 0 0 0 0 0 0 2 0 0 0 0 0 16 0 2 0 0 0 56 1 0 0 255 255 255 255 7 0 1 0 0 0 0 0 data 39 0x10007 0xca7 0x30 0x0 0x50002 0x0 0x90004 0xfffffffffffff359 0x254acc0 0x18 0x0 0x0 0xc0007 0xca7 0xa8 0x0 0x140004 0x0 0x0 0x0 0x0 0x0 0x1e0002 0x0 0x210005 0x0 0x0 0x0 0x0 0x0 0x260003 0x0 0x48 0x2e0005 0x0 0x1a35c230 0x2c 0x1a35c2e0 0xc7b oops 3 8 java/lang/String 35 org/jetbrains/kotlin/load/kotlin/header/ReadKotlinClassHeaderAnnotationVisitor$KotlinMetadataArgumentVisitor$1 37 org/jetbrains/kotlin/load/kotlin/header/ReadKotlinClassHeaderAnnotationVisitor$KotlinMetadataArgumentVisitor$2
ciMethodData org/jetbrains/kotlin/load/kotlin/header/ReadKotlinClassHeaderAnnotationVisitor$CollectStringArrayAnnotationVisitor visit (Ljava/lang/Object;)V 2 3623 orig 264 88 29 153 101 0 0 0 0 240 247 60 30 0 0 0 0 0 2 0 0 0 0 0 0 0 0 0 0 0 0 0 0 0 0 0 0 0 0 0 0 0 0 0 0 0 0 0 0 0 0 0 0 0 0 0 0 0 0 0 0 0 0 0 0 0 0 0 0 0 0 0 0 0 0 0 0 0 0 0 0 77 68 79 32 101 120 116 114 97 32 100 97 116 97 32 108 111 99 107 0 0 0 0 0 0 0 0 0 0 0 0 0 0 0 0 0 0 0 0 0 0 0 0 0 0 0 0 0 0 0 0 0 0 0 0 0 0 0 0 0 0 0 0 0 0 0 0 0 0 0 0 0 0 0 0 0 0 0 0 0 0 0 0 0 0 0 0 0 0 0 0 0 0 0 0 0 0 0 0 0 0 0 0 0 0 0 0 0 0 0 0 0 0 0 0 0 0 0 0 0 0 0 0 0 0 0 0 0 0 0 0 0 0 0 0 0 128 1 0 0 57 101 0 0 1 0 0 0 0 0 0 0 0 0 0 0 2 0 0 0 0 0 6 0 2 0 0 0 176 0 0 0 255 255 255 255 4 0 1 0 0 0 0 0 data 22 0x10004 0x0 0x254acc0 0xca7 0x0 0x0 0x40007 0x0 0x80 0xca7 0xc0004 0x0 0x254acc0 0xca7 0x0 0x0 0xf0005 0x0 0x1a35e880 0xca7 0x0 0x0 oops 3 2 java/lang/String 12 java/lang/String 18 java/util/ArrayList
ciMethodData org/jetbrains/org/objectweb/asm/Type getObjectType (Ljava/lang/String;)Lorg/jetbrains/org/objectweb/asm/Type; 1 181 orig 264 88 29 153 101 0 0 0 0 200 135 52 30 0 0 0 0 240 1 0 0 80 0 0 0 0 0 0 0 0 0 0 0 0 0 0 0 0 0 0 0 0 0 0 0 0 0 0 0 0 0 0 0 0 0 0 0 0 0 0 0 0 0 0 0 0 0 0 0 0 0 0 0 0 0 0 0 0 0 0 0 77 68 79 32 101 120 116 114 97 32 100 97 116 97 32 108 111 99 107 0 0 0 0 0 0 0 0 0 0 0 0 0 0 0 0 0 0 0 0 0 0 0 0 0 0 0 0 0 0 0 0 0 0 0 0 0 0 0 0 0 0 0 0 0 0 0 0 0 0 0 0 0 0 0 0 0 0 0 0 0 0 0 0 0 0 0 0 0 0 0 0 0 0 0 0 0 0 0 0 0 0 0 0 0 29 0 0 0 0 0 0 0 0 0 0 0 0 0 0 0 0 0 0 0 0 0 0 0 0 0 0 0 0 0 0 0 0 0 0 0 169 5 0 0 1 0 0 0 0 0 0 0 0 0 0 0 2 0 0 0 0 0 0 0 0 0 0 0 168 0 0 0 255 255 255 255 5 0 6 0 0 0 0 0 data 21 0x60005 0xb5 0x0 0x0 0x0 0x0 0xb0007 0xb3 0x38 0x2 0x100003 0x2 0x18 0x180005 0xb5 0x0 0x0 0x0 0x0 0x1b0002 0xb5 oops 0
ciMethodData org/jetbrains/org/objectweb/asm/Type getMethodType (Ljava/lang/String;)Lorg/jetbrains/org/objectweb/asm/Type; 1 0 orig 264 88 29 153 101 0 0 0 0 120 136 52 30 0 0 0 0 136 1 0 0 0 0 0 0 0 0 0 0 0 0 0 0 0 0 0 0 0 0 0 0 0 0 0 0 0 0 0 0 0 0 0 0 0 0 0 0 0 0 0 0 0 0 0 0 0 0 0 0 0 0 0 0 0 0 0 0 0 0 0 0 77 68 79 32 101 120 116 114 97 32 100 97 116 97 32 108 111 99 107 0 0 0 0 0 0 0 0 0 0 0 0 0 0 0 0 0 0 0 0 0 0 0 0 0 0 0 0 0 0 0 0 0 0 0 0 0 0 0 0 0 0 0 0 0 0 0 0 0 0 0 0 0 0 0 0 0 0 0 0 0 0 0 0 0 0 0 0 0 0 0 0 0 0 0 0 0 0 0 0 0 0 0 0 0 13 0 0 0 0 0 0 0 0 0 0 0 0 0 0 0 0 0 0 0 0 0 0 0 0 0 0 0 0 0 0 0 0 0 0 0 1 0 0 0 1 0 0 0 0 0 0 0 0 0 0 0 2 0 0 0 0 0 0 0 0 0 0 0 64 0 0 0 255 255 255 255 5 0 9 0 0 0 0 0 data 8 0x90005 0x0 0x0 0x0 0x0 0x0 0xc0002 0x0 oops 0
ciMethodData org/jetbrains/org/objectweb/asm/ClassReader readConstantDynamic (I[C)Lorg/jetbrains/org/objectweb/asm/ConstantDynamic; 1 0 orig 264 88 29 153 101 0 0 0 0 168 232 50 30 0 0 0 0 0 4 0 0 112 1 0 0 0 0 0 0 0 0 0 0 0 0 0 0 0 0 0 0 0 0 0 0 0 0 0 0 0 0 0 0 0 0 0 0 0 0 0 0 0 0 0 0 0 0 0 0 0 0 0 0 0 0 0 0 0 0 0 0 77 68 79 32 101 120 116 114 97 32 100 97 116 97 32 108 111 99 107 0 0 0 0 0 0 0 0 0 0 0 0 0 0 0 0 0 0 0 0 0 0 0 0 0 0 0 0 0 0 0 0 0 0 0 0 0 0 0 0 0 0 0 0 0 0 0 0 0 0 0 0 0 0 0 0 0 0 0 0 0 0 0 0 0 0 0 0 0 0 0 0 0 0 0 0 0 0 0 0 0 0 0 0 0 0 0 0 0 0 0 0 0 0 0 0 0 0 0 0 0 0 0 0 0 0 0 0 0 0 0 0 0 0 0 0 0 0 0 0 0 1 0 0 0 1 0 0 0 0 0 0 0 0 0 0 0 2 0 0 0 0 0 0 0 0 0 0 0 168 2 0 0 255 255 255 255 7 0 8 0 0 0 0 0 data 85 0x80007 0x0 0x20 0x0 0x1e0005 0x0 0x0 0x0 0x0 0x0 0x280005 0x0 0x0 0x0 0x0 0x0 0x330005 0x0 0x0 0x0 0x0 0x0 0x3f0005 0x0 0x0 0x0 0x0 0x0 0x490005 0x0 0x0 0x0 0x0 0x0 0x4d0005 0x0 0x0 0x0 0x0 0x0 0x500004 0x0 0x0 0x0 0x0 0x0 0x5a0005 0x0 0x0 0x0 0x0 0x0 0x6d0007 0x0 0xc8 0x0 0x780005 0x0 0x0 0x0 0x0 0x0 0x7c0005 0x0 0x0 0x0 0x0 0x0 0x7f0004 0x0 0x0 0x0 0x0 0x0 0x860003 0x0 0xffffffffffffff50 0x9a0002 0x0 0x9e0004 0x0 0x0 0x0 0x0 0x0 oops 0
ciMethodData org/jetbrains/kotlin/load/java/structure/impl/classFiles/BinaryJavaAnnotation$Companion createAnnotationAndVisitor (Ljava/lang/String;Lorg/jetbrains/kotlin/load/java/structure/impl/classFiles/ClassifierResolutionContext;Lorg/jetbrains/kotlin/load/java/structure/impl/classFiles/BinaryClassSignatureParser;)Lkotlin/Pair; 2 4368 orig 264 88 29 153 101 0 0 0 0 160 253 53 30 0 0 0 0 96 2 0 0 0 0 0 0 0 0 0 0 0 0 0 0 0 0 0 0 0 0 0 0 0 0 0 0 0 0 0 0 0 0 0 0 0 0 0 0 0 0 0 0 0 0 0 0 0 0 0 0 0 0 0 0 0 0 0 0 0 0 0 0 77 68 79 32 101 120 116 114 97 32 100 97 116 97 32 108 111 99 107 0 0 0 0 0 0 0 0 0 0 0 0 0 0 0 0 0 0 0 0 0 0 0 0 0 0 0 0 0 0 0 0 0 0 0 0 0 0 0 0 0 0 0 0 0 0 0 0 0 0 0 0 0 0 0 0 0 0 0 0 0 0 0 0 0 0 0 0 0 0 0 0 0 0 0 0 0 0 0 0 0 0 0 0 0 25 0 0 0 0 0 0 0 1 0 0 0 0 0 0 0 1 0 0 0 0 0 0 0 0 0 0 0 0 0 0 0 69 1 0 0 89 126 0 0 1 0 0 0 0 0 0 0 0 0 0 0 2 0 0 0 0 0 27 0 2 0 0 0 0 1 0 0 255 255 255 255 2 0 3 0 0 0 0 0 data 32 0x30002 0xfcb 0x90002 0xfcb 0xf0002 0xfcb 0x190002 0xfcb 0x1c0004 0x0 0x1a35e880 0xa9 0x0 0x0 0x290004 0x0 0x1a35e880 0xa9 0x0 0x0 0x2d0002 0xfcb 0x3c0004 0x0 0x1a35e880 0xa9 0x0 0x0 0x3f0002 0xfcb 0x420002 0xfcb oops 3 10 java/util/ArrayList 16 java/util/ArrayList 24 java/util/ArrayList
ciMethod org/jetbrains/kotlin/load/java/structure/impl/classFiles/PlainJavaEnumValueAnnotationArgument <init> (Ljava/lang/String;Lorg/jetbrains/kotlin/name/ClassId;Ljava/lang/String;)V 1169 1 146 0 -1
ciMethod org/jetbrains/kotlin/load/java/structure/impl/classFiles/PlainJavaArrayAnnotationArgument <init> (Ljava/lang/String;Ljava/util/List;)V 617 1 132 0 -1
ciMethodData org/jetbrains/org/objectweb/asm/AnnotationVisitor visitEnd ()V 2 4233 orig 264 88 29 153 101 0 0 0 0 136 243 49 30 0 0 0 0 152 1 0 0 0 0 0 0 0 0 0 0 0 0 0 0 0 0 0 0 0 0 0 0 0 0 0 0 0 0 0 0 0 0 0 0 0 0 0 0 0 0 0 0 0 0 0 0 0 0 0 0 0 0 0 0 0 0 0 0 0 0 0 0 77 68 79 32 101 120 116 114 97 32 100 97 116 97 32 108 111 99 107 0 0 0 0 0 0 0 0 0 0 0 0 0 0 0 0 0 0 0 0 0 0 0 0 0 0 0 0 0 0 0 0 0 0 0 0 0 0 0 0 0 0 0 0 0 0 0 0 0 0 0 0 0 0 0 0 0 0 0 0 0 0 0 0 0 0 0 0 0 0 0 0 0 0 0 0 0 0 0 0 0 0 0 0 0 0 0 0 0 0 0 0 0 0 0 0 0 0 0 0 0 0 0 0 0 0 0 0 0 0 0 0 0 0 0 0 0 0 2 0 0 73 116 0 0 1 0 0 0 0 0 0 0 0 0 0 0 2 0 0 0 0 0 6 0 2 0 0 0 80 0 0 0 255 255 255 255 7 0 4 0 0 0 0 0 data 10 0x40007 0xe89 0x50 0x0 0xb0005 0x0 0x0 0x0 0x0 0x0 oops 0
ciMethod org/jetbrains/kotlin/load/java/structure/impl/classFiles/PlainJavaAnnotationAsAnnotationArgument <init> (Ljava/lang/String;Lorg/jetbrains/kotlin/load/java/structure/JavaAnnotation;)V 2201 1 275 0 0
ciMethodData org/jetbrains/kotlin/name/Name isValidIdentifier (Ljava/lang/String;)Z 2 18532 orig 264 88 29 153 101 0 0 0 0 88 130 212 26 0 0 0 0 16 3 0 0 176 0 0 0 0 0 0 0 0 0 0 0 0 0 0 0 0 0 0 0 0 0 0 0 0 0 0 0 0 0 0 0 0 0 0 0 0 0 0 0 0 0 0 0 0 0 0 0 0 0 0 0 0 0 0 0 0 0 0 0 77 68 79 32 101 120 116 114 97 32 100 97 116 97 32 108 111 99 107 0 0 0 0 0 0 0 0 0 0 0 0 0 0 0 0 0 0 0 0 0 0 0 0 0 0 0 0 0 0 0 0 0 0 0 0 0 0 0 0 0 0 0 0 0 0 0 0 0 0 0 0 0 0 0 0 0 0 0 0 0 0 0 0 0 0 0 0 0 0 0 0 0 0 0 0 0 0 0 0 0 0 0 0 0 17 0 0 0 0 0 0 0 0 0 0 0 0 0 0 0 1 0 0 0 0 0 0 0 0 0 0 0 0 0 0 0 23 8 0 0 145 53 0 0 105 2 2 0 0 0 0 0 0 0 0 0 2 0 0 0 1 0 31 0 2 0 0 0 200 1 0 0 255 255 255 255 7 0 1 0 0 0 0 0 data 57 0x10007 0x6b2 0x30 0x0 0x50002 0x0 0x90005 0x5 0x254acc0 0x6ad 0x0 0x0 0xc0007 0x0 0x70 0x6b2 0x120005 0x5 0x254acc0 0x6ad 0x0 0x0 0x150007 0x6b2 0x20 0x0 0x1e0005 0x1e 0x254acc0 0x46e1 0x0 0x0 0x210007 0x6b2 0xc8 0x404d 0x260005 0x19 0x254acc0 0x4034 0x0 0x0 0x2d0007 0x0 0x60 0x404d 0x330007 0x0 0x40 0x404d 0x390007 0x404d 0x20 0x0 0x410003 0x404d 0xffffffffffffff20 oops 4 8 java/lang/String 18 java/lang/String 28 java/lang/String 38 java/lang/String
ciMethodData org/jetbrains/kotlin/load/java/structure/impl/classFiles/PlainJavaAnnotationArgument <init> (Ljava/lang/String;)V 2 1350 orig 264 88 29 153 101 0 0 0 0 8 141 59 30 0 0 0 0 16 2 0 0 96 0 0 0 0 0 0 0 0 0 0 0 0 0 0 0 0 0 0 0 0 0 0 0 0 0 0 0 0 0 0 0 0 0 0 0 0 0 0 0 0 0 0 0 0 0 0 0 0 0 0 0 0 0 0 0 0 0 0 0 77 68 79 32 101 120 116 114 97 32 100 97 116 97 32 108 111 99 107 0 0 0 0 0 0 0 0 0 0 0 0 0 0 0 0 0 0 0 0 0 0 0 0 0 0 0 0 0 0 0 0 0 0 0 0 0 0 0 0 0 0 0 0 0 0 0 0 0 0 0 0 0 0 0 0 0 0 0 0 0 0 0 0 0 0 0 0 0 0 0 0 0 0 0 0 0 0 0 0 0 0 0 0 0 17 0 0 0 0 0 0 0 0 0 0 0 0 0 0 0 0 0 0 0 0 0 0 0 0 0 0 0 0 0 0 0 2 1 0 0 33 34 0 0 1 0 0 0 0 0 0 0 0 0 0 0 2 0 0 0 0 0 20 0 2 0 0 0 192 0 0 0 255 255 255 255 2 0 1 0 0 0 0 0 data 24 0x10002 0x444 0x70007 0x175 0xb0 0x2cf 0x1a0002 0x2cf 0x230007 0x0 0x38 0x2cf 0x270003 0x2cf 0x18 0x2c0007 0x0 0x48 0x2cf 0x3f0002 0x2cf 0x480003 0x2cf 0x18 oops 0
ciMethodData org/jetbrains/kotlin/load/java/structure/impl/classFiles/BinaryJavaAnnotationVisitor addArgument (Lorg/jetbrains/kotlin/load/java/structure/JavaAnnotationArgument;)V 1 1054 orig 264 88 29 153 101 0 0 0 0 112 24 54 30 0 0 0 0 160 1 0 0 0 0 0 0 0 0 0 0 0 0 0 0 0 0 0 0 0 0 0 0 0 0 0 0 0 0 0 0 0 0 0 0 0 0 0 0 0 0 0 0 0 0 0 0 0 0 0 0 0 0 0 0 0 0 0 0 0 0 0 0 77 68 79 32 101 120 116 114 97 32 100 97 116 97 32 108 111 99 107 0 0 0 0 0 0 0 0 0 0 0 0 0 0 0 0 0 0 0 0 0 0 0 0 0 0 0 0 0 0 0 0 0 0 0 0 0 0 0 0 0 0 0 0 0 0 0 0 0 0 0 0 0 0 0 0 0 0 0 0 0 0 0 0 0 0 0 0 0 0 0 0 0 0 0 0 0 0 0 0 0 0 0 0 0 17 0 0 0 0 0 0 0 0 0 0 0 0 0 0 0 1 0 0 0 0 0 0 0 0 0 0 0 0 0 0 0 0 1 0 0 241 24 0 0 1 0 0 0 0 0 0 0 0 0 0 0 2 0 0 0 0 0 6 0 2 0 0 0 80 0 0 0 255 255 255 255 7 0 1 0 0 0 0 0 data 10 0x10007 0x0 0x50 0x31e 0x90005 0x0 0x1a1866c0 0x30c 0x1a186770 0x12 oops 2 6 org/jetbrains/kotlin/load/java/structure/impl/classFiles/BinaryJavaAnnotationVisitor$1 8 org/jetbrains/kotlin/load/java/structure/impl/classFiles/AnnotationsAndParameterCollectorMethodVisitor$visitAnnotationDefault$1
ciMethodData org/jetbrains/kotlin/load/kotlin/FileBasedKotlinClass$3 visit (Ljava/lang/String;Ljava/lang/Object;)V 1 305 orig 264 88 29 153 101 0 0 0 0 168 250 49 30 0 0 0 0 232 2 0 0 80 1 0 0 0 0 0 0 0 0 0 0 0 0 0 0 0 0 0 0 0 0 0 0 0 0 0 0 0 0 0 0 0 0 0 0 0 0 0 0 0 0 0 0 0 0 0 0 0 0 0 0 0 0 0 0 0 0 0 0 77 68 79 32 101 120 116 114 97 32 100 97 116 97 32 108 111 99 107 0 0 0 0 0 0 0 0 0 0 0 0 0 0 0 0 0 0 0 0 0 0 0 0 0 0 0 0 0 0 0 0 0 0 0 0 0 0 0 0 0 0 0 0 0 0 0 0 0 0 0 0 0 0 0 0 0 0 0 0 0 0 0 0 0 0 0 0 0 0 0 0 0 0 0 0 0 0 0 0 0 0 0 0 0 0 0 0 0 0 0 0 0 0 0 0 0 0 0 0 0 0 0 0 0 0 0 0 0 0 0 0 0 0 0 0 0 1 1 0 0 129 1 0 0 1 0 0 0 0 0 0 0 0 0 0 0 2 0 0 0 0 0 32 0 2 0 0 0 144 1 0 0 255 255 255 255 7 0 1 0 0 0 0 0 data 50 0x10007 0x30 0x30 0x0 0x50002 0x0 0x90004 0xffffffffffffffd0 0x254acc0 0x21 0x171be1f0 0x4 0xc0007 0x30 0xb8 0x0 0x140002 0x0 0x180004 0x0 0x0 0x0 0x0 0x0 0x1f0002 0x0 0x220005 0x0 0x0 0x0 0x0 0x0 0x270003 0x0 0x90 0x2f0007 0x30 0x38 0x0 0x330003 0x0 0x28 0x370002 0x30 0x3b0005 0x0 0x1c8fb390 0x30 0x0 0x0 oops 3 8 java/lang/String 10 [I 46 org/jetbrains/kotlin/load/kotlin/header/ReadKotlinClassHeaderAnnotationVisitor$KotlinMetadataArgumentVisitor
ciMethodData org/jetbrains/kotlin/load/java/structure/impl/classFiles/BinaryJavaAnnotationVisitor visit (Ljava/lang/String;Ljava/lang/Object;)V 1 776 orig 264 88 29 153 101 0 0 0 0 96 27 54 30 0 0 0 0 80 1 0 0 0 0 0 0 0 0 0 0 0 0 0 0 0 0 0 0 0 0 0 0 0 0 0 0 0 0 0 0 0 0 0 0 0 0 0 0 0 0 0 0 0 0 0 0 0 0 0 0 0 0 0 0 0 0 0 0 0 0 0 0 77 68 79 32 101 120 116 114 97 32 100 97 116 97 32 108 111 99 107 0 0 0 0 0 0 0 0 0 0 0 0 0 0 0 0 0 0 0 0 0 0 0 0 0 0 0 0 0 0 0 0 0 0 0 0 0 0 0 0 0 0 0 0 0 0 0 0 0 0 0 0 0 0 0 0 0 0 0 0 0 0 0 0 0 0 0 0 0 0 0 0 0 0 0 0 0 0 0 0 0 0 0 0 0 0 0 0 0 0 0 0 0 0 0 0 0 0 0 0 0 0 0 0 0 0 0 0 0 0 0 0 0 0 0 0 0 248 1 0 0 129 8 0 0 1 0 0 0 0 0 0 0 0 0 0 0 2 0 0 0 0 0 7 0 2 0 0 0 32 0 0 0 255 255 255 255 2 0 4 0 0 0 0 0 data 4 0x40002 0x110 0x70002 0x110 oops 0
ciMethodData org/jetbrains/kotlin/load/java/structure/impl/classFiles/BinaryJavaAnnotationVisitor convertConstValue (Ljava/lang/String;Ljava/lang/Object;)Lorg/jetbrains/kotlin/load/java/structure/JavaAnnotationArgument; 1 797 orig 264 88 29 153 101 0 0 0 0 152 30 54 30 0 0 0 0 184 9 0 0 0 8 0 0 0 0 0 0 0 0 0 0 0 0 0 0 0 0 0 0 0 0 0 0 0 0 0 0 0 0 0 0 0 0 0 0 0 0 0 0 0 0 0 0 0 0 0 0 0 0 0 0 0 0 0 0 0 0 0 0 77 68 79 32 101 120 116 114 97 32 100 97 116 97 32 108 111 99 107 0 0 0 0 0 0 0 0 0 0 0 0 0 0 0 0 0 0 0 0 0 0 0 0 0 0 0 0 0 0 0 0 0 0 0 0 0 0 0 0 0 0 0 0 0 0 0 0 0 0 0 0 0 0 0 0 0 0 0 0 0 0 0 0 0 0 0 0 0 0 0 0 0 0 0 0 0 0 0 0 0 0 0 0 0 0 0 0 0 0 0 0 0 0 0 0 0 0 0 0 0 0 0 0 0 0 0 0 0 0 0 0 0 0 0 0 0 0 2 0 0 233 8 0 0 1 0 0 0 0 0 0 0 0 0 0 0 2 0 0 0 1 0 59 0 2 0 0 0 96 8 0 0 255 255 255 255 4 0 3 0 0 0 0 0 data 268 0x30004 0xfffffffffffffee3 0x2612c70 0x80 0x254acc0 0x61 0x60007 0x11d 0x38 0x0 0x90003 0x0 0x340 0xd0004 0xfffffffffffffee4 0x2612c70 0x80 0x254acc0 0x61 0x100007 0x11c 0x38 0x1 0x130003 0x1 0x2d8 0x170004 0xfffffffffffffee4 0x2612c70 0x80 0x254acc0 0x61 0x1a0007 0x11c 0x38 0x0 0x1d0003 0x0 0x270 0x210004 0xfffffffffffffee4 0x2612c70 0x80 0x254acc0 0x61 0x240007 0x11c 0x38 0x0 0x270003 0x0 0x208 0x2b0004 0xffffffffffffff79 0x2612c70 0x95 0x254acc0 0x61 0x2e0007 0x87 0x38 0x95 0x310003 0x95 0x1a0 0x350004 0xffffffffffffff79 0x254acc0 0x61 0x0 0x0 0x380007 0x87 0x38 0x0 0x3b0003 0x0 0x138 0x3f0004 0xffffffffffffff79 0x254acc0 0x61 0x0 0x0 0x420007 0x87 0x38 0x0 0x450003 0x0 0xd0 0x490004 0xffffffffffffff79 0x254acc0 0x61 0x0 0x0 0x4c0007 0x87 0x38 0x0 0x4f0003 0x0 0x68 0x530004 0x0 0x254acc0 0x87 0x0 0x0 0x560007 0x0 0x78 0x87 0x5f0002 0x11d 0x620004 0x0 0x1a184720 0xe2 0x0 0x0 0x650003 0x11d 0x460 0x690004 0x0 0x0 0x0 0x0 0x0 0x6c0007 0x0 0xa8 0x0 0x750004 0x0 0x0 0x0 0x0 0x0 0x800002 0x0 0x830004 0x0 0x0 0x0 0x0 0x0 0x860003 0x0 0x388 0x8b0007 0x0 0x340 0x0 0x9f0005 0x0 0x0 0x0 0x0 0x0 0xa20005 0x0 0x0 0x0 0x0 0x0 0xa50007 0x0 0x38 0x0 0xaa0003 0x0 0x18 0xaf0007 0x0 0x288 0x0 0xc40002 0x0 0xc70002 0x0 0xca0004 0x0 0x0 0x0 0x0 0x0 0xda0002 0x0 0xdd0004 0x0 0x0 0x0 0x0 0x0 0xee0005 0x0 0x0 0x0 0x0 0x0 0xf70005 0x0 0x0 0x0 0x0 0x0 0xfc0007 0x0 0x120 0x0 0x1010004 0x0 0x0 0x0 0x0 0x0 0x1040005 0x0 0x0 0x0 0x0 0x0 0x11d0002 0x0 0x1200002 0x0 0x1240007 0x0 0x68 0x0 0x13a0005 0x0 0x0 0x0 0x0 0x0 0x1400003 0x0 0x18 0x1450003 0x0 0xfffffffffffffec8 0x14b0004 0x0 0x0 0x0 0x0 0x0 0x1580002 0x0 0x15c0003 0x0 0x18 0x1610004 0x0 0x0 0x0 0x0 0x0 0x1640004 0x0 0x1a184720 0x11d 0x0 0x0 oops 16 2 java/lang/Integer 4 java/lang/String 15 java/lang/Integer 17 java/lang/String 28 java/lang/Integer 30 java/lang/String 41 java/lang/Integer 43 java/lang/String 54 java/lang/Integer 56 java/lang/String 67 java/lang/String 80 java/lang/String 93 java/lang/String 106 java/lang/String 118 org/jetbrains/kotlin/load/java/structure/impl/classFiles/PlainJavaLiteralAnnotationArgument 264 org/jetbrains/kotlin/load/java/structure/impl/classFiles/PlainJavaLiteralAnnotationArgument
ciMethodData org/jetbrains/kotlin/load/java/structure/impl/classFiles/PlainJavaArrayAnnotationArgument <init> (Ljava/lang/String;Ljava/util/List;)V 1 132 orig 264 88 29 153 101 0 0 0 0 136 139 81 30 0 0 0 0 120 1 0 0 0 0 0 0 0 0 0 0 0 0 0 0 0 0 0 0 0 0 0 0 0 0 0 0 0 0 0 0 0 0 0 0 0 0 0 0 0 0 0 0 0 0 0 0 0 0 0 0 0 0 0 0 0 0 0 0 0 0 0 0 77 68 79 32 101 120 116 114 97 32 100 97 116 97 32 108 111 99 107 0 0 0 0 0 0 0 0 0 0 0 0 0 0 0 0 0 0 0 0 0 0 0 0 0 0 0 0 0 0 0 0 0 0 0 0 0 0 0 0 0 0 0 0 0 0 0 0 0 0 0 0 0 0 0 0 0 0 0 0 0 0 0 0 0 0 0 0 0 0 0 0 0 0 0 0 0 0 0 0 0 0 0 0 0 17 0 0 0 0 0 0 0 0 0 0 0 0 0 0 0 0 0 0 0 0 0 0 0 0 0 0 0 0 0 0 0 77 0 0 0 185 1 0 0 1 0 0 0 0 0 0 0 0 0 0 0 2 0 0 0 0 0 0 0 0 0 0 0 32 0 0 0 255 255 255 255 2 0 3 0 0 0 0 0 data 4 0x30002 0x37 0x80002 0x37 oops 0
ciMethod org/jetbrains/kotlin/com/intellij/psi/impl/compiled/StubBuildingVisitor$AnnotationTextCollector <init> (Ljava/lang/String;Lorg/jetbrains/kotlin/com/intellij/util/Function;Lorg/jetbrains/kotlin/com/intellij/util/Consumer;)V 729 1 56 0 -1
ciMethod org/jetbrains/kotlin/com/intellij/psi/impl/compiled/StubBuildingVisitor$AnnotationTextCollector valuePairPrefix (Ljava/lang/String;)V 457 1 40 0 -1
ciMethod org/jetbrains/kotlin/com/intellij/psi/impl/compiled/StubBuildingVisitor$AnnotationTextCollector visitAnnotation (Ljava/lang/String;Ljava/lang/String;)Lorg/jetbrains/org/objectweb/asm/AnnotationVisitor; 89 1 7 0 0
instanceKlass org/jetbrains/kotlin/com/intellij/psi/impl/compiled/StubBuildingVisitor$AnnotationTextCollector$$Lambda$294
instanceKlass org/jetbrains/kotlin/com/intellij/psi/impl/compiled/StubBuildingVisitor$FieldAnnotationCollectingVisitor$$Lambda$293
instanceKlass org/jetbrains/kotlin/com/intellij/psi/PsiAnnotationMemberValue$$Lambda$292
instanceKlass org/jetbrains/kotlin/com/intellij/psi/PsiNameValuePair$$Lambda$291
instanceKlass org/jetbrains/kotlin/com/intellij/psi/impl/source/tree/java/PsiReferenceExpressionImpl$TypeEvaluator
instanceKlass org/jetbrains/kotlin/com/intellij/psi/impl/source/tree/java/PsiReferenceExpressionImpl$$Lambda$290
instanceKlass org/jetbrains/kotlin/com/intellij/lang/java/parser/DeclarationParser$$Lambda$289
instanceKlass org/jetbrains/kotlin/com/intellij/lang/java/parser/ExpressionParser$1
instanceKlass org/jetbrains/kotlin/com/intellij/psi/impl/source/DummyHolder$DummyHolderTreeLock
instanceKlass org/jetbrains/kotlin/com/intellij/psi/PsiNameHelper
instanceKlass org/jetbrains/kotlin/com/intellij/codeInsight/AnnotationTargetUtil$$Lambda$288
instanceKlass org/jetbrains/kotlin/com/intellij/psi/impl/compiled/StubBuildingVisitor$AnnotationTextCollector$$Lambda$287
instanceKlass org/jetbrains/kotlin/com/intellij/psi/impl/compiled/StubBuildingVisitor$$Lambda$286
instanceKlass org/jetbrains/kotlin/com/intellij/codeInsight/AnnotationTargetUtil
instanceKlass org/jetbrains/kotlin/com/intellij/psi/impl/source/tree/JavaSharedImplUtil$FilteringTypeAnnotationProvider$$Lambda$285
instanceKlass org/jetbrains/kotlin/com/intellij/psi/impl/compiled/StubBuildingVisitor$2
instanceKlass org/jetbrains/kotlin/com/intellij/psi/search/PsiSearchScopeUtil
instanceKlass org/jetbrains/kotlin/com/intellij/util/containers/EmptyIterable
instanceKlass org/jetbrains/kotlin/com/intellij/psi/util/PsiSuperMethodUtil
instanceKlass org/jetbrains/kotlin/com/intellij/psi/impl/ScopedClassHierarchy$$Lambda$284
instanceKlass java/lang/invoke/LambdaForm$MH
instanceKlass java/lang/invoke/LambdaForm$DMH
instanceKlass java/lang/invoke/LambdaForm$DMH
instanceKlass org/jetbrains/kotlin/com/intellij/psi/impl/PsiClassImplUtil$$Lambda$283
instanceKlass org/jetbrains/kotlin/com/intellij/util/PairProcessor
instanceKlass java/lang/invoke/LambdaForm$DMH
instanceKlass org/jetbrains/kotlin/com/intellij/psi/impl/PsiClassImplUtil$$Lambda$282
instanceKlass org/jetbrains/kotlin/com/intellij/psi/scope/ElementClassFilter
instanceKlass org/jetbrains/kotlin/com/intellij/psi/impl/source/ClassInnerStuffCache$$Lambda$281
instanceKlass org/jetbrains/kotlin/com/intellij/psi/impl/source/ClassInnerStuffCache$$Lambda$280
instanceKlass org/jetbrains/kotlin/com/intellij/psi/PsiTypeCodeFragment
instanceKlass org/jetbrains/kotlin/com/intellij/psi/PsiParameter$$Lambda$279
instanceKlass org/jetbrains/kotlin/com/intellij/psi/impl/source/PsiClassReferenceType$DelegatingClassResolveResult
instanceKlass java/util/Spliterators$ArraySpliterator
instanceKlass org/jetbrains/kotlin/com/intellij/psi/impl/source/resolve/PsiResolveHelperImpl$$Lambda$278
instanceKlass org/jetbrains/kotlin/com/intellij/psi/ServerPageFile
instanceKlass org/jetbrains/kotlin/com/intellij/psi/FileResolveScopeProvider
instanceKlass org/jetbrains/kotlin/com/intellij/psi/javadoc/PsiDocComment
instanceKlass org/jetbrains/kotlin/com/intellij/psi/PsiDocCommentBase
instanceKlass org/jetbrains/kotlin/com/intellij/psi/impl/source/resolve/JavaResolveUtil
instanceKlass org/jetbrains/kotlin/com/intellij/util/IntIntFunction$$Lambda$277
instanceKlass org/jetbrains/kotlin/com/intellij/psi/infos/CandidateInfo
instanceKlass org/jetbrains/kotlin/com/intellij/psi/scope/PsiScopeProcessor$Event$1
instanceKlass org/jetbrains/kotlin/com/intellij/psi/impl/source/PsiJavaFileBaseImpl$StaticImportFilteringProcessor
instanceKlass org/jetbrains/kotlin/com/intellij/psi/impl/source/PsiImportStaticStatementImpl$$Lambda$276
instanceKlass org/jetbrains/kotlin/com/intellij/psi/PsiImportStaticStatement
instanceKlass org/jetbrains/kotlin/com/intellij/psi/impl/source/PsiImportStatementImpl$$Lambda$275
instanceKlass org/jetbrains/kotlin/com/intellij/psi/PsiImportStatement
instanceKlass org/jetbrains/kotlin/com/intellij/psi/impl/source/PsiImportListImpl$$Lambda$274
instanceKlass org/jetbrains/kotlin/com/intellij/psi/PsiImportStatementBase$$Lambda$273
instanceKlass org/jetbrains/kotlin/com/intellij/psi/impl/ScopedClassHierarchy$$Lambda$272
instanceKlass org/jetbrains/kotlin/com/intellij/psi/impl/ScopedClassHierarchy$$Lambda$271
instanceKlass org/jetbrains/kotlin/com/intellij/psi/impl/ScopedClassHierarchy$$Lambda$270
instanceKlass org/jetbrains/kotlin/com/intellij/psi/impl/ScopedClassHierarchy$1
instanceKlass org/jetbrains/kotlin/com/intellij/psi/impl/ScopedClassHierarchy
instanceKlass org/jetbrains/kotlin/com/intellij/psi/impl/PsiClassImplUtil$2
instanceKlass org/jetbrains/kotlin/com/intellij/psi/impl/PsiClassImplUtil$$Lambda$269
instanceKlass org/jetbrains/kotlin/com/intellij/psi/impl/PsiClassImplUtil$ByNameCachedValueProvider$$Lambda$268
instanceKlass org/jetbrains/kotlin/com/intellij/psi/impl/PsiClassImplUtil$MembersMap
instanceKlass org/jetbrains/kotlin/com/intellij/psi/impl/PsiClassImplUtil$ByNameCachedValueProvider
instanceKlass org/jetbrains/kotlin/com/intellij/psi/scope/JavaScopeProcessorEvent
instanceKlass org/jetbrains/kotlin/com/intellij/psi/ResolveState
instanceKlass org/jetbrains/kotlin/com/intellij/psi/scope/util/PsiScopesUtil
instanceKlass org/jetbrains/kotlin/com/intellij/psi/PsiResolveHelper$SERVICE
instanceKlass org/jetbrains/kotlin/com/intellij/psi/JavaResolveResult$1
instanceKlass org/jetbrains/kotlin/com/intellij/psi/impl/source/resolve/ClassResolverProcessor
instanceKlass org/jetbrains/kotlin/com/intellij/psi/impl/source/PsiJavaCodeReferenceElementImpl$1
instanceKlass java/lang/invoke/LambdaForm$MH
instanceKlass java/lang/invoke/LambdaForm$DMH
instanceKlass org/jetbrains/kotlin/com/intellij/psi/impl/source/resolve/ResolveCache$$Lambda$267
instanceKlass java/lang/invoke/LambdaForm$DMH
instanceKlass org/jetbrains/kotlin/com/intellij/psi/impl/source/PsiJavaCodeReferenceElementImpl$OurGenericsResolver
instanceKlass org/jetbrains/kotlin/com/intellij/psi/impl/cache/ModifierFlags
instanceKlass org/jetbrains/kotlin/load/java/structure/impl/JavaClassifierTypeImpl$ResolutionResult
instanceKlass org/jetbrains/kotlin/com/intellij/psi/PsiTypeVisitor
instanceKlass org/jetbrains/kotlin/load/java/structure/impl/JavaTypeImpl
instanceKlass org/jetbrains/kotlin/com/intellij/psi/PsiClassType$ClassResolveResult$1
instanceKlass org/jetbrains/kotlin/com/intellij/psi/impl/source/PsiImmediateClassType$1
instanceKlass org/jetbrains/kotlin/com/intellij/psi/EmptySubstitutor
instanceKlass org/jetbrains/kotlin/com/intellij/psi/PsiSubstitutor$$Lambda$266
instanceKlass org/jetbrains/kotlin/com/intellij/psi/stubs/StubSpine
instanceKlass org/jetbrains/kotlin/com/intellij/psi/stubs/MaterialStubList$1
instanceKlass org/jetbrains/kotlin/com/intellij/psi/impl/compiled/StubBuildingVisitor$MethodAnnotationCollectingVisitor$$Lambda$265
instanceKlass java/lang/invoke/LambdaForm$DMH
instanceKlass gnu/trove/TIntIntProcedure
instanceKlass org/jetbrains/kotlin/com/intellij/psi/stubs/StubList$2
instanceKlass org/jetbrains/kotlin/com/intellij/codeInsight/AnnotationUtil
instanceKlass org/jetbrains/kotlin/com/intellij/psi/impl/compiled/StubBuildingVisitor$MethodAnnotationCollectingVisitor$$Lambda$264
instanceKlass org/jetbrains/kotlin/com/intellij/util/Consumer
instanceKlass org/jetbrains/kotlin/com/intellij/psi/impl/compiled/SignatureParsing
instanceKlass org/jetbrains/kotlin/com/intellij/psi/impl/cache/TypeInfo
instanceKlass org/jetbrains/kotlin/com/intellij/psi/impl/compiled/StubBuildingVisitor$$Lambda$263
instanceKlass org/jetbrains/kotlin/com/intellij/psi/impl/compiled/StubBuildingVisitor$MethodInfo
instanceKlass org/jetbrains/kotlin/com/intellij/psi/impl/compiled/StubBuildingVisitor$ClassInfo
instanceKlass org/jetbrains/kotlin/com/intellij/psi/impl/compiled/StubBuildingVisitor$$Lambda$262
instanceKlass org/jetbrains/kotlin/com/intellij/psi/impl/compiled/ClsModifierListOwner
instanceKlass org/jetbrains/kotlin/com/intellij/util/containers/UnsignedShortArrayList
instanceKlass org/jetbrains/kotlin/com/intellij/psi/stubs/MostlyUShortIntList
instanceKlass org/jetbrains/kotlin/com/intellij/psi/stubs/StubList$TempState
instanceKlass org/jetbrains/kotlin/com/intellij/psi/impl/java/stubs/StubPsiFactory
instanceKlass org/jetbrains/kotlin/com/intellij/psi/impl/compiled/ClsParsingUtil$$Lambda$261
instanceKlass org/jetbrains/kotlin/com/intellij/psi/impl/compiled/ClsParsingUtil
instanceKlass org/jetbrains/kotlin/com/intellij/psi/stubs/StubTreeBuilder
instanceKlass org/jetbrains/kotlin/com/intellij/util/indexing/IndexingDataKeys
instanceKlass org/jetbrains/kotlin/com/intellij/util/indexing/PsiDependentFileContent
instanceKlass org/jetbrains/kotlin/com/intellij/psi/impl/compiled/ClsFileImpl$1
instanceKlass org/jetbrains/kotlin/com/intellij/psi/impl/compiled/InnerClassSourceStrategy
instanceKlass org/jetbrains/kotlin/com/intellij/psi/PsiCompiledFile
instanceKlass org/jetbrains/kotlin/com/intellij/psi/PsiCompiledElement
instanceKlass org/jetbrains/kotlin/com/intellij/psi/PsiClassOwnerEx
instanceKlass org/jetbrains/kotlin/com/intellij/openapi/extensions/impl/ExtensionProcessingHelper$$Lambda$260
instanceKlass org/jetbrains/kotlin/com/intellij/openapi/extensions/impl/ExtensionProcessingHelper
instanceKlass org/jetbrains/kotlin/com/intellij/psi/compiled/ClassFileDecompilers$$Lambda$259
instanceKlass org/jetbrains/kotlin/asJava/classes/ValueWrapper$Companion
instanceKlass org/jetbrains/kotlin/asJava/classes/ValueWrapper
instanceKlass org/jetbrains/kotlin/asJava/classes/FacadeCacheKey
instanceKlass org/jetbrains/kotlin/analyzer/KotlinModificationTrackerService$Companion
instanceKlass org/jetbrains/kotlin/analyzer/KotlinModificationTrackerService
instanceKlass org/jetbrains/kotlin/asJava/classes/FacadeCache$FacadeCacheData
instanceKlass org/jetbrains/kotlin/asJava/classes/KtLightClassForFacade$Companion
instanceKlass org/jetbrains/kotlin/asJava/classes/KtLightClass
instanceKlass org/jetbrains/kotlin/asJava/elements/KtLightDeclaration
instanceKlass org/jetbrains/kotlin/asJava/elements/KtLightElement
instanceKlass org/jetbrains/kotlin/resolve/lazy/ResolveSessionUtils$$Lambda$258
instanceKlass org/jetbrains/kotlin/resolve/lazy/ResolveSessionUtils
instanceKlass org/jetbrains/kotlin/com/intellij/psi/impl/source/ClassReferencePointer$1
instanceKlass org/jetbrains/kotlin/com/intellij/psi/PsiJavaCodeReferenceElement$$Lambda$257
instanceKlass org/jetbrains/kotlin/com/intellij/psi/PsiAnonymousClass
instanceKlass org/jetbrains/kotlin/com/intellij/psi/impl/PsiClassImplUtil$$Lambda$256
instanceKlass org/jetbrains/kotlin/com/intellij/psi/impl/PsiClassImplUtil$ClassIconRequest
instanceKlass org/jetbrains/kotlin/com/intellij/psi/util/ParameterizedCachedValueProvider
instanceKlass org/jetbrains/kotlin/com/intellij/psi/impl/PsiClassImplUtil
instanceKlass org/jetbrains/kotlin/com/intellij/psi/PsiEnumConstant
instanceKlass org/jetbrains/kotlin/com/intellij/lang/jvm/JvmEnumField
instanceKlass org/jetbrains/kotlin/com/intellij/psi/impl/source/resolve/JavaResolveCache$ConstValueComputer
instanceKlass org/jetbrains/kotlin/com/intellij/psi/PsiField$$Lambda$255
instanceKlass org/jetbrains/kotlin/com/intellij/psi/impl/source/ClassInnerStuffCache$$Lambda$254
instanceKlass org/jetbrains/kotlin/com/intellij/psi/impl/source/tree/JavaSharedImplUtil$FilteringTypeAnnotationProvider
instanceKlass org/jetbrains/kotlin/com/intellij/psi/impl/source/tree/java/PsiAnnotationImpl$$Lambda$253
instanceKlass org/jetbrains/kotlin/com/intellij/util/PairFunction
instanceKlass org/jetbrains/kotlin/com/intellij/psi/impl/source/PsiTypeElementImpl$1
instanceKlass org/jetbrains/kotlin/com/intellij/psi/PsiClassType$$Lambda$252
instanceKlass org/jetbrains/kotlin/com/intellij/psi/PsiClassType$ClassResolveResult
instanceKlass org/jetbrains/kotlin/com/intellij/lang/jvm/types/JvmTypeResolveResult
instanceKlass org/jetbrains/kotlin/com/intellij/psi/augment/PsiAugmentProvider$$Lambda$251
instanceKlass org/jetbrains/kotlin/com/intellij/psi/impl/source/PsiTypeElementImpl$$Lambda$250
instanceKlass org/jetbrains/kotlin/com/intellij/psi/impl/source/tree/JavaSharedImplUtil
instanceKlass org/jetbrains/kotlin/com/intellij/psi/augment/PsiAugmentProvider$$Lambda$249
instanceKlass java/lang/invoke/LambdaForm$DMH
instanceKlass org/jetbrains/kotlin/com/intellij/psi/PsiMethod$$Lambda$248
instanceKlass org/jetbrains/kotlin/com/intellij/util/CachedValueLeakChecker
instanceKlass org/jetbrains/kotlin/com/intellij/psi/util/CachedValuesManager$$Lambda$247
instanceKlass org/jetbrains/kotlin/com/intellij/psi/impl/source/ClassInnerStuffCache$$Lambda$246
instanceKlass org/jetbrains/kotlin/resolve/scopes/receivers/QualifierReceiver$DefaultImpls
instanceKlass org/jetbrains/kotlin/resolve/scopes/receivers/Qualifier$DefaultImpls
instanceKlass org/jetbrains/kotlin/resolve/scopes/receivers/ClassifierQualifier$DefaultImpls
instanceKlass org/jetbrains/kotlin/resolve/calls/smartcasts/SmartCastReceiverValue
instanceKlass org/jetbrains/kotlin/resolve/calls/smartcasts/SmartCastUtilKt
instanceKlass org/jetbrains/kotlin/resolve/calls/checkers/CoroutineCallCheckerKt
instanceKlass org/jetbrains/kotlin/synthetic/JavaSyntheticPropertiesScope$MyPropertyDescriptor$Companion
instanceKlass org/jetbrains/kotlin/synthetic/SyntheticExtensionsUtilsKt
instanceKlass org/jetbrains/kotlin/synthetic/SyntheticJavaPropertyDescriptor$Companion
instanceKlass org/jetbrains/kotlin/resolve/calls/model/QualifierReceiverKotlinCallArgument
instanceKlass org/jetbrains/kotlin/resolve/calls/CallExpressionResolver$WhenMappings
instanceKlass org/jetbrains/kotlin/diagnostics/AbstractDiagnostic
instanceKlass org/jetbrains/kotlin/resolve/calls/tower/ErrorCandidate
instanceKlass org/jetbrains/kotlin/resolve/calls/tower/ErrorCandidateFactoryKt$WhenMappings
instanceKlass org/jetbrains/kotlin/resolve/calls/tower/ErrorCandidateContext
instanceKlass org/jetbrains/kotlin/resolve/calls/tower/ErrorCandidateFactoryKt
instanceKlass org/jetbrains/kotlin/resolve/calls/tower/PSICallResolver$WhenMappings
instanceKlass org/jetbrains/kotlin/resolve/CompileTimeConstantUtils
instanceKlass org/jetbrains/kotlin/resolve/calls/model/VarargValueArgument
